

================================================================
== Vitis HLS Report for 'AXIvideo2MultiPixStream'
================================================================
* Date:           Wed Apr  9 16:23:23 2025

* Version:        2022.2 (Build 3670227 on Oct 13 2022)
* Project:        prj
* Solution:       sol (Vivado IP Flow Target)
* Product family: zynquplus
* Target device:  xck26-sfvc784-2LV-c


================================================================
== Performance Estimates
================================================================
+ Timing: 
    * Summary: 
    +--------+---------+----------+------------+
    |  Clock |  Target | Estimated| Uncertainty|
    +--------+---------+----------+------------+
    |ap_clk  |  4.00 ns|  2.315 ns|     1.08 ns|
    +--------+---------+----------+------------+

+ Latency: 
    * Summary: 
    +---------+---------+----------+----------+-----+---------+---------+
    |  Latency (cycles) |  Latency (absolute) |    Interval   | Pipeline|
    |   min   |   max   |    min   |    max   | min |   max   |   Type  |
    +---------+---------+----------+----------+-----+---------+---------+
    |        2|  2084406|  8.000 ns|  8.338 ms|    2|  2084406|       no|
    +---------+---------+----------+----------+-----+---------+---------+

    + Detail: 
        * Instance: 
        +-----------------------------------------------------------------+------------------------------------------------------+---------+---------+-----------+----------+-----+------+---------+
        |                                                                 |                                                      |  Latency (cycles) |  Latency (absolute)  |  Interval  | Pipeline|
        |                             Instance                            |                        Module                        |   min   |   max   |    min    |    max   | min |  max |   Type  |
        +-----------------------------------------------------------------+------------------------------------------------------+---------+---------+-----------+----------+-----+------+---------+
        |grp_AXIvideo2MultiPixStream_Pipeline_loop_wait_for_start_fu_179  |AXIvideo2MultiPixStream_Pipeline_loop_wait_for_start  |        2|        2|   8.000 ns|  8.000 ns|    2|     2|       no|
        |grp_AXIvideo2MultiPixStream_Pipeline_loop_width_fu_199           |AXIvideo2MultiPixStream_Pipeline_loop_width           |        3|     1922|  12.000 ns|  7.688 us|    3|  1922|       no|
        |grp_AXIvideo2MultiPixStream_Pipeline_loop_wait_for_eol_fu_227    |AXIvideo2MultiPixStream_Pipeline_loop_wait_for_eol    |        2|        2|   8.000 ns|  8.000 ns|    2|     2|       no|
        |grp_reg_unsigned_short_s_fu_253                                  |reg_unsigned_short_s                                  |        1|        1|   4.000 ns|  4.000 ns|    1|     1|      yes|
        |grp_reg_unsigned_short_s_fu_259                                  |reg_unsigned_short_s                                  |        1|        1|   4.000 ns|  4.000 ns|    1|     1|      yes|
        +-----------------------------------------------------------------+------------------------------------------------------+---------+---------+-----------+----------+-----+------+---------+

        * Loop: 
        +---------------+---------+---------+----------+-----------+-----------+----------+----------+
        |               |  Latency (cycles) | Iteration|  Initiation Interval  |   Trip   |          |
        |   Loop Name   |   min   |   max   |  Latency |  achieved |   target  |   Count  | Pipelined|
        +---------------+---------+---------+----------+-----------+-----------+----------+----------+
        |- loop_height  |        0|  2084400|  7 ~ 1930|          -|          -|  0 ~ 1080|        no|
        +---------------+---------+---------+----------+-----------+-----------+----------+----------+



================================================================
== Utilization Estimates
================================================================
* Summary: 
+-----------------+---------+------+--------+--------+-----+
|       Name      | BRAM_18K|  DSP |   FF   |   LUT  | URAM|
+-----------------+---------+------+--------+--------+-----+
|DSP              |        -|     -|       -|       -|    -|
|Expression       |        -|     -|       0|      64|    -|
|FIFO             |        -|     -|       -|       -|    -|
|Instance         |        -|     -|     121|     295|    -|
|Memory           |        -|     -|       -|       -|    -|
|Multiplexer      |        -|     -|       -|     151|    -|
|Register         |        -|     -|     126|       -|    -|
+-----------------+---------+------+--------+--------+-----+
|Total            |        0|     0|     247|     510|    0|
+-----------------+---------+------+--------+--------+-----+
|Available        |      288|  1248|  234240|  117120|   64|
+-----------------+---------+------+--------+--------+-----+
|Utilization (%)  |        0|     0|      ~0|      ~0|    0|
+-----------------+---------+------+--------+--------+-----+

+ Detail: 
    * Instance: 
    +-----------------------------------------------------------------+------------------------------------------------------+---------+----+----+-----+-----+
    |                             Instance                            |                        Module                        | BRAM_18K| DSP| FF | LUT | URAM|
    +-----------------------------------------------------------------+------------------------------------------------------+---------+----+----+-----+-----+
    |grp_AXIvideo2MultiPixStream_Pipeline_loop_wait_for_eol_fu_227    |AXIvideo2MultiPixStream_Pipeline_loop_wait_for_eol    |        0|   0|   4|   52|    0|
    |grp_AXIvideo2MultiPixStream_Pipeline_loop_wait_for_start_fu_179  |AXIvideo2MultiPixStream_Pipeline_loop_wait_for_start  |        0|   0|   3|   34|    0|
    |grp_AXIvideo2MultiPixStream_Pipeline_loop_width_fu_199           |AXIvideo2MultiPixStream_Pipeline_loop_width           |        0|   0|  48|  181|    0|
    |grp_reg_unsigned_short_s_fu_253                                  |reg_unsigned_short_s                                  |        0|   0|  33|   14|    0|
    |grp_reg_unsigned_short_s_fu_259                                  |reg_unsigned_short_s                                  |        0|   0|  33|   14|    0|
    +-----------------------------------------------------------------+------------------------------------------------------+---------+----+----+-----+-----+
    |Total                                                            |                                                      |        0|   0| 121|  295|    0|
    +-----------------------------------------------------------------+------------------------------------------------------+---------+----+----+-----+-----+

    * DSP: 
    N/A

    * Memory: 
    N/A

    * FIFO: 
    N/A

    * Expression: 
    +----------------------+----------+----+---+----+------------+------------+
    |     Variable Name    | Operation| DSP| FF| LUT| Bitwidth P0| Bitwidth P1|
    +----------------------+----------+----+---+----+------------+------------+
    |i_4_fu_315_p2         |         +|   0|  0|  18|          11|           1|
    |cmp9454_fu_292_p2     |      icmp|   0|  0|  11|          11|           1|
    |cond_fu_297_p2        |      icmp|   0|  0|  11|           8|           1|
    |icmp_ln789_fu_273_p2  |      icmp|   0|  0|  11|           8|           1|
    |icmp_ln800_fu_310_p2  |      icmp|   0|  0|  11|          11|          11|
    |ap_block_state1       |        or|   0|  0|   2|           1|           1|
    +----------------------+----------+----+---+----+------------+------------+
    |Total                 |          |   0|  0|  64|          50|          16|
    +----------------------+----------+----+---+----+------------+------------+

    * Multiplexer: 
    +--------------------------+----+-----------+-----+-----------+
    |           Name           | LUT| Input Size| Bits| Total Bits|
    +--------------------------+----+-----------+-----+-----------+
    |ap_NS_fsm                 |  59|         11|    1|         11|
    |ap_done                   |   9|          2|    1|          2|
    |axi_data_2_lcssa_reg_146  |   9|          2|   30|         60|
    |axi_data_V_5_fu_104       |   9|          2|   30|         60|
    |axi_last_2_lcssa_reg_156  |   9|          2|    1|          2|
    |axi_last_V_2_reg_136      |   9|          2|    1|          2|
    |eol_0_lcssa_reg_167       |   9|          2|    1|          2|
    |i_fu_100                  |   9|          2|   11|         22|
    |s_axis_video_TREADY       |  20|          4|    1|          4|
    |srcYUV_write              |   9|          2|    1|          2|
    +--------------------------+----+-----------+-----+-----------+
    |Total                     | 151|         31|   78|        167|
    +--------------------------+----+-----------+-----+-----------+

    * Register: 
    +------------------------------------------------------------------------------+----+----+-----+-----------+
    |                                     Name                                     | FF | LUT| Bits| Const Bits|
    +------------------------------------------------------------------------------+----+----+-----+-----------+
    |ap_CS_fsm                                                                     |  10|   0|   10|          0|
    |ap_done_reg                                                                   |   1|   0|    1|          0|
    |axi_data_2_lcssa_reg_146                                                      |  30|   0|   30|          0|
    |axi_data_V_5_fu_104                                                           |  30|   0|   30|          0|
    |axi_last_2_lcssa_reg_156                                                      |   1|   0|    1|          0|
    |axi_last_V_2_reg_136                                                          |   1|   0|    1|          0|
    |axi_last_V_4_loc_fu_84                                                        |   1|   0|    1|          0|
    |cmp9454_reg_406                                                               |   1|   0|    1|          0|
    |cond_reg_410                                                                  |   1|   0|    1|          0|
    |empty_reg_372                                                                 |  11|   0|   11|          0|
    |eol_0_lcssa_reg_167                                                           |   1|   0|    1|          0|
    |grp_AXIvideo2MultiPixStream_Pipeline_loop_wait_for_eol_fu_227_ap_start_reg    |   1|   0|    1|          0|
    |grp_AXIvideo2MultiPixStream_Pipeline_loop_wait_for_start_fu_179_ap_start_reg  |   1|   0|    1|          0|
    |grp_AXIvideo2MultiPixStream_Pipeline_loop_width_fu_199_ap_start_reg           |   1|   0|    1|          0|
    |i_4_reg_421                                                                   |  11|   0|   11|          0|
    |i_fu_100                                                                      |  11|   0|   11|          0|
    |icmp_ln789_reg_378                                                            |   1|   0|    1|          0|
    |sof_fu_108                                                                    |   1|   0|    1|          0|
    |trunc_ln782_reg_367                                                           |  11|   0|   11|          0|
    +------------------------------------------------------------------------------+----+----+-----+-----------+
    |Total                                                                         | 126|   0|  126|          0|
    +------------------------------------------------------------------------------+----+----+-----+-----------+



================================================================
== Interface
================================================================
* Summary: 
+-----------------------+-----+-----+------------+-------------------------+--------------+
|       RTL Ports       | Dir | Bits|  Protocol  |      Source Object      |    C Type    |
+-----------------------+-----+-----+------------+-------------------------+--------------+
|ap_clk                 |   in|    1|  ap_ctrl_hs|  AXIvideo2MultiPixStream|  return value|
|ap_rst                 |   in|    1|  ap_ctrl_hs|  AXIvideo2MultiPixStream|  return value|
|ap_start               |   in|    1|  ap_ctrl_hs|  AXIvideo2MultiPixStream|  return value|
|ap_done                |  out|    1|  ap_ctrl_hs|  AXIvideo2MultiPixStream|  return value|
|ap_continue            |   in|    1|  ap_ctrl_hs|  AXIvideo2MultiPixStream|  return value|
|ap_idle                |  out|    1|  ap_ctrl_hs|  AXIvideo2MultiPixStream|  return value|
|ap_ready               |  out|    1|  ap_ctrl_hs|  AXIvideo2MultiPixStream|  return value|
|s_axis_video_TDATA     |   in|   32|        axis|    s_axis_video_V_data_V|       pointer|
|s_axis_video_TVALID    |   in|    1|        axis|    s_axis_video_V_dest_V|       pointer|
|s_axis_video_TREADY    |  out|    1|        axis|    s_axis_video_V_dest_V|       pointer|
|s_axis_video_TDEST     |   in|    1|        axis|    s_axis_video_V_dest_V|       pointer|
|s_axis_video_TKEEP     |   in|    4|        axis|    s_axis_video_V_keep_V|       pointer|
|s_axis_video_TSTRB     |   in|    4|        axis|    s_axis_video_V_strb_V|       pointer|
|s_axis_video_TUSER     |   in|    1|        axis|    s_axis_video_V_user_V|       pointer|
|s_axis_video_TLAST     |   in|    1|        axis|    s_axis_video_V_last_V|       pointer|
|s_axis_video_TID       |   in|    1|        axis|      s_axis_video_V_id_V|       pointer|
|srcYUV_din             |  out|   30|     ap_fifo|                   srcYUV|       pointer|
|srcYUV_num_data_valid  |   in|    5|     ap_fifo|                   srcYUV|       pointer|
|srcYUV_fifo_cap        |   in|    5|     ap_fifo|                   srcYUV|       pointer|
|srcYUV_full_n          |   in|    1|     ap_fifo|                   srcYUV|       pointer|
|srcYUV_write           |  out|    1|     ap_fifo|                   srcYUV|       pointer|
|enableInput            |   in|    8|   ap_stable|              enableInput|       pointer|
|height                 |   in|   16|   ap_stable|                   height|       pointer|
|width                  |   in|   16|   ap_stable|                    width|       pointer|
|colorFormat            |   in|    8|   ap_stable|              colorFormat|       pointer|
+-----------------------+-----+-----+------------+-------------------------+--------------+

