Copyright 1986-2022 Xilinx, Inc. All Rights Reserved.
---------------------------------------------------------------------------------------------------
| Tool Version      : Vivado v.2022.2 (lin64) Build 3671981 Fri Oct 14 04:59:54 MDT 2022
| Date              : Wed Jun 11 15:24:56 2025
| Host              : Asus-Vivobook running 64-bit Ubuntu 22.04.5 LTS
| Command           : report_clock_utilization -file design_1_wrapper_clock_utilization_routed.rpt
| Design            : design_1_wrapper
| Device            : xck26-sfvc784
| Speed File        : -2LV  PRODUCTION 1.30 05-15-2022
| Temperature Grade : C
| Design State      : Routed
---------------------------------------------------------------------------------------------------

Clock Utilization Report

Table of Contents
-----------------
1. Clock Primitive Utilization
2. Global Clock Resources
3. Global Clock Source Details
4. Clock Regions : Clock Primitives
5. Clock Regions : Load Primitives
6. Clock Regions : Global Clock Summary
7. Clock Regions : Routing Resource Utilization
8. Device Cell Placement Summary for Global Clock g0
9. Device Cell Placement Summary for Global Clock g1
10. Device Cell Placement Summary for Global Clock g2
11. Device Cell Placement Summary for Global Clock g3
12. Device Cell Placement Summary for Global Clock g4
13. Device Cell Placement Summary for Global Clock g5
14. Clock Region Cell Placement per Global Clock: Region X0Y0
15. Clock Region Cell Placement per Global Clock: Region X1Y0
16. Clock Region Cell Placement per Global Clock: Region X2Y0
17. Clock Region Cell Placement per Global Clock: Region X0Y1
18. Clock Region Cell Placement per Global Clock: Region X1Y1
19. Clock Region Cell Placement per Global Clock: Region X2Y1
20. Clock Region Cell Placement per Global Clock: Region X0Y2
21. Clock Region Cell Placement per Global Clock: Region X1Y2
22. Clock Region Cell Placement per Global Clock: Region X2Y2
23. Clock Region Cell Placement per Global Clock: Region X0Y3
24. Clock Region Cell Placement per Global Clock: Region X1Y3

1. Clock Primitive Utilization
------------------------------

+------------+------+-----------+-----+--------------+--------+
| Type       | Used | Available | LOC | Clock Region | Pblock |
+------------+------+-----------+-----+--------------+--------+
| BUFGCE     |    5 |       112 |   0 |            0 |      0 |
| BUFGCE_DIV |    0 |        16 |   0 |            0 |      0 |
| BUFGCTRL   |    0 |        32 |   0 |            0 |      0 |
| BUFG_GT    |    0 |        96 |   0 |            0 |      0 |
| BUFG_PS    |    1 |        96 |   0 |            0 |      0 |
| MMCM       |    2 |         4 |   0 |            0 |      0 |
| PLL        |    1 |         8 |   0 |            0 |      0 |
+------------+------+-----------+-----+--------------+--------+


2. Global Clock Resources
-------------------------

+-----------+-----------+-----------------+------------+---------------+--------------+------+-------------------+-------------------+-------------+-----------------+--------------+------------------------------------+------------------------------------------------------------------------------------------------------------------------------------------------------------------------------------------------------------+----------------------------------------------------------------------------------------------------------------------------------------------------------------------------------------+
| Global Id | Source Id | Driver Type/Pin | Constraint | Site          | Clock Region | Root | Clock Delay Group | Load Clock Region | Clock Loads | Non-Clock Loads | Clock Period | Clock                              | Driver Pin                                                                                                                                                                                                 | Net                                                                                                                                                                                    |
+-----------+-----------+-----------------+------------+---------------+--------------+------+-------------------+-------------------+-------------+-----------------+--------------+------------------------------------+------------------------------------------------------------------------------------------------------------------------------------------------------------------------------------------------------------+----------------------------------------------------------------------------------------------------------------------------------------------------------------------------------------+
| g0        | src0      | BUFG_PS/O       | None       | BUFG_PS_X0Y94 | X0Y3         | X0Y1 |                   |                10 |       24639 |               2 |        4.000 | clk_pl_0                           | design_1_i/PS_0/zynq_ultra_ps_e_0/inst/buffer_pl_clk_0.PL_CLK_0_BUFG/O                                                                                                                                     | design_1_i/PS_0/zynq_ultra_ps_e_0/inst/pl_clk0                                                                                                                                         |
| g1        | src1      | BUFGCE/O        | None       | BUFGCE_X0Y76  | X1Y3         | X1Y1 |                   |                 5 |        4014 |               0 |        6.734 | clk_out1_design_1_clk_wiz_0_0      | design_1_i/PS_0/clk_wiz_0/inst/clkout1_buf/O                                                                                                                                                               | design_1_i/PS_0/clk_wiz_0/inst/clk_out1                                                                                                                                                |
| g2        | src2      | BUFGCE/O        | None       | BUFGCE_X0Y91  | X1Y3         | X0Y2 |                   |                 4 |         413 |               3 |        8.772 | mipi_phy_if_0_clk_p_FIFO_WRCLK_OUT | design_1_i/PS_0/mipi_csi2_rx_subsyst_0/inst/phy/inst/inst/bd_d10d_phy_0_rx_support_i/slave_rx.rxbyteclkhs_buf/O                                                                                            | design_1_i/PS_0/mipi_csi2_rx_subsyst_0/inst/phy/inst/inst/bd_d10d_phy_0_rx_support_i/rxbyteclkhs                                                                                       |
| g3        | src3      | BUFGCE/O        | None       | BUFGCE_X0Y2   | X1Y0         | X0Y2 |                   |                 3 |         346 |               1 |        5.000 | clk_out1_design_1_clk_wiz_1_0      | design_1_i/PS_0/clk_wiz_1/inst/clkout1_buf/O                                                                                                                                                               | design_1_i/PS_0/clk_wiz_1/inst/clk_out1                                                                                                                                                |
| g4        | src4      | BUFGCE/O        | None       | BUFGCE_X0Y87  | X1Y3         | X1Y3 |                   |                 1 |          10 |               0 |        5.333 | GEN_PLL_IN_IP_USP.pll0_clkout0     | design_1_i/PS_0/mipi_csi2_rx_subsyst_0/inst/phy/inst/inst/bd_d10d_phy_0_rx_support_i/slave_rx.bd_d10d_phy_0_rx_hssio_i/inst/top_inst/clk_rst_top_inst/clk_scheme_inst/GEN_PLL_IN_IP_USP.pll0_clkout0_buf/O | design_1_i/PS_0/mipi_csi2_rx_subsyst_0/inst/phy/inst/inst/bd_d10d_phy_0_rx_support_i/slave_rx.bd_d10d_phy_0_rx_hssio_i/inst/top_inst/clk_rst_top_inst/clk_scheme_inst/pll0_clkout0_out |
| g5        | src5      | BUFGCE/O        | None       | BUFGCE_X0Y56  | X1Y2         | X1Y2 | n/a               |                 1 |           0 |            1155 |          n/a | n/a                                | design_1_i/PS_0/v_tc_0/U0/U_VIDEO_CTRL/AXI4_LITE_INTERFACE.soft_resetn_reg_bufg_place/O                                                                                                                    | design_1_i/PS_0/v_tc_0/U0/U_VIDEO_CTRL/resetn_out                                                                                                                                      |
+-----------+-----------+-----------------+------------+---------------+--------------+------+-------------------+-------------------+-------------+-----------------+--------------+------------------------------------+------------------------------------------------------------------------------------------------------------------------------------------------------------------------------------------------------------+----------------------------------------------------------------------------------------------------------------------------------------------------------------------------------------+
* Clock Loads column represents cell count of net connects that connect to a clock pin. Internal cell leaf pins are not considered
** Non-Clock Loads column represents cell count of non-clock pin loads


3. Global Clock Source Details
------------------------------

+-----------+-----------+----------------------------+-----------------------+-----------------------+--------------+-------------+-----------------+---------------------+------------------------------------+---------------------------------------------------------------------------------------------------------------------------------------------------------------------------------------------------------------------+------------------------------------------------------------------------------------------------------------------------------------------------------------------------------------------------------+
| Source Id | Global Id | Driver Type/Pin            | Constraint            | Site                  | Clock Region | Clock Loads | Non-Clock Loads | Source Clock Period | Source Clock                       | Driver Pin                                                                                                                                                                                                          | Net                                                                                                                                                                                                  |
+-----------+-----------+----------------------------+-----------------------+-----------------------+--------------+-------------+-----------------+---------------------+------------------------------------+---------------------------------------------------------------------------------------------------------------------------------------------------------------------------------------------------------------------+------------------------------------------------------------------------------------------------------------------------------------------------------------------------------------------------------+
| src0      | g0        | PS8/PLCLK[0]               | None                  | PS8_X0Y0              | X0Y1         |           1 |               0 |               4.000 | clk_pl_0                           | design_1_i/PS_0/zynq_ultra_ps_e_0/inst/PS8_i/PLCLK[0]                                                                                                                                                               | design_1_i/PS_0/zynq_ultra_ps_e_0/inst/pl_clk_unbuffered[0]                                                                                                                                          |
| src1      | g1        | MMCME4_ADV/CLKOUT0         | None                  | MMCM_X0Y3             | X1Y3         |           1 |               0 |               6.734 | clk_out1_design_1_clk_wiz_0_0      | design_1_i/PS_0/clk_wiz_0/inst/mmcme4_adv_inst/CLKOUT0                                                                                                                                                              | design_1_i/PS_0/clk_wiz_0/inst/clk_out1_design_1_clk_wiz_0_0                                                                                                                                         |
| src2      | g2        | RX_BITSLICE/FIFO_WRCLK_OUT | BITSLICE_RX_TX_X0Y182 | BITSLICE_RX_TX_X0Y182 | X1Y3         |           1 |               0 |               8.772 | mipi_phy_if_0_clk_p_FIFO_WRCLK_OUT | design_1_i/PS_0/mipi_csi2_rx_subsyst_0/inst/phy/inst/inst/bd_d10d_phy_0_rx_support_i/slave_rx.bd_d10d_phy_0_rx_hssio_i/inst/top_inst/bs_top_inst/u_rx_bs/RX_BS[26].rx_bitslice_if_bs/FIFO_WRCLK_OUT                 | design_1_i/PS_0/mipi_csi2_rx_subsyst_0/inst/phy/inst/inst/bd_d10d_phy_0_rx_support_i/slave_rx.bd_d10d_phy_0_rx_hssio_i/inst/top_inst/bs_top_inst/u_rx_bs/fifo_wr_clk_26                              |
| src3      | g3        | MMCME4_ADV/CLKOUT0         | None                  | MMCM_X0Y0             | X1Y0         |           1 |               0 |               5.000 | clk_out1_design_1_clk_wiz_1_0      | design_1_i/PS_0/clk_wiz_1/inst/mmcme4_adv_inst/CLKOUT0                                                                                                                                                              | design_1_i/PS_0/clk_wiz_1/inst/clk_out1_design_1_clk_wiz_1_0                                                                                                                                         |
| src4      | g4        | PLLE4_ADV/CLKOUT0          | None                  | PLL_X0Y6              | X1Y3         |           1 |               0 |               5.333 | GEN_PLL_IN_IP_USP.pll0_clkout0     | design_1_i/PS_0/mipi_csi2_rx_subsyst_0/inst/phy/inst/inst/bd_d10d_phy_0_rx_support_i/slave_rx.bd_d10d_phy_0_rx_hssio_i/inst/top_inst/clk_rst_top_inst/clk_scheme_inst/GEN_PLL_IN_IP_USP.plle4_adv_pll0_inst/CLKOUT0 | design_1_i/PS_0/mipi_csi2_rx_subsyst_0/inst/phy/inst/inst/bd_d10d_phy_0_rx_support_i/slave_rx.bd_d10d_phy_0_rx_hssio_i/inst/top_inst/clk_rst_top_inst/clk_scheme_inst/GEN_PLL_IN_IP_USP.pll0_clkout0 |
| src5      | g5        | FDRE/Q                     | None                  | SLICE_X17Y144         | X0Y2         |           1 |               0 |                     |                                    | design_1_i/PS_0/v_tc_0/U0/U_VIDEO_CTRL/AXI4_LITE_INTERFACE.soft_resetn_reg/Q                                                                                                                                        | design_1_i/PS_0/v_tc_0/U0/U_VIDEO_CTRL/resetn_out_bufg_place                                                                                                                                         |
+-----------+-----------+----------------------------+-----------------------+-----------------------+--------------+-------------+-----------------+---------------------+------------------------------------+---------------------------------------------------------------------------------------------------------------------------------------------------------------------------------------------------------------------+------------------------------------------------------------------------------------------------------------------------------------------------------------------------------------------------------+
* Clock Loads column represents cell count of net connects that connect to a clock pin. Internal cell leaf pins are not considered
** Non-Clock Loads column represents cell count of non-clock pin loads


4. Clock Regions : Clock Primitives
-----------------------------------

+-------------------+---------------+---------------+---------------+---------------+---------------+---------------+---------------+---------------+
|                   |  Global Clock |     BUFGCE    |   BUFGCE_DIV  |    BUFGCTRL   |    BUFG_GT    |    BUFG_PS    |      MMCM     |      PLL      |
+-------------------+-------+-------+-------+-------+-------+-------+-------+-------+-------+-------+-------+-------+-------+-------+-------+-------+
| Clock Region Name | Used  | Avail | Used  | Avail | Used  | Avail | Used  | Avail | Used  | Avail | Used  | Avail | Used  | Avail | Used  | Avail |
+-------------------+-------+-------+-------+-------+-------+-------+-------+-------+-------+-------+-------+-------+-------+-------+-------+-------+
| X0Y0              |     1 |    24 |     0 |     4 |     0 |     0 |     0 |     0 |     0 |     0 |     0 |    24 |     0 |     0 |     0 |     0 |
| X1Y0              |     2 |    24 |     1 |    24 |     0 |     4 |     0 |     8 |     0 |     0 |     0 |     0 |     1 |     1 |     0 |     2 |
| X2Y0              |     1 |    24 |     0 |     0 |     0 |     0 |     0 |     0 |     0 |    24 |     0 |     0 |     0 |     0 |     0 |     0 |
| X0Y1              |     3 |    24 |     0 |     4 |     0 |     0 |     0 |     0 |     0 |     0 |     0 |    24 |     0 |     0 |     0 |     0 |
| X1Y1              |     3 |    24 |     0 |    24 |     0 |     4 |     0 |     8 |     0 |     0 |     0 |     0 |     0 |     1 |     0 |     2 |
| X2Y1              |     2 |    24 |     0 |     0 |     0 |     0 |     0 |     0 |     0 |    24 |     0 |     0 |     0 |     0 |     0 |     0 |
| X0Y2              |     5 |    24 |     0 |     4 |     0 |     0 |     0 |     0 |     0 |     0 |     0 |    24 |     0 |     0 |     0 |     0 |
| X1Y2              |     5 |    24 |     1 |    24 |     0 |     4 |     0 |     8 |     0 |     0 |     0 |     0 |     0 |     1 |     0 |     2 |
| X2Y2              |     1 |    24 |     0 |     0 |     0 |     0 |     0 |     0 |     0 |    24 |     0 |     0 |     0 |     0 |     0 |     0 |
| X0Y3              |     3 |    24 |     0 |     4 |     0 |     0 |     0 |     0 |     0 |     0 |     1 |    24 |     0 |     0 |     0 |     0 |
| X1Y3              |     4 |    24 |     3 |    24 |     0 |     4 |     0 |     8 |     0 |     0 |     0 |     0 |     1 |     1 |     1 |     2 |
| X2Y3              |     0 |    24 |     0 |     0 |     0 |     0 |     0 |     0 |     0 |    24 |     0 |     0 |     0 |     0 |     0 |     0 |
+-------------------+-------+-------+-------+-------+-------+-------+-------+-------+-------+-------+-------+-------+-------+-------+-------+-------+
* Global Clock column represents track count; while other columns represents cell counts


5. Clock Regions : Load Primitives
----------------------------------

+-------------------+------------------+------------------+------------------+------------------+------------------+------------------+------------------+------------------+
|                   |   Global Clock   |        FF        |      LUTRAM      |  Block RAM (18K) |       URAM       |        DSP       |        GT        |      HARD IP     |
+-------------------+--------+---------+--------+---------+--------+---------+--------+---------+--------+---------+--------+---------+--------+---------+--------+---------+
| Clock Region Name | Used   | Avail   | Used   | Avail   | Used   | Avail   | Used   | Avail   | Used   | Avail   | Used   | Avail   | Used   | Avail   | Used   | Avail   |
+-------------------+--------+---------+--------+---------+--------+---------+--------+---------+--------+---------+--------+---------+--------+---------+--------+---------+
| X0Y0              |      1 |      24 |    843 |   22080 |     37 |    6240 |      0 |       0 |      0 |       0 |      0 |     144 |      0 |       0 |      0 |       0 |
| X1Y0              |      2 |      24 |    579 |   17280 |      6 |    5280 |      2 |      24 |      0 |       0 |      8 |     144 |      0 |       0 |      0 |       0 |
| X2Y0              |      1 |      24 |    407 |   19200 |      0 |    2880 |     14 |      48 |      0 |      16 |      0 |      24 |      0 |       4 |      0 |       1 |
| X0Y1              |      3 |      24 |   9302 |   22080 |    447 |    6240 |      0 |       0 |      0 |       0 |      2 |     144 |      0 |       0 |      0 |       0 |
| X1Y1              |      3 |      24 |   3870 |   17280 |    124 |    5280 |     17 |      24 |      0 |       0 |     14 |     144 |      0 |       0 |      0 |       0 |
| X2Y1              |      2 |      24 |   2193 |   19200 |    101 |    2880 |     17 |      48 |      2 |      16 |      2 |      24 |      0 |       4 |      0 |       1 |
| X0Y2              |      5 |      24 |   5403 |   22080 |     82 |    6240 |      0 |       0 |      0 |       0 |      1 |     144 |      0 |       0 |      0 |       0 |
| X1Y2              |      5 |      24 |   1234 |   17280 |     58 |    5280 |      0 |      24 |      0 |       0 |      4 |     144 |      0 |       0 |      0 |       0 |
| X2Y2              |      1 |      24 |   4316 |   19200 |    267 |    2880 |     30 |      48 |      0 |      16 |      7 |      24 |      0 |       4 |      0 |       0 |
| X0Y3              |      3 |      24 |      0 |   22080 |      0 |    6240 |      0 |       0 |      0 |       0 |      0 |     144 |      0 |       0 |      0 |       0 |
| X1Y3              |      4 |      24 |     62 |   17280 |      0 |    5280 |      0 |      24 |      0 |       0 |      0 |     144 |      0 |       0 |      0 |       0 |
| X2Y3              |      0 |      24 |      0 |   19200 |      0 |    2880 |      0 |      48 |      0 |      16 |      0 |      24 |      0 |       4 |      0 |       0 |
+-------------------+--------+---------+--------+---------+--------+---------+--------+---------+--------+---------+--------+---------+--------+---------+--------+---------+
* Global Clock column represents track count; while other columns represents cell counts


6. Clock Regions : Global Clock Summary
---------------------------------------

All Modules
+----+----+----+----+
|    | X0 | X1 | X2 |
+----+----+----+----+
| Y3 |  3 |  5 |  0 |
| Y2 |  5 |  5 |  1 |
| Y1 |  4 |  3 |  2 |
| Y0 |  2 |  3 |  1 |
+----+----+----+----+


7. Clock Regions : Routing Resource Utilization
-----------------------------------------------

All Modules
+-------------------+----------------------+----------------------+----------------------+----------------------+
|                   |        HROUTES       |        HDISTRS       |        VROUTES       |        VDISTRS       |
+-------------------+------+-------+-------+------+-------+-------+------+-------+-------+------+-------+-------+
| Clock Region Name | Used | Avail | Util% | Used | Avail | Util% | Used | Avail | Util% | Used | Avail | Util% |
+-------------------+------+-------+-------+------+-------+-------+------+-------+-------+------+-------+-------+
| X0Y0              |    2 |    24 |  8.33 |    1 |    24 |  4.17 |    0 |    24 |  0.00 |    1 |    24 |  4.17 |
| X1Y0              |    1 |    24 |  4.17 |    2 |    24 |  8.33 |    0 |    24 |  0.00 |    1 |    24 |  4.17 |
| X2Y0              |    0 |    24 |  0.00 |    1 |    24 |  4.17 |    0 |    24 |  0.00 |    0 |    24 |  0.00 |
| X0Y1              |    0 |    24 |  0.00 |    3 |    24 | 12.50 |    2 |    24 |  8.33 |    2 |    24 |  8.33 |
| X1Y1              |    0 |    24 |  0.00 |    3 |    24 | 12.50 |    1 |    24 |  4.17 |    1 |    24 |  4.17 |
| X2Y1              |    0 |    24 |  0.00 |    2 |    24 |  8.33 |    0 |    24 |  0.00 |    0 |    24 |  0.00 |
| X0Y2              |    0 |    24 |  0.00 |    5 |    24 | 20.83 |    3 |    24 | 12.50 |    3 |    24 | 12.50 |
| X1Y2              |    0 |    24 |  0.00 |    5 |    24 | 20.83 |    1 |    24 |  4.17 |    0 |    24 |  0.00 |
| X2Y2              |    0 |    24 |  0.00 |    1 |    24 |  4.17 |    0 |    24 |  0.00 |    0 |    24 |  0.00 |
| X0Y3              |    3 |    24 | 12.50 |    3 |    24 | 12.50 |    2 |    24 |  8.33 |    0 |    24 |  0.00 |
| X1Y3              |    2 |    24 |  8.33 |    4 |    24 | 16.67 |    1 |    24 |  4.17 |    0 |    24 |  0.00 |
| X2Y3              |    0 |    24 |  0.00 |    0 |    24 |  0.00 |    0 |    24 |  0.00 |    0 |    24 |  0.00 |
+-------------------+------+-------+-------+------+-------+-------+------+-------+-------+------+-------+-------+


8. Device Cell Placement Summary for Global Clock g0
----------------------------------------------------

+-----------+-----------------+-------------------+----------+-------------+---------------+----------+-------------+----------+----------------+----------+------------------------------------------------+
| Global Id | Driver Type/Pin | Driver Region (D) | Clock    | Period (ns) | Waveform (ns) | Root (R) | Slice Loads | IO Loads | Clocking Loads | GT Loads | Net                                            |
+-----------+-----------------+-------------------+----------+-------------+---------------+----------+-------------+----------+----------------+----------+------------------------------------------------+
| g0        | BUFG_PS/O       | X0Y3              | clk_pl_0 |       4.000 | {0.000 2.000} | X0Y1     |       24639 |        0 |              2 |        0 | design_1_i/PS_0/zynq_ultra_ps_e_0/inst/pl_clk0 |
+-----------+-----------------+-------------------+----------+-------------+---------------+----------+-------------+----------+----------------+----------+------------------------------------------------+
* Slice Loads column represents load cell count of all cell types other than IO, GT and clock resources
** IO Loads column represents load cell count of IO types
*** Clocking Loads column represents load cell count that are clock resources (global clock buffer, MMCM, PLL, etc)
**** GT Loads column represents load cell count of GT types


+----+----------+-------+-------+-----------------------+
|    | X0       | X1    | X2    | HORIZONTAL PROG DELAY |
+----+----------+-------+-------+-----------------------+
| Y3 |    (D) 0 |     1 |     0 |                     0 |
| Y2 |     3065 |   801 |  4606 |                     1 |
| Y1 | (R) 9734 |  3054 |  2085 |                     1 |
| Y0 |      880 |     1 |   414 |                     0 |
+----+----------+-------+-------+-----------------------+


9. Device Cell Placement Summary for Global Clock g1
----------------------------------------------------

+-----------+-----------------+-------------------+-------------------------------+-------------+---------------+----------+-------------+----------+----------------+----------+-----------------------------------------+
| Global Id | Driver Type/Pin | Driver Region (D) | Clock                         | Period (ns) | Waveform (ns) | Root (R) | Slice Loads | IO Loads | Clocking Loads | GT Loads | Net                                     |
+-----------+-----------------+-------------------+-------------------------------+-------------+---------------+----------+-------------+----------+----------------+----------+-----------------------------------------+
| g1        | BUFGCE/O        | X1Y3              | clk_out1_design_1_clk_wiz_0_0 |       6.734 | {0.000 3.367} | X1Y1     |        4014 |        0 |              0 |        0 | design_1_i/PS_0/clk_wiz_0/inst/clk_out1 |
+-----------+-----------------+-------------------+-------------------------------+-------------+---------------+----------+-------------+----------+----------------+----------+-----------------------------------------+
* Slice Loads column represents load cell count of all cell types other than IO, GT and clock resources
** IO Loads column represents load cell count of IO types
*** Clocking Loads column represents load cell count that are clock resources (global clock buffer, MMCM, PLL, etc)
**** GT Loads column represents load cell count of GT types


+----+-------+---------+------+-----------------------+
|    | X0    | X1      | X2   | HORIZONTAL PROG DELAY |
+----+-------+---------+------+-----------------------+
| Y3 |     0 |   (D) 0 |    0 |                     - |
| Y2 |  2374 |       0 |    0 |                     1 |
| Y1 |     8 | (R) 812 |  226 |                     1 |
| Y0 |     0 |     594 |    0 |                     0 |
+----+-------+---------+------+-----------------------+


10. Device Cell Placement Summary for Global Clock g2
-----------------------------------------------------

+-----------+-----------------+-------------------+------------------------------------+-------------+---------------+----------+-------------+----------+----------------+----------+--------------------------------------------------------------------------------------------------+
| Global Id | Driver Type/Pin | Driver Region (D) | Clock                              | Period (ns) | Waveform (ns) | Root (R) | Slice Loads | IO Loads | Clocking Loads | GT Loads | Net                                                                                              |
+-----------+-----------------+-------------------+------------------------------------+-------------+---------------+----------+-------------+----------+----------------+----------+--------------------------------------------------------------------------------------------------+
| g2        | BUFGCE/O        | X1Y3              | mipi_phy_if_0_clk_p_FIFO_WRCLK_OUT |       8.772 | {0.000 4.386} | X0Y2     |         416 |        0 |              0 |        0 | design_1_i/PS_0/mipi_csi2_rx_subsyst_0/inst/phy/inst/inst/bd_d10d_phy_0_rx_support_i/rxbyteclkhs |
+-----------+-----------------+-------------------+------------------------------------+-------------+---------------+----------+-------------+----------+----------------+----------+--------------------------------------------------------------------------------------------------+
* Slice Loads column represents load cell count of all cell types other than IO, GT and clock resources
** IO Loads column represents load cell count of IO types
*** Clocking Loads column represents load cell count that are clock resources (global clock buffer, MMCM, PLL, etc)
**** GT Loads column represents load cell count of GT types


+----+-------+--------+----+-----------------------+
|    | X0    | X1     | X2 | HORIZONTAL PROG DELAY |
+----+-------+--------+----+-----------------------+
| Y3 |     0 |  (D) 3 |  0 |                     1 |
| Y2 | (R) 0 |    249 |  0 |                     1 |
| Y1 |    11 |    153 |  0 |                     0 |
| Y0 |     0 |      0 |  0 |                     - |
+----+-------+--------+----+-----------------------+


11. Device Cell Placement Summary for Global Clock g3
-----------------------------------------------------

+-----------+-----------------+-------------------+-------------------------------+-------------+---------------+----------+-------------+----------+----------------+----------+-----------------------------------------+
| Global Id | Driver Type/Pin | Driver Region (D) | Clock                         | Period (ns) | Waveform (ns) | Root (R) | Slice Loads | IO Loads | Clocking Loads | GT Loads | Net                                     |
+-----------+-----------------+-------------------+-------------------------------+-------------+---------------+----------+-------------+----------+----------------+----------+-----------------------------------------+
| g3        | BUFGCE/O        | X1Y0              | clk_out1_design_1_clk_wiz_1_0 |       5.000 | {0.000 2.500} | X0Y2     |         346 |        0 |              1 |        0 | design_1_i/PS_0/clk_wiz_1/inst/clk_out1 |
+-----------+-----------------+-------------------+-------------------------------+-------------+---------------+----------+-------------+----------+----------------+----------+-----------------------------------------+
* Slice Loads column represents load cell count of all cell types other than IO, GT and clock resources
** IO Loads column represents load cell count of IO types
*** Clocking Loads column represents load cell count that are clock resources (global clock buffer, MMCM, PLL, etc)
**** GT Loads column represents load cell count of GT types


+----+--------+--------+----+-----------------------+
|    | X0     | X1     | X2 | HORIZONTAL PROG DELAY |
+----+--------+--------+----+-----------------------+
| Y3 |      0 |     54 |  0 |                     0 |
| Y2 | (R) 47 |    246 |  0 |                     0 |
| Y1 |      0 |      0 |  0 |                     - |
| Y0 |      0 |  (D) 0 |  0 |                     - |
+----+--------+--------+----+-----------------------+


12. Device Cell Placement Summary for Global Clock g4
-----------------------------------------------------

+-----------+-----------------+-------------------+--------------------------------+-------------+---------------+----------+-------------+----------+----------------+----------+----------------------------------------------------------------------------------------------------------------------------------------------------------------------------------------+
| Global Id | Driver Type/Pin | Driver Region (D) | Clock                          | Period (ns) | Waveform (ns) | Root (R) | Slice Loads | IO Loads | Clocking Loads | GT Loads | Net                                                                                                                                                                                    |
+-----------+-----------------+-------------------+--------------------------------+-------------+---------------+----------+-------------+----------+----------------+----------+----------------------------------------------------------------------------------------------------------------------------------------------------------------------------------------+
| g4        | BUFGCE/O        | X1Y3              | GEN_PLL_IN_IP_USP.pll0_clkout0 |       5.333 | {0.000 2.667} | X1Y3     |          10 |        0 |              0 |        0 | design_1_i/PS_0/mipi_csi2_rx_subsyst_0/inst/phy/inst/inst/bd_d10d_phy_0_rx_support_i/slave_rx.bd_d10d_phy_0_rx_hssio_i/inst/top_inst/clk_rst_top_inst/clk_scheme_inst/pll0_clkout0_out |
+-----------+-----------------+-------------------+--------------------------------+-------------+---------------+----------+-------------+----------+----------------+----------+----------------------------------------------------------------------------------------------------------------------------------------------------------------------------------------+
* Slice Loads column represents load cell count of all cell types other than IO, GT and clock resources
** IO Loads column represents load cell count of IO types
*** Clocking Loads column represents load cell count that are clock resources (global clock buffer, MMCM, PLL, etc)
**** GT Loads column represents load cell count of GT types


+----+----+------------+----+-----------------------+
|    | X0 | X1         | X2 | HORIZONTAL PROG DELAY |
+----+----+------------+----+-----------------------+
| Y3 |  0 | (R) (D) 10 |  0 |                     0 |
| Y2 |  0 |          0 |  0 |                     - |
| Y1 |  0 |          0 |  0 |                     - |
| Y0 |  0 |          0 |  0 |                     - |
+----+----+------------+----+-----------------------+


13. Device Cell Placement Summary for Global Clock g5
-----------------------------------------------------

+-----------+-----------------+-------------------+-------+-------------+---------------+----------+-------------+----------+----------------+----------+---------------------------------------------------+
| Global Id | Driver Type/Pin | Driver Region (D) | Clock | Period (ns) | Waveform (ns) | Root (R) | Slice Loads | IO Loads | Clocking Loads | GT Loads | Net                                               |
+-----------+-----------------+-------------------+-------+-------------+---------------+----------+-------------+----------+----------------+----------+---------------------------------------------------+
| g5        | BUFGCE/O        | X1Y2              |       |             |               | X1Y2     |        1155 |        0 |              0 |        0 | design_1_i/PS_0/v_tc_0/U0/U_VIDEO_CTRL/resetn_out |
+-----------+-----------------+-------------------+-------+-------------+---------------+----------+-------------+----------+----------------+----------+---------------------------------------------------+
* Slice Loads column represents load cell count of all cell types other than IO, GT and clock resources
** IO Loads column represents load cell count of IO types
*** Clocking Loads column represents load cell count that are clock resources (global clock buffer, MMCM, PLL, etc)
**** GT Loads column represents load cell count of GT types


+----+-------+-----------+----+-----------------------+
|    | X0    | X1        | X2 | HORIZONTAL PROG DELAY |
+----+-------+-----------+----+-----------------------+
| Y3 |     0 |         0 |  0 |                     - |
| Y2 |  1155 | (R) (D) 0 |  0 |                     0 |
| Y1 |     0 |         0 |  0 |                     - |
| Y0 |     0 |         0 |  0 |                     - |
+----+-------+-----------+----+-----------------------+


14. Clock Region Cell Placement per Global Clock: Region X0Y0
-------------------------------------------------------------

+-----------+-------+-----------------+------------+-------------+-----------------+-----+-------------+------+------+-----+----+------+-----+---------+------------------------------------------------+
| Global Id | Track | Driver Type/Pin | Constraint | Clock Loads | Non-Clock Loads | FF  | Memory LUTs | RAMB | URAM | DSP | GT | MMCM | PLL | Hard IP | Net                                            |
+-----------+-------+-----------------+------------+-------------+-----------------+-----+-------------+------+------+-----+----+------+-----+---------+------------------------------------------------+
| g0        | 22    | BUFG_PS/O       | None       |         880 |               0 | 843 |          37 |    0 |    0 |   0 |  0 |    0 |   0 |       0 | design_1_i/PS_0/zynq_ultra_ps_e_0/inst/pl_clk0 |
| g3+       | 2     | BUFGCE/O        | None       |           0 |               0 |   0 |           0 |    0 |    0 |   0 |  0 |    0 |   0 |       0 | design_1_i/PS_0/clk_wiz_1/inst/clk_out1        |
+-----------+-------+-----------------+------------+-------------+-----------------+-----+-------------+------+------+-----+----+------+-----+---------+------------------------------------------------+
* Clock Loads column represents cell count of net connects that connect to a clock pin. Internal cell leaf pins are not considered
** Non-Clock Loads column represents cell count of non-clock pin loads
*** Columns FF, LUTRAM, RAMB through 'Hard IP' represents load cell counts
**** In Global Id column, sympbol '+' indicates that global clock was used only to route through the clock region.


15. Clock Region Cell Placement per Global Clock: Region X1Y0
-------------------------------------------------------------

+-----------+-------+-----------------+------------+-------------+-----------------+-----+-------------+------+------+-----+----+------+-----+---------+------------------------------------------------+
| Global Id | Track | Driver Type/Pin | Constraint | Clock Loads | Non-Clock Loads | FF  | Memory LUTs | RAMB | URAM | DSP | GT | MMCM | PLL | Hard IP | Net                                            |
+-----------+-------+-----------------+------------+-------------+-----------------+-----+-------------+------+------+-----+----+------+-----+---------+------------------------------------------------+
| g0        | 22    | BUFG_PS/O       | None       |           0 |               1 |   0 |           0 |    0 |    0 |   0 |  0 |    1 |   0 |       0 | design_1_i/PS_0/zynq_ultra_ps_e_0/inst/pl_clk0 |
| g1        | 4     | BUFGCE/O        | None       |         594 |               0 | 579 |           6 |    1 |    0 |   8 |  0 |    0 |   0 |       0 | design_1_i/PS_0/clk_wiz_0/inst/clk_out1        |
| g3+       | 2     | BUFGCE/O        | None       |           0 |               0 |   0 |           0 |    0 |    0 |   0 |  0 |    0 |   0 |       0 | design_1_i/PS_0/clk_wiz_1/inst/clk_out1        |
+-----------+-------+-----------------+------------+-------------+-----------------+-----+-------------+------+------+-----+----+------+-----+---------+------------------------------------------------+
* Clock Loads column represents cell count of net connects that connect to a clock pin. Internal cell leaf pins are not considered
** Non-Clock Loads column represents cell count of non-clock pin loads
*** Columns FF, LUTRAM, RAMB through 'Hard IP' represents load cell counts
**** In Global Id column, sympbol '+' indicates that global clock was used only to route through the clock region.


16. Clock Region Cell Placement per Global Clock: Region X2Y0
-------------------------------------------------------------

+-----------+-------+-----------------+------------+-------------+-----------------+-----+-------------+------+------+-----+----+------+-----+---------+------------------------------------------------+
| Global Id | Track | Driver Type/Pin | Constraint | Clock Loads | Non-Clock Loads | FF  | Memory LUTs | RAMB | URAM | DSP | GT | MMCM | PLL | Hard IP | Net                                            |
+-----------+-------+-----------------+------------+-------------+-----------------+-----+-------------+------+------+-----+----+------+-----+---------+------------------------------------------------+
| g0        | 22    | BUFG_PS/O       | None       |         414 |               0 | 407 |           0 |    7 |    0 |   0 |  0 |    0 |   0 |       0 | design_1_i/PS_0/zynq_ultra_ps_e_0/inst/pl_clk0 |
+-----------+-------+-----------------+------------+-------------+-----------------+-----+-------------+------+------+-----+----+------+-----+---------+------------------------------------------------+
* Clock Loads column represents cell count of net connects that connect to a clock pin. Internal cell leaf pins are not considered
** Non-Clock Loads column represents cell count of non-clock pin loads
*** Columns FF, LUTRAM, RAMB through 'Hard IP' represents load cell counts


17. Clock Region Cell Placement per Global Clock: Region X0Y1
-------------------------------------------------------------

+-----------+-------+-----------------+------------+-------------+-----------------+------+-------------+------+------+-----+----+------+-----+---------+--------------------------------------------------------------------------------------------------+
| Global Id | Track | Driver Type/Pin | Constraint | Clock Loads | Non-Clock Loads | FF   | Memory LUTs | RAMB | URAM | DSP | GT | MMCM | PLL | Hard IP | Net                                                                                              |
+-----------+-------+-----------------+------------+-------------+-----------------+------+-------------+------+------+-----+----+------+-----+---------+--------------------------------------------------------------------------------------------------+
| g0        | 22    | BUFG_PS/O       | None       |        9734 |               0 | 9285 |         446 |    0 |    0 |   2 |  0 |    0 |   0 |       0 | design_1_i/PS_0/zynq_ultra_ps_e_0/inst/pl_clk0                                                   |
| g1        | 4     | BUFGCE/O        | None       |           8 |               0 |    6 |           1 |    0 |    0 |   0 |  0 |    0 |   0 |       0 | design_1_i/PS_0/clk_wiz_0/inst/clk_out1                                                          |
| g2        | 19    | BUFGCE/O        | None       |          11 |               0 |   11 |           0 |    0 |    0 |   0 |  0 |    0 |   0 |       0 | design_1_i/PS_0/mipi_csi2_rx_subsyst_0/inst/phy/inst/inst/bd_d10d_phy_0_rx_support_i/rxbyteclkhs |
| g3+       | 2     | BUFGCE/O        | None       |           0 |               0 |    0 |           0 |    0 |    0 |   0 |  0 |    0 |   0 |       0 | design_1_i/PS_0/clk_wiz_1/inst/clk_out1                                                          |
+-----------+-------+-----------------+------------+-------------+-----------------+------+-------------+------+------+-----+----+------+-----+---------+--------------------------------------------------------------------------------------------------+
* Clock Loads column represents cell count of net connects that connect to a clock pin. Internal cell leaf pins are not considered
** Non-Clock Loads column represents cell count of non-clock pin loads
*** Columns FF, LUTRAM, RAMB through 'Hard IP' represents load cell counts
**** In Global Id column, sympbol '+' indicates that global clock was used only to route through the clock region.


18. Clock Region Cell Placement per Global Clock: Region X1Y1
-------------------------------------------------------------

+-----------+-------+-----------------+------------+-------------+-----------------+------+-------------+------+------+-----+----+------+-----+---------+--------------------------------------------------------------------------------------------------+
| Global Id | Track | Driver Type/Pin | Constraint | Clock Loads | Non-Clock Loads | FF   | Memory LUTs | RAMB | URAM | DSP | GT | MMCM | PLL | Hard IP | Net                                                                                              |
+-----------+-------+-----------------+------------+-------------+-----------------+------+-------------+------+------+-----+----+------+-----+---------+--------------------------------------------------------------------------------------------------+
| g0        | 22    | BUFG_PS/O       | None       |        3054 |               0 | 2924 |         115 |   10 |    0 |   5 |  0 |    0 |   0 |       0 | design_1_i/PS_0/zynq_ultra_ps_e_0/inst/pl_clk0                                                   |
| g1        | 4     | BUFGCE/O        | None       |         812 |               0 |  797 |           5 |    1 |    0 |   9 |  0 |    0 |   0 |       0 | design_1_i/PS_0/clk_wiz_0/inst/clk_out1                                                          |
| g2        | 19    | BUFGCE/O        | None       |         153 |               0 |  149 |           4 |    0 |    0 |   0 |  0 |    0 |   0 |       0 | design_1_i/PS_0/mipi_csi2_rx_subsyst_0/inst/phy/inst/inst/bd_d10d_phy_0_rx_support_i/rxbyteclkhs |
+-----------+-------+-----------------+------------+-------------+-----------------+------+-------------+------+------+-----+----+------+-----+---------+--------------------------------------------------------------------------------------------------+
* Clock Loads column represents cell count of net connects that connect to a clock pin. Internal cell leaf pins are not considered
** Non-Clock Loads column represents cell count of non-clock pin loads
*** Columns FF, LUTRAM, RAMB through 'Hard IP' represents load cell counts


19. Clock Region Cell Placement per Global Clock: Region X2Y1
-------------------------------------------------------------

+-----------+-------+-----------------+------------+-------------+-----------------+------+-------------+------+------+-----+----+------+-----+---------+------------------------------------------------+
| Global Id | Track | Driver Type/Pin | Constraint | Clock Loads | Non-Clock Loads | FF   | Memory LUTs | RAMB | URAM | DSP | GT | MMCM | PLL | Hard IP | Net                                            |
+-----------+-------+-----------------+------------+-------------+-----------------+------+-------------+------+------+-----+----+------+-----+---------+------------------------------------------------+
| g0        | 22    | BUFG_PS/O       | None       |        2085 |               0 | 1968 |         101 |   14 |    2 |   2 |  0 |    0 |   0 |       0 | design_1_i/PS_0/zynq_ultra_ps_e_0/inst/pl_clk0 |
| g1        | 4     | BUFGCE/O        | None       |         226 |               0 |  225 |           0 |    1 |    0 |   0 |  0 |    0 |   0 |       0 | design_1_i/PS_0/clk_wiz_0/inst/clk_out1        |
+-----------+-------+-----------------+------------+-------------+-----------------+------+-------------+------+------+-----+----+------+-----+---------+------------------------------------------------+
* Clock Loads column represents cell count of net connects that connect to a clock pin. Internal cell leaf pins are not considered
** Non-Clock Loads column represents cell count of non-clock pin loads
*** Columns FF, LUTRAM, RAMB through 'Hard IP' represents load cell counts


20. Clock Region Cell Placement per Global Clock: Region X0Y2
-------------------------------------------------------------

+-----------+-------+-----------------+------------+-------------+-----------------+------+-------------+------+------+-----+----+------+-----+---------+--------------------------------------------------------------------------------------------------+
| Global Id | Track | Driver Type/Pin | Constraint | Clock Loads | Non-Clock Loads | FF   | Memory LUTs | RAMB | URAM | DSP | GT | MMCM | PLL | Hard IP | Net                                                                                              |
+-----------+-------+-----------------+------------+-------------+-----------------+------+-------------+------+------+-----+----+------+-----+---------+--------------------------------------------------------------------------------------------------+
| g0        | 22    | BUFG_PS/O       | None       |        3065 |               0 | 2987 |          77 |    0 |    0 |   1 |  0 |    0 |   0 |       0 | design_1_i/PS_0/zynq_ultra_ps_e_0/inst/pl_clk0                                                   |
| g1        | 4     | BUFGCE/O        | None       |        2374 |               0 | 2369 |           5 |    0 |    0 |   0 |  0 |    0 |   0 |       0 | design_1_i/PS_0/clk_wiz_0/inst/clk_out1                                                          |
| g2+       | 19    | BUFGCE/O        | None       |           0 |               0 |    0 |           0 |    0 |    0 |   0 |  0 |    0 |   0 |       0 | design_1_i/PS_0/mipi_csi2_rx_subsyst_0/inst/phy/inst/inst/bd_d10d_phy_0_rx_support_i/rxbyteclkhs |
| g3        | 2     | BUFGCE/O        | None       |          47 |               0 |   47 |           0 |    0 |    0 |   0 |  0 |    0 |   0 |       0 | design_1_i/PS_0/clk_wiz_1/inst/clk_out1                                                          |
| g5        | 8     | BUFGCE/O        | None       |           0 |            1155 | 1155 |           0 |    0 |    0 |   0 |  0 |    0 |   0 |       0 | design_1_i/PS_0/v_tc_0/U0/U_VIDEO_CTRL/resetn_out                                                |
+-----------+-------+-----------------+------------+-------------+-----------------+------+-------------+------+------+-----+----+------+-----+---------+--------------------------------------------------------------------------------------------------+
* Clock Loads column represents cell count of net connects that connect to a clock pin. Internal cell leaf pins are not considered
** Non-Clock Loads column represents cell count of non-clock pin loads
*** Columns FF, LUTRAM, RAMB through 'Hard IP' represents load cell counts
**** In Global Id column, sympbol '+' indicates that global clock was used only to route through the clock region.


21. Clock Region Cell Placement per Global Clock: Region X1Y2
-------------------------------------------------------------

+-----------+-------+-----------------+------------+-------------+-----------------+-----+-------------+------+------+-----+----+------+-----+---------+--------------------------------------------------------------------------------------------------+
| Global Id | Track | Driver Type/Pin | Constraint | Clock Loads | Non-Clock Loads | FF  | Memory LUTs | RAMB | URAM | DSP | GT | MMCM | PLL | Hard IP | Net                                                                                              |
+-----------+-------+-----------------+------------+-------------+-----------------+-----+-------------+------+------+-----+----+------+-----+---------+--------------------------------------------------------------------------------------------------+
| g0        | 22    | BUFG_PS/O       | None       |         801 |               0 | 742 |          55 |    0 |    0 |   4 |  0 |    0 |   0 |       0 | design_1_i/PS_0/zynq_ultra_ps_e_0/inst/pl_clk0                                                   |
| g1+       | 4     | BUFGCE/O        | None       |           0 |               0 |   0 |           0 |    0 |    0 |   0 |  0 |    0 |   0 |       0 | design_1_i/PS_0/clk_wiz_0/inst/clk_out1                                                          |
| g2        | 19    | BUFGCE/O        | None       |         249 |               0 | 247 |           2 |    0 |    0 |   0 |  0 |    0 |   0 |       0 | design_1_i/PS_0/mipi_csi2_rx_subsyst_0/inst/phy/inst/inst/bd_d10d_phy_0_rx_support_i/rxbyteclkhs |
| g3        | 2     | BUFGCE/O        | None       |         246 |               0 | 245 |           1 |    0 |    0 |   0 |  0 |    0 |   0 |       0 | design_1_i/PS_0/clk_wiz_1/inst/clk_out1                                                          |
| g5+       | 8     | BUFGCE/O        | None       |           0 |               0 |   0 |           0 |    0 |    0 |   0 |  0 |    0 |   0 |       0 | design_1_i/PS_0/v_tc_0/U0/U_VIDEO_CTRL/resetn_out                                                |
+-----------+-------+-----------------+------------+-------------+-----------------+-----+-------------+------+------+-----+----+------+-----+---------+--------------------------------------------------------------------------------------------------+
* Clock Loads column represents cell count of net connects that connect to a clock pin. Internal cell leaf pins are not considered
** Non-Clock Loads column represents cell count of non-clock pin loads
*** Columns FF, LUTRAM, RAMB through 'Hard IP' represents load cell counts
**** In Global Id column, sympbol '+' indicates that global clock was used only to route through the clock region.


22. Clock Region Cell Placement per Global Clock: Region X2Y2
-------------------------------------------------------------

+-----------+-------+-----------------+------------+-------------+-----------------+------+-------------+------+------+-----+----+------+-----+---------+------------------------------------------------+
| Global Id | Track | Driver Type/Pin | Constraint | Clock Loads | Non-Clock Loads | FF   | Memory LUTs | RAMB | URAM | DSP | GT | MMCM | PLL | Hard IP | Net                                            |
+-----------+-------+-----------------+------------+-------------+-----------------+------+-------------+------+------+-----+----+------+-----+---------+------------------------------------------------+
| g0        | 22    | BUFG_PS/O       | None       |        4606 |               0 | 4316 |         267 |   16 |    0 |   7 |  0 |    0 |   0 |       0 | design_1_i/PS_0/zynq_ultra_ps_e_0/inst/pl_clk0 |
+-----------+-------+-----------------+------------+-------------+-----------------+------+-------------+------+------+-----+----+------+-----+---------+------------------------------------------------+
* Clock Loads column represents cell count of net connects that connect to a clock pin. Internal cell leaf pins are not considered
** Non-Clock Loads column represents cell count of non-clock pin loads
*** Columns FF, LUTRAM, RAMB through 'Hard IP' represents load cell counts


23. Clock Region Cell Placement per Global Clock: Region X0Y3
-------------------------------------------------------------

+-----------+-------+-----------------+------------+-------------+-----------------+----+-------------+------+------+-----+----+------+-----+---------+--------------------------------------------------------------------------------------------------+
| Global Id | Track | Driver Type/Pin | Constraint | Clock Loads | Non-Clock Loads | FF | Memory LUTs | RAMB | URAM | DSP | GT | MMCM | PLL | Hard IP | Net                                                                                              |
+-----------+-------+-----------------+------------+-------------+-----------------+----+-------------+------+------+-----+----+------+-----+---------+--------------------------------------------------------------------------------------------------+
| g0+       | 22    | BUFG_PS/O       | None       |           0 |               0 |  0 |           0 |    0 |    0 |   0 |  0 |    0 |   0 |       0 | design_1_i/PS_0/zynq_ultra_ps_e_0/inst/pl_clk0                                                   |
| g2+       | 19    | BUFGCE/O        | None       |           0 |               0 |  0 |           0 |    0 |    0 |   0 |  0 |    0 |   0 |       0 | design_1_i/PS_0/mipi_csi2_rx_subsyst_0/inst/phy/inst/inst/bd_d10d_phy_0_rx_support_i/rxbyteclkhs |
| g3+       | 2     | BUFGCE/O        | None       |           0 |               0 |  0 |           0 |    0 |    0 |   0 |  0 |    0 |   0 |       0 | design_1_i/PS_0/clk_wiz_1/inst/clk_out1                                                          |
+-----------+-------+-----------------+------------+-------------+-----------------+----+-------------+------+------+-----+----+------+-----+---------+--------------------------------------------------------------------------------------------------+
* Clock Loads column represents cell count of net connects that connect to a clock pin. Internal cell leaf pins are not considered
** Non-Clock Loads column represents cell count of non-clock pin loads
*** Columns FF, LUTRAM, RAMB through 'Hard IP' represents load cell counts
**** In Global Id column, sympbol '+' indicates that global clock was used only to route through the clock region.


24. Clock Region Cell Placement per Global Clock: Region X1Y3
-------------------------------------------------------------

+-----------+-------+-----------------+------------+-------------+-----------------+----+-------------+------+------+-----+----+------+-----+---------+----------------------------------------------------------------------------------------------------------------------------------------------------------------------------------------+
| Global Id | Track | Driver Type/Pin | Constraint | Clock Loads | Non-Clock Loads | FF | Memory LUTs | RAMB | URAM | DSP | GT | MMCM | PLL | Hard IP | Net                                                                                                                                                                                    |
+-----------+-------+-----------------+------------+-------------+-----------------+----+-------------+------+------+-----+----+------+-----+---------+----------------------------------------------------------------------------------------------------------------------------------------------------------------------------------------+
| g0        | 22    | BUFG_PS/O       | None       |           0 |               1 |  0 |           0 |    0 |    0 |   0 |  0 |    1 |   0 |       0 | design_1_i/PS_0/zynq_ultra_ps_e_0/inst/pl_clk0                                                                                                                                         |
| g1+       | 4     | BUFGCE/O        | None       |           0 |               0 |  0 |           0 |    0 |    0 |   0 |  0 |    0 |   0 |       0 | design_1_i/PS_0/clk_wiz_0/inst/clk_out1                                                                                                                                                |
| g2        | 19    | BUFGCE/O        | None       |           0 |               3 |  0 |           0 |    0 |    0 |   0 |  0 |    0 |   0 |       0 | design_1_i/PS_0/mipi_csi2_rx_subsyst_0/inst/phy/inst/inst/bd_d10d_phy_0_rx_support_i/rxbyteclkhs                                                                                       |
| g3        | 2     | BUFGCE/O        | None       |          53 |               1 | 52 |           0 |    0 |    0 |   0 |  0 |    0 |   1 |       0 | design_1_i/PS_0/clk_wiz_1/inst/clk_out1                                                                                                                                                |
| g4        | 15    | BUFGCE/O        | None       |          10 |               0 | 10 |           0 |    0 |    0 |   0 |  0 |    0 |   0 |       0 | design_1_i/PS_0/mipi_csi2_rx_subsyst_0/inst/phy/inst/inst/bd_d10d_phy_0_rx_support_i/slave_rx.bd_d10d_phy_0_rx_hssio_i/inst/top_inst/clk_rst_top_inst/clk_scheme_inst/pll0_clkout0_out |
+-----------+-------+-----------------+------------+-------------+-----------------+----+-------------+------+------+-----+----+------+-----+---------+----------------------------------------------------------------------------------------------------------------------------------------------------------------------------------------+
* Clock Loads column represents cell count of net connects that connect to a clock pin. Internal cell leaf pins are not considered
** Non-Clock Loads column represents cell count of non-clock pin loads
*** Columns FF, LUTRAM, RAMB through 'Hard IP' represents load cell counts
**** In Global Id column, sympbol '+' indicates that global clock was used only to route through the clock region.


