Copyright 1986-2022 Xilinx, Inc. All Rights Reserved.
------------------------------------------------------------------------------------
| Tool Version : Vivado v.2022.2 (lin64) Build 3671981 Fri Oct 14 04:59:54 MDT 2022
| Date         : Wed Jun 11 02:59:23 2025
| Host         : Asus-Vivobook running 64-bit Ubuntu 22.04.5 LTS
| Command      : upgrade_ip
| Device       : xck26-sfvc784-2LV-c
------------------------------------------------------------------------------------

Upgrade Log for IP 'design_1_vision_system_0_0'

1. Summary
----------

SUCCESS in the conversion of design_1_vision_system_0_0 (xilinx.com:module_ref:vision_system:1.0 (Rev. 1)) to Vivado generation flows.






Copyright 1986-2022 Xilinx, Inc. All Rights Reserved.
------------------------------------------------------------------------------------
| Tool Version : Vivado v.2022.2 (lin64) Build 3671981 Fri Oct 14 04:59:54 MDT 2022
| Date         : Wed Jun 11 02:57:16 2025
| Host         : Asus-Vivobook running 64-bit Ubuntu 22.04.5 LTS
| Command      : upgrade_ip
| Device       : xck26-sfvc784-2LV-c
------------------------------------------------------------------------------------

Upgrade Log for IP 'design_1_vision_system_0_0'

1. Summary
----------

SUCCESS in the conversion of design_1_vision_system_0_0 (xilinx.com:module_ref:vision_system:1.0 (Rev. 1)) to Vivado generation flows.






Copyright 1986-2022 Xilinx, Inc. All Rights Reserved.
------------------------------------------------------------------------------------
| Tool Version : Vivado v.2022.2 (lin64) Build 3671981 Fri Oct 14 04:59:54 MDT 2022
| Date         : Fri Jun  6 19:04:54 2025
| Host         : Asus-Vivobook running 64-bit Ubuntu 22.04.5 LTS
| Command      : upgrade_ip
| Device       : xck26-sfvc784-2LV-c
------------------------------------------------------------------------------------

Upgrade Log for IP 'rgb2ycbcr_latency6_0'

1. Summary
----------

SUCCESS in the upgrade of rgb2ycbcr_latency6_0 (user.org:user:rgb2ycbcr_latency6:1.0) from (Rev. 6) to (Rev. 7)






Copyright 1986-2022 Xilinx, Inc. All Rights Reserved.
------------------------------------------------------------------------------------
| Tool Version : Vivado v.2022.2 (lin64) Build 3671981 Fri Oct 14 04:59:54 MDT 2022
| Date         : Fri Jun  6 14:03:20 2025
| Host         : Asus-Vivobook running 64-bit Ubuntu 22.04.5 LTS
| Command      : upgrade_ip
| Device       : xck26-sfvc784-2LV-c
------------------------------------------------------------------------------------

Upgrade Log for IP 'rgb2ycbcr_latency6_0'

1. Summary
----------

SUCCESS in the upgrade of rgb2ycbcr_latency6_0 (user.org:user:rgb2ycbcr_latency6:1.0) from (Rev. 4) to (Rev. 6)






Copyright 1986-2022 Xilinx, Inc. All Rights Reserved.
------------------------------------------------------------------------------------
| Tool Version : Vivado v.2022.2 (lin64) Build 3671981 Fri Oct 14 04:59:54 MDT 2022
| Date         : Fri May 30 12:03:29 2025
| Host         : Asus-Vivobook running 64-bit Ubuntu 22.04.5 LTS
| Command      : upgrade_ip
| Device       : xck26-sfvc784-2LV-c
------------------------------------------------------------------------------------

Upgrade Log for IP 'rgb2ycbcr_latency6_0'

1. Summary
----------

SUCCESS in the upgrade of rgb2ycbcr_latency6_0 (user.org:user:rgb2ycbcr_latency6:1.0) from (Rev. 3) to (Rev. 4)






Copyright 1986-2022 Xilinx, Inc. All Rights Reserved.
------------------------------------------------------------------------------------
| Tool Version : Vivado v.2022.2 (lin64) Build 3671981 Fri Oct 14 04:59:54 MDT 2022
| Date         : Fri May 30 12:00:51 2025
| Host         : Asus-Vivobook running 64-bit Ubuntu 22.04.5 LTS
| Command      : upgrade_ip
| Device       : xck26-sfvc784-2LV-c
------------------------------------------------------------------------------------

Upgrade Log for IP 'rgb2ycbcr_latency6_0'

1. Summary
----------

SUCCESS in the upgrade of rgb2ycbcr_latency6_0 (user.org:user:rgb2ycbcr_latency6:1.0) from (Rev. 2) to (Rev. 3)






Copyright 1986-2022 Xilinx, Inc. All Rights Reserved.
------------------------------------------------------------------------------------
| Tool Version : Vivado v.2022.2 (lin64) Build 3671981 Fri Oct 14 04:59:54 MDT 2022
| Date         : Fri May 30 11:53:52 2025
| Host         : Asus-Vivobook running 64-bit Ubuntu 22.04.5 LTS
| Command      : upgrade_ip
| Device       : xck26-sfvc784-2LV-c
------------------------------------------------------------------------------------

Upgrade Log for IP 'rgb2ycbcr_latency6_0'

1. Summary
----------

SUCCESS in the upgrade of rgb2ycbcr_latency6_0 (user.org:user:rgb2ycbcr_latency6:1.0) from (Rev. 1) to (Rev. 2)

