remark: /home/pawsooon/Vivado/tor_wizyjny/video_passthrough_kria/video_passthrough_kria.gen/sources_1/bd/design_1/ip/design_1_v_tpg_0_0/src/hls/hls_axi_io.h:71:2: Inlining function 'void hls::AXIGetBitFields<30, ap_uint<10> >(ap_uint<30>, int, int, ap_uint<10>&)' into 'void hls::AXIGetBitFields<30, ap_uint<10> >(hls::axis<ap_uint<30>, 1ul, 1ul, 1ul>, int, int, ap_uint<10>&)'
remark: /home/pawsooon/Vivado/tor_wizyjny/prj/sol/.autopilot/db/v_tpg.cpp:781:18: Inlining function 'hls::Scalar<3, ap_uint<10> >::Scalar()' into 'AXIvideo2MultiPixStream(hls::stream<hls::axis<ap_uint<30>, 1ul, 1ul, 1ul>, 0>&, hls::stream<hls::Scalar<3, ap_uint<10> >, 0>&, unsigned char&, unsigned short&, unsigned short&, unsigned char&)'
remark: /home/pawsooon/Vivado/tor_wizyjny/prj/sol/.autopilot/db/v_tpg.cpp:834:7: Inlining function 'void hls::AXIGetBitFields<30, ap_uint<10> >(hls::axis<ap_uint<30>, 1ul, 1ul, 1ul>, int, int, ap_uint<10>&)' into 'AXIvideo2MultiPixStream(hls::stream<hls::axis<ap_uint<30>, 1ul, 1ul, 1ul>, 0>&, hls::stream<hls::Scalar<3, ap_uint<10> >, 0>&, unsigned char&, unsigned short&, unsigned short&, unsigned char&)'
remark: /home/pawsooon/Vivado/tor_wizyjny/prj/sol/.autopilot/db/v_tpg.cpp:833:7: Inlining function 'void hls::AXIGetBitFields<30, ap_uint<10> >(hls::axis<ap_uint<30>, 1ul, 1ul, 1ul>, int, int, ap_uint<10>&)' into 'AXIvideo2MultiPixStream(hls::stream<hls::axis<ap_uint<30>, 1ul, 1ul, 1ul>, 0>&, hls::stream<hls::Scalar<3, ap_uint<10> >, 0>&, unsigned char&, unsigned short&, unsigned short&, unsigned char&)'
remark: /home/pawsooon/Vivado/tor_wizyjny/prj/sol/.autopilot/db/v_tpg.cpp:832:2: Inlining function 'void hls::AXIGetBitFields<30, ap_uint<10> >(hls::axis<ap_uint<30>, 1ul, 1ul, 1ul>, int, int, ap_uint<10>&)' into 'AXIvideo2MultiPixStream(hls::stream<hls::axis<ap_uint<30>, 1ul, 1ul, 1ul>, 0>&, hls::stream<hls::Scalar<3, ap_uint<10> >, 0>&, unsigned char&, unsigned short&, unsigned short&, unsigned char&)'
remark: /home/pawsooon/Vivado/tor_wizyjny/prj/sol/.autopilot/db/v_tpg.cpp:1025:18: Inlining function 'hls::Scalar<3, ap_uint<10> >::Scalar()' into 'tpgPatternHorizontalRamp(unsigned short, unsigned short, unsigned char)'
remark: /home/pawsooon/Vivado/tor_wizyjny/prj/sol/.autopilot/db/v_tpg.cpp:1048:18: Inlining function 'hls::Scalar<3, ap_uint<10> >::Scalar()' into 'tpgPatternVerticalRamp(unsigned short, unsigned short, unsigned short, unsigned char)'
remark: /home/pawsooon/Vivado/tor_wizyjny/prj/sol/.autopilot/db/v_tpg.cpp:1072:18: Inlining function 'hls::Scalar<3, ap_uint<10> >::Scalar()' into 'tpgPatternTemporalRamp(unsigned short, unsigned char)'
remark: /home/pawsooon/Vivado/tor_wizyjny/prj/sol/.autopilot/db/v_tpg.cpp:1087:18: Inlining function 'hls::Scalar<3, ap_uint<10> >::Scalar()' into 'tpgPatternSolidRed(unsigned short, unsigned char)'
remark: /home/pawsooon/Vivado/tor_wizyjny/prj/sol/.autopilot/db/v_tpg.cpp:1108:18: Inlining function 'hls::Scalar<3, ap_uint<10> >::Scalar()' into 'tpgPatternSolidGreen(unsigned short, unsigned char)'
remark: /home/pawsooon/Vivado/tor_wizyjny/prj/sol/.autopilot/db/v_tpg.cpp:1129:18: Inlining function 'hls::Scalar<3, ap_uint<10> >::Scalar()' into 'tpgPatternSolidBlue(unsigned short, unsigned char)'
remark: /home/pawsooon/Vivado/tor_wizyjny/prj/sol/.autopilot/db/v_tpg.cpp:1150:18: Inlining function 'hls::Scalar<3, ap_uint<10> >::Scalar()' into 'tpgPatternSolidBlack(unsigned short, unsigned char)'
remark: /home/pawsooon/Vivado/tor_wizyjny/prj/sol/.autopilot/db/v_tpg.cpp:1172:18: Inlining function 'hls::Scalar<3, ap_uint<10> >::Scalar()' into 'tpgPatternSolidWhite(unsigned short, unsigned char)'
remark: /home/pawsooon/Vivado/tor_wizyjny/prj/sol/.autopilot/db/v_tpg.cpp:1192:18: Inlining function 'hls::Scalar<3, ap_uint<10> >::Scalar()' into 'tpgPatternColorBars(unsigned short, unsigned short, unsigned char, int)'
remark: /home/pawsooon/Vivado/tor_wizyjny/prj/sol/.autopilot/db/v_tpg.cpp:1284:18: Inlining function 'hls::Scalar<3, ap_uint<10> >::Scalar()' into 'tpgPatternZonePlate(unsigned short, unsigned short, unsigned short, unsigned short, unsigned short, unsigned short, unsigned short, unsigned char)'
remark: /home/pawsooon/Vivado/tor_wizyjny/prj/sol/.autopilot/db/v_tpg.cpp:1326:18: Inlining function 'hls::Scalar<3, ap_uint<10> >::Scalar()' into 'tpgPatternTartanColorBars(unsigned short, unsigned short, unsigned short, unsigned short, unsigned char)'
remark: /home/pawsooon/Vivado/tor_wizyjny/prj/sol/.autopilot/db/v_tpg.cpp:1354:13: Inlining function 'hls::Scalar<3, ap_uint<10> >::Scalar()' into 'tpgPatternTartanColorBars(unsigned short, unsigned short, unsigned short, unsigned short, unsigned char)'
remark: /home/pawsooon/Vivado/tor_wizyjny/prj/sol/.autopilot/db/v_tpg.cpp:1394:18: Inlining function 'hls::Scalar<3, ap_uint<10> >::Scalar()' into 'tpgPatternCrossHatch(unsigned short, unsigned short, unsigned short, unsigned short, unsigned char)'
remark: /home/pawsooon/Vivado/tor_wizyjny/prj/sol/.autopilot/db/v_tpg.cpp:1230:18: Inlining function 'hls::Scalar<3, ap_uint<10> >::Scalar()' into 'tpgPatternRainbow(unsigned short, unsigned char)'
remark: /home/pawsooon/Vivado/tor_wizyjny/prj/sol/.autopilot/db/v_tpg.cpp:1485:18: Inlining function 'hls::Scalar<3, ap_uint<10> >::Scalar()' into 'tpgPatternVerticalHorizontalRamp(unsigned short, unsigned short, unsigned short, unsigned char)'
remark: /home/pawsooon/Vivado/tor_wizyjny/prj/sol/.autopilot/db/v_tpg.cpp:1508:18: Inlining function 'hls::Scalar<3, ap_uint<10> >::Scalar()' into 'tpgPatternCheckerBoard(unsigned short, unsigned short, unsigned short, unsigned short, unsigned char)'
remark: /home/pawsooon/Vivado/tor_wizyjny/prj/sol/.autopilot/db/v_tpg.cpp:1780:18: Inlining function 'hls::Scalar<3, ap_uint<10> >::Scalar()' into 'tpgPRBS(unsigned short, unsigned char)'
remark: /home/pawsooon/Vivado/tor_wizyjny/prj/sol/.autopilot/db/v_tpg.cpp:1576:18: Inlining function 'hls::Scalar<3, ap_uint<10> >::Scalar()' into 'tpgPatternDPColorRamp(unsigned short, unsigned short, unsigned char)'
remark: /home/pawsooon/Vivado/tor_wizyjny/prj/sol/.autopilot/db/v_tpg.cpp:1576:23: Inlining function 'hls::Scalar<3, ap_uint<10> >::Scalar()' into 'tpgPatternDPColorRamp(unsigned short, unsigned short, unsigned char)'
remark: /home/pawsooon/Vivado/tor_wizyjny/prj/sol/.autopilot/db/v_tpg.cpp:1675:18: Inlining function 'hls::Scalar<3, ap_uint<10> >::Scalar()' into 'tpgPatternDPBlackWhiteVerticalLine(unsigned short)'
remark: /home/pawsooon/Vivado/tor_wizyjny/prj/sol/.autopilot/db/v_tpg.cpp:1691:18: Inlining function 'hls::Scalar<3, ap_uint<10> >::Scalar()' into 'tpgPatternDPColorSquare(unsigned short, unsigned short, unsigned char, unsigned char, unsigned char)'
remark: /home/pawsooon/Vivado/tor_wizyjny/prj/sol/.autopilot/db/v_tpg.cpp:507:18: Inlining function 'hls::Scalar<3, ap_uint<10> >::Scalar()' into 'tpgBackground(hls::stream<hls::Scalar<3, ap_uint<10> >, 0>&, unsigned short&, unsigned short&, int&, unsigned short&, unsigned short&, unsigned short&, unsigned short&, unsigned char&, unsigned char&, unsigned short&, unsigned short&, unsigned short&, unsigned short&, unsigned char&, unsigned char&, unsigned char&, unsigned char&, hls::stream<hls::Scalar<3, ap_uint<10> >, 0>&)'
remark: /home/pawsooon/Vivado/tor_wizyjny/prj/sol/.autopilot/db/v_tpg.cpp:508:18: Inlining function 'hls::Scalar<3, ap_uint<10> >::Scalar()' into 'tpgBackground(hls::stream<hls::Scalar<3, ap_uint<10> >, 0>&, unsigned short&, unsigned short&, int&, unsigned short&, unsigned short&, unsigned short&, unsigned short&, unsigned char&, unsigned char&, unsigned short&, unsigned short&, unsigned short&, unsigned short&, unsigned char&, unsigned char&, unsigned char&, unsigned char&, hls::stream<hls::Scalar<3, ap_uint<10> >, 0>&)'
remark: /home/pawsooon/Vivado/tor_wizyjny/prj/sol/.autopilot/db/v_tpg.cpp:878:18: Inlining function 'hls::Scalar<3, ap_uint<10> >::Scalar()' into 'MultiPixStream2AXIvideo(hls::stream<hls::Scalar<3, ap_uint<10> >, 0>&, hls::stream<hls::axis<ap_uint<30>, 1ul, 1ul, 1ul>, 0>&, unsigned short&, unsigned short&, unsigned char&, bool&, bool&, unsigned short&)'
remark: /home/pawsooon/Vivado/tor_wizyjny/prj/sol/.autopilot/db/v_tpg.cpp:676:26: Adding 'ref.tmp46' into disaggregation list because there's array-partition pragma applied on the struct field
remark: /home/pawsooon/Vivado/tor_wizyjny/prj/sol/.autopilot/db/v_tpg.cpp:669:26: Adding 'ref.tmp44' into disaggregation list because there's array-partition pragma applied on the struct field
remark: /home/pawsooon/Vivado/tor_wizyjny/prj/sol/.autopilot/db/v_tpg.cpp:662:23: Adding 'ref.tmp42' into disaggregation list because there's array-partition pragma applied on the struct field
remark: /home/pawsooon/Vivado/tor_wizyjny/prj/sol/.autopilot/db/v_tpg.cpp:658:14: Adding 'ref.tmp40' into disaggregation list because there's array-partition pragma applied on the struct field
remark: /home/pawsooon/Vivado/tor_wizyjny/prj/sol/.autopilot/db/v_tpg.cpp:652:14: Adding 'ref.tmp38' into disaggregation list because there's array-partition pragma applied on the struct field
remark: /home/pawsooon/Vivado/tor_wizyjny/prj/sol/.autopilot/db/v_tpg.cpp:644:26: Adding 'ref.tmp36' into disaggregation list because there's array-partition pragma applied on the struct field
remark: /home/pawsooon/Vivado/tor_wizyjny/prj/sol/.autopilot/db/v_tpg.cpp:636:26: Adding 'ref.tmp34' into disaggregation list because there's array-partition pragma applied on the struct field
remark: /home/pawsooon/Vivado/tor_wizyjny/prj/sol/.autopilot/db/v_tpg.cpp:628:14: Adding 'ref.tmp32' into disaggregation list because there's array-partition pragma applied on the struct field
remark: /home/pawsooon/Vivado/tor_wizyjny/prj/sol/.autopilot/db/v_tpg.cpp:620:14: Adding 'ref.tmp30' into disaggregation list because there's array-partition pragma applied on the struct field
remark: /home/pawsooon/Vivado/tor_wizyjny/prj/sol/.autopilot/db/v_tpg.cpp:612:26: Adding 'ref.tmp28' into disaggregation list because there's array-partition pragma applied on the struct field
remark: /home/pawsooon/Vivado/tor_wizyjny/prj/sol/.autopilot/db/v_tpg.cpp:604:14: Adding 'ref.tmp26' into disaggregation list because there's array-partition pragma applied on the struct field
remark: /home/pawsooon/Vivado/tor_wizyjny/prj/sol/.autopilot/db/v_tpg.cpp:596:26: Adding 'ref.tmp24' into disaggregation list because there's array-partition pragma applied on the struct field
remark: /home/pawsooon/Vivado/tor_wizyjny/prj/sol/.autopilot/db/v_tpg.cpp:588:26: Adding 'ref.tmp22' into disaggregation list because there's array-partition pragma applied on the struct field
remark: /home/pawsooon/Vivado/tor_wizyjny/prj/sol/.autopilot/db/v_tpg.cpp:580:26: Adding 'ref.tmp20' into disaggregation list because there's array-partition pragma applied on the struct field
remark: /home/pawsooon/Vivado/tor_wizyjny/prj/sol/.autopilot/db/v_tpg.cpp:572:26: Adding 'ref.tmp18' into disaggregation list because there's array-partition pragma applied on the struct field
remark: /home/pawsooon/Vivado/tor_wizyjny/prj/sol/.autopilot/db/v_tpg.cpp:564:26: Adding 'ref.tmp16' into disaggregation list because there's array-partition pragma applied on the struct field
remark: /home/pawsooon/Vivado/tor_wizyjny/prj/sol/.autopilot/db/v_tpg.cpp:556:26: Adding 'ref.tmp14' into disaggregation list because there's array-partition pragma applied on the struct field
remark: /home/pawsooon/Vivado/tor_wizyjny/prj/sol/.autopilot/db/v_tpg.cpp:548:26: Adding 'ref.tmp12' into disaggregation list because there's array-partition pragma applied on the struct field
remark: /home/pawsooon/Vivado/tor_wizyjny/prj/sol/.autopilot/db/v_tpg.cpp:540:26: Adding 'ref.tmp' into disaggregation list because there's array-partition pragma applied on the struct field
remark: /home/pawsooon/Vivado/tor_wizyjny/video_passthrough_kria/video_passthrough_kria.gen/sources_1/bd/design_1/ip/design_1_v_tpg_0_0/src/hls/hls_video_core.h:184:9: Adding 'pix' into disaggregation list because there's array-partition pragma applied on the struct field
remark: /home/pawsooon/Vivado/tor_wizyjny/video_passthrough_kria/video_passthrough_kria.gen/sources_1/bd/design_1/ip/design_1_v_tpg_0_0/src/hls/hls_video_core.h:184:9: Adding 'pix' into disaggregation list because there's array-partition pragma applied on the struct field
remark: /home/pawsooon/Vivado/tor_wizyjny/video_passthrough_kria/video_passthrough_kria.gen/sources_1/bd/design_1/ip/design_1_v_tpg_0_0/src/hls/hls_video_core.h:184:9: Adding 'outpix' into disaggregation list because there's array-partition pragma applied on the struct field
remark: /home/pawsooon/Vivado/tor_wizyjny/video_passthrough_kria/video_passthrough_kria.gen/sources_1/bd/design_1/ip/design_1_v_tpg_0_0/src/hls/hls_video_core.h:184:9: Adding 'tmp' into disaggregation list because there's array-partition pragma applied on the struct field
remark: /home/pawsooon/Vivado/tor_wizyjny/video_passthrough_kria/video_passthrough_kria.gen/sources_1/bd/design_1/ip/design_1_v_tpg_0_0/src/hls/hls_video_core.h:184:9: Adding 'pix' into disaggregation list because there's array-partition pragma applied on the struct field
remark: /home/pawsooon/Vivado/tor_wizyjny/prj/sol/.autopilot/db/v_tpg.cpp:781:18: Disaggregating variable 'pix'
remark: /home/pawsooon/Vivado/tor_wizyjny/prj/sol/.autopilot/db/v_tpg.cpp:1576:18: Disaggregating variable 'tmp'
remark: <unknown>:0:0: Disaggregating variable 'ref.tmp46'
remark: <unknown>:0:0: Disaggregating variable 'ref.tmp44'
remark: <unknown>:0:0: Disaggregating variable 'ref.tmp42'
remark: <unknown>:0:0: Disaggregating variable 'ref.tmp40'
remark: <unknown>:0:0: Disaggregating variable 'ref.tmp38'
remark: <unknown>:0:0: Disaggregating variable 'ref.tmp36'
remark: <unknown>:0:0: Disaggregating variable 'ref.tmp34'
remark: <unknown>:0:0: Disaggregating variable 'ref.tmp32'
remark: <unknown>:0:0: Disaggregating variable 'ref.tmp30'
remark: <unknown>:0:0: Disaggregating variable 'ref.tmp28'
remark: <unknown>:0:0: Disaggregating variable 'ref.tmp26'
remark: <unknown>:0:0: Disaggregating variable 'ref.tmp24'
remark: <unknown>:0:0: Disaggregating variable 'ref.tmp22'
remark: <unknown>:0:0: Disaggregating variable 'ref.tmp20'
remark: <unknown>:0:0: Disaggregating variable 'ref.tmp18'
remark: <unknown>:0:0: Disaggregating variable 'ref.tmp16'
remark: <unknown>:0:0: Disaggregating variable 'ref.tmp14'
remark: <unknown>:0:0: Disaggregating variable 'ref.tmp12'
remark: <unknown>:0:0: Disaggregating variable 'ref.tmp'
remark: /home/pawsooon/Vivado/tor_wizyjny/prj/sol/.autopilot/db/v_tpg.cpp:508:18: Disaggregating variable 'pix'
remark: /home/pawsooon/Vivado/tor_wizyjny/prj/sol/.autopilot/db/v_tpg.cpp:507:18: Disaggregating variable 'outpix'
remark: /home/pawsooon/Vivado/tor_wizyjny/prj/sol/.autopilot/db/v_tpg.cpp:878:18: Disaggregating variable 'pix'
remark: /home/pawsooon/Vivado/tor_wizyjny/prj/sol/.autopilot/db/v_tpg.cpp:966:22: Loop 'VITIS_LOOP_966_3' is marked as complete unroll implied by the pipeline pragma
remark: /home/pawsooon/Vivado/tor_wizyjny/prj/sol/.autopilot/db/v_tpg.cpp:968:23: Loop 'VITIS_LOOP_968_4' is marked as complete unroll implied by the pipeline pragma
remark: /home/pawsooon/Vivado/tor_wizyjny/prj/sol/.autopilot/db/v_tpg.cpp:689:23: Loop 'VITIS_LOOP_689_3' is marked as complete unroll implied by the pipeline pragma
remark: /home/pawsooon/Vivado/tor_wizyjny/prj/sol/.autopilot/db/v_tpg.cpp:1716:21: Loop 'VITIS_LOOP_1716_1' is marked as complete unroll implied by the pipeline pragma
remark: /home/pawsooon/Vivado/tor_wizyjny/prj/sol/.autopilot/db/v_tpg.cpp:1698:21: Loop 'anonymous' is marked as complete unroll implied by the pipeline pragma
remark: /home/pawsooon/Vivado/tor_wizyjny/video_passthrough_kria/video_passthrough_kria.gen/sources_1/bd/design_1/ip/design_1_v_tpg_0_0/src/hls/hls_video_core.h:182:5: Loop 'anonymous' is marked as complete unroll implied by the pipeline pragma
remark: /home/pawsooon/Vivado/tor_wizyjny/prj/sol/.autopilot/db/v_tpg.cpp:1679:21: Loop 'VITIS_LOOP_1679_1' is marked as complete unroll implied by the pipeline pragma
remark: /home/pawsooon/Vivado/tor_wizyjny/video_passthrough_kria/video_passthrough_kria.gen/sources_1/bd/design_1/ip/design_1_v_tpg_0_0/src/hls/hls_video_core.h:182:5: Loop 'anonymous' is marked as complete unroll implied by the pipeline pragma
remark: /home/pawsooon/Vivado/tor_wizyjny/prj/sol/.autopilot/db/v_tpg.cpp:1637:22: Loop 'VITIS_LOOP_1637_1' is marked as complete unroll implied by the pipeline pragma
remark: /home/pawsooon/Vivado/tor_wizyjny/video_passthrough_kria/video_passthrough_kria.gen/sources_1/bd/design_1/ip/design_1_v_tpg_0_0/src/hls/hls_video_core.h:182:5: Loop 'anonymous' is marked as complete unroll implied by the pipeline pragma
remark: /home/pawsooon/Vivado/tor_wizyjny/video_passthrough_kria/video_passthrough_kria.gen/sources_1/bd/design_1/ip/design_1_v_tpg_0_0/src/hls/hls_video_core.h:182:5: Loop 'anonymous' is marked as complete unroll implied by the pipeline pragma
remark: /home/pawsooon/Vivado/tor_wizyjny/prj/sol/.autopilot/db/v_tpg.cpp:1788:21: Loop 'VITIS_LOOP_1788_1' is marked as complete unroll implied by the pipeline pragma
remark: /home/pawsooon/Vivado/tor_wizyjny/video_passthrough_kria/video_passthrough_kria.gen/sources_1/bd/design_1/ip/design_1_v_tpg_0_0/src/hls/hls_video_core.h:182:5: Loop 'anonymous' is marked as complete unroll implied by the pipeline pragma
remark: /home/pawsooon/Vivado/tor_wizyjny/prj/sol/.autopilot/db/v_tpg.cpp:1533:21: Loop 'VITIS_LOOP_1533_1' is marked as complete unroll implied by the pipeline pragma
remark: /home/pawsooon/Vivado/tor_wizyjny/prj/sol/.autopilot/db/v_tpg.cpp:1515:21: Loop 'anonymous' is marked as complete unroll implied by the pipeline pragma
remark: /home/pawsooon/Vivado/tor_wizyjny/video_passthrough_kria/video_passthrough_kria.gen/sources_1/bd/design_1/ip/design_1_v_tpg_0_0/src/hls/hls_video_core.h:182:5: Loop 'anonymous' is marked as complete unroll implied by the pipeline pragma
remark: /home/pawsooon/Vivado/tor_wizyjny/prj/sol/.autopilot/db/v_tpg.cpp:1490:21: Loop 'VITIS_LOOP_1490_1' is marked as complete unroll implied by the pipeline pragma
remark: /home/pawsooon/Vivado/tor_wizyjny/video_passthrough_kria/video_passthrough_kria.gen/sources_1/bd/design_1/ip/design_1_v_tpg_0_0/src/hls/hls_video_core.h:182:5: Loop 'anonymous' is marked as complete unroll implied by the pipeline pragma
remark: /home/pawsooon/Vivado/tor_wizyjny/prj/sol/.autopilot/db/v_tpg.cpp:1232:21: Loop 'VITIS_LOOP_1232_1' is marked as complete unroll implied by the pipeline pragma
remark: /home/pawsooon/Vivado/tor_wizyjny/video_passthrough_kria/video_passthrough_kria.gen/sources_1/bd/design_1/ip/design_1_v_tpg_0_0/src/hls/hls_video_core.h:182:5: Loop 'anonymous' is marked as complete unroll implied by the pipeline pragma
remark: /home/pawsooon/Vivado/tor_wizyjny/prj/sol/.autopilot/db/v_tpg.cpp:1420:21: Loop 'VITIS_LOOP_1420_1' is marked as complete unroll implied by the pipeline pragma
remark: /home/pawsooon/Vivado/tor_wizyjny/prj/sol/.autopilot/db/v_tpg.cpp:1402:21: Loop 'anonymous' is marked as complete unroll implied by the pipeline pragma
remark: /home/pawsooon/Vivado/tor_wizyjny/video_passthrough_kria/video_passthrough_kria.gen/sources_1/bd/design_1/ip/design_1_v_tpg_0_0/src/hls/hls_video_core.h:182:5: Loop 'anonymous' is marked as complete unroll implied by the pipeline pragma
remark: /home/pawsooon/Vivado/tor_wizyjny/prj/sol/.autopilot/db/v_tpg.cpp:1351:21: Loop 'VITIS_LOOP_1351_1' is marked as complete unroll implied by the pipeline pragma
remark: /home/pawsooon/Vivado/tor_wizyjny/video_passthrough_kria/video_passthrough_kria.gen/sources_1/bd/design_1/ip/design_1_v_tpg_0_0/src/hls/hls_video_core.h:182:5: Loop 'anonymous' is marked as complete unroll implied by the pipeline pragma
remark: /home/pawsooon/Vivado/tor_wizyjny/prj/sol/.autopilot/db/v_tpg.cpp:1333:21: Loop 'anonymous' is marked as complete unroll implied by the pipeline pragma
remark: /home/pawsooon/Vivado/tor_wizyjny/video_passthrough_kria/video_passthrough_kria.gen/sources_1/bd/design_1/ip/design_1_v_tpg_0_0/src/hls/hls_video_core.h:182:5: Loop 'anonymous' is marked as complete unroll implied by the pipeline pragma
remark: /home/pawsooon/Vivado/tor_wizyjny/prj/sol/.autopilot/db/v_tpg.cpp:1304:21: Loop 'VITIS_LOOP_1304_1' is marked as complete unroll implied by the pipeline pragma
remark: /home/pawsooon/Vivado/tor_wizyjny/video_passthrough_kria/video_passthrough_kria.gen/sources_1/bd/design_1/ip/design_1_v_tpg_0_0/src/hls/hls_video_core.h:182:5: Loop 'anonymous' is marked as complete unroll implied by the pipeline pragma
remark: /home/pawsooon/Vivado/tor_wizyjny/prj/sol/.autopilot/db/v_tpg.cpp:1198:21: Loop 'VITIS_LOOP_1198_1' is marked as complete unroll implied by the pipeline pragma
remark: /home/pawsooon/Vivado/tor_wizyjny/prj/sol/.autopilot/db/v_tpg.cpp:1194:21: Loop 'anonymous' is marked as complete unroll implied by the pipeline pragma
remark: /home/pawsooon/Vivado/tor_wizyjny/video_passthrough_kria/video_passthrough_kria.gen/sources_1/bd/design_1/ip/design_1_v_tpg_0_0/src/hls/hls_video_core.h:182:5: Loop 'anonymous' is marked as complete unroll implied by the pipeline pragma
remark: /home/pawsooon/Vivado/tor_wizyjny/prj/sol/.autopilot/db/v_tpg.cpp:1173:21: Loop 'VITIS_LOOP_1173_1' is marked as complete unroll implied by the pipeline pragma
remark: /home/pawsooon/Vivado/tor_wizyjny/video_passthrough_kria/video_passthrough_kria.gen/sources_1/bd/design_1/ip/design_1_v_tpg_0_0/src/hls/hls_video_core.h:182:5: Loop 'anonymous' is marked as complete unroll implied by the pipeline pragma
remark: /home/pawsooon/Vivado/tor_wizyjny/prj/sol/.autopilot/db/v_tpg.cpp:1151:21: Loop 'VITIS_LOOP_1151_1' is marked as complete unroll implied by the pipeline pragma
remark: /home/pawsooon/Vivado/tor_wizyjny/video_passthrough_kria/video_passthrough_kria.gen/sources_1/bd/design_1/ip/design_1_v_tpg_0_0/src/hls/hls_video_core.h:182:5: Loop 'anonymous' is marked as complete unroll implied by the pipeline pragma
remark: /home/pawsooon/Vivado/tor_wizyjny/prj/sol/.autopilot/db/v_tpg.cpp:1130:21: Loop 'VITIS_LOOP_1130_1' is marked as complete unroll implied by the pipeline pragma
remark: /home/pawsooon/Vivado/tor_wizyjny/video_passthrough_kria/video_passthrough_kria.gen/sources_1/bd/design_1/ip/design_1_v_tpg_0_0/src/hls/hls_video_core.h:182:5: Loop 'anonymous' is marked as complete unroll implied by the pipeline pragma
remark: /home/pawsooon/Vivado/tor_wizyjny/prj/sol/.autopilot/db/v_tpg.cpp:1109:21: Loop 'VITIS_LOOP_1109_1' is marked as complete unroll implied by the pipeline pragma
remark: /home/pawsooon/Vivado/tor_wizyjny/video_passthrough_kria/video_passthrough_kria.gen/sources_1/bd/design_1/ip/design_1_v_tpg_0_0/src/hls/hls_video_core.h:182:5: Loop 'anonymous' is marked as complete unroll implied by the pipeline pragma
remark: /home/pawsooon/Vivado/tor_wizyjny/prj/sol/.autopilot/db/v_tpg.cpp:1088:21: Loop 'VITIS_LOOP_1088_1' is marked as complete unroll implied by the pipeline pragma
remark: /home/pawsooon/Vivado/tor_wizyjny/video_passthrough_kria/video_passthrough_kria.gen/sources_1/bd/design_1/ip/design_1_v_tpg_0_0/src/hls/hls_video_core.h:182:5: Loop 'anonymous' is marked as complete unroll implied by the pipeline pragma
remark: /home/pawsooon/Vivado/tor_wizyjny/prj/sol/.autopilot/db/v_tpg.cpp:1073:21: Loop 'VITIS_LOOP_1073_1' is marked as complete unroll implied by the pipeline pragma
remark: /home/pawsooon/Vivado/tor_wizyjny/video_passthrough_kria/video_passthrough_kria.gen/sources_1/bd/design_1/ip/design_1_v_tpg_0_0/src/hls/hls_video_core.h:182:5: Loop 'anonymous' is marked as complete unroll implied by the pipeline pragma
remark: /home/pawsooon/Vivado/tor_wizyjny/prj/sol/.autopilot/db/v_tpg.cpp:1058:21: Loop 'VITIS_LOOP_1058_1' is marked as complete unroll implied by the pipeline pragma
remark: /home/pawsooon/Vivado/tor_wizyjny/video_passthrough_kria/video_passthrough_kria.gen/sources_1/bd/design_1/ip/design_1_v_tpg_0_0/src/hls/hls_video_core.h:182:5: Loop 'anonymous' is marked as complete unroll implied by the pipeline pragma
remark: /home/pawsooon/Vivado/tor_wizyjny/prj/sol/.autopilot/db/v_tpg.cpp:1030:21: Loop 'VITIS_LOOP_1030_1' is marked as complete unroll implied by the pipeline pragma
remark: /home/pawsooon/Vivado/tor_wizyjny/video_passthrough_kria/video_passthrough_kria.gen/sources_1/bd/design_1/ip/design_1_v_tpg_0_0/src/hls/hls_video_core.h:182:5: Loop 'anonymous' is marked as complete unroll implied by the pipeline pragma
remark: /home/pawsooon/Vivado/tor_wizyjny/prj/sol/.autopilot/db/v_tpg.cpp:824:23: Loop 'VITIS_LOOP_824_1' is marked as complete unroll implied by the pipeline pragma
remark: /home/pawsooon/Vivado/tor_wizyjny/prj/sol/.autopilot/db/v_tpg.cpp:826:24: Loop 'VITIS_LOOP_826_2' is marked as complete unroll implied by the pipeline pragma
remark: /home/pawsooon/Vivado/tor_wizyjny/prj/sol/.autopilot/db/v_tpg.cpp:876:0: Unrolling loop 'VITIS_LOOP_966_3' (/home/pawsooon/Vivado/tor_wizyjny/prj/sol/.autopilot/db/v_tpg.cpp:966:22) in function 'MultiPixStream2AXIvideo' completely with a factor of 1
remark: /home/pawsooon/Vivado/tor_wizyjny/prj/sol/.autopilot/db/v_tpg.cpp:876:0: Unrolling loop 'VITIS_LOOP_968_4' (/home/pawsooon/Vivado/tor_wizyjny/prj/sol/.autopilot/db/v_tpg.cpp:968:23) in function 'MultiPixStream2AXIvideo' completely with a factor of 3
remark: /home/pawsooon/Vivado/tor_wizyjny/prj/sol/.autopilot/db/v_tpg.cpp:503:0: Unrolling loop 'VITIS_LOOP_689_3' (/home/pawsooon/Vivado/tor_wizyjny/prj/sol/.autopilot/db/v_tpg.cpp:689:23) in function 'tpgBackground' completely with a factor of 1
remark: /home/pawsooon/Vivado/tor_wizyjny/prj/sol/.autopilot/db/v_tpg.cpp:1690:0: Unrolling loop 'VITIS_LOOP_1716_1' (/home/pawsooon/Vivado/tor_wizyjny/prj/sol/.autopilot/db/v_tpg.cpp:1716:21) in function 'tpgPatternDPColorSquare' completely with a factor of 1
remark: /home/pawsooon/Vivado/tor_wizyjny/prj/sol/.autopilot/db/v_tpg.cpp:1690:0: Unrolling loop 'anonymous' (/home/pawsooon/Vivado/tor_wizyjny/prj/sol/.autopilot/db/v_tpg.cpp:1698:21) in function 'tpgPatternDPColorSquare' completely with a factor of 1
remark: /home/pawsooon/Vivado/tor_wizyjny/prj/sol/.autopilot/db/v_tpg.cpp:1690:0: Unrolling loop 'anonymous' (/home/pawsooon/Vivado/tor_wizyjny/video_passthrough_kria/video_passthrough_kria.gen/sources_1/bd/design_1/ip/design_1_v_tpg_0_0/src/hls/hls_video_core.h:182:5) in function 'tpgPatternDPColorSquare' completely with a factor of 3
remark: /home/pawsooon/Vivado/tor_wizyjny/prj/sol/.autopilot/db/v_tpg.cpp:1674:0: Unrolling loop 'VITIS_LOOP_1679_1' (/home/pawsooon/Vivado/tor_wizyjny/prj/sol/.autopilot/db/v_tpg.cpp:1679:21) in function 'tpgPatternDPBlackWhiteVerticalLine' completely with a factor of 1
remark: /home/pawsooon/Vivado/tor_wizyjny/prj/sol/.autopilot/db/v_tpg.cpp:1674:0: Unrolling loop 'anonymous' (/home/pawsooon/Vivado/tor_wizyjny/video_passthrough_kria/video_passthrough_kria.gen/sources_1/bd/design_1/ip/design_1_v_tpg_0_0/src/hls/hls_video_core.h:182:5) in function 'tpgPatternDPBlackWhiteVerticalLine' completely with a factor of 3
remark: /home/pawsooon/Vivado/tor_wizyjny/prj/sol/.autopilot/db/v_tpg.cpp:1574:0: Unrolling loop 'VITIS_LOOP_1637_1' (/home/pawsooon/Vivado/tor_wizyjny/prj/sol/.autopilot/db/v_tpg.cpp:1637:22) in function 'tpgPatternDPColorRamp' completely with a factor of 1
remark: /home/pawsooon/Vivado/tor_wizyjny/prj/sol/.autopilot/db/v_tpg.cpp:1574:0: Unrolling loop 'anonymous' (/home/pawsooon/Vivado/tor_wizyjny/video_passthrough_kria/video_passthrough_kria.gen/sources_1/bd/design_1/ip/design_1_v_tpg_0_0/src/hls/hls_video_core.h:182:5) in function 'tpgPatternDPColorRamp' completely with a factor of 3
remark: /home/pawsooon/Vivado/tor_wizyjny/prj/sol/.autopilot/db/v_tpg.cpp:1574:0: Unrolling loop 'anonymous' (/home/pawsooon/Vivado/tor_wizyjny/video_passthrough_kria/video_passthrough_kria.gen/sources_1/bd/design_1/ip/design_1_v_tpg_0_0/src/hls/hls_video_core.h:182:5) in function 'tpgPatternDPColorRamp' completely with a factor of 3
remark: /home/pawsooon/Vivado/tor_wizyjny/prj/sol/.autopilot/db/v_tpg.cpp:1779:0: Unrolling loop 'VITIS_LOOP_1788_1' (/home/pawsooon/Vivado/tor_wizyjny/prj/sol/.autopilot/db/v_tpg.cpp:1788:21) in function 'tpgPRBS' completely with a factor of 1
remark: /home/pawsooon/Vivado/tor_wizyjny/prj/sol/.autopilot/db/v_tpg.cpp:1779:0: Unrolling loop 'anonymous' (/home/pawsooon/Vivado/tor_wizyjny/video_passthrough_kria/video_passthrough_kria.gen/sources_1/bd/design_1/ip/design_1_v_tpg_0_0/src/hls/hls_video_core.h:182:5) in function 'tpgPRBS' completely with a factor of 3
remark: /home/pawsooon/Vivado/tor_wizyjny/prj/sol/.autopilot/db/v_tpg.cpp:1507:0: Unrolling loop 'VITIS_LOOP_1533_1' (/home/pawsooon/Vivado/tor_wizyjny/prj/sol/.autopilot/db/v_tpg.cpp:1533:21) in function 'tpgPatternCheckerBoard' completely with a factor of 1
remark: /home/pawsooon/Vivado/tor_wizyjny/prj/sol/.autopilot/db/v_tpg.cpp:1507:0: Unrolling loop 'anonymous' (/home/pawsooon/Vivado/tor_wizyjny/prj/sol/.autopilot/db/v_tpg.cpp:1515:21) in function 'tpgPatternCheckerBoard' completely with a factor of 1
remark: /home/pawsooon/Vivado/tor_wizyjny/prj/sol/.autopilot/db/v_tpg.cpp:1507:0: Unrolling loop 'anonymous' (/home/pawsooon/Vivado/tor_wizyjny/video_passthrough_kria/video_passthrough_kria.gen/sources_1/bd/design_1/ip/design_1_v_tpg_0_0/src/hls/hls_video_core.h:182:5) in function 'tpgPatternCheckerBoard' completely with a factor of 3
remark: /home/pawsooon/Vivado/tor_wizyjny/prj/sol/.autopilot/db/v_tpg.cpp:1483:0: Unrolling loop 'VITIS_LOOP_1490_1' (/home/pawsooon/Vivado/tor_wizyjny/prj/sol/.autopilot/db/v_tpg.cpp:1490:21) in function 'tpgPatternVerticalHorizontalRamp' completely with a factor of 1
remark: /home/pawsooon/Vivado/tor_wizyjny/prj/sol/.autopilot/db/v_tpg.cpp:1483:0: Unrolling loop 'anonymous' (/home/pawsooon/Vivado/tor_wizyjny/video_passthrough_kria/video_passthrough_kria.gen/sources_1/bd/design_1/ip/design_1_v_tpg_0_0/src/hls/hls_video_core.h:182:5) in function 'tpgPatternVerticalHorizontalRamp' completely with a factor of 3
remark: /home/pawsooon/Vivado/tor_wizyjny/prj/sol/.autopilot/db/v_tpg.cpp:1229:0: Unrolling loop 'VITIS_LOOP_1232_1' (/home/pawsooon/Vivado/tor_wizyjny/prj/sol/.autopilot/db/v_tpg.cpp:1232:21) in function 'tpgPatternRainbow' completely with a factor of 1
remark: /home/pawsooon/Vivado/tor_wizyjny/prj/sol/.autopilot/db/v_tpg.cpp:1229:0: Unrolling loop 'anonymous' (/home/pawsooon/Vivado/tor_wizyjny/video_passthrough_kria/video_passthrough_kria.gen/sources_1/bd/design_1/ip/design_1_v_tpg_0_0/src/hls/hls_video_core.h:182:5) in function 'tpgPatternRainbow' completely with a factor of 3
remark: /home/pawsooon/Vivado/tor_wizyjny/prj/sol/.autopilot/db/v_tpg.cpp:1393:0: Unrolling loop 'VITIS_LOOP_1420_1' (/home/pawsooon/Vivado/tor_wizyjny/prj/sol/.autopilot/db/v_tpg.cpp:1420:21) in function 'tpgPatternCrossHatch' completely with a factor of 1
remark: /home/pawsooon/Vivado/tor_wizyjny/prj/sol/.autopilot/db/v_tpg.cpp:1393:0: Unrolling loop 'anonymous' (/home/pawsooon/Vivado/tor_wizyjny/prj/sol/.autopilot/db/v_tpg.cpp:1402:21) in function 'tpgPatternCrossHatch' completely with a factor of 1
remark: /home/pawsooon/Vivado/tor_wizyjny/prj/sol/.autopilot/db/v_tpg.cpp:1393:0: Unrolling loop 'anonymous' (/home/pawsooon/Vivado/tor_wizyjny/video_passthrough_kria/video_passthrough_kria.gen/sources_1/bd/design_1/ip/design_1_v_tpg_0_0/src/hls/hls_video_core.h:182:5) in function 'tpgPatternCrossHatch' completely with a factor of 3
remark: /home/pawsooon/Vivado/tor_wizyjny/prj/sol/.autopilot/db/v_tpg.cpp:1325:0: Unrolling loop 'VITIS_LOOP_1351_1' (/home/pawsooon/Vivado/tor_wizyjny/prj/sol/.autopilot/db/v_tpg.cpp:1351:21) in function 'tpgPatternTartanColorBars' completely with a factor of 1
remark: /home/pawsooon/Vivado/tor_wizyjny/prj/sol/.autopilot/db/v_tpg.cpp:1325:0: Unrolling loop 'anonymous' (/home/pawsooon/Vivado/tor_wizyjny/video_passthrough_kria/video_passthrough_kria.gen/sources_1/bd/design_1/ip/design_1_v_tpg_0_0/src/hls/hls_video_core.h:182:5) in function 'tpgPatternTartanColorBars' completely with a factor of 3
remark: /home/pawsooon/Vivado/tor_wizyjny/prj/sol/.autopilot/db/v_tpg.cpp:1325:0: Unrolling loop 'anonymous' (/home/pawsooon/Vivado/tor_wizyjny/prj/sol/.autopilot/db/v_tpg.cpp:1333:21) in function 'tpgPatternTartanColorBars' completely with a factor of 1
remark: /home/pawsooon/Vivado/tor_wizyjny/prj/sol/.autopilot/db/v_tpg.cpp:1325:0: Unrolling loop 'anonymous' (/home/pawsooon/Vivado/tor_wizyjny/video_passthrough_kria/video_passthrough_kria.gen/sources_1/bd/design_1/ip/design_1_v_tpg_0_0/src/hls/hls_video_core.h:182:5) in function 'tpgPatternTartanColorBars' completely with a factor of 3
remark: /home/pawsooon/Vivado/tor_wizyjny/prj/sol/.autopilot/db/v_tpg.cpp:1277:0: Unrolling loop 'VITIS_LOOP_1304_1' (/home/pawsooon/Vivado/tor_wizyjny/prj/sol/.autopilot/db/v_tpg.cpp:1304:21) in function 'tpgPatternZonePlate' completely with a factor of 1
remark: /home/pawsooon/Vivado/tor_wizyjny/prj/sol/.autopilot/db/v_tpg.cpp:1277:0: Unrolling loop 'anonymous' (/home/pawsooon/Vivado/tor_wizyjny/video_passthrough_kria/video_passthrough_kria.gen/sources_1/bd/design_1/ip/design_1_v_tpg_0_0/src/hls/hls_video_core.h:182:5) in function 'tpgPatternZonePlate' completely with a factor of 3
remark: /home/pawsooon/Vivado/tor_wizyjny/prj/sol/.autopilot/db/v_tpg.cpp:1191:0: Unrolling loop 'VITIS_LOOP_1198_1' (/home/pawsooon/Vivado/tor_wizyjny/prj/sol/.autopilot/db/v_tpg.cpp:1198:21) in function 'tpgPatternColorBars' completely with a factor of 1
remark: /home/pawsooon/Vivado/tor_wizyjny/prj/sol/.autopilot/db/v_tpg.cpp:1191:0: Unrolling loop 'anonymous' (/home/pawsooon/Vivado/tor_wizyjny/prj/sol/.autopilot/db/v_tpg.cpp:1194:21) in function 'tpgPatternColorBars' completely with a factor of 1
remark: /home/pawsooon/Vivado/tor_wizyjny/prj/sol/.autopilot/db/v_tpg.cpp:1191:0: Unrolling loop 'anonymous' (/home/pawsooon/Vivado/tor_wizyjny/video_passthrough_kria/video_passthrough_kria.gen/sources_1/bd/design_1/ip/design_1_v_tpg_0_0/src/hls/hls_video_core.h:182:5) in function 'tpgPatternColorBars' completely with a factor of 3
remark: /home/pawsooon/Vivado/tor_wizyjny/prj/sol/.autopilot/db/v_tpg.cpp:1170:0: Unrolling loop 'VITIS_LOOP_1173_1' (/home/pawsooon/Vivado/tor_wizyjny/prj/sol/.autopilot/db/v_tpg.cpp:1173:21) in function 'tpgPatternSolidWhite' completely with a factor of 1
remark: /home/pawsooon/Vivado/tor_wizyjny/prj/sol/.autopilot/db/v_tpg.cpp:1170:0: Unrolling loop 'anonymous' (/home/pawsooon/Vivado/tor_wizyjny/video_passthrough_kria/video_passthrough_kria.gen/sources_1/bd/design_1/ip/design_1_v_tpg_0_0/src/hls/hls_video_core.h:182:5) in function 'tpgPatternSolidWhite' completely with a factor of 3
remark: /home/pawsooon/Vivado/tor_wizyjny/prj/sol/.autopilot/db/v_tpg.cpp:1149:0: Unrolling loop 'VITIS_LOOP_1151_1' (/home/pawsooon/Vivado/tor_wizyjny/prj/sol/.autopilot/db/v_tpg.cpp:1151:21) in function 'tpgPatternSolidBlack' completely with a factor of 1
remark: /home/pawsooon/Vivado/tor_wizyjny/prj/sol/.autopilot/db/v_tpg.cpp:1149:0: Unrolling loop 'anonymous' (/home/pawsooon/Vivado/tor_wizyjny/video_passthrough_kria/video_passthrough_kria.gen/sources_1/bd/design_1/ip/design_1_v_tpg_0_0/src/hls/hls_video_core.h:182:5) in function 'tpgPatternSolidBlack' completely with a factor of 3
remark: /home/pawsooon/Vivado/tor_wizyjny/prj/sol/.autopilot/db/v_tpg.cpp:1128:0: Unrolling loop 'VITIS_LOOP_1130_1' (/home/pawsooon/Vivado/tor_wizyjny/prj/sol/.autopilot/db/v_tpg.cpp:1130:21) in function 'tpgPatternSolidBlue' completely with a factor of 1
remark: /home/pawsooon/Vivado/tor_wizyjny/prj/sol/.autopilot/db/v_tpg.cpp:1128:0: Unrolling loop 'anonymous' (/home/pawsooon/Vivado/tor_wizyjny/video_passthrough_kria/video_passthrough_kria.gen/sources_1/bd/design_1/ip/design_1_v_tpg_0_0/src/hls/hls_video_core.h:182:5) in function 'tpgPatternSolidBlue' completely with a factor of 3
remark: /home/pawsooon/Vivado/tor_wizyjny/prj/sol/.autopilot/db/v_tpg.cpp:1107:0: Unrolling loop 'VITIS_LOOP_1109_1' (/home/pawsooon/Vivado/tor_wizyjny/prj/sol/.autopilot/db/v_tpg.cpp:1109:21) in function 'tpgPatternSolidGreen' completely with a factor of 1
remark: /home/pawsooon/Vivado/tor_wizyjny/prj/sol/.autopilot/db/v_tpg.cpp:1107:0: Unrolling loop 'anonymous' (/home/pawsooon/Vivado/tor_wizyjny/video_passthrough_kria/video_passthrough_kria.gen/sources_1/bd/design_1/ip/design_1_v_tpg_0_0/src/hls/hls_video_core.h:182:5) in function 'tpgPatternSolidGreen' completely with a factor of 3
remark: /home/pawsooon/Vivado/tor_wizyjny/prj/sol/.autopilot/db/v_tpg.cpp:1086:0: Unrolling loop 'VITIS_LOOP_1088_1' (/home/pawsooon/Vivado/tor_wizyjny/prj/sol/.autopilot/db/v_tpg.cpp:1088:21) in function 'tpgPatternSolidRed' completely with a factor of 1
remark: /home/pawsooon/Vivado/tor_wizyjny/prj/sol/.autopilot/db/v_tpg.cpp:1086:0: Unrolling loop 'anonymous' (/home/pawsooon/Vivado/tor_wizyjny/video_passthrough_kria/video_passthrough_kria.gen/sources_1/bd/design_1/ip/design_1_v_tpg_0_0/src/hls/hls_video_core.h:182:5) in function 'tpgPatternSolidRed' completely with a factor of 3
remark: /home/pawsooon/Vivado/tor_wizyjny/prj/sol/.autopilot/db/v_tpg.cpp:1071:0: Unrolling loop 'VITIS_LOOP_1073_1' (/home/pawsooon/Vivado/tor_wizyjny/prj/sol/.autopilot/db/v_tpg.cpp:1073:21) in function 'tpgPatternTemporalRamp' completely with a factor of 1
remark: /home/pawsooon/Vivado/tor_wizyjny/prj/sol/.autopilot/db/v_tpg.cpp:1071:0: Unrolling loop 'anonymous' (/home/pawsooon/Vivado/tor_wizyjny/video_passthrough_kria/video_passthrough_kria.gen/sources_1/bd/design_1/ip/design_1_v_tpg_0_0/src/hls/hls_video_core.h:182:5) in function 'tpgPatternTemporalRamp' completely with a factor of 3
remark: /home/pawsooon/Vivado/tor_wizyjny/prj/sol/.autopilot/db/v_tpg.cpp:1046:0: Unrolling loop 'VITIS_LOOP_1058_1' (/home/pawsooon/Vivado/tor_wizyjny/prj/sol/.autopilot/db/v_tpg.cpp:1058:21) in function 'tpgPatternVerticalRamp' completely with a factor of 1
remark: /home/pawsooon/Vivado/tor_wizyjny/prj/sol/.autopilot/db/v_tpg.cpp:1046:0: Unrolling loop 'anonymous' (/home/pawsooon/Vivado/tor_wizyjny/video_passthrough_kria/video_passthrough_kria.gen/sources_1/bd/design_1/ip/design_1_v_tpg_0_0/src/hls/hls_video_core.h:182:5) in function 'tpgPatternVerticalRamp' completely with a factor of 3
remark: /home/pawsooon/Vivado/tor_wizyjny/prj/sol/.autopilot/db/v_tpg.cpp:1023:0: Unrolling loop 'VITIS_LOOP_1030_1' (/home/pawsooon/Vivado/tor_wizyjny/prj/sol/.autopilot/db/v_tpg.cpp:1030:21) in function 'tpgPatternHorizontalRamp' completely with a factor of 1
remark: /home/pawsooon/Vivado/tor_wizyjny/prj/sol/.autopilot/db/v_tpg.cpp:1023:0: Unrolling loop 'anonymous' (/home/pawsooon/Vivado/tor_wizyjny/video_passthrough_kria/video_passthrough_kria.gen/sources_1/bd/design_1/ip/design_1_v_tpg_0_0/src/hls/hls_video_core.h:182:5) in function 'tpgPatternHorizontalRamp' completely with a factor of 3
remark: /home/pawsooon/Vivado/tor_wizyjny/prj/sol/.autopilot/db/v_tpg.cpp:778:0: Unrolling loop 'VITIS_LOOP_824_1' (/home/pawsooon/Vivado/tor_wizyjny/prj/sol/.autopilot/db/v_tpg.cpp:824:23) in function 'AXIvideo2MultiPixStream' completely with a factor of 1
remark: /home/pawsooon/Vivado/tor_wizyjny/prj/sol/.autopilot/db/v_tpg.cpp:778:0: Unrolling loop 'VITIS_LOOP_826_2' (/home/pawsooon/Vivado/tor_wizyjny/prj/sol/.autopilot/db/v_tpg.cpp:826:24) in function 'AXIvideo2MultiPixStream' completely with a factor of 3
remark: /home/pawsooon/Vivado/tor_wizyjny/prj/sol/.autopilot/db/v_tpg.cpp:503:0: Inlining function 'tpgPatternHorizontalRamp(unsigned short, unsigned short, unsigned char)' into 'tpgBackground(hls::stream<hls::Scalar<3, ap_uint<10> >, 0>&, unsigned short&, unsigned short&, int&, unsigned short&, unsigned short&, unsigned short&, unsigned short&, unsigned char&, unsigned char&, unsigned short&, unsigned short&, unsigned short&, unsigned short&, unsigned char&, unsigned char&, unsigned char&, unsigned char&, hls::stream<hls::Scalar<3, ap_uint<10> >, 0>&)'
remark: /home/pawsooon/Vivado/tor_wizyjny/prj/sol/.autopilot/db/v_tpg.cpp:503:0: Inlining function 'tpgPatternVerticalRamp(unsigned short, unsigned short, unsigned short, unsigned char)' into 'tpgBackground(hls::stream<hls::Scalar<3, ap_uint<10> >, 0>&, unsigned short&, unsigned short&, int&, unsigned short&, unsigned short&, unsigned short&, unsigned short&, unsigned char&, unsigned char&, unsigned short&, unsigned short&, unsigned short&, unsigned short&, unsigned char&, unsigned char&, unsigned char&, unsigned char&, hls::stream<hls::Scalar<3, ap_uint<10> >, 0>&)'
remark: /home/pawsooon/Vivado/tor_wizyjny/prj/sol/.autopilot/db/v_tpg.cpp:503:0: Inlining function 'tpgPatternTemporalRamp(unsigned short, unsigned char)' into 'tpgBackground(hls::stream<hls::Scalar<3, ap_uint<10> >, 0>&, unsigned short&, unsigned short&, int&, unsigned short&, unsigned short&, unsigned short&, unsigned short&, unsigned char&, unsigned char&, unsigned short&, unsigned short&, unsigned short&, unsigned short&, unsigned char&, unsigned char&, unsigned char&, unsigned char&, hls::stream<hls::Scalar<3, ap_uint<10> >, 0>&)'
remark: /home/pawsooon/Vivado/tor_wizyjny/prj/sol/.autopilot/db/v_tpg.cpp:503:0: Inlining function 'tpgPatternSolidRed(unsigned short, unsigned char)' into 'tpgBackground(hls::stream<hls::Scalar<3, ap_uint<10> >, 0>&, unsigned short&, unsigned short&, int&, unsigned short&, unsigned short&, unsigned short&, unsigned short&, unsigned char&, unsigned char&, unsigned short&, unsigned short&, unsigned short&, unsigned short&, unsigned char&, unsigned char&, unsigned char&, unsigned char&, hls::stream<hls::Scalar<3, ap_uint<10> >, 0>&)'
remark: /home/pawsooon/Vivado/tor_wizyjny/prj/sol/.autopilot/db/v_tpg.cpp:503:0: Inlining function 'tpgPatternSolidGreen(unsigned short, unsigned char)' into 'tpgBackground(hls::stream<hls::Scalar<3, ap_uint<10> >, 0>&, unsigned short&, unsigned short&, int&, unsigned short&, unsigned short&, unsigned short&, unsigned short&, unsigned char&, unsigned char&, unsigned short&, unsigned short&, unsigned short&, unsigned short&, unsigned char&, unsigned char&, unsigned char&, unsigned char&, hls::stream<hls::Scalar<3, ap_uint<10> >, 0>&)'
remark: /home/pawsooon/Vivado/tor_wizyjny/prj/sol/.autopilot/db/v_tpg.cpp:503:0: Inlining function 'tpgPatternSolidBlue(unsigned short, unsigned char)' into 'tpgBackground(hls::stream<hls::Scalar<3, ap_uint<10> >, 0>&, unsigned short&, unsigned short&, int&, unsigned short&, unsigned short&, unsigned short&, unsigned short&, unsigned char&, unsigned char&, unsigned short&, unsigned short&, unsigned short&, unsigned short&, unsigned char&, unsigned char&, unsigned char&, unsigned char&, hls::stream<hls::Scalar<3, ap_uint<10> >, 0>&)'
remark: /home/pawsooon/Vivado/tor_wizyjny/prj/sol/.autopilot/db/v_tpg.cpp:503:0: Inlining function 'tpgPatternSolidBlack(unsigned short, unsigned char)' into 'tpgBackground(hls::stream<hls::Scalar<3, ap_uint<10> >, 0>&, unsigned short&, unsigned short&, int&, unsigned short&, unsigned short&, unsigned short&, unsigned short&, unsigned char&, unsigned char&, unsigned short&, unsigned short&, unsigned short&, unsigned short&, unsigned char&, unsigned char&, unsigned char&, unsigned char&, hls::stream<hls::Scalar<3, ap_uint<10> >, 0>&)'
remark: /home/pawsooon/Vivado/tor_wizyjny/prj/sol/.autopilot/db/v_tpg.cpp:503:0: Inlining function 'tpgPatternSolidWhite(unsigned short, unsigned char)' into 'tpgBackground(hls::stream<hls::Scalar<3, ap_uint<10> >, 0>&, unsigned short&, unsigned short&, int&, unsigned short&, unsigned short&, unsigned short&, unsigned short&, unsigned char&, unsigned char&, unsigned short&, unsigned short&, unsigned short&, unsigned short&, unsigned char&, unsigned char&, unsigned char&, unsigned char&, hls::stream<hls::Scalar<3, ap_uint<10> >, 0>&)'
remark: /home/pawsooon/Vivado/tor_wizyjny/prj/sol/.autopilot/db/v_tpg.cpp:503:0: Inlining function 'tpgPatternColorBars(unsigned short, unsigned short, unsigned char, int)' into 'tpgBackground(hls::stream<hls::Scalar<3, ap_uint<10> >, 0>&, unsigned short&, unsigned short&, int&, unsigned short&, unsigned short&, unsigned short&, unsigned short&, unsigned char&, unsigned char&, unsigned short&, unsigned short&, unsigned short&, unsigned short&, unsigned char&, unsigned char&, unsigned char&, unsigned char&, hls::stream<hls::Scalar<3, ap_uint<10> >, 0>&)'
remark: /home/pawsooon/Vivado/tor_wizyjny/prj/sol/.autopilot/db/v_tpg.cpp:503:0: Inlining function 'tpgPatternZonePlate(unsigned short, unsigned short, unsigned short, unsigned short, unsigned short, unsigned short, unsigned short, unsigned char)' into 'tpgBackground(hls::stream<hls::Scalar<3, ap_uint<10> >, 0>&, unsigned short&, unsigned short&, int&, unsigned short&, unsigned short&, unsigned short&, unsigned short&, unsigned char&, unsigned char&, unsigned short&, unsigned short&, unsigned short&, unsigned short&, unsigned char&, unsigned char&, unsigned char&, unsigned char&, hls::stream<hls::Scalar<3, ap_uint<10> >, 0>&)'
remark: /home/pawsooon/Vivado/tor_wizyjny/prj/sol/.autopilot/db/v_tpg.cpp:503:0: Inlining function 'tpgPatternTartanColorBars(unsigned short, unsigned short, unsigned short, unsigned short, unsigned char)' into 'tpgBackground(hls::stream<hls::Scalar<3, ap_uint<10> >, 0>&, unsigned short&, unsigned short&, int&, unsigned short&, unsigned short&, unsigned short&, unsigned short&, unsigned char&, unsigned char&, unsigned short&, unsigned short&, unsigned short&, unsigned short&, unsigned char&, unsigned char&, unsigned char&, unsigned char&, hls::stream<hls::Scalar<3, ap_uint<10> >, 0>&)'
remark: /home/pawsooon/Vivado/tor_wizyjny/prj/sol/.autopilot/db/v_tpg.cpp:503:0: Inlining function 'tpgPatternRainbow(unsigned short, unsigned char)' into 'tpgBackground(hls::stream<hls::Scalar<3, ap_uint<10> >, 0>&, unsigned short&, unsigned short&, int&, unsigned short&, unsigned short&, unsigned short&, unsigned short&, unsigned char&, unsigned char&, unsigned short&, unsigned short&, unsigned short&, unsigned short&, unsigned char&, unsigned char&, unsigned char&, unsigned char&, hls::stream<hls::Scalar<3, ap_uint<10> >, 0>&)'
remark: /home/pawsooon/Vivado/tor_wizyjny/prj/sol/.autopilot/db/v_tpg.cpp:503:0: Inlining function 'tpgPatternVerticalHorizontalRamp(unsigned short, unsigned short, unsigned short, unsigned char)' into 'tpgBackground(hls::stream<hls::Scalar<3, ap_uint<10> >, 0>&, unsigned short&, unsigned short&, int&, unsigned short&, unsigned short&, unsigned short&, unsigned short&, unsigned char&, unsigned char&, unsigned short&, unsigned short&, unsigned short&, unsigned short&, unsigned char&, unsigned char&, unsigned char&, unsigned char&, hls::stream<hls::Scalar<3, ap_uint<10> >, 0>&)'
remark: /home/pawsooon/Vivado/tor_wizyjny/prj/sol/.autopilot/db/v_tpg.cpp:503:0: Inlining function 'tpgPatternCheckerBoard(unsigned short, unsigned short, unsigned short, unsigned short, unsigned char)' into 'tpgBackground(hls::stream<hls::Scalar<3, ap_uint<10> >, 0>&, unsigned short&, unsigned short&, int&, unsigned short&, unsigned short&, unsigned short&, unsigned short&, unsigned char&, unsigned char&, unsigned short&, unsigned short&, unsigned short&, unsigned short&, unsigned char&, unsigned char&, unsigned char&, unsigned char&, hls::stream<hls::Scalar<3, ap_uint<10> >, 0>&)'
remark: /home/pawsooon/Vivado/tor_wizyjny/prj/sol/.autopilot/db/v_tpg.cpp:503:0: Inlining function 'tpgPRBS(unsigned short, unsigned char)' into 'tpgBackground(hls::stream<hls::Scalar<3, ap_uint<10> >, 0>&, unsigned short&, unsigned short&, int&, unsigned short&, unsigned short&, unsigned short&, unsigned short&, unsigned char&, unsigned char&, unsigned short&, unsigned short&, unsigned short&, unsigned short&, unsigned char&, unsigned char&, unsigned char&, unsigned char&, hls::stream<hls::Scalar<3, ap_uint<10> >, 0>&)'
remark: /home/pawsooon/Vivado/tor_wizyjny/prj/sol/.autopilot/db/v_tpg.cpp:503:0: Inlining function 'tpgPatternDPColorRamp(unsigned short, unsigned short, unsigned char)' into 'tpgBackground(hls::stream<hls::Scalar<3, ap_uint<10> >, 0>&, unsigned short&, unsigned short&, int&, unsigned short&, unsigned short&, unsigned short&, unsigned short&, unsigned char&, unsigned char&, unsigned short&, unsigned short&, unsigned short&, unsigned short&, unsigned char&, unsigned char&, unsigned char&, unsigned char&, hls::stream<hls::Scalar<3, ap_uint<10> >, 0>&)'
remark: /home/pawsooon/Vivado/tor_wizyjny/prj/sol/.autopilot/db/v_tpg.cpp:503:0: Inlining function 'tpgPatternDPBlackWhiteVerticalLine(unsigned short)' into 'tpgBackground(hls::stream<hls::Scalar<3, ap_uint<10> >, 0>&, unsigned short&, unsigned short&, int&, unsigned short&, unsigned short&, unsigned short&, unsigned short&, unsigned char&, unsigned char&, unsigned short&, unsigned short&, unsigned short&, unsigned short&, unsigned char&, unsigned char&, unsigned char&, unsigned char&, hls::stream<hls::Scalar<3, ap_uint<10> >, 0>&)'
remark: /home/pawsooon/Vivado/tor_wizyjny/prj/sol/.autopilot/db/v_tpg.cpp:1576:18: Applying array_partition to 'tmp.i': Complete partitioning on dimension 1.
remark: /home/pawsooon/Vivado/tor_wizyjny/prj/sol/.autopilot/db/v_tpg.cpp:507:18: Applying array_partition to 'outpix': Complete partitioning on dimension 1.
remark: <unknown>:0:0: Applying array_partition to 'ref.tmp32': Complete partitioning on dimension 1.
remark: <unknown>:0:0: Applying array_partition to 'ref.tmp46': Complete partitioning on dimension 1.
remark: /home/pawsooon/Vivado/tor_wizyjny/prj/sol/.autopilot/db/v_tpg.cpp:280:22: Aggregating fifo (hls::stream) variable 'ovrlayYUV' with compact=bit mode in 30-bits
remark: /home/pawsooon/Vivado/tor_wizyjny/prj/sol/.autopilot/db/v_tpg.cpp:277:22: Aggregating fifo (hls::stream) variable 'srcYUV' with compact=bit mode in 30-bits
remark: /home/pawsooon/Vivado/tor_wizyjny/prj/sol/.autopilot/db/v_tpg.cpp:792:3: Could not analyze the loop bounds _XLX_SEP_ loop_wait_for_start /home/pawsooon/Vivado/tor_wizyjny/prj/sol/.autopilot/db/v_tpg.cpp:792:3 AXIvideo2MultiPixStream(hls::stream<hls::axis<ap_uint<30>, 1ul, 1ul, 1ul>, 0>&, hls::stream<hls::Scalar<3, ap_uint<10> >, 0>&, unsigned char&, unsigned short&, unsigned short&, unsigned char&) 
remark: /home/pawsooon/Vivado/tor_wizyjny/prj/sol/.autopilot/db/v_tpg.cpp:852:4: Could not analyze the loop bounds _XLX_SEP_ loop_wait_for_eol /home/pawsooon/Vivado/tor_wizyjny/prj/sol/.autopilot/db/v_tpg.cpp:852:4 AXIvideo2MultiPixStream(hls::stream<hls::axis<ap_uint<30>, 1ul, 1ul, 1ul>, 0>&, hls::stream<hls::Scalar<3, ap_uint<10> >, 0>&, unsigned char&, unsigned short&, unsigned short&, unsigned char&) 
remark: /home/pawsooon/Vivado/tor_wizyjny/prj/sol/.autopilot/db/v_tpg.cpp:676:26: Automatically inlining function 'tpgPatternDPColorSquare(unsigned short, unsigned short, unsigned char, unsigned char, unsigned char)' to improve effectiveness of pipeline pragma in function 'tpgBackground(hls::stream<hls::Scalar<3, ap_uint<10> >, 0>&, unsigned short&, unsigned short&, int&, unsigned short&, unsigned short&, unsigned short&, unsigned short&, unsigned char&, unsigned char&, unsigned short&, unsigned short&, unsigned short&, unsigned short&, unsigned char&, unsigned char&, unsigned char&, unsigned char&, hls::stream<hls::Scalar<3, ap_uint<10> >, 0>&)'
remark: /home/pawsooon/Vivado/tor_wizyjny/prj/sol/.autopilot/db/v_tpg.cpp:628:14: Automatically inlining function 'tpgPatternCrossHatch(unsigned short, unsigned short, unsigned short, unsigned short, unsigned char)' to improve effectiveness of pipeline pragma in function 'tpgBackground(hls::stream<hls::Scalar<3, ap_uint<10> >, 0>&, unsigned short&, unsigned short&, int&, unsigned short&, unsigned short&, unsigned short&, unsigned short&, unsigned char&, unsigned char&, unsigned short&, unsigned short&, unsigned short&, unsigned short&, unsigned char&, unsigned char&, unsigned char&, unsigned char&, hls::stream<hls::Scalar<3, ap_uint<10> >, 0>&)'
remark: <unknown>:0:0: array_partition dim=1 type=cyclic factor=5 variable=tpgSinTableArray_9bit 1 tpgBackground /home/pawsooon/Vivado/tor_wizyjny/video_passthrough_kria/video_passthrough_kria.gen/sources_1/bd/design_1/ip/design_1_v_tpg_0_0/src/v_tpg_zoneplate.h:2106:0 /home/pawsooon/Vivado/tor_wizyjny/prj/sol/.autopilot/db/v_tpg.cpp:523:9tpgSinTableArray_9bit 
remark: /home/pawsooon/Vivado/tor_wizyjny/prj/sol/.autopilot/db/v_tpg.cpp:523:9: Inferring pragma 'array_partition type=cyclic factor=5 dim=1' for array 'tpgSinTableArray_9bit' due to pipeline pragma
remark: /home/pawsooon/Vivado/tor_wizyjny/video_passthrough_kria/video_passthrough_kria.gen/sources_1/bd/design_1/ip/design_1_v_tpg_0_0/src/v_tpg_zoneplate.h:2106:0: Applying array_partition to 'tpgSinTableArray_9bit': Cyclic partitioning with factor 5 on dimension 1.
