

================================================================
== Vitis HLS Report for 'AXIvideo2MultiPixStream_Pipeline_loop_width'
================================================================
* Date:           Wed Apr  9 16:23:19 2025

* Version:        2022.2 (Build 3670227 on Oct 13 2022)
* Project:        prj
* Solution:       sol (Vivado IP Flow Target)
* Product family: zynquplus
* Target device:  xck26-sfvc784-2LV-c


================================================================
== Performance Estimates
================================================================
+ Timing: 
    * Summary: 
    +--------+---------+----------+------------+
    |  Clock |  Target | Estimated| Uncertainty|
    +--------+---------+----------+------------+
    |ap_clk  |  4.00 ns|  1.863 ns|     1.08 ns|
    +--------+---------+----------+------------+

+ Latency: 
    * Summary: 
    +---------+---------+-----------+----------+-----+------+---------+
    |  Latency (cycles) |  Latency (absolute)  |  Interval  | Pipeline|
    |   min   |   max   |    min    |    max   | min |  max |   Type  |
    +---------+---------+-----------+----------+-----+------+---------+
    |        3|     1922|  12.000 ns|  7.688 us|    3|  1922|       no|
    +---------+---------+-----------+----------+-----+------+---------+

    + Detail: 
        * Instance: 
        N/A

        * Loop: 
        +--------------+---------+---------+----------+-----------+-----------+----------+----------+
        |              |  Latency (cycles) | Iteration|  Initiation Interval  |   Trip   |          |
        |   Loop Name  |   min   |   max   |  Latency |  achieved |   target  |   Count  | Pipelined|
        +--------------+---------+---------+----------+-----------+-----------+----------+----------+
        |- loop_width  |        1|     1920|         2|          1|          1|  1 ~ 1920|       yes|
        +--------------+---------+---------+----------+-----------+-----------+----------+----------+

============================================================
+ Verbose Summary: Synthesis Manager
============================================================
InlineROM: 1
ExposeGlobal: 0
============================================================
+ Verbose Summary: CDFG Model
============================================================
IsTopModel: 0
ResetActiveHigh: 1
IsCombinational: 0
IsDatapathOnly: 0
HasWiredReturn: 1
HasMFsm: 2
HasVarLatency: 1
IsPipeline: 0
IsRtlPipelined: 0
IsInstanceOverlapped: 0
IsDontTouch: 0
HasImplIP: 0
IsGatedGlobalClock: 0

+ Individual pipeline summary: 
  * Pipeline-0: initiation interval (II) = 1, depth = 2


============================================================
+ Verbose Summary: Schedule
============================================================
* Number of FSM states : 2
* Pipeline : 1
  Pipeline-0 : II = 1, D = 2, States = { 1 2 }
* Dataflow Pipeline: 0

* FSM state transitions: 
1 --> 2 
2 --> 

* FSM state operations: 

State 1 <SV = 0> <Delay = 1.37>
ST_1 : Operation 5 [1/1] (0.00ns)   --->   "%j = alloca i32 1"   --->   Operation 5 'alloca' 'j' <Predicate = true> <Delay = 0.00>
ST_1 : Operation 6 [1/1] (0.00ns)   --->   "%axi_data_V = alloca i32 1"   --->   Operation 6 'alloca' 'axi_data_V' <Predicate = true> <Delay = 0.00>
ST_1 : Operation 7 [1/1] (0.00ns)   --->   "%axi_last_V = alloca i32 1"   --->   Operation 7 'alloca' 'axi_last_V' <Predicate = true> <Delay = 0.00>
ST_1 : Operation 8 [1/1] (0.00ns)   --->   "%specaxissidechannel_ln0 = specaxissidechannel void @_ssdm_op_SpecAXISSideChannel, i32 %s_axis_video_V_data_V, i4 %s_axis_video_V_keep_V, i4 %s_axis_video_V_strb_V, i1 %s_axis_video_V_user_V, i1 %s_axis_video_V_last_V, i1 %s_axis_video_V_id_V, i1 %s_axis_video_V_dest_V, void @empty_6"   --->   Operation 8 'specaxissidechannel' 'specaxissidechannel_ln0' <Predicate = true> <Delay = 0.00>
ST_1 : Operation 9 [1/1] (0.00ns)   --->   "%specinterface_ln0 = specinterface void @_ssdm_op_SpecInterface, i1 %s_axis_video_V_dest_V, void @empty_31, i32 0, i32 0, void @empty_20, i32 0, i32 0, void @empty_7, void @empty_7, void @empty_7, i32 0, i32 0, i32 0, i32 0, void @empty_7, void @empty_7, i32 4294967295, i32 0"   --->   Operation 9 'specinterface' 'specinterface_ln0' <Predicate = true> <Delay = 0.00>
ST_1 : Operation 10 [1/1] (0.00ns)   --->   "%specinterface_ln0 = specinterface void @_ssdm_op_SpecInterface, i1 %s_axis_video_V_id_V, void @empty_31, i32 0, i32 0, void @empty_20, i32 0, i32 0, void @empty_7, void @empty_7, void @empty_7, i32 0, i32 0, i32 0, i32 0, void @empty_7, void @empty_7, i32 4294967295, i32 0"   --->   Operation 10 'specinterface' 'specinterface_ln0' <Predicate = true> <Delay = 0.00>
ST_1 : Operation 11 [1/1] (0.00ns)   --->   "%specinterface_ln0 = specinterface void @_ssdm_op_SpecInterface, i1 %s_axis_video_V_last_V, void @empty_31, i32 0, i32 0, void @empty_20, i32 0, i32 0, void @empty_7, void @empty_7, void @empty_7, i32 0, i32 0, i32 0, i32 0, void @empty_7, void @empty_7, i32 4294967295, i32 0"   --->   Operation 11 'specinterface' 'specinterface_ln0' <Predicate = true> <Delay = 0.00>
ST_1 : Operation 12 [1/1] (0.00ns)   --->   "%specinterface_ln0 = specinterface void @_ssdm_op_SpecInterface, i1 %s_axis_video_V_user_V, void @empty_31, i32 0, i32 0, void @empty_20, i32 0, i32 0, void @empty_7, void @empty_7, void @empty_7, i32 0, i32 0, i32 0, i32 0, void @empty_7, void @empty_7, i32 4294967295, i32 0"   --->   Operation 12 'specinterface' 'specinterface_ln0' <Predicate = true> <Delay = 0.00>
ST_1 : Operation 13 [1/1] (0.00ns)   --->   "%specinterface_ln0 = specinterface void @_ssdm_op_SpecInterface, i4 %s_axis_video_V_strb_V, void @empty_31, i32 0, i32 0, void @empty_20, i32 0, i32 0, void @empty_7, void @empty_7, void @empty_7, i32 0, i32 0, i32 0, i32 0, void @empty_7, void @empty_7, i32 4294967295, i32 0"   --->   Operation 13 'specinterface' 'specinterface_ln0' <Predicate = true> <Delay = 0.00>
ST_1 : Operation 14 [1/1] (0.00ns)   --->   "%specinterface_ln0 = specinterface void @_ssdm_op_SpecInterface, i4 %s_axis_video_V_keep_V, void @empty_31, i32 0, i32 0, void @empty_20, i32 0, i32 0, void @empty_7, void @empty_7, void @empty_7, i32 0, i32 0, i32 0, i32 0, void @empty_7, void @empty_7, i32 4294967295, i32 0"   --->   Operation 14 'specinterface' 'specinterface_ln0' <Predicate = true> <Delay = 0.00>
ST_1 : Operation 15 [1/1] (0.00ns)   --->   "%specinterface_ln0 = specinterface void @_ssdm_op_SpecInterface, i32 %s_axis_video_V_data_V, void @empty_31, i32 0, i32 0, void @empty_20, i32 0, i32 0, void @empty_7, void @empty_7, void @empty_7, i32 0, i32 0, i32 0, i32 0, void @empty_7, void @empty_7, i32 4294967295, i32 0"   --->   Operation 15 'specinterface' 'specinterface_ln0' <Predicate = true> <Delay = 0.00>
ST_1 : Operation 16 [1/1] (0.00ns)   --->   "%specinterface_ln0 = specinterface void @_ssdm_op_SpecInterface, i30 %srcYUV, void @empty_5, i32 0, i32 0, void @empty_7, i32 0, i32 0, void @empty_7, void @empty_7, void @empty_7, i32 0, i32 0, i32 0, i32 0, void @empty_7, void @empty_7, i32 4294967295, i32 0"   --->   Operation 16 'specinterface' 'specinterface_ln0' <Predicate = true> <Delay = 0.00>
ST_1 : Operation 17 [1/1] (0.00ns)   --->   "%cond_read = read i1 @_ssdm_op_Read.ap_auto.i1, i1 %cond"   --->   Operation 17 'read' 'cond_read' <Predicate = true> <Delay = 0.00>
ST_1 : Operation 18 [1/1] (0.00ns)   --->   "%tmp_cast_read = read i11 @_ssdm_op_Read.ap_auto.i11, i11 %tmp_cast"   --->   Operation 18 'read' 'tmp_cast_read' <Predicate = true> <Delay = 0.00>
ST_1 : Operation 19 [1/1] (0.00ns)   --->   "%axi_data_V_5_read = read i30 @_ssdm_op_Read.ap_auto.i30, i30 %axi_data_V_5"   --->   Operation 19 'read' 'axi_data_V_5_read' <Predicate = true> <Delay = 0.00>
ST_1 : Operation 20 [1/1] (0.00ns)   --->   "%axi_last_V_2_read = read i1 @_ssdm_op_Read.ap_auto.i1, i1 %axi_last_V_2"   --->   Operation 20 'read' 'axi_last_V_2_read' <Predicate = true> <Delay = 0.00>
ST_1 : Operation 21 [1/1] (0.00ns)   --->   "%sof_5_read = read i1 @_ssdm_op_Read.ap_auto.i1, i1 %sof_5"   --->   Operation 21 'read' 'sof_5_read' <Predicate = true> <Delay = 0.00>
ST_1 : Operation 22 [1/1] (0.42ns)   --->   "%store_ln0 = store i1 %axi_last_V_2_read, i1 %axi_last_V"   --->   Operation 22 'store' 'store_ln0' <Predicate = true> <Delay = 0.42>
ST_1 : Operation 23 [1/1] (0.42ns)   --->   "%store_ln0 = store i30 %axi_data_V_5_read, i30 %axi_data_V"   --->   Operation 23 'store' 'store_ln0' <Predicate = true> <Delay = 0.42>
ST_1 : Operation 24 [1/1] (0.42ns)   --->   "%store_ln0 = store i11 0, i11 %j"   --->   Operation 24 'store' 'store_ln0' <Predicate = true> <Delay = 0.42>
ST_1 : Operation 25 [1/1] (0.42ns)   --->   "%br_ln0 = br void %for.body11"   --->   Operation 25 'br' 'br_ln0' <Predicate = true> <Delay = 0.42>
ST_1 : Operation 26 [1/1] (0.00ns)   --->   "%eol = phi i1 %axi_last_V_4, void %if.end, i1 0, void %newFuncRoot"   --->   Operation 26 'phi' 'eol' <Predicate = true> <Delay = 0.00>
ST_1 : Operation 27 [1/1] (0.00ns)   --->   "%sof = phi i1 0, void %if.end, i1 %sof_5_read, void %newFuncRoot"   --->   Operation 27 'phi' 'sof' <Predicate = true> <Delay = 0.00>
ST_1 : Operation 28 [1/1] (0.00ns)   --->   "%j_3 = load i11 %j" [/home/pawsooon/Vivado/tor_wizyjny/prj/sol/.autopilot/db/v_tpg.cpp:805]   --->   Operation 28 'load' 'j_3' <Predicate = true> <Delay = 0.00>
ST_1 : Operation 29 [1/1] (0.94ns)   --->   "%icmp_ln805 = icmp_eq  i11 %j_3, i11 %tmp_cast_read" [/home/pawsooon/Vivado/tor_wizyjny/prj/sol/.autopilot/db/v_tpg.cpp:805]   --->   Operation 29 'icmp' 'icmp_ln805' <Predicate = true> <Delay = 0.94> <CoreInst = "Cmp">   --->   Core 9 'Cmp' <Latency = 0> <II = 1> <Delay = 0.94> <FuncUnit> <Opcode : 'icmp'> <InPorts = 2> <OutPorts = 1>
ST_1 : Operation 30 [1/1] (0.00ns)   --->   "%speclooptripcount_ln0 = speclooptripcount void @_ssdm_op_SpecLoopTripCount, i64 1, i64 1920, i64 0"   --->   Operation 30 'speclooptripcount' 'speclooptripcount_ln0' <Predicate = true> <Delay = 0.00>
ST_1 : Operation 31 [1/1] (0.79ns)   --->   "%j_4 = add i11 %j_3, i11 1" [/home/pawsooon/Vivado/tor_wizyjny/prj/sol/.autopilot/db/v_tpg.cpp:805]   --->   Operation 31 'add' 'j_4' <Predicate = true> <Delay = 0.79> <CoreInst = "Adder">   --->   Core 1 'Adder' <Latency = 0> <II = 1> <Delay = 0.79> <FuncUnit> <Opcode : 'add' 'sub'> <InPorts = 2> <OutPorts = 1>
ST_1 : Operation 32 [1/1] (0.00ns)   --->   "%br_ln805 = br i1 %icmp_ln805, void %for.body11.split, void %loop_wait_for_eol.loopexit.exitStub" [/home/pawsooon/Vivado/tor_wizyjny/prj/sol/.autopilot/db/v_tpg.cpp:805]   --->   Operation 32 'br' 'br_ln805' <Predicate = true> <Delay = 0.00>
ST_1 : Operation 33 [1/1] (0.00ns)   --->   "%specpipeline_ln808 = specpipeline void @_ssdm_op_SpecPipeline, i32 1, i32 0, i32 0, i32 0, void @empty_7" [/home/pawsooon/Vivado/tor_wizyjny/prj/sol/.autopilot/db/v_tpg.cpp:808]   --->   Operation 33 'specpipeline' 'specpipeline_ln808' <Predicate = (!icmp_ln805)> <Delay = 0.00>
ST_1 : Operation 34 [1/1] (0.00ns)   --->   "%specloopname_ln780 = specloopname void @_ssdm_op_SpecLoopName, void @empty_11" [/home/pawsooon/Vivado/tor_wizyjny/prj/sol/.autopilot/db/v_tpg.cpp:780]   --->   Operation 34 'specloopname' 'specloopname_ln780' <Predicate = (!icmp_ln805)> <Delay = 0.00>
ST_1 : Operation 35 [1/1] (0.28ns)   --->   "%or_ln809 = or i1 %sof, i1 %eol" [/home/pawsooon/Vivado/tor_wizyjny/prj/sol/.autopilot/db/v_tpg.cpp:809]   --->   Operation 35 'or' 'or_ln809' <Predicate = (!icmp_ln805)> <Delay = 0.28> <CoreInst = "LogicGate">   --->   Core 74 'LogicGate' <Latency = 0> <II = 1> <Delay = 0.28> <FuncUnit> <Opcode : 'and' 'or' 'xor'> <InPorts = 2> <OutPorts = 1>
ST_1 : Operation 36 [1/1] (0.00ns)   --->   "%br_ln809 = br i1 %or_ln809, void %if.else, void %if.end" [/home/pawsooon/Vivado/tor_wizyjny/prj/sol/.autopilot/db/v_tpg.cpp:809]   --->   Operation 36 'br' 'br_ln809' <Predicate = (!icmp_ln805)> <Delay = 0.00>
ST_1 : Operation 37 [1/1] (0.00ns)   --->   "%empty = read i44 @_ssdm_op_Read.axis.volatile.i32P0A.i4P0A.i4P0A.i1P0A.i1P0A.i1P0A.i1P0A, i32 %s_axis_video_V_data_V, i4 %s_axis_video_V_keep_V, i4 %s_axis_video_V_strb_V, i1 %s_axis_video_V_user_V, i1 %s_axis_video_V_last_V, i1 %s_axis_video_V_id_V, i1 %s_axis_video_V_dest_V"   --->   Operation 37 'read' 'empty' <Predicate = (!icmp_ln805 & !or_ln809)> <Delay = 0.00> <CoreInst = "axis">   --->   Core 123 'axis' <Latency = 0> <II = 1> <Delay = 1.00> <Adapter> <Opcode : >
ST_1 : Operation 38 [1/1] (0.00ns)   --->   "%p_cast9 = extractvalue i44 %empty"   --->   Operation 38 'extractvalue' 'p_cast9' <Predicate = (!icmp_ln805 & !or_ln809)> <Delay = 0.00>
ST_1 : Operation 39 [1/1] (0.00ns)   --->   "%tmp_last_V = extractvalue i44 %empty"   --->   Operation 39 'extractvalue' 'tmp_last_V' <Predicate = (!icmp_ln805 & !or_ln809)> <Delay = 0.00>
ST_1 : Operation 40 [1/1] (0.00ns)   --->   "%tmp_data_V = trunc i32 %p_cast9"   --->   Operation 40 'trunc' 'tmp_data_V' <Predicate = (!icmp_ln805 & !or_ln809)> <Delay = 0.00>
ST_1 : Operation 41 [1/1] (0.42ns)   --->   "%store_ln237 = store i1 %tmp_last_V, i1 %axi_last_V"   --->   Operation 41 'store' 'store_ln237' <Predicate = (!icmp_ln805 & !or_ln809)> <Delay = 0.42>
ST_1 : Operation 42 [1/1] (0.42ns)   --->   "%store_ln237 = store i30 %tmp_data_V, i30 %axi_data_V"   --->   Operation 42 'store' 'store_ln237' <Predicate = (!icmp_ln805 & !or_ln809)> <Delay = 0.42>
ST_1 : Operation 43 [1/1] (0.00ns)   --->   "%br_ln0 = br void %if.end"   --->   Operation 43 'br' 'br_ln0' <Predicate = (!icmp_ln805 & !or_ln809)> <Delay = 0.00>
ST_1 : Operation 44 [1/1] (0.42ns)   --->   "%store_ln805 = store i11 %j_4, i11 %j" [/home/pawsooon/Vivado/tor_wizyjny/prj/sol/.autopilot/db/v_tpg.cpp:805]   --->   Operation 44 'store' 'store_ln805' <Predicate = (!icmp_ln805)> <Delay = 0.42>
ST_1 : Operation 45 [1/1] (0.00ns)   --->   "%br_ln805 = br void %for.body11" [/home/pawsooon/Vivado/tor_wizyjny/prj/sol/.autopilot/db/v_tpg.cpp:805]   --->   Operation 45 'br' 'br_ln805' <Predicate = (!icmp_ln805)> <Delay = 0.00>
ST_1 : Operation 56 [1/1] (0.00ns)   --->   "%axi_data_V_load = load i30 %axi_data_V"   --->   Operation 56 'load' 'axi_data_V_load' <Predicate = (icmp_ln805)> <Delay = 0.00>
ST_1 : Operation 57 [1/1] (0.00ns)   --->   "%write_ln0 = write void @_ssdm_op_Write.ap_auto.i1P0A, i1 %eol_out, i1 %eol"   --->   Operation 57 'write' 'write_ln0' <Predicate = (icmp_ln805)> <Delay = 0.00>
ST_1 : Operation 58 [1/1] (0.00ns)   --->   "%write_ln0 = write void @_ssdm_op_Write.ap_auto.i30P0A, i30 %axi_data_V_6_out, i30 %axi_data_V_load"   --->   Operation 58 'write' 'write_ln0' <Predicate = (icmp_ln805)> <Delay = 0.00>
ST_1 : Operation 59 [1/1] (0.00ns)   --->   "%ret_ln0 = ret"   --->   Operation 59 'ret' 'ret_ln0' <Predicate = (icmp_ln805)> <Delay = 0.00>

State 2 <SV = 1> <Delay = 1.86>
ST_2 : Operation 46 [1/1] (0.00ns)   --->   "%axi_data_V_7 = load i30 %axi_data_V"   --->   Operation 46 'load' 'axi_data_V_7' <Predicate = (!icmp_ln805)> <Delay = 0.00>
ST_2 : Operation 47 [1/1] (0.00ns)   --->   "%axi_last_V_4 = load i1 %axi_last_V"   --->   Operation 47 'load' 'axi_last_V_4' <Predicate = (!icmp_ln805)> <Delay = 0.00>
ST_2 : Operation 48 [1/1] (0.00ns)   --->   "%tmp_s = partselect i10 @_ssdm_op_PartSelect.i10.i30.i32.i32, i30 %axi_data_V_7, i32 20, i32 29"   --->   Operation 48 'partselect' 'tmp_s' <Predicate = (!icmp_ln805)> <Delay = 0.00>
ST_2 : Operation 49 [1/1] (0.00ns)   --->   "%trunc_ln628 = trunc i30 %axi_data_V_7"   --->   Operation 49 'trunc' 'trunc_ln628' <Predicate = (!icmp_ln805)> <Delay = 0.00>
ST_2 : Operation 50 [1/1] (0.40ns)   --->   "%select_ln835 = select i1 %cond_read, i10 %tmp_s, i10 %trunc_ln628" [/home/pawsooon/Vivado/tor_wizyjny/prj/sol/.autopilot/db/v_tpg.cpp:835]   --->   Operation 50 'select' 'select_ln835' <Predicate = (!icmp_ln805)> <Delay = 0.40> <CoreInst = "Sel">   --->   Core 73 'Sel' <Latency = 0> <II = 1> <Delay = 0.40> <FuncUnit> <Opcode : 'select'> <InPorts = 3> <OutPorts = 1>
ST_2 : Operation 51 [1/1] (0.00ns)   --->   "%tmp_15 = partselect i10 @_ssdm_op_PartSelect.i10.i30.i32.i32, i30 %axi_data_V_7, i32 10, i32 19"   --->   Operation 51 'partselect' 'tmp_15' <Predicate = (!icmp_ln805)> <Delay = 0.00>
ST_2 : Operation 52 [1/1] (0.40ns)   --->   "%select_ln835_1 = select i1 %cond_read, i10 %trunc_ln628, i10 %tmp_15" [/home/pawsooon/Vivado/tor_wizyjny/prj/sol/.autopilot/db/v_tpg.cpp:835]   --->   Operation 52 'select' 'select_ln835_1' <Predicate = (!icmp_ln805)> <Delay = 0.40> <CoreInst = "Sel">   --->   Core 73 'Sel' <Latency = 0> <II = 1> <Delay = 0.40> <FuncUnit> <Opcode : 'select'> <InPorts = 3> <OutPorts = 1>
ST_2 : Operation 53 [1/1] (0.40ns)   --->   "%select_ln835_2 = select i1 %cond_read, i10 %tmp_15, i10 %tmp_s" [/home/pawsooon/Vivado/tor_wizyjny/prj/sol/.autopilot/db/v_tpg.cpp:835]   --->   Operation 53 'select' 'select_ln835_2' <Predicate = (!icmp_ln805)> <Delay = 0.40> <CoreInst = "Sel">   --->   Core 73 'Sel' <Latency = 0> <II = 1> <Delay = 0.40> <FuncUnit> <Opcode : 'select'> <InPorts = 3> <OutPorts = 1>
ST_2 : Operation 54 [1/1] (0.00ns)   --->   "%p_0 = bitconcatenate i30 @_ssdm_op_BitConcatenate.i30.i10.i10.i10, i10 %select_ln835_2, i10 %select_ln835_1, i10 %select_ln835" [/home/pawsooon/Vivado/tor_wizyjny/prj/sol/.autopilot/db/v_tpg.cpp:849]   --->   Operation 54 'bitconcatenate' 'p_0' <Predicate = (!icmp_ln805)> <Delay = 0.00>
ST_2 : Operation 55 [1/1] (1.46ns)   --->   "%write_ln849 = write void @_ssdm_op_Write.ap_fifo.volatile.i30P0A, i30 %srcYUV, i30 %p_0" [/home/pawsooon/Vivado/tor_wizyjny/prj/sol/.autopilot/db/v_tpg.cpp:849]   --->   Operation 55 'write' 'write_ln849' <Predicate = (!icmp_ln805)> <Delay = 1.46> <CoreInst = "FIFO_SRL">   --->   Core 81 'FIFO_SRL' <Latency = 0> <II = 1> <Delay = 2.04> <Storage> <Opcode : 'read' 'write' 'nbread' 'nbwrite'> <Ports = 0> <Width = 30> <Depth = 16> <FIFO>


============================================================
+ Verbose Summary: Binding
============================================================
STG Binding: 
---------------- STG Properties BEGIN ----------------
- Is combinational: 0
- Is one-state seq: 0
- Is datapath-only: 0
- Is pipelined: 0
- Is top level: 0
Port [ Return ] is wired: 1; IO mode=ap_ctrl_hs:ce=0
Port [ sof_5]:  wired=1; compound=0; hidden=0; nouse=0; global=0; static=0; extern=0; dir=0; type=0; pingpong=0; private_global=0; IO mode=ap_none:ce=0
Port [ axi_last_V_2]:  wired=1; compound=0; hidden=0; nouse=0; global=0; static=0; extern=0; dir=0; type=0; pingpong=0; private_global=0; IO mode=ap_none:ce=0
Port [ axi_data_V_5]:  wired=1; compound=0; hidden=0; nouse=0; global=0; static=0; extern=0; dir=0; type=0; pingpong=0; private_global=0; IO mode=ap_none:ce=0
Port [ tmp_cast]:  wired=1; compound=0; hidden=0; nouse=0; global=0; static=0; extern=0; dir=0; type=0; pingpong=0; private_global=0; IO mode=ap_none:ce=0
Port [ cond]:  wired=1; compound=0; hidden=0; nouse=0; global=0; static=0; extern=0; dir=0; type=0; pingpong=0; private_global=0; IO mode=ap_stable:ce=0
Port [ srcYUV]:  wired=1; compound=1; hidden=0; nouse=0; global=0; static=0; extern=0; dir=1; type=3; pingpong=0; private_global=0; IO mode=ap_fifo:ce=0
Port [ s_axis_video_V_data_V]:  wired=1; compound=1; hidden=0; nouse=0; global=0; static=0; extern=0; dir=0; type=0; pingpong=0; private_global=0; IO mode=axis:ce=0
Port [ s_axis_video_V_keep_V]:  wired=1; compound=1; hidden=0; nouse=0; global=0; static=0; extern=0; dir=0; type=0; pingpong=0; private_global=0; IO mode=axis:ce=0
Port [ s_axis_video_V_strb_V]:  wired=1; compound=1; hidden=0; nouse=0; global=0; static=0; extern=0; dir=0; type=0; pingpong=0; private_global=0; IO mode=axis:ce=0
Port [ s_axis_video_V_user_V]:  wired=1; compound=1; hidden=0; nouse=0; global=0; static=0; extern=0; dir=0; type=0; pingpong=0; private_global=0; IO mode=axis:ce=0
Port [ s_axis_video_V_last_V]:  wired=1; compound=1; hidden=0; nouse=0; global=0; static=0; extern=0; dir=0; type=0; pingpong=0; private_global=0; IO mode=axis:ce=0
Port [ s_axis_video_V_id_V]:  wired=1; compound=1; hidden=0; nouse=0; global=0; static=0; extern=0; dir=0; type=0; pingpong=0; private_global=0; IO mode=axis:ce=0
Port [ s_axis_video_V_dest_V]:  wired=1; compound=1; hidden=0; nouse=0; global=0; static=0; extern=0; dir=0; type=0; pingpong=0; private_global=0; IO mode=axis:ce=0
Port [ eol_out]:  wired=1; compound=0; hidden=0; nouse=0; global=0; static=0; extern=0; dir=1; type=0; pingpong=0; private_global=0; IO mode=ap_vld:ce=0
Port [ axi_data_V_6_out]:  wired=1; compound=0; hidden=0; nouse=0; global=0; static=0; extern=0; dir=1; type=0; pingpong=0; private_global=0; IO mode=ap_vld:ce=0
---------------- STG Properties END ------------------

---------------- Datapath Model BEGIN ----------------

<LifeTime>
<method=bitvector/>
j                       (alloca             ) [ 010]
axi_data_V              (alloca             ) [ 011]
axi_last_V              (alloca             ) [ 011]
specaxissidechannel_ln0 (specaxissidechannel) [ 000]
specinterface_ln0       (specinterface      ) [ 000]
specinterface_ln0       (specinterface      ) [ 000]
specinterface_ln0       (specinterface      ) [ 000]
specinterface_ln0       (specinterface      ) [ 000]
specinterface_ln0       (specinterface      ) [ 000]
specinterface_ln0       (specinterface      ) [ 000]
specinterface_ln0       (specinterface      ) [ 000]
specinterface_ln0       (specinterface      ) [ 000]
cond_read               (read               ) [ 011]
tmp_cast_read           (read               ) [ 000]
axi_data_V_5_read       (read               ) [ 000]
axi_last_V_2_read       (read               ) [ 000]
sof_5_read              (read               ) [ 000]
store_ln0               (store              ) [ 000]
store_ln0               (store              ) [ 000]
store_ln0               (store              ) [ 000]
br_ln0                  (br                 ) [ 000]
eol                     (phi                ) [ 010]
sof                     (phi                ) [ 010]
j_3                     (load               ) [ 000]
icmp_ln805              (icmp               ) [ 011]
speclooptripcount_ln0   (speclooptripcount  ) [ 000]
j_4                     (add                ) [ 000]
br_ln805                (br                 ) [ 000]
specpipeline_ln808      (specpipeline       ) [ 000]
specloopname_ln780      (specloopname       ) [ 000]
or_ln809                (or                 ) [ 010]
br_ln809                (br                 ) [ 000]
empty                   (read               ) [ 000]
p_cast9                 (extractvalue       ) [ 000]
tmp_last_V              (extractvalue       ) [ 000]
tmp_data_V              (trunc              ) [ 000]
store_ln237             (store              ) [ 000]
store_ln237             (store              ) [ 000]
br_ln0                  (br                 ) [ 000]
store_ln805             (store              ) [ 000]
br_ln805                (br                 ) [ 010]
axi_data_V_7            (load               ) [ 000]
axi_last_V_4            (load               ) [ 010]
tmp_s                   (partselect         ) [ 000]
trunc_ln628             (trunc              ) [ 000]
select_ln835            (select             ) [ 000]
tmp_15                  (partselect         ) [ 000]
select_ln835_1          (select             ) [ 000]
select_ln835_2          (select             ) [ 000]
p_0                     (bitconcatenate     ) [ 000]
write_ln849             (write              ) [ 000]
axi_data_V_load         (load               ) [ 000]
write_ln0               (write              ) [ 000]
write_ln0               (write              ) [ 000]
ret_ln0                 (ret                ) [ 000]
</LifeTime>

<model>

<comp_list>
<comp id="0" class="1000" name="sof_5">
<pin_list>
<pin id="1" dir="1" index="0" bw="1" slack="0"/>
</pin_list>
<bind>
<StgValue><ssdm name="sof_5"/></StgValue>
</bind>
</comp>

<comp id="2" class="1000" name="axi_last_V_2">
<pin_list>
<pin id="3" dir="1" index="0" bw="1" slack="0"/>
</pin_list>
<bind>
<StgValue><ssdm name="axi_last_V_2"/></StgValue>
</bind>
</comp>

<comp id="4" class="1000" name="axi_data_V_5">
<pin_list>
<pin id="5" dir="1" index="0" bw="1" slack="0"/>
</pin_list>
<bind>
<StgValue><ssdm name="axi_data_V_5"/></StgValue>
</bind>
</comp>

<comp id="6" class="1000" name="tmp_cast">
<pin_list>
<pin id="7" dir="1" index="0" bw="1" slack="0"/>
</pin_list>
<bind>
<StgValue><ssdm name="tmp_cast"/></StgValue>
</bind>
</comp>

<comp id="8" class="1000" name="cond">
<pin_list>
<pin id="9" dir="1" index="0" bw="1" slack="0"/>
</pin_list>
<bind>
<StgValue><ssdm name="cond"/></StgValue>
</bind>
</comp>

<comp id="10" class="1000" name="srcYUV">
<pin_list>
<pin id="11" dir="1" index="0" bw="1" slack="0"/>
</pin_list>
<bind>
<StgValue><ssdm name="srcYUV"/></StgValue>
</bind>
</comp>

<comp id="12" class="1000" name="s_axis_video_V_data_V">
<pin_list>
<pin id="13" dir="1" index="0" bw="1" slack="0"/>
</pin_list>
<bind>
<StgValue><ssdm name="s_axis_video_V_data_V"/></StgValue>
</bind>
</comp>

<comp id="14" class="1000" name="s_axis_video_V_keep_V">
<pin_list>
<pin id="15" dir="1" index="0" bw="1" slack="0"/>
</pin_list>
<bind>
<StgValue><ssdm name="s_axis_video_V_keep_V"/></StgValue>
</bind>
</comp>

<comp id="16" class="1000" name="s_axis_video_V_strb_V">
<pin_list>
<pin id="17" dir="1" index="0" bw="1" slack="0"/>
</pin_list>
<bind>
<StgValue><ssdm name="s_axis_video_V_strb_V"/></StgValue>
</bind>
</comp>

<comp id="18" class="1000" name="s_axis_video_V_user_V">
<pin_list>
<pin id="19" dir="1" index="0" bw="1" slack="0"/>
</pin_list>
<bind>
<StgValue><ssdm name="s_axis_video_V_user_V"/></StgValue>
</bind>
</comp>

<comp id="20" class="1000" name="s_axis_video_V_last_V">
<pin_list>
<pin id="21" dir="1" index="0" bw="1" slack="0"/>
</pin_list>
<bind>
<StgValue><ssdm name="s_axis_video_V_last_V"/></StgValue>
</bind>
</comp>

<comp id="22" class="1000" name="s_axis_video_V_id_V">
<pin_list>
<pin id="23" dir="1" index="0" bw="1" slack="0"/>
</pin_list>
<bind>
<StgValue><ssdm name="s_axis_video_V_id_V"/></StgValue>
</bind>
</comp>

<comp id="24" class="1000" name="s_axis_video_V_dest_V">
<pin_list>
<pin id="25" dir="1" index="0" bw="1" slack="0"/>
</pin_list>
<bind>
<StgValue><ssdm name="s_axis_video_V_dest_V"/></StgValue>
</bind>
</comp>

<comp id="26" class="1000" name="eol_out">
<pin_list>
<pin id="27" dir="1" index="0" bw="1" slack="0"/>
</pin_list>
<bind>
<StgValue><ssdm name="eol_out"/></StgValue>
</bind>
</comp>

<comp id="28" class="1000" name="axi_data_V_6_out">
<pin_list>
<pin id="29" dir="1" index="0" bw="1" slack="0"/>
</pin_list>
<bind>
<StgValue><ssdm name="axi_data_V_6_out"/></StgValue>
</bind>
</comp>

<comp id="30" class="1001" name="const_30">
<pin_list>
<pin id="31" dir="1" index="0" bw="1" slack="0"/>
</pin_list>
<bind>
<StgValue><ssdm name=""/></StgValue>
</bind>
</comp>

<comp id="32" class="1001" name="const_32">
<pin_list>
<pin id="33" dir="1" index="0" bw="1" slack="2147483647"/>
</pin_list>
<bind>
<StgValue><ssdm name="_ssdm_op_SpecAXISSideChannel"/></StgValue>
</bind>
</comp>

<comp id="34" class="1001" name="const_34">
<pin_list>
<pin id="35" dir="1" index="0" bw="1" slack="2147483647"/>
</pin_list>
<bind>
<StgValue><ssdm name="empty_6"/></StgValue>
</bind>
</comp>

<comp id="36" class="1001" name="const_36">
<pin_list>
<pin id="37" dir="1" index="0" bw="1" slack="2147483647"/>
</pin_list>
<bind>
<StgValue><ssdm name="_ssdm_op_SpecInterface"/></StgValue>
</bind>
</comp>

<comp id="38" class="1001" name="const_38">
<pin_list>
<pin id="39" dir="1" index="0" bw="1" slack="2147483647"/>
</pin_list>
<bind>
<StgValue><ssdm name="empty_31"/></StgValue>
</bind>
</comp>

<comp id="40" class="1001" name="const_40">
<pin_list>
<pin id="41" dir="1" index="0" bw="1" slack="2147483647"/>
</pin_list>
<bind>
<StgValue><ssdm name=""/></StgValue>
</bind>
</comp>

<comp id="42" class="1001" name="const_42">
<pin_list>
<pin id="43" dir="1" index="0" bw="1" slack="2147483647"/>
</pin_list>
<bind>
<StgValue><ssdm name="empty_20"/></StgValue>
</bind>
</comp>

<comp id="44" class="1001" name="const_44">
<pin_list>
<pin id="45" dir="1" index="0" bw="1" slack="2147483647"/>
</pin_list>
<bind>
<StgValue><ssdm name="empty_7"/></StgValue>
</bind>
</comp>

<comp id="46" class="1001" name="const_46">
<pin_list>
<pin id="47" dir="1" index="0" bw="1" slack="2147483647"/>
</pin_list>
<bind>
<StgValue><ssdm name=""/></StgValue>
</bind>
</comp>

<comp id="48" class="1001" name="const_48">
<pin_list>
<pin id="49" dir="1" index="0" bw="1" slack="2147483647"/>
</pin_list>
<bind>
<StgValue><ssdm name="empty_5"/></StgValue>
</bind>
</comp>

<comp id="50" class="1001" name="const_50">
<pin_list>
<pin id="51" dir="1" index="0" bw="1" slack="0"/>
</pin_list>
<bind>
<StgValue><ssdm name="_ssdm_op_Read.ap_auto.i1"/></StgValue>
</bind>
</comp>

<comp id="52" class="1001" name="const_52">
<pin_list>
<pin id="53" dir="1" index="0" bw="1" slack="0"/>
</pin_list>
<bind>
<StgValue><ssdm name="_ssdm_op_Read.ap_auto.i11"/></StgValue>
</bind>
</comp>

<comp id="54" class="1001" name="const_54">
<pin_list>
<pin id="55" dir="1" index="0" bw="1" slack="0"/>
</pin_list>
<bind>
<StgValue><ssdm name="_ssdm_op_Read.ap_auto.i30"/></StgValue>
</bind>
</comp>

<comp id="56" class="1001" name="const_56">
<pin_list>
<pin id="57" dir="1" index="0" bw="1" slack="0"/>
</pin_list>
<bind>
<StgValue><ssdm name=""/></StgValue>
</bind>
</comp>

<comp id="58" class="1001" name="const_58">
<pin_list>
<pin id="59" dir="1" index="0" bw="1" slack="0"/>
</pin_list>
<bind>
<StgValue><ssdm name=""/></StgValue>
</bind>
</comp>

<comp id="60" class="1001" name="const_60">
<pin_list>
<pin id="61" dir="1" index="0" bw="1" slack="2147483647"/>
</pin_list>
<bind>
<StgValue><ssdm name="_ssdm_op_SpecLoopTripCount"/></StgValue>
</bind>
</comp>

<comp id="62" class="1001" name="const_62">
<pin_list>
<pin id="63" dir="1" index="0" bw="1" slack="2147483647"/>
</pin_list>
<bind>
<StgValue><ssdm name=""/></StgValue>
</bind>
</comp>

<comp id="64" class="1001" name="const_64">
<pin_list>
<pin id="65" dir="1" index="0" bw="1" slack="2147483647"/>
</pin_list>
<bind>
<StgValue><ssdm name=""/></StgValue>
</bind>
</comp>

<comp id="66" class="1001" name="const_66">
<pin_list>
<pin id="67" dir="1" index="0" bw="1" slack="2147483647"/>
</pin_list>
<bind>
<StgValue><ssdm name=""/></StgValue>
</bind>
</comp>

<comp id="68" class="1001" name="const_68">
<pin_list>
<pin id="69" dir="1" index="0" bw="1" slack="0"/>
</pin_list>
<bind>
<StgValue><ssdm name=""/></StgValue>
</bind>
</comp>

<comp id="70" class="1001" name="const_70">
<pin_list>
<pin id="71" dir="1" index="0" bw="1" slack="2147483647"/>
</pin_list>
<bind>
<StgValue><ssdm name="_ssdm_op_SpecPipeline"/></StgValue>
</bind>
</comp>

<comp id="72" class="1001" name="const_72">
<pin_list>
<pin id="73" dir="1" index="0" bw="1" slack="2147483647"/>
</pin_list>
<bind>
<StgValue><ssdm name="_ssdm_op_SpecLoopName"/></StgValue>
</bind>
</comp>

<comp id="74" class="1001" name="const_74">
<pin_list>
<pin id="75" dir="1" index="0" bw="1" slack="2147483647"/>
</pin_list>
<bind>
<StgValue><ssdm name="empty_11"/></StgValue>
</bind>
</comp>

<comp id="76" class="1001" name="const_76">
<pin_list>
<pin id="77" dir="1" index="0" bw="1" slack="0"/>
</pin_list>
<bind>
<StgValue><ssdm name="_ssdm_op_Read.axis.volatile.i32P0A.i4P0A.i4P0A.i1P0A.i1P0A.i1P0A.i1P0A"/></StgValue>
</bind>
</comp>

<comp id="78" class="1001" name="const_78">
<pin_list>
<pin id="79" dir="1" index="0" bw="1" slack="0"/>
</pin_list>
<bind>
<StgValue><ssdm name="_ssdm_op_PartSelect.i10.i30.i32.i32"/></StgValue>
</bind>
</comp>

<comp id="80" class="1001" name="const_80">
<pin_list>
<pin id="81" dir="1" index="0" bw="1" slack="0"/>
</pin_list>
<bind>
<StgValue><ssdm name=""/></StgValue>
</bind>
</comp>

<comp id="82" class="1001" name="const_82">
<pin_list>
<pin id="83" dir="1" index="0" bw="1" slack="0"/>
</pin_list>
<bind>
<StgValue><ssdm name=""/></StgValue>
</bind>
</comp>

<comp id="84" class="1001" name="const_84">
<pin_list>
<pin id="85" dir="1" index="0" bw="1" slack="0"/>
</pin_list>
<bind>
<StgValue><ssdm name=""/></StgValue>
</bind>
</comp>

<comp id="86" class="1001" name="const_86">
<pin_list>
<pin id="87" dir="1" index="0" bw="1" slack="0"/>
</pin_list>
<bind>
<StgValue><ssdm name=""/></StgValue>
</bind>
</comp>

<comp id="88" class="1001" name="const_88">
<pin_list>
<pin id="89" dir="1" index="0" bw="1" slack="0"/>
</pin_list>
<bind>
<StgValue><ssdm name="_ssdm_op_BitConcatenate.i30.i10.i10.i10"/></StgValue>
</bind>
</comp>

<comp id="90" class="1001" name="const_90">
<pin_list>
<pin id="91" dir="1" index="0" bw="1" slack="0"/>
</pin_list>
<bind>
<StgValue><ssdm name="_ssdm_op_Write.ap_fifo.volatile.i30P0A"/></StgValue>
</bind>
</comp>

<comp id="92" class="1001" name="const_92">
<pin_list>
<pin id="93" dir="1" index="0" bw="1" slack="0"/>
</pin_list>
<bind>
<StgValue><ssdm name="_ssdm_op_Write.ap_auto.i1P0A"/></StgValue>
</bind>
</comp>

<comp id="94" class="1001" name="const_94">
<pin_list>
<pin id="95" dir="1" index="0" bw="1" slack="0"/>
</pin_list>
<bind>
<StgValue><ssdm name="_ssdm_op_Write.ap_auto.i30P0A"/></StgValue>
</bind>
</comp>

<comp id="96" class="1004" name="j_fu_96">
<pin_list>
<pin id="97" dir="0" index="0" bw="1" slack="0"/>
<pin id="98" dir="1" index="1" bw="11" slack="0"/>
</pin_list>
<bind>
<opcode="alloca(26) " fcode="alloca"/>
<opset="j/1 "/>
</bind>
</comp>

<comp id="100" class="1004" name="axi_data_V_fu_100">
<pin_list>
<pin id="101" dir="0" index="0" bw="1" slack="0"/>
<pin id="102" dir="1" index="1" bw="30" slack="0"/>
</pin_list>
<bind>
<opcode="alloca(26) " fcode="alloca"/>
<opset="axi_data_V/1 "/>
</bind>
</comp>

<comp id="104" class="1004" name="axi_last_V_fu_104">
<pin_list>
<pin id="105" dir="0" index="0" bw="1" slack="0"/>
<pin id="106" dir="1" index="1" bw="1" slack="0"/>
</pin_list>
<bind>
<opcode="alloca(26) " fcode="alloca"/>
<opset="axi_last_V/1 "/>
</bind>
</comp>

<comp id="108" class="1004" name="cond_read_read_fu_108">
<pin_list>
<pin id="109" dir="0" index="0" bw="1" slack="0"/>
<pin id="110" dir="0" index="1" bw="1" slack="0"/>
<pin id="111" dir="1" index="2" bw="1" slack="1"/>
</pin_list>
<bind>
<opcode="read(1150) " fcode="read"/>
<opset="cond_read/1 "/>
</bind>
</comp>

<comp id="114" class="1004" name="tmp_cast_read_read_fu_114">
<pin_list>
<pin id="115" dir="0" index="0" bw="11" slack="0"/>
<pin id="116" dir="0" index="1" bw="11" slack="0"/>
<pin id="117" dir="1" index="2" bw="11" slack="0"/>
</pin_list>
<bind>
<opcode="read(1150) " fcode="read"/>
<opset="tmp_cast_read/1 "/>
</bind>
</comp>

<comp id="120" class="1004" name="axi_data_V_5_read_read_fu_120">
<pin_list>
<pin id="121" dir="0" index="0" bw="30" slack="0"/>
<pin id="122" dir="0" index="1" bw="30" slack="0"/>
<pin id="123" dir="1" index="2" bw="30" slack="0"/>
</pin_list>
<bind>
<opcode="read(1150) " fcode="read"/>
<opset="axi_data_V_5_read/1 "/>
</bind>
</comp>

<comp id="126" class="1004" name="axi_last_V_2_read_read_fu_126">
<pin_list>
<pin id="127" dir="0" index="0" bw="1" slack="0"/>
<pin id="128" dir="0" index="1" bw="1" slack="0"/>
<pin id="129" dir="1" index="2" bw="1" slack="0"/>
</pin_list>
<bind>
<opcode="read(1150) " fcode="read"/>
<opset="axi_last_V_2_read/1 "/>
</bind>
</comp>

<comp id="132" class="1004" name="sof_5_read_read_fu_132">
<pin_list>
<pin id="133" dir="0" index="0" bw="1" slack="0"/>
<pin id="134" dir="0" index="1" bw="1" slack="0"/>
<pin id="135" dir="1" index="2" bw="1" slack="0"/>
</pin_list>
<bind>
<opcode="read(1150) " fcode="read"/>
<opset="sof_5_read/1 "/>
</bind>
</comp>

<comp id="138" class="1004" name="empty_read_fu_138">
<pin_list>
<pin id="139" dir="0" index="0" bw="44" slack="0"/>
<pin id="140" dir="0" index="1" bw="32" slack="0"/>
<pin id="141" dir="0" index="2" bw="4" slack="0"/>
<pin id="142" dir="0" index="3" bw="4" slack="0"/>
<pin id="143" dir="0" index="4" bw="1" slack="0"/>
<pin id="144" dir="0" index="5" bw="1" slack="0"/>
<pin id="145" dir="0" index="6" bw="1" slack="0"/>
<pin id="146" dir="0" index="7" bw="1" slack="0"/>
<pin id="147" dir="1" index="8" bw="44" slack="0"/>
</pin_list>
<bind>
<opcode="read(1150) " fcode="read"/>
<opset="empty/1 "/>
</bind>
</comp>

<comp id="156" class="1004" name="write_ln849_write_fu_156">
<pin_list>
<pin id="157" dir="0" index="0" bw="0" slack="0"/>
<pin id="158" dir="0" index="1" bw="30" slack="0"/>
<pin id="159" dir="0" index="2" bw="30" slack="0"/>
<pin id="160" dir="1" index="3" bw="0" slack="2147483647"/>
</pin_list>
<bind>
<opcode="write(1151) " fcode="write"/>
<opset="write_ln849/2 "/>
</bind>
</comp>

<comp id="163" class="1004" name="write_ln0_write_fu_163">
<pin_list>
<pin id="164" dir="0" index="0" bw="0" slack="0"/>
<pin id="165" dir="0" index="1" bw="1" slack="0"/>
<pin id="166" dir="0" index="2" bw="1" slack="0"/>
<pin id="167" dir="1" index="3" bw="0" slack="2147483647"/>
</pin_list>
<bind>
<opcode="write(1151) " fcode="write"/>
<opset="write_ln0/1 "/>
</bind>
</comp>

<comp id="170" class="1004" name="write_ln0_write_fu_170">
<pin_list>
<pin id="171" dir="0" index="0" bw="0" slack="0"/>
<pin id="172" dir="0" index="1" bw="30" slack="0"/>
<pin id="173" dir="0" index="2" bw="30" slack="0"/>
<pin id="174" dir="1" index="3" bw="0" slack="2147483647"/>
</pin_list>
<bind>
<opcode="write(1151) " fcode="write"/>
<opset="write_ln0/1 "/>
</bind>
</comp>

<comp id="177" class="1005" name="eol_reg_177">
<pin_list>
<pin id="178" dir="0" index="0" bw="1" slack="2147483647"/>
<pin id="179" dir="1" index="1" bw="1" slack="2147483647"/>
</pin_list>
<bind>
<opset="eol (phireg) "/>
</bind>
</comp>

<comp id="180" class="1004" name="eol_phi_fu_180">
<pin_list>
<pin id="181" dir="0" index="0" bw="1" slack="1"/>
<pin id="182" dir="0" index="1" bw="0" slack="2147483647"/>
<pin id="183" dir="0" index="2" bw="1" slack="0"/>
<pin id="184" dir="0" index="3" bw="0" slack="2147483647"/>
<pin id="185" dir="1" index="4" bw="1" slack="0"/>
</pin_list>
<bind>
<opcode="phi(47) " fcode="phi"/>
<opset="eol/1 "/>
</bind>
</comp>

<comp id="188" class="1005" name="sof_reg_188">
<pin_list>
<pin id="189" dir="0" index="0" bw="1" slack="2147483647"/>
<pin id="190" dir="1" index="1" bw="1" slack="2147483647"/>
</pin_list>
<bind>
<opset="sof (phireg) "/>
</bind>
</comp>

<comp id="191" class="1004" name="sof_phi_fu_191">
<pin_list>
<pin id="192" dir="0" index="0" bw="1" slack="0"/>
<pin id="193" dir="0" index="1" bw="0" slack="2147483647"/>
<pin id="194" dir="0" index="2" bw="1" slack="0"/>
<pin id="195" dir="0" index="3" bw="0" slack="2147483647"/>
<pin id="196" dir="1" index="4" bw="1" slack="0"/>
</pin_list>
<bind>
<opcode="phi(47) " fcode="phi"/>
<opset="sof/1 "/>
</bind>
</comp>

<comp id="199" class="1004" name="store_ln0_store_fu_199">
<pin_list>
<pin id="200" dir="0" index="0" bw="1" slack="0"/>
<pin id="201" dir="0" index="1" bw="1" slack="0"/>
<pin id="202" dir="1" index="2" bw="0" slack="2147483647"/>
</pin_list>
<bind>
<opcode="store(28) " fcode="store"/>
<opset="store_ln0/1 "/>
</bind>
</comp>

<comp id="204" class="1004" name="store_ln0_store_fu_204">
<pin_list>
<pin id="205" dir="0" index="0" bw="30" slack="0"/>
<pin id="206" dir="0" index="1" bw="30" slack="0"/>
<pin id="207" dir="1" index="2" bw="0" slack="2147483647"/>
</pin_list>
<bind>
<opcode="store(28) " fcode="store"/>
<opset="store_ln0/1 "/>
</bind>
</comp>

<comp id="209" class="1004" name="store_ln0_store_fu_209">
<pin_list>
<pin id="210" dir="0" index="0" bw="1" slack="0"/>
<pin id="211" dir="0" index="1" bw="11" slack="0"/>
<pin id="212" dir="1" index="2" bw="0" slack="2147483647"/>
</pin_list>
<bind>
<opcode="store(28) " fcode="store"/>
<opset="store_ln0/1 "/>
</bind>
</comp>

<comp id="214" class="1004" name="j_3_load_fu_214">
<pin_list>
<pin id="215" dir="0" index="0" bw="11" slack="0"/>
<pin id="216" dir="1" index="1" bw="11" slack="0"/>
</pin_list>
<bind>
<opcode="load(27) " fcode="load"/>
<opset="j_3/1 "/>
</bind>
</comp>

<comp id="217" class="1004" name="icmp_ln805_fu_217">
<pin_list>
<pin id="218" dir="0" index="0" bw="11" slack="0"/>
<pin id="219" dir="0" index="1" bw="11" slack="0"/>
<pin id="220" dir="1" index="2" bw="1" slack="1"/>
</pin_list>
<bind>
<opcode="icmp(45) " fcode="icmp"/>
<opset="icmp_ln805/1 "/>
</bind>
</comp>

<comp id="223" class="1004" name="j_4_fu_223">
<pin_list>
<pin id="224" dir="0" index="0" bw="11" slack="0"/>
<pin id="225" dir="0" index="1" bw="1" slack="0"/>
<pin id="226" dir="1" index="2" bw="11" slack="0"/>
</pin_list>
<bind>
<opcode="add(8) " fcode="add"/>
<opset="j_4/1 "/>
</bind>
</comp>

<comp id="229" class="1004" name="or_ln809_fu_229">
<pin_list>
<pin id="230" dir="0" index="0" bw="1" slack="0"/>
<pin id="231" dir="0" index="1" bw="1" slack="0"/>
<pin id="232" dir="1" index="2" bw="1" slack="2147483647"/>
</pin_list>
<bind>
<opcode="or(24) " fcode="or"/>
<opset="or_ln809/1 "/>
</bind>
</comp>

<comp id="235" class="1004" name="p_cast9_fu_235">
<pin_list>
<pin id="236" dir="0" index="0" bw="44" slack="0"/>
<pin id="237" dir="1" index="1" bw="32" slack="0"/>
</pin_list>
<bind>
<opcode="extractvalue(56) " fcode="extractvalue"/>
<opset="p_cast9/1 "/>
</bind>
</comp>

<comp id="239" class="1004" name="tmp_last_V_fu_239">
<pin_list>
<pin id="240" dir="0" index="0" bw="44" slack="0"/>
<pin id="241" dir="1" index="1" bw="1" slack="0"/>
</pin_list>
<bind>
<opcode="extractvalue(56) " fcode="extractvalue"/>
<opset="tmp_last_V/1 "/>
</bind>
</comp>

<comp id="243" class="1004" name="tmp_data_V_fu_243">
<pin_list>
<pin id="244" dir="0" index="0" bw="32" slack="0"/>
<pin id="245" dir="1" index="1" bw="30" slack="0"/>
</pin_list>
<bind>
<opcode="trunc(33) " fcode="trunc"/>
<opset="tmp_data_V/1 "/>
</bind>
</comp>

<comp id="247" class="1004" name="store_ln237_store_fu_247">
<pin_list>
<pin id="248" dir="0" index="0" bw="1" slack="0"/>
<pin id="249" dir="0" index="1" bw="1" slack="0"/>
<pin id="250" dir="1" index="2" bw="0" slack="2147483647"/>
</pin_list>
<bind>
<opcode="store(28) " fcode="store"/>
<opset="store_ln237/1 "/>
</bind>
</comp>

<comp id="252" class="1004" name="store_ln237_store_fu_252">
<pin_list>
<pin id="253" dir="0" index="0" bw="30" slack="0"/>
<pin id="254" dir="0" index="1" bw="30" slack="0"/>
<pin id="255" dir="1" index="2" bw="0" slack="2147483647"/>
</pin_list>
<bind>
<opcode="store(28) " fcode="store"/>
<opset="store_ln237/1 "/>
</bind>
</comp>

<comp id="257" class="1004" name="store_ln805_store_fu_257">
<pin_list>
<pin id="258" dir="0" index="0" bw="11" slack="0"/>
<pin id="259" dir="0" index="1" bw="11" slack="0"/>
<pin id="260" dir="1" index="2" bw="0" slack="2147483647"/>
</pin_list>
<bind>
<opcode="store(28) " fcode="store"/>
<opset="store_ln805/1 "/>
</bind>
</comp>

<comp id="262" class="1004" name="axi_data_V_7_load_fu_262">
<pin_list>
<pin id="263" dir="0" index="0" bw="30" slack="1"/>
<pin id="264" dir="1" index="1" bw="30" slack="0"/>
</pin_list>
<bind>
<opcode="load(27) " fcode="load"/>
<opset="axi_data_V_7/2 "/>
</bind>
</comp>

<comp id="265" class="1004" name="axi_last_V_4_load_fu_265">
<pin_list>
<pin id="266" dir="0" index="0" bw="1" slack="1"/>
<pin id="267" dir="1" index="1" bw="1" slack="1"/>
</pin_list>
<bind>
<opcode="load(27) " fcode="load"/>
<opset="axi_last_V_4/2 "/>
</bind>
</comp>

<comp id="268" class="1004" name="tmp_s_fu_268">
<pin_list>
<pin id="269" dir="0" index="0" bw="10" slack="0"/>
<pin id="270" dir="0" index="1" bw="30" slack="0"/>
<pin id="271" dir="0" index="2" bw="6" slack="0"/>
<pin id="272" dir="0" index="3" bw="6" slack="0"/>
<pin id="273" dir="1" index="4" bw="10" slack="0"/>
</pin_list>
<bind>
<opcode="partselect(1002) " fcode="partselect"/>
<opset="tmp_s/2 "/>
</bind>
</comp>

<comp id="278" class="1004" name="trunc_ln628_fu_278">
<pin_list>
<pin id="279" dir="0" index="0" bw="30" slack="0"/>
<pin id="280" dir="1" index="1" bw="10" slack="0"/>
</pin_list>
<bind>
<opcode="trunc(33) " fcode="trunc"/>
<opset="trunc_ln628/2 "/>
</bind>
</comp>

<comp id="282" class="1004" name="select_ln835_fu_282">
<pin_list>
<pin id="283" dir="0" index="0" bw="1" slack="1"/>
<pin id="284" dir="0" index="1" bw="10" slack="0"/>
<pin id="285" dir="0" index="2" bw="10" slack="0"/>
<pin id="286" dir="1" index="3" bw="10" slack="0"/>
</pin_list>
<bind>
<opcode="select(49) " fcode="select"/>
<opset="select_ln835/2 "/>
</bind>
</comp>

<comp id="289" class="1004" name="tmp_15_fu_289">
<pin_list>
<pin id="290" dir="0" index="0" bw="10" slack="0"/>
<pin id="291" dir="0" index="1" bw="30" slack="0"/>
<pin id="292" dir="0" index="2" bw="5" slack="0"/>
<pin id="293" dir="0" index="3" bw="6" slack="0"/>
<pin id="294" dir="1" index="4" bw="10" slack="0"/>
</pin_list>
<bind>
<opcode="partselect(1002) " fcode="partselect"/>
<opset="tmp_15/2 "/>
</bind>
</comp>

<comp id="299" class="1004" name="select_ln835_1_fu_299">
<pin_list>
<pin id="300" dir="0" index="0" bw="1" slack="1"/>
<pin id="301" dir="0" index="1" bw="10" slack="0"/>
<pin id="302" dir="0" index="2" bw="10" slack="0"/>
<pin id="303" dir="1" index="3" bw="10" slack="0"/>
</pin_list>
<bind>
<opcode="select(49) " fcode="select"/>
<opset="select_ln835_1/2 "/>
</bind>
</comp>

<comp id="306" class="1004" name="select_ln835_2_fu_306">
<pin_list>
<pin id="307" dir="0" index="0" bw="1" slack="1"/>
<pin id="308" dir="0" index="1" bw="10" slack="0"/>
<pin id="309" dir="0" index="2" bw="10" slack="0"/>
<pin id="310" dir="1" index="3" bw="10" slack="0"/>
</pin_list>
<bind>
<opcode="select(49) " fcode="select"/>
<opset="select_ln835_2/2 "/>
</bind>
</comp>

<comp id="313" class="1004" name="p_0_fu_313">
<pin_list>
<pin id="314" dir="0" index="0" bw="30" slack="0"/>
<pin id="315" dir="0" index="1" bw="10" slack="0"/>
<pin id="316" dir="0" index="2" bw="10" slack="0"/>
<pin id="317" dir="0" index="3" bw="10" slack="0"/>
<pin id="318" dir="1" index="4" bw="30" slack="0"/>
</pin_list>
<bind>
<opcode="bitconcatenate(1004) " fcode="bitconcatenate"/>
<opset="p_0/2 "/>
</bind>
</comp>

<comp id="324" class="1004" name="axi_data_V_load_load_fu_324">
<pin_list>
<pin id="325" dir="0" index="0" bw="30" slack="0"/>
<pin id="326" dir="1" index="1" bw="30" slack="0"/>
</pin_list>
<bind>
<opcode="load(27) " fcode="load"/>
<opset="axi_data_V_load/1 "/>
</bind>
</comp>

<comp id="328" class="1005" name="j_reg_328">
<pin_list>
<pin id="329" dir="0" index="0" bw="11" slack="0"/>
<pin id="330" dir="1" index="1" bw="11" slack="0"/>
</pin_list>
<bind>
<opset="j "/>
</bind>
</comp>

<comp id="335" class="1005" name="axi_data_V_reg_335">
<pin_list>
<pin id="336" dir="0" index="0" bw="30" slack="0"/>
<pin id="337" dir="1" index="1" bw="30" slack="0"/>
</pin_list>
<bind>
<opset="axi_data_V "/>
</bind>
</comp>

<comp id="343" class="1005" name="axi_last_V_reg_343">
<pin_list>
<pin id="344" dir="0" index="0" bw="1" slack="0"/>
<pin id="345" dir="1" index="1" bw="1" slack="0"/>
</pin_list>
<bind>
<opset="axi_last_V "/>
</bind>
</comp>

<comp id="350" class="1005" name="cond_read_reg_350">
<pin_list>
<pin id="351" dir="0" index="0" bw="1" slack="1"/>
<pin id="352" dir="1" index="1" bw="1" slack="1"/>
</pin_list>
<bind>
<opset="cond_read "/>
</bind>
</comp>

<comp id="357" class="1005" name="icmp_ln805_reg_357">
<pin_list>
<pin id="358" dir="0" index="0" bw="1" slack="1"/>
<pin id="359" dir="1" index="1" bw="1" slack="2147483647"/>
</pin_list>
<bind>
<opset="icmp_ln805 "/>
</bind>
</comp>

<comp id="364" class="1005" name="axi_last_V_4_reg_364">
<pin_list>
<pin id="365" dir="0" index="0" bw="1" slack="1"/>
<pin id="366" dir="1" index="1" bw="1" slack="1"/>
</pin_list>
<bind>
<opset="axi_last_V_4 "/>
</bind>
</comp>

</comp_list>

<net_list>
<net id="99"><net_src comp="30" pin="0"/><net_sink comp="96" pin=0"/></net>

<net id="103"><net_src comp="30" pin="0"/><net_sink comp="100" pin=0"/></net>

<net id="107"><net_src comp="30" pin="0"/><net_sink comp="104" pin=0"/></net>

<net id="112"><net_src comp="50" pin="0"/><net_sink comp="108" pin=0"/></net>

<net id="113"><net_src comp="8" pin="0"/><net_sink comp="108" pin=1"/></net>

<net id="118"><net_src comp="52" pin="0"/><net_sink comp="114" pin=0"/></net>

<net id="119"><net_src comp="6" pin="0"/><net_sink comp="114" pin=1"/></net>

<net id="124"><net_src comp="54" pin="0"/><net_sink comp="120" pin=0"/></net>

<net id="125"><net_src comp="4" pin="0"/><net_sink comp="120" pin=1"/></net>

<net id="130"><net_src comp="50" pin="0"/><net_sink comp="126" pin=0"/></net>

<net id="131"><net_src comp="2" pin="0"/><net_sink comp="126" pin=1"/></net>

<net id="136"><net_src comp="50" pin="0"/><net_sink comp="132" pin=0"/></net>

<net id="137"><net_src comp="0" pin="0"/><net_sink comp="132" pin=1"/></net>

<net id="148"><net_src comp="76" pin="0"/><net_sink comp="138" pin=0"/></net>

<net id="149"><net_src comp="12" pin="0"/><net_sink comp="138" pin=1"/></net>

<net id="150"><net_src comp="14" pin="0"/><net_sink comp="138" pin=2"/></net>

<net id="151"><net_src comp="16" pin="0"/><net_sink comp="138" pin=3"/></net>

<net id="152"><net_src comp="18" pin="0"/><net_sink comp="138" pin=4"/></net>

<net id="153"><net_src comp="20" pin="0"/><net_sink comp="138" pin=5"/></net>

<net id="154"><net_src comp="22" pin="0"/><net_sink comp="138" pin=6"/></net>

<net id="155"><net_src comp="24" pin="0"/><net_sink comp="138" pin=7"/></net>

<net id="161"><net_src comp="90" pin="0"/><net_sink comp="156" pin=0"/></net>

<net id="162"><net_src comp="10" pin="0"/><net_sink comp="156" pin=1"/></net>

<net id="168"><net_src comp="92" pin="0"/><net_sink comp="163" pin=0"/></net>

<net id="169"><net_src comp="26" pin="0"/><net_sink comp="163" pin=1"/></net>

<net id="175"><net_src comp="94" pin="0"/><net_sink comp="170" pin=0"/></net>

<net id="176"><net_src comp="28" pin="0"/><net_sink comp="170" pin=1"/></net>

<net id="186"><net_src comp="58" pin="0"/><net_sink comp="180" pin=2"/></net>

<net id="187"><net_src comp="180" pin="4"/><net_sink comp="163" pin=2"/></net>

<net id="197"><net_src comp="58" pin="0"/><net_sink comp="191" pin=0"/></net>

<net id="198"><net_src comp="132" pin="2"/><net_sink comp="191" pin=2"/></net>

<net id="203"><net_src comp="126" pin="2"/><net_sink comp="199" pin=0"/></net>

<net id="208"><net_src comp="120" pin="2"/><net_sink comp="204" pin=0"/></net>

<net id="213"><net_src comp="56" pin="0"/><net_sink comp="209" pin=0"/></net>

<net id="221"><net_src comp="214" pin="1"/><net_sink comp="217" pin=0"/></net>

<net id="222"><net_src comp="114" pin="2"/><net_sink comp="217" pin=1"/></net>

<net id="227"><net_src comp="214" pin="1"/><net_sink comp="223" pin=0"/></net>

<net id="228"><net_src comp="68" pin="0"/><net_sink comp="223" pin=1"/></net>

<net id="233"><net_src comp="191" pin="4"/><net_sink comp="229" pin=0"/></net>

<net id="234"><net_src comp="180" pin="4"/><net_sink comp="229" pin=1"/></net>

<net id="238"><net_src comp="138" pin="8"/><net_sink comp="235" pin=0"/></net>

<net id="242"><net_src comp="138" pin="8"/><net_sink comp="239" pin=0"/></net>

<net id="246"><net_src comp="235" pin="1"/><net_sink comp="243" pin=0"/></net>

<net id="251"><net_src comp="239" pin="1"/><net_sink comp="247" pin=0"/></net>

<net id="256"><net_src comp="243" pin="1"/><net_sink comp="252" pin=0"/></net>

<net id="261"><net_src comp="223" pin="2"/><net_sink comp="257" pin=0"/></net>

<net id="274"><net_src comp="78" pin="0"/><net_sink comp="268" pin=0"/></net>

<net id="275"><net_src comp="262" pin="1"/><net_sink comp="268" pin=1"/></net>

<net id="276"><net_src comp="80" pin="0"/><net_sink comp="268" pin=2"/></net>

<net id="277"><net_src comp="82" pin="0"/><net_sink comp="268" pin=3"/></net>

<net id="281"><net_src comp="262" pin="1"/><net_sink comp="278" pin=0"/></net>

<net id="287"><net_src comp="268" pin="4"/><net_sink comp="282" pin=1"/></net>

<net id="288"><net_src comp="278" pin="1"/><net_sink comp="282" pin=2"/></net>

<net id="295"><net_src comp="78" pin="0"/><net_sink comp="289" pin=0"/></net>

<net id="296"><net_src comp="262" pin="1"/><net_sink comp="289" pin=1"/></net>

<net id="297"><net_src comp="84" pin="0"/><net_sink comp="289" pin=2"/></net>

<net id="298"><net_src comp="86" pin="0"/><net_sink comp="289" pin=3"/></net>

<net id="304"><net_src comp="278" pin="1"/><net_sink comp="299" pin=1"/></net>

<net id="305"><net_src comp="289" pin="4"/><net_sink comp="299" pin=2"/></net>

<net id="311"><net_src comp="289" pin="4"/><net_sink comp="306" pin=1"/></net>

<net id="312"><net_src comp="268" pin="4"/><net_sink comp="306" pin=2"/></net>

<net id="319"><net_src comp="88" pin="0"/><net_sink comp="313" pin=0"/></net>

<net id="320"><net_src comp="306" pin="3"/><net_sink comp="313" pin=1"/></net>

<net id="321"><net_src comp="299" pin="3"/><net_sink comp="313" pin=2"/></net>

<net id="322"><net_src comp="282" pin="3"/><net_sink comp="313" pin=3"/></net>

<net id="323"><net_src comp="313" pin="4"/><net_sink comp="156" pin=2"/></net>

<net id="327"><net_src comp="324" pin="1"/><net_sink comp="170" pin=2"/></net>

<net id="331"><net_src comp="96" pin="1"/><net_sink comp="328" pin=0"/></net>

<net id="332"><net_src comp="328" pin="1"/><net_sink comp="209" pin=1"/></net>

<net id="333"><net_src comp="328" pin="1"/><net_sink comp="214" pin=0"/></net>

<net id="334"><net_src comp="328" pin="1"/><net_sink comp="257" pin=1"/></net>

<net id="338"><net_src comp="100" pin="1"/><net_sink comp="335" pin=0"/></net>

<net id="339"><net_src comp="335" pin="1"/><net_sink comp="204" pin=1"/></net>

<net id="340"><net_src comp="335" pin="1"/><net_sink comp="252" pin=1"/></net>

<net id="341"><net_src comp="335" pin="1"/><net_sink comp="262" pin=0"/></net>

<net id="342"><net_src comp="335" pin="1"/><net_sink comp="324" pin=0"/></net>

<net id="346"><net_src comp="104" pin="1"/><net_sink comp="343" pin=0"/></net>

<net id="347"><net_src comp="343" pin="1"/><net_sink comp="199" pin=1"/></net>

<net id="348"><net_src comp="343" pin="1"/><net_sink comp="247" pin=1"/></net>

<net id="349"><net_src comp="343" pin="1"/><net_sink comp="265" pin=0"/></net>

<net id="353"><net_src comp="108" pin="2"/><net_sink comp="350" pin=0"/></net>

<net id="354"><net_src comp="350" pin="1"/><net_sink comp="282" pin=0"/></net>

<net id="355"><net_src comp="350" pin="1"/><net_sink comp="299" pin=0"/></net>

<net id="356"><net_src comp="350" pin="1"/><net_sink comp="306" pin=0"/></net>

<net id="360"><net_src comp="217" pin="2"/><net_sink comp="357" pin=0"/></net>

<net id="367"><net_src comp="265" pin="1"/><net_sink comp="364" pin=0"/></net>

<net id="368"><net_src comp="364" pin="1"/><net_sink comp="180" pin=0"/></net>

</net_list>

</model> 
---------------- Datapath Model END ------------------

* FSMD analyzer results:
  - Output states:
	Port: srcYUV | {2 }
	Port: eol_out | {1 }
	Port: axi_data_V_6_out | {1 }
 - Input state : 
	Port: AXIvideo2MultiPixStream_Pipeline_loop_width : sof_5 | {1 }
	Port: AXIvideo2MultiPixStream_Pipeline_loop_width : axi_last_V_2 | {1 }
	Port: AXIvideo2MultiPixStream_Pipeline_loop_width : axi_data_V_5 | {1 }
	Port: AXIvideo2MultiPixStream_Pipeline_loop_width : tmp_cast | {1 }
	Port: AXIvideo2MultiPixStream_Pipeline_loop_width : cond | {1 }
	Port: AXIvideo2MultiPixStream_Pipeline_loop_width : s_axis_video_V_data_V | {1 }
	Port: AXIvideo2MultiPixStream_Pipeline_loop_width : s_axis_video_V_keep_V | {1 }
	Port: AXIvideo2MultiPixStream_Pipeline_loop_width : s_axis_video_V_strb_V | {1 }
	Port: AXIvideo2MultiPixStream_Pipeline_loop_width : s_axis_video_V_user_V | {1 }
	Port: AXIvideo2MultiPixStream_Pipeline_loop_width : s_axis_video_V_last_V | {1 }
	Port: AXIvideo2MultiPixStream_Pipeline_loop_width : s_axis_video_V_id_V | {1 }
	Port: AXIvideo2MultiPixStream_Pipeline_loop_width : s_axis_video_V_dest_V | {1 }
  - Chain level:
	State 1
		store_ln0 : 1
		eol : 1
		sof : 1
		j_3 : 1
		icmp_ln805 : 2
		j_4 : 2
		br_ln805 : 3
		or_ln809 : 2
		br_ln809 : 2
		tmp_data_V : 1
		store_ln237 : 1
		store_ln237 : 2
		store_ln805 : 3
		axi_data_V_load : 1
		write_ln0 : 2
		write_ln0 : 2
	State 2
		tmp_s : 1
		trunc_ln628 : 1
		select_ln835 : 2
		tmp_15 : 1
		select_ln835_1 : 2
		select_ln835_2 : 2
		p_0 : 3
		write_ln849 : 4


============================================================
+ Verbose Summary: Datapath Resource usage 
============================================================

* Functional unit list:
|----------|-------------------------------|---------|---------|
| Operation|        Functional Unit        |    FF   |   LUT   |
|----------|-------------------------------|---------|---------|
|          |      select_ln835_fu_282      |    0    |    10   |
|  select  |     select_ln835_1_fu_299     |    0    |    10   |
|          |     select_ln835_2_fu_306     |    0    |    10   |
|----------|-------------------------------|---------|---------|
|    add   |           j_4_fu_223          |    0    |    18   |
|----------|-------------------------------|---------|---------|
|   icmp   |       icmp_ln805_fu_217       |    0    |    11   |
|----------|-------------------------------|---------|---------|
|    or    |        or_ln809_fu_229        |    0    |    2    |
|----------|-------------------------------|---------|---------|
|          |     cond_read_read_fu_108     |    0    |    0    |
|          |   tmp_cast_read_read_fu_114   |    0    |    0    |
|   read   | axi_data_V_5_read_read_fu_120 |    0    |    0    |
|          | axi_last_V_2_read_read_fu_126 |    0    |    0    |
|          |     sof_5_read_read_fu_132    |    0    |    0    |
|          |       empty_read_fu_138       |    0    |    0    |
|----------|-------------------------------|---------|---------|
|          |    write_ln849_write_fu_156   |    0    |    0    |
|   write  |     write_ln0_write_fu_163    |    0    |    0    |
|          |     write_ln0_write_fu_170    |    0    |    0    |
|----------|-------------------------------|---------|---------|
|extractvalue|         p_cast9_fu_235        |    0    |    0    |
|          |       tmp_last_V_fu_239       |    0    |    0    |
|----------|-------------------------------|---------|---------|
|   trunc  |       tmp_data_V_fu_243       |    0    |    0    |
|          |       trunc_ln628_fu_278      |    0    |    0    |
|----------|-------------------------------|---------|---------|
|partselect|          tmp_s_fu_268         |    0    |    0    |
|          |         tmp_15_fu_289         |    0    |    0    |
|----------|-------------------------------|---------|---------|
|bitconcatenate|           p_0_fu_313          |    0    |    0    |
|----------|-------------------------------|---------|---------|
|   Total  |                               |    0    |    61   |
|----------|-------------------------------|---------|---------|

Memories:
N/A

* Register list:
+--------------------+--------+
|                    |   FF   |
+--------------------+--------+
| axi_data_V_reg_335 |   30   |
|axi_last_V_4_reg_364|    1   |
| axi_last_V_reg_343 |    1   |
|  cond_read_reg_350 |    1   |
|     eol_reg_177    |    1   |
| icmp_ln805_reg_357 |    1   |
|      j_reg_328     |   11   |
|     sof_reg_188    |    1   |
+--------------------+--------+
|        Total       |   47   |
+--------------------+--------+

* Multiplexer (MUX) list: 
|--------|------|------|------|--------|
|  Comp  |  Pin | Size |  BW  | S x BW |
|--------|------|------|------|--------|
|  Total |      |      |      |    0   |
|--------|------|------|------|--------|



* Summary:
+-----------+--------+--------+
|           |   FF   |   LUT  |
+-----------+--------+--------+
|  Function |    0   |   61   |
|   Memory  |    -   |    -   |
|Multiplexer|    -   |    -   |
|  Register |   47   |    -   |
+-----------+--------+--------+
|   Total   |   47   |   61   |
+-----------+--------+--------+
