

================================================================
== Vitis HLS Report for 'AXIvideo2MultiPixStream'
================================================================
* Date:           Wed Apr  9 16:23:19 2025

* Version:        2022.2 (Build 3670227 on Oct 13 2022)
* Project:        prj
* Solution:       sol (Vivado IP Flow Target)
* Product family: zynquplus
* Target device:  xck26-sfvc784-2LV-c


================================================================
== Performance Estimates
================================================================
+ Timing: 
    * Summary: 
    +--------+---------+----------+------------+
    |  Clock |  Target | Estimated| Uncertainty|
    +--------+---------+----------+------------+
    |ap_clk  |  4.00 ns|  2.315 ns|     1.08 ns|
    +--------+---------+----------+------------+

+ Latency: 
    * Summary: 
    +---------+---------+----------+----------+-----+---------+---------+
    |  Latency (cycles) |  Latency (absolute) |    Interval   | Pipeline|
    |   min   |   max   |    min   |    max   | min |   max   |   Type  |
    +---------+---------+----------+----------+-----+---------+---------+
    |        2|  2084406|  8.000 ns|  8.338 ms|    2|  2084406|       no|
    +---------+---------+----------+----------+-----+---------+---------+

    + Detail: 
        * Instance: 
        +-----------------------------------------------------------------+------------------------------------------------------+---------+---------+-----------+----------+-----+------+---------+
        |                                                                 |                                                      |  Latency (cycles) |  Latency (absolute)  |  Interval  | Pipeline|
        |                             Instance                            |                        Module                        |   min   |   max   |    min    |    max   | min |  max |   Type  |
        +-----------------------------------------------------------------+------------------------------------------------------+---------+---------+-----------+----------+-----+------+---------+
        |grp_AXIvideo2MultiPixStream_Pipeline_loop_wait_for_start_fu_179  |AXIvideo2MultiPixStream_Pipeline_loop_wait_for_start  |        2|        2|   8.000 ns|  8.000 ns|    2|     2|       no|
        |grp_AXIvideo2MultiPixStream_Pipeline_loop_width_fu_199           |AXIvideo2MultiPixStream_Pipeline_loop_width           |        3|     1922|  12.000 ns|  7.688 us|    3|  1922|       no|
        |grp_AXIvideo2MultiPixStream_Pipeline_loop_wait_for_eol_fu_227    |AXIvideo2MultiPixStream_Pipeline_loop_wait_for_eol    |        2|        2|   8.000 ns|  8.000 ns|    2|     2|       no|
        |grp_reg_unsigned_short_s_fu_253                                  |reg_unsigned_short_s                                  |        1|        1|   4.000 ns|  4.000 ns|    1|     1|      yes|
        |grp_reg_unsigned_short_s_fu_259                                  |reg_unsigned_short_s                                  |        1|        1|   4.000 ns|  4.000 ns|    1|     1|      yes|
        +-----------------------------------------------------------------+------------------------------------------------------+---------+---------+-----------+----------+-----+------+---------+

        * Loop: 
        +---------------+---------+---------+----------+-----------+-----------+----------+----------+
        |               |  Latency (cycles) | Iteration|  Initiation Interval  |   Trip   |          |
        |   Loop Name   |   min   |   max   |  Latency |  achieved |   target  |   Count  | Pipelined|
        +---------------+---------+---------+----------+-----------+-----------+----------+----------+
        |- loop_height  |        0|  2084400|  7 ~ 1930|          -|          -|  0 ~ 1080|        no|
        +---------------+---------+---------+----------+-----------+-----------+----------+----------+

============================================================
+ Verbose Summary: Synthesis Manager
============================================================
InlineROM: 1
ExposeGlobal: 0
============================================================
+ Verbose Summary: CDFG Model
============================================================
IsTopModel: 0
ResetActiveHigh: 1
IsCombinational: 2
IsDatapathOnly: 0
HasWiredReturn: 1
HasMFsm: 0
HasVarLatency: 1
IsPipeline: 0
IsRtlPipelined: 0
IsInstanceOverlapped: 0
IsDontTouch: 0
HasImplIP: 0
IsGatedGlobalClock: 0


============================================================
+ Verbose Summary: Schedule
============================================================
* Number of FSM states : 10
* Pipeline : 0
* Dataflow Pipeline: 0

* FSM state transitions: 
1 --> 2 
2 --> 3 5 
3 --> 4 
4 --> 5 
5 --> 6 7 
6 --> 7 
7 --> 8 
8 --> 9 
9 --> 10 
10 --> 5 

* FSM state operations: 

State 1 <SV = 0> <Delay = 0.00>
ST_1 : Operation 11 [1/1] (0.00ns)   --->   "%axi_last_V_4_loc = alloca i64 1"   --->   Operation 11 'alloca' 'axi_last_V_4_loc' <Predicate = true> <Delay = 0.00>
ST_1 : Operation 12 [1/1] (0.00ns)   --->   "%axi_data_V_6_loc = alloca i64 1"   --->   Operation 12 'alloca' 'axi_data_V_6_loc' <Predicate = true> <Delay = 0.00>
ST_1 : Operation 13 [1/1] (0.00ns)   --->   "%eol_loc = alloca i64 1"   --->   Operation 13 'alloca' 'eol_loc' <Predicate = true> <Delay = 0.00>
ST_1 : Operation 14 [1/1] (0.00ns)   --->   "%axi_last_V_loc = alloca i64 1"   --->   Operation 14 'alloca' 'axi_last_V_loc' <Predicate = true> <Delay = 0.00>
ST_1 : Operation 15 [1/1] (0.00ns)   --->   "%height_read = read i16 @_ssdm_op_Read.ap_auto.i16P0A, i16 %height" [/home/pawsooon/Vivado/tor_wizyjny/prj/sol/.autopilot/db/v_tpg.cpp:782]   --->   Operation 15 'read' 'height_read' <Predicate = true> <Delay = 0.00>
ST_1 : Operation 16 [2/2] (0.00ns)   --->   "%rows = call i16 @reg<unsigned short>, i16 %height_read" [/home/pawsooon/Vivado/tor_wizyjny/prj/sol/.autopilot/db/v_tpg.cpp:782]   --->   Operation 16 'call' 'rows' <Predicate = true> <Delay = 0.00> <CoreType = "Generic">   --->   Core 0 '' <Latency = 0> <II = 1> <Delay = 1.00> <Generic> <Opcode : >
ST_1 : Operation 17 [1/1] (0.00ns)   --->   "%width_read = read i16 @_ssdm_op_Read.ap_auto.i16P0A, i16 %width" [/home/pawsooon/Vivado/tor_wizyjny/prj/sol/.autopilot/db/v_tpg.cpp:783]   --->   Operation 17 'read' 'width_read' <Predicate = true> <Delay = 0.00>
ST_1 : Operation 18 [2/2] (0.00ns)   --->   "%cols = call i16 @reg<unsigned short>, i16 %width_read" [/home/pawsooon/Vivado/tor_wizyjny/prj/sol/.autopilot/db/v_tpg.cpp:783]   --->   Operation 18 'call' 'cols' <Predicate = true> <Delay = 0.00> <CoreType = "Generic">   --->   Core 0 '' <Latency = 0> <II = 1> <Delay = 1.00> <Generic> <Opcode : >

State 2 <SV = 1> <Delay = 1.27>
ST_2 : Operation 19 [1/1] (0.00ns)   --->   "%specaxissidechannel_ln0 = specaxissidechannel void @_ssdm_op_SpecAXISSideChannel, i32 %s_axis_video_V_data_V, i4 %s_axis_video_V_keep_V, i4 %s_axis_video_V_strb_V, i1 %s_axis_video_V_user_V, i1 %s_axis_video_V_last_V, i1 %s_axis_video_V_id_V, i1 %s_axis_video_V_dest_V, void @empty_6"   --->   Operation 19 'specaxissidechannel' 'specaxissidechannel_ln0' <Predicate = true> <Delay = 0.00>
ST_2 : Operation 20 [1/1] (0.00ns)   --->   "%specstablecontent_ln0 = specstablecontent void @_ssdm_op_SpecStableContent, i8 %colorFormat, void "   --->   Operation 20 'specstablecontent' 'specstablecontent_ln0' <Predicate = true> <Delay = 0.00>
ST_2 : Operation 21 [1/1] (0.00ns)   --->   "%specstablecontent_ln0 = specstablecontent void @_ssdm_op_SpecStableContent, i8 %enableInput, void "   --->   Operation 21 'specstablecontent' 'specstablecontent_ln0' <Predicate = true> <Delay = 0.00>
ST_2 : Operation 22 [1/1] (0.00ns)   --->   "%specstablecontent_ln0 = specstablecontent void @_ssdm_op_SpecStableContent, i16 %height, void "   --->   Operation 22 'specstablecontent' 'specstablecontent_ln0' <Predicate = true> <Delay = 0.00>
ST_2 : Operation 23 [1/1] (0.00ns)   --->   "%specstablecontent_ln0 = specstablecontent void @_ssdm_op_SpecStableContent, i16 %width, void "   --->   Operation 23 'specstablecontent' 'specstablecontent_ln0' <Predicate = true> <Delay = 0.00>
ST_2 : Operation 24 [1/1] (0.00ns)   --->   "%specinterface_ln0 = specinterface void @_ssdm_op_SpecInterface, i30 %srcYUV, void @empty_5, i32 0, i32 0, void @empty_7, i32 0, i32 0, void @empty_7, void @empty_7, void @empty_7, i32 0, i32 0, i32 0, i32 0, void @empty_7, void @empty_7, i32 4294967295, i32 0"   --->   Operation 24 'specinterface' 'specinterface_ln0' <Predicate = true> <Delay = 0.00>
ST_2 : Operation 25 [1/1] (0.00ns)   --->   "%specinterface_ln0 = specinterface void @_ssdm_op_SpecInterface, i32 %s_axis_video_V_data_V, i4 %s_axis_video_V_keep_V, i4 %s_axis_video_V_strb_V, i1 %s_axis_video_V_user_V, i1 %s_axis_video_V_last_V, i1 %s_axis_video_V_id_V, i1 %s_axis_video_V_dest_V, void @empty_31, i32 0, i32 0, void @empty_20, i32 0, i32 0, void @empty_7, void @empty_7, void @empty_7, i32 0, i32 0, i32 0, i32 0, void @empty_7, void @empty_7, i32 4294967295, i32 0"   --->   Operation 25 'specinterface' 'specinterface_ln0' <Predicate = true> <Delay = 0.00>
ST_2 : Operation 26 [1/2] (0.00ns)   --->   "%rows = call i16 @reg<unsigned short>, i16 %height_read" [/home/pawsooon/Vivado/tor_wizyjny/prj/sol/.autopilot/db/v_tpg.cpp:782]   --->   Operation 26 'call' 'rows' <Predicate = true> <Delay = 0.00> <CoreType = "Generic">   --->   Core 0 '' <Latency = 0> <II = 1> <Delay = 1.00> <Generic> <Opcode : >
ST_2 : Operation 27 [1/1] (0.00ns)   --->   "%trunc_ln782 = trunc i16 %rows" [/home/pawsooon/Vivado/tor_wizyjny/prj/sol/.autopilot/db/v_tpg.cpp:782]   --->   Operation 27 'trunc' 'trunc_ln782' <Predicate = true> <Delay = 0.00>
ST_2 : Operation 28 [1/2] (0.00ns)   --->   "%cols = call i16 @reg<unsigned short>, i16 %width_read" [/home/pawsooon/Vivado/tor_wizyjny/prj/sol/.autopilot/db/v_tpg.cpp:783]   --->   Operation 28 'call' 'cols' <Predicate = true> <Delay = 0.00> <CoreType = "Generic">   --->   Core 0 '' <Latency = 0> <II = 1> <Delay = 1.00> <Generic> <Opcode : >
ST_2 : Operation 29 [1/1] (0.00ns)   --->   "%empty = trunc i16 %cols" [/home/pawsooon/Vivado/tor_wizyjny/prj/sol/.autopilot/db/v_tpg.cpp:783]   --->   Operation 29 'trunc' 'empty' <Predicate = true> <Delay = 0.00>
ST_2 : Operation 30 [1/1] (0.00ns)   --->   "%enableInput_read = read i8 @_ssdm_op_Read.ap_auto.i8P0A, i8 %enableInput" [/home/pawsooon/Vivado/tor_wizyjny/prj/sol/.autopilot/db/v_tpg.cpp:789]   --->   Operation 30 'read' 'enableInput_read' <Predicate = true> <Delay = 0.00>
ST_2 : Operation 31 [1/1] (0.84ns)   --->   "%icmp_ln789 = icmp_eq  i8 %enableInput_read, i8 0" [/home/pawsooon/Vivado/tor_wizyjny/prj/sol/.autopilot/db/v_tpg.cpp:789]   --->   Operation 31 'icmp' 'icmp_ln789' <Predicate = true> <Delay = 0.84> <CoreInst = "Cmp">   --->   Core 9 'Cmp' <Latency = 0> <II = 1> <Delay = 0.84> <FuncUnit> <Opcode : 'icmp'> <InPorts = 2> <OutPorts = 1>
ST_2 : Operation 32 [1/1] (0.00ns)   --->   "%br_ln789 = br i1 %icmp_ln789, void %while.cond.preheader, void %if.end72" [/home/pawsooon/Vivado/tor_wizyjny/prj/sol/.autopilot/db/v_tpg.cpp:789]   --->   Operation 32 'br' 'br_ln789' <Predicate = true> <Delay = 0.00>
ST_2 : Operation 33 [1/1] (0.00ns)   --->   "%i = alloca i32 1"   --->   Operation 33 'alloca' 'i' <Predicate = (!icmp_ln789)> <Delay = 0.00>
ST_2 : Operation 34 [1/1] (0.00ns)   --->   "%axi_data_V_5 = alloca i32 1"   --->   Operation 34 'alloca' 'axi_data_V_5' <Predicate = (!icmp_ln789)> <Delay = 0.00>
ST_2 : Operation 35 [1/1] (0.00ns)   --->   "%sof = alloca i32 1"   --->   Operation 35 'alloca' 'sof' <Predicate = (!icmp_ln789)> <Delay = 0.00>
ST_2 : Operation 36 [1/1] (0.00ns)   --->   "%empty_146 = wait i32 @_ssdm_op_Wait"   --->   Operation 36 'wait' 'empty_146' <Predicate = (!icmp_ln789)> <Delay = 0.00>
ST_2 : Operation 37 [2/2] (0.42ns)   --->   "%call_ln0 = call void @AXIvideo2MultiPixStream_Pipeline_loop_wait_for_start, i32 %s_axis_video_V_data_V, i4 %s_axis_video_V_keep_V, i4 %s_axis_video_V_strb_V, i1 %s_axis_video_V_user_V, i1 %s_axis_video_V_last_V, i1 %s_axis_video_V_id_V, i1 %s_axis_video_V_dest_V, i30 %axi_data_V_5, i1 %axi_last_V_loc"   --->   Operation 37 'call' 'call_ln0' <Predicate = (!icmp_ln789)> <Delay = 0.42> <CoreType = "Generic">   --->   Core 0 '' <Latency = 0> <II = 1> <Delay = 1.00> <Generic> <Opcode : >
ST_2 : Operation 38 [1/1] (0.42ns)   --->   "%store_ln800 = store i1 1, i1 %sof" [/home/pawsooon/Vivado/tor_wizyjny/prj/sol/.autopilot/db/v_tpg.cpp:800]   --->   Operation 38 'store' 'store_ln800' <Predicate = (!icmp_ln789)> <Delay = 0.42>
ST_2 : Operation 39 [1/1] (0.42ns)   --->   "%store_ln800 = store i11 0, i11 %i" [/home/pawsooon/Vivado/tor_wizyjny/prj/sol/.autopilot/db/v_tpg.cpp:800]   --->   Operation 39 'store' 'store_ln800' <Predicate = (!icmp_ln789)> <Delay = 0.42>

State 3 <SV = 2> <Delay = 0.00>
ST_3 : Operation 40 [1/2] (0.00ns)   --->   "%call_ln0 = call void @AXIvideo2MultiPixStream_Pipeline_loop_wait_for_start, i32 %s_axis_video_V_data_V, i4 %s_axis_video_V_keep_V, i4 %s_axis_video_V_strb_V, i1 %s_axis_video_V_user_V, i1 %s_axis_video_V_last_V, i1 %s_axis_video_V_id_V, i1 %s_axis_video_V_dest_V, i30 %axi_data_V_5, i1 %axi_last_V_loc"   --->   Operation 40 'call' 'call_ln0' <Predicate = true> <Delay = 0.00> <CoreType = "Generic">   --->   Core 0 '' <Latency = 0> <II = 1> <Delay = 1.00> <Generic> <Opcode : >

State 4 <SV = 3> <Delay = 0.94>
ST_4 : Operation 41 [1/1] (0.00ns)   --->   "%axi_last_V_loc_load = load i1 %axi_last_V_loc"   --->   Operation 41 'load' 'axi_last_V_loc_load' <Predicate = true> <Delay = 0.00>
ST_4 : Operation 42 [1/1] (0.00ns)   --->   "%empty_147 = wait i32 @_ssdm_op_Wait"   --->   Operation 42 'wait' 'empty_147' <Predicate = true> <Delay = 0.00>
ST_4 : Operation 43 [1/1] (0.00ns)   --->   "%colorFormat_read = read i8 @_ssdm_op_Read.ap_auto.i8P0A, i8 %colorFormat"   --->   Operation 43 'read' 'colorFormat_read' <Predicate = true> <Delay = 0.00>
ST_4 : Operation 44 [1/1] (0.94ns)   --->   "%cmp9454 = icmp_eq  i11 %empty, i11 0" [/home/pawsooon/Vivado/tor_wizyjny/prj/sol/.autopilot/db/v_tpg.cpp:783]   --->   Operation 44 'icmp' 'cmp9454' <Predicate = true> <Delay = 0.94> <CoreInst = "Cmp">   --->   Core 9 'Cmp' <Latency = 0> <II = 1> <Delay = 0.94> <FuncUnit> <Opcode : 'icmp'> <InPorts = 2> <OutPorts = 1>
ST_4 : Operation 45 [1/1] (0.84ns)   --->   "%cond = icmp_eq  i8 %colorFormat_read, i8 0"   --->   Operation 45 'icmp' 'cond' <Predicate = true> <Delay = 0.84> <CoreInst = "Cmp">   --->   Core 9 'Cmp' <Latency = 0> <II = 1> <Delay = 0.84> <FuncUnit> <Opcode : 'icmp'> <InPorts = 2> <OutPorts = 1>
ST_4 : Operation 46 [1/1] (0.42ns)   --->   "%br_ln800 = br void %loop_width" [/home/pawsooon/Vivado/tor_wizyjny/prj/sol/.autopilot/db/v_tpg.cpp:800]   --->   Operation 46 'br' 'br_ln800' <Predicate = true> <Delay = 0.42>

State 5 <SV = 4> <Delay = 2.31>
ST_5 : Operation 47 [1/1] (0.00ns)   --->   "%axi_last_V_2 = phi i1 %axi_last_V_loc_load, void %while.cond.preheader, i1 %axi_last_V_4_loc_load, void %loop_wait_for_eol"   --->   Operation 47 'phi' 'axi_last_V_2' <Predicate = (!icmp_ln789)> <Delay = 0.00>
ST_5 : Operation 48 [1/1] (0.00ns)   --->   "%i_3 = load i11 %i" [/home/pawsooon/Vivado/tor_wizyjny/prj/sol/.autopilot/db/v_tpg.cpp:800]   --->   Operation 48 'load' 'i_3' <Predicate = (!icmp_ln789)> <Delay = 0.00>
ST_5 : Operation 49 [1/1] (0.00ns)   --->   "%axi_data_V = load i30 %axi_data_V_5"   --->   Operation 49 'load' 'axi_data_V' <Predicate = (!icmp_ln789)> <Delay = 0.00>
ST_5 : Operation 50 [1/1] (0.94ns)   --->   "%icmp_ln800 = icmp_eq  i11 %i_3, i11 %trunc_ln782" [/home/pawsooon/Vivado/tor_wizyjny/prj/sol/.autopilot/db/v_tpg.cpp:800]   --->   Operation 50 'icmp' 'icmp_ln800' <Predicate = (!icmp_ln789)> <Delay = 0.94> <CoreInst = "Cmp">   --->   Core 9 'Cmp' <Latency = 0> <II = 1> <Delay = 0.94> <FuncUnit> <Opcode : 'icmp'> <InPorts = 2> <OutPorts = 1>
ST_5 : Operation 51 [1/1] (0.00ns)   --->   "%speclooptripcount_ln0 = speclooptripcount void @_ssdm_op_SpecLoopTripCount, i64 0, i64 1080, i64 0"   --->   Operation 51 'speclooptripcount' 'speclooptripcount_ln0' <Predicate = (!icmp_ln789)> <Delay = 0.00>
ST_5 : Operation 52 [1/1] (0.79ns)   --->   "%i_4 = add i11 %i_3, i11 1" [/home/pawsooon/Vivado/tor_wizyjny/prj/sol/.autopilot/db/v_tpg.cpp:800]   --->   Operation 52 'add' 'i_4' <Predicate = (!icmp_ln789)> <Delay = 0.79> <CoreInst = "Adder">   --->   Core 1 'Adder' <Latency = 0> <II = 1> <Delay = 0.79> <FuncUnit> <Opcode : 'add' 'sub'> <InPorts = 2> <OutPorts = 1>
ST_5 : Operation 53 [1/1] (0.00ns)   --->   "%br_ln800 = br i1 %icmp_ln800, void %loop_width.split, void %if.end72.loopexit" [/home/pawsooon/Vivado/tor_wizyjny/prj/sol/.autopilot/db/v_tpg.cpp:800]   --->   Operation 53 'br' 'br_ln800' <Predicate = (!icmp_ln789)> <Delay = 0.00>
ST_5 : Operation 54 [1/1] (0.00ns)   --->   "%specloopname_ln780 = specloopname void @_ssdm_op_SpecLoopName, void @empty_27" [/home/pawsooon/Vivado/tor_wizyjny/prj/sol/.autopilot/db/v_tpg.cpp:780]   --->   Operation 54 'specloopname' 'specloopname_ln780' <Predicate = (!icmp_ln789 & !icmp_ln800)> <Delay = 0.00>
ST_5 : Operation 55 [1/1] (0.42ns)   --->   "%br_ln805 = br i1 %cmp9454, void %for.body11.preheader, void %loop_wait_for_eol" [/home/pawsooon/Vivado/tor_wizyjny/prj/sol/.autopilot/db/v_tpg.cpp:805]   --->   Operation 55 'br' 'br_ln805' <Predicate = (!icmp_ln789 & !icmp_ln800)> <Delay = 0.42>
ST_5 : Operation 56 [1/1] (0.00ns)   --->   "%sof_load = load i1 %sof"   --->   Operation 56 'load' 'sof_load' <Predicate = (!icmp_ln789 & !icmp_ln800 & !cmp9454)> <Delay = 0.00>
ST_5 : Operation 57 [1/1] (0.00ns)   --->   "%empty_148 = wait i32 @_ssdm_op_Wait"   --->   Operation 57 'wait' 'empty_148' <Predicate = (!icmp_ln789 & !icmp_ln800 & !cmp9454)> <Delay = 0.00>
ST_5 : Operation 58 [2/2] (1.37ns)   --->   "%call_ln783 = call void @AXIvideo2MultiPixStream_Pipeline_loop_width, i1 %sof_load, i1 %axi_last_V_2, i30 %axi_data_V, i11 %empty, i1 %cond, i30 %srcYUV, i32 %s_axis_video_V_data_V, i4 %s_axis_video_V_keep_V, i4 %s_axis_video_V_strb_V, i1 %s_axis_video_V_user_V, i1 %s_axis_video_V_last_V, i1 %s_axis_video_V_id_V, i1 %s_axis_video_V_dest_V, i1 %eol_loc, i30 %axi_data_V_6_loc" [/home/pawsooon/Vivado/tor_wizyjny/prj/sol/.autopilot/db/v_tpg.cpp:783]   --->   Operation 58 'call' 'call_ln783' <Predicate = (!icmp_ln789 & !icmp_ln800 & !cmp9454)> <Delay = 1.37> <CoreType = "Generic">   --->   Core 0 '' <Latency = 0> <II = 1> <Delay = 1.00> <Generic> <Opcode : >
ST_5 : Operation 59 [1/1] (0.00ns)   --->   "%br_ln0 = br void %if.end72"   --->   Operation 59 'br' 'br_ln0' <Predicate = (!icmp_ln789 & icmp_ln800)> <Delay = 0.00>
ST_5 : Operation 60 [1/1] (0.00ns)   --->   "%ret_ln0 = ret"   --->   Operation 60 'ret' 'ret_ln0' <Predicate = (icmp_ln800) | (icmp_ln789)> <Delay = 0.00>

State 6 <SV = 5> <Delay = 1.37>
ST_6 : Operation 61 [1/2] (1.37ns)   --->   "%call_ln783 = call void @AXIvideo2MultiPixStream_Pipeline_loop_width, i1 %sof_load, i1 %axi_last_V_2, i30 %axi_data_V, i11 %empty, i1 %cond, i30 %srcYUV, i32 %s_axis_video_V_data_V, i4 %s_axis_video_V_keep_V, i4 %s_axis_video_V_strb_V, i1 %s_axis_video_V_user_V, i1 %s_axis_video_V_last_V, i1 %s_axis_video_V_id_V, i1 %s_axis_video_V_dest_V, i1 %eol_loc, i30 %axi_data_V_6_loc" [/home/pawsooon/Vivado/tor_wizyjny/prj/sol/.autopilot/db/v_tpg.cpp:783]   --->   Operation 61 'call' 'call_ln783' <Predicate = true> <Delay = 1.37> <CoreType = "Generic">   --->   Core 0 '' <Latency = 0> <II = 1> <Delay = 1.00> <Generic> <Opcode : >

State 7 <SV = 6> <Delay = 0.42>
ST_7 : Operation 62 [1/1] (0.00ns)   --->   "%eol_loc_load = load i1 %eol_loc"   --->   Operation 62 'load' 'eol_loc_load' <Predicate = (!cmp9454)> <Delay = 0.00>
ST_7 : Operation 63 [1/1] (0.00ns)   --->   "%axi_data_V_6_loc_load = load i30 %axi_data_V_6_loc"   --->   Operation 63 'load' 'axi_data_V_6_loc_load' <Predicate = (!cmp9454)> <Delay = 0.00>
ST_7 : Operation 64 [1/1] (0.00ns)   --->   "%empty_149 = wait i32 @_ssdm_op_Wait"   --->   Operation 64 'wait' 'empty_149' <Predicate = (!cmp9454)> <Delay = 0.00>
ST_7 : Operation 65 [1/1] (0.42ns)   --->   "%store_ln0 = store i1 0, i1 %sof"   --->   Operation 65 'store' 'store_ln0' <Predicate = (!cmp9454)> <Delay = 0.42>
ST_7 : Operation 66 [1/1] (0.42ns)   --->   "%br_ln0 = br void %loop_wait_for_eol"   --->   Operation 66 'br' 'br_ln0' <Predicate = (!cmp9454)> <Delay = 0.42>
ST_7 : Operation 67 [1/1] (0.42ns)   --->   "%store_ln800 = store i11 %i_4, i11 %i" [/home/pawsooon/Vivado/tor_wizyjny/prj/sol/.autopilot/db/v_tpg.cpp:800]   --->   Operation 67 'store' 'store_ln800' <Predicate = true> <Delay = 0.42>

State 8 <SV = 7> <Delay = 0.85>
ST_8 : Operation 68 [1/1] (0.00ns)   --->   "%axi_data_2_lcssa = phi i30 %axi_data_V_6_loc_load, void %for.body11.preheader, i30 %axi_data_V, void %loop_width.split"   --->   Operation 68 'phi' 'axi_data_2_lcssa' <Predicate = true> <Delay = 0.00>
ST_8 : Operation 69 [1/1] (0.00ns)   --->   "%axi_last_2_lcssa = phi i1 %eol_loc_load, void %for.body11.preheader, i1 %axi_last_V_2, void %loop_width.split"   --->   Operation 69 'phi' 'axi_last_2_lcssa' <Predicate = true> <Delay = 0.00>
ST_8 : Operation 70 [1/1] (0.00ns)   --->   "%eol_0_lcssa = phi i1 %eol_loc_load, void %for.body11.preheader, i1 0, void %loop_width.split"   --->   Operation 70 'phi' 'eol_0_lcssa' <Predicate = true> <Delay = 0.00>
ST_8 : Operation 71 [1/1] (0.00ns)   --->   "%empty_150 = wait i32 @_ssdm_op_Wait"   --->   Operation 71 'wait' 'empty_150' <Predicate = true> <Delay = 0.00>
ST_8 : Operation 72 [2/2] (0.85ns)   --->   "%call_ln0 = call void @AXIvideo2MultiPixStream_Pipeline_loop_wait_for_eol, i30 %axi_data_2_lcssa, i1 %axi_last_2_lcssa, i1 %eol_0_lcssa, i32 %s_axis_video_V_data_V, i4 %s_axis_video_V_keep_V, i4 %s_axis_video_V_strb_V, i1 %s_axis_video_V_user_V, i1 %s_axis_video_V_last_V, i1 %s_axis_video_V_id_V, i1 %s_axis_video_V_dest_V, i30 %axi_data_V_5, i1 %axi_last_V_4_loc"   --->   Operation 72 'call' 'call_ln0' <Predicate = true> <Delay = 0.85> <CoreType = "Generic">   --->   Core 0 '' <Latency = 0> <II = 1> <Delay = 1.00> <Generic> <Opcode : >

State 9 <SV = 8> <Delay = 0.42>
ST_9 : Operation 73 [1/2] (0.42ns)   --->   "%call_ln0 = call void @AXIvideo2MultiPixStream_Pipeline_loop_wait_for_eol, i30 %axi_data_2_lcssa, i1 %axi_last_2_lcssa, i1 %eol_0_lcssa, i32 %s_axis_video_V_data_V, i4 %s_axis_video_V_keep_V, i4 %s_axis_video_V_strb_V, i1 %s_axis_video_V_user_V, i1 %s_axis_video_V_last_V, i1 %s_axis_video_V_id_V, i1 %s_axis_video_V_dest_V, i30 %axi_data_V_5, i1 %axi_last_V_4_loc"   --->   Operation 73 'call' 'call_ln0' <Predicate = true> <Delay = 0.42> <CoreType = "Generic">   --->   Core 0 '' <Latency = 0> <II = 1> <Delay = 1.00> <Generic> <Opcode : >

State 10 <SV = 9> <Delay = 0.00>
ST_10 : Operation 74 [1/1] (0.00ns)   --->   "%axi_last_V_4_loc_load = load i1 %axi_last_V_4_loc"   --->   Operation 74 'load' 'axi_last_V_4_loc_load' <Predicate = true> <Delay = 0.00>
ST_10 : Operation 75 [1/1] (0.00ns)   --->   "%br_ln800 = br void %loop_width" [/home/pawsooon/Vivado/tor_wizyjny/prj/sol/.autopilot/db/v_tpg.cpp:800]   --->   Operation 75 'br' 'br_ln800' <Predicate = true> <Delay = 0.00>


============================================================
+ Verbose Summary: Binding
============================================================
STG Binding: 
---------------- STG Properties BEGIN ----------------
- Is combinational: 0
- Is one-state seq: 0
- Is datapath-only: 0
- Is pipelined: 0
- Is top level: 0
Port [ Return ] is wired: 1; IO mode=ap_ctrl_hs:ce=0
Port [ s_axis_video_V_data_V]:  wired=1; compound=1; hidden=0; nouse=0; global=0; static=0; extern=0; dir=0; type=0; pingpong=0; private_global=0; IO mode=axis:ce=0
Port [ s_axis_video_V_keep_V]:  wired=1; compound=1; hidden=0; nouse=0; global=0; static=0; extern=0; dir=0; type=0; pingpong=0; private_global=0; IO mode=axis:ce=0
Port [ s_axis_video_V_strb_V]:  wired=1; compound=1; hidden=0; nouse=0; global=0; static=0; extern=0; dir=0; type=0; pingpong=0; private_global=0; IO mode=axis:ce=0
Port [ s_axis_video_V_user_V]:  wired=1; compound=1; hidden=0; nouse=0; global=0; static=0; extern=0; dir=0; type=0; pingpong=0; private_global=0; IO mode=axis:ce=0
Port [ s_axis_video_V_last_V]:  wired=1; compound=1; hidden=0; nouse=0; global=0; static=0; extern=0; dir=0; type=0; pingpong=0; private_global=0; IO mode=axis:ce=0
Port [ s_axis_video_V_id_V]:  wired=1; compound=1; hidden=0; nouse=0; global=0; static=0; extern=0; dir=0; type=0; pingpong=0; private_global=0; IO mode=axis:ce=0
Port [ s_axis_video_V_dest_V]:  wired=1; compound=1; hidden=0; nouse=0; global=0; static=0; extern=0; dir=0; type=0; pingpong=0; private_global=0; IO mode=axis:ce=0
Port [ srcYUV]:  wired=1; compound=1; hidden=0; nouse=0; global=0; static=0; extern=0; dir=1; type=3; pingpong=0; private_global=0; IO mode=ap_fifo:ce=0
Port [ enableInput]:  wired=1; compound=0; hidden=0; nouse=0; global=0; static=0; extern=0; dir=0; type=0; pingpong=0; private_global=0; IO mode=ap_stable:ce=0
Port [ height]:  wired=1; compound=0; hidden=0; nouse=0; global=0; static=0; extern=0; dir=0; type=0; pingpong=0; private_global=0; IO mode=ap_stable:ce=0
Port [ width]:  wired=1; compound=0; hidden=0; nouse=0; global=0; static=0; extern=0; dir=0; type=0; pingpong=0; private_global=0; IO mode=ap_stable:ce=0
Port [ colorFormat]:  wired=1; compound=0; hidden=0; nouse=0; global=0; static=0; extern=0; dir=0; type=0; pingpong=0; private_global=0; IO mode=ap_stable:ce=0
---------------- STG Properties END ------------------

---------------- Datapath Model BEGIN ----------------

<LifeTime>
<method=bitvector/>
axi_last_V_4_loc        (alloca             ) [ 00111111111]
axi_data_V_6_loc        (alloca             ) [ 00111111111]
eol_loc                 (alloca             ) [ 00111111111]
axi_last_V_loc          (alloca             ) [ 00111000000]
height_read             (read               ) [ 00000000000]
width_read              (read               ) [ 00000000000]
specaxissidechannel_ln0 (specaxissidechannel) [ 00000000000]
specstablecontent_ln0   (specstablecontent  ) [ 00000000000]
specstablecontent_ln0   (specstablecontent  ) [ 00000000000]
specstablecontent_ln0   (specstablecontent  ) [ 00000000000]
specstablecontent_ln0   (specstablecontent  ) [ 00000000000]
specinterface_ln0       (specinterface      ) [ 00000000000]
specinterface_ln0       (specinterface      ) [ 00000000000]
rows                    (call               ) [ 00000000000]
trunc_ln782             (trunc              ) [ 00011111111]
cols                    (call               ) [ 00000000000]
empty                   (trunc              ) [ 00011111111]
enableInput_read        (read               ) [ 00000000000]
icmp_ln789              (icmp               ) [ 00111111111]
br_ln789                (br                 ) [ 00000000000]
i                       (alloca             ) [ 00111111111]
axi_data_V_5            (alloca             ) [ 00111111111]
sof                     (alloca             ) [ 00111111111]
empty_146               (wait               ) [ 00000000000]
store_ln800             (store              ) [ 00000000000]
store_ln800             (store              ) [ 00000000000]
call_ln0                (call               ) [ 00000000000]
axi_last_V_loc_load     (load               ) [ 00001111111]
empty_147               (wait               ) [ 00000000000]
colorFormat_read        (read               ) [ 00000000000]
cmp9454                 (icmp               ) [ 00000111111]
cond                    (icmp               ) [ 00000111111]
br_ln800                (br                 ) [ 00001111111]
axi_last_V_2            (phi                ) [ 00000111100]
i_3                     (load               ) [ 00000000000]
axi_data_V              (load               ) [ 00000111111]
icmp_ln800              (icmp               ) [ 00000111111]
speclooptripcount_ln0   (speclooptripcount  ) [ 00000000000]
i_4                     (add                ) [ 00000011000]
br_ln800                (br                 ) [ 00000000000]
specloopname_ln780      (specloopname       ) [ 00000000000]
br_ln805                (br                 ) [ 00000111111]
sof_load                (load               ) [ 00000010000]
empty_148               (wait               ) [ 00000000000]
br_ln0                  (br                 ) [ 00000000000]
ret_ln0                 (ret                ) [ 00000000000]
call_ln783              (call               ) [ 00000000000]
eol_loc_load            (load               ) [ 00000111111]
axi_data_V_6_loc_load   (load               ) [ 00000111111]
empty_149               (wait               ) [ 00000000000]
store_ln0               (store              ) [ 00000000000]
br_ln0                  (br                 ) [ 00000111111]
store_ln800             (store              ) [ 00000000000]
axi_data_2_lcssa        (phi                ) [ 00000000110]
axi_last_2_lcssa        (phi                ) [ 00000000110]
eol_0_lcssa             (phi                ) [ 00000000110]
empty_150               (wait               ) [ 00000000000]
call_ln0                (call               ) [ 00000000000]
axi_last_V_4_loc_load   (load               ) [ 00001111111]
br_ln800                (br                 ) [ 00001111111]
</LifeTime>

<model>

<comp_list>
<comp id="0" class="1000" name="s_axis_video_V_data_V">
<pin_list>
<pin id="1" dir="1" index="0" bw="1" slack="0"/>
</pin_list>
<bind>
<StgValue><ssdm name="s_axis_video_V_data_V"/></StgValue>
</bind>
</comp>

<comp id="2" class="1000" name="s_axis_video_V_keep_V">
<pin_list>
<pin id="3" dir="1" index="0" bw="1" slack="0"/>
</pin_list>
<bind>
<StgValue><ssdm name="s_axis_video_V_keep_V"/></StgValue>
</bind>
</comp>

<comp id="4" class="1000" name="s_axis_video_V_strb_V">
<pin_list>
<pin id="5" dir="1" index="0" bw="1" slack="0"/>
</pin_list>
<bind>
<StgValue><ssdm name="s_axis_video_V_strb_V"/></StgValue>
</bind>
</comp>

<comp id="6" class="1000" name="s_axis_video_V_user_V">
<pin_list>
<pin id="7" dir="1" index="0" bw="1" slack="0"/>
</pin_list>
<bind>
<StgValue><ssdm name="s_axis_video_V_user_V"/></StgValue>
</bind>
</comp>

<comp id="8" class="1000" name="s_axis_video_V_last_V">
<pin_list>
<pin id="9" dir="1" index="0" bw="1" slack="0"/>
</pin_list>
<bind>
<StgValue><ssdm name="s_axis_video_V_last_V"/></StgValue>
</bind>
</comp>

<comp id="10" class="1000" name="s_axis_video_V_id_V">
<pin_list>
<pin id="11" dir="1" index="0" bw="1" slack="0"/>
</pin_list>
<bind>
<StgValue><ssdm name="s_axis_video_V_id_V"/></StgValue>
</bind>
</comp>

<comp id="12" class="1000" name="s_axis_video_V_dest_V">
<pin_list>
<pin id="13" dir="1" index="0" bw="1" slack="0"/>
</pin_list>
<bind>
<StgValue><ssdm name="s_axis_video_V_dest_V"/></StgValue>
</bind>
</comp>

<comp id="14" class="1000" name="srcYUV">
<pin_list>
<pin id="15" dir="1" index="0" bw="1" slack="0"/>
</pin_list>
<bind>
<StgValue><ssdm name="srcYUV"/></StgValue>
</bind>
</comp>

<comp id="16" class="1000" name="enableInput">
<pin_list>
<pin id="17" dir="1" index="0" bw="1" slack="0"/>
</pin_list>
<bind>
<StgValue><ssdm name="enableInput"/></StgValue>
</bind>
</comp>

<comp id="18" class="1000" name="height">
<pin_list>
<pin id="19" dir="1" index="0" bw="1" slack="0"/>
</pin_list>
<bind>
<StgValue><ssdm name="height"/></StgValue>
</bind>
</comp>

<comp id="20" class="1000" name="width">
<pin_list>
<pin id="21" dir="1" index="0" bw="1" slack="0"/>
</pin_list>
<bind>
<StgValue><ssdm name="width"/></StgValue>
</bind>
</comp>

<comp id="22" class="1000" name="colorFormat">
<pin_list>
<pin id="23" dir="1" index="0" bw="1" slack="0"/>
</pin_list>
<bind>
<StgValue><ssdm name="colorFormat"/></StgValue>
</bind>
</comp>

<comp id="24" class="1001" name="const_24">
<pin_list>
<pin id="25" dir="1" index="0" bw="1" slack="0"/>
</pin_list>
<bind>
<StgValue><ssdm name=""/></StgValue>
</bind>
</comp>

<comp id="26" class="1001" name="const_26">
<pin_list>
<pin id="27" dir="1" index="0" bw="1" slack="0"/>
</pin_list>
<bind>
<StgValue><ssdm name="_ssdm_op_Read.ap_auto.i16P0A"/></StgValue>
</bind>
</comp>

<comp id="28" class="1001" name="const_28">
<pin_list>
<pin id="29" dir="1" index="0" bw="1" slack="0"/>
</pin_list>
<bind>
<StgValue><ssdm name="reg<unsigned short>"/></StgValue>
</bind>
</comp>

<comp id="30" class="1001" name="const_30">
<pin_list>
<pin id="31" dir="1" index="0" bw="1" slack="2147483647"/>
</pin_list>
<bind>
<StgValue><ssdm name="_ssdm_op_SpecAXISSideChannel"/></StgValue>
</bind>
</comp>

<comp id="32" class="1001" name="const_32">
<pin_list>
<pin id="33" dir="1" index="0" bw="1" slack="2147483647"/>
</pin_list>
<bind>
<StgValue><ssdm name="empty_6"/></StgValue>
</bind>
</comp>

<comp id="34" class="1001" name="const_34">
<pin_list>
<pin id="35" dir="1" index="0" bw="1" slack="2147483647"/>
</pin_list>
<bind>
<StgValue><ssdm name="_ssdm_op_SpecStableContent"/></StgValue>
</bind>
</comp>

<comp id="36" class="1001" name="const_36">
<pin_list>
<pin id="37" dir="1" index="0" bw="1" slack="2147483647"/>
</pin_list>
<bind>
<StgValue><ssdm name=""/></StgValue>
</bind>
</comp>

<comp id="38" class="1001" name="const_38">
<pin_list>
<pin id="39" dir="1" index="0" bw="1" slack="2147483647"/>
</pin_list>
<bind>
<StgValue><ssdm name="_ssdm_op_SpecInterface"/></StgValue>
</bind>
</comp>

<comp id="40" class="1001" name="const_40">
<pin_list>
<pin id="41" dir="1" index="0" bw="1" slack="2147483647"/>
</pin_list>
<bind>
<StgValue><ssdm name="empty_5"/></StgValue>
</bind>
</comp>

<comp id="42" class="1001" name="const_42">
<pin_list>
<pin id="43" dir="1" index="0" bw="1" slack="2147483647"/>
</pin_list>
<bind>
<StgValue><ssdm name=""/></StgValue>
</bind>
</comp>

<comp id="44" class="1001" name="const_44">
<pin_list>
<pin id="45" dir="1" index="0" bw="1" slack="2147483647"/>
</pin_list>
<bind>
<StgValue><ssdm name="empty_7"/></StgValue>
</bind>
</comp>

<comp id="46" class="1001" name="const_46">
<pin_list>
<pin id="47" dir="1" index="0" bw="1" slack="2147483647"/>
</pin_list>
<bind>
<StgValue><ssdm name=""/></StgValue>
</bind>
</comp>

<comp id="48" class="1001" name="const_48">
<pin_list>
<pin id="49" dir="1" index="0" bw="1" slack="2147483647"/>
</pin_list>
<bind>
<StgValue><ssdm name="empty_31"/></StgValue>
</bind>
</comp>

<comp id="50" class="1001" name="const_50">
<pin_list>
<pin id="51" dir="1" index="0" bw="1" slack="2147483647"/>
</pin_list>
<bind>
<StgValue><ssdm name="empty_20"/></StgValue>
</bind>
</comp>

<comp id="52" class="1001" name="const_52">
<pin_list>
<pin id="53" dir="1" index="0" bw="1" slack="0"/>
</pin_list>
<bind>
<StgValue><ssdm name="_ssdm_op_Read.ap_auto.i8P0A"/></StgValue>
</bind>
</comp>

<comp id="54" class="1001" name="const_54">
<pin_list>
<pin id="55" dir="1" index="0" bw="1" slack="0"/>
</pin_list>
<bind>
<StgValue><ssdm name=""/></StgValue>
</bind>
</comp>

<comp id="56" class="1001" name="const_56">
<pin_list>
<pin id="57" dir="1" index="0" bw="1" slack="0"/>
</pin_list>
<bind>
<StgValue><ssdm name=""/></StgValue>
</bind>
</comp>

<comp id="58" class="1001" name="const_58">
<pin_list>
<pin id="59" dir="1" index="0" bw="1" slack="2147483647"/>
</pin_list>
<bind>
<StgValue><ssdm name="_ssdm_op_Wait"/></StgValue>
</bind>
</comp>

<comp id="60" class="1001" name="const_60">
<pin_list>
<pin id="61" dir="1" index="0" bw="1" slack="0"/>
</pin_list>
<bind>
<StgValue><ssdm name="AXIvideo2MultiPixStream_Pipeline_loop_wait_for_start"/></StgValue>
</bind>
</comp>

<comp id="62" class="1001" name="const_62">
<pin_list>
<pin id="63" dir="1" index="0" bw="1" slack="0"/>
</pin_list>
<bind>
<StgValue><ssdm name=""/></StgValue>
</bind>
</comp>

<comp id="64" class="1001" name="const_64">
<pin_list>
<pin id="65" dir="1" index="0" bw="1" slack="0"/>
</pin_list>
<bind>
<StgValue><ssdm name=""/></StgValue>
</bind>
</comp>

<comp id="66" class="1001" name="const_66">
<pin_list>
<pin id="67" dir="1" index="0" bw="1" slack="2147483647"/>
</pin_list>
<bind>
<StgValue><ssdm name="_ssdm_op_SpecLoopTripCount"/></StgValue>
</bind>
</comp>

<comp id="68" class="1001" name="const_68">
<pin_list>
<pin id="69" dir="1" index="0" bw="1" slack="2147483647"/>
</pin_list>
<bind>
<StgValue><ssdm name=""/></StgValue>
</bind>
</comp>

<comp id="70" class="1001" name="const_70">
<pin_list>
<pin id="71" dir="1" index="0" bw="1" slack="2147483647"/>
</pin_list>
<bind>
<StgValue><ssdm name=""/></StgValue>
</bind>
</comp>

<comp id="72" class="1001" name="const_72">
<pin_list>
<pin id="73" dir="1" index="0" bw="1" slack="0"/>
</pin_list>
<bind>
<StgValue><ssdm name=""/></StgValue>
</bind>
</comp>

<comp id="74" class="1001" name="const_74">
<pin_list>
<pin id="75" dir="1" index="0" bw="1" slack="2147483647"/>
</pin_list>
<bind>
<StgValue><ssdm name="_ssdm_op_SpecLoopName"/></StgValue>
</bind>
</comp>

<comp id="76" class="1001" name="const_76">
<pin_list>
<pin id="77" dir="1" index="0" bw="1" slack="2147483647"/>
</pin_list>
<bind>
<StgValue><ssdm name="empty_27"/></StgValue>
</bind>
</comp>

<comp id="78" class="1001" name="const_78">
<pin_list>
<pin id="79" dir="1" index="0" bw="1" slack="0"/>
</pin_list>
<bind>
<StgValue><ssdm name="AXIvideo2MultiPixStream_Pipeline_loop_width"/></StgValue>
</bind>
</comp>

<comp id="80" class="1001" name="const_80">
<pin_list>
<pin id="81" dir="1" index="0" bw="1" slack="0"/>
</pin_list>
<bind>
<StgValue><ssdm name=""/></StgValue>
</bind>
</comp>

<comp id="82" class="1001" name="const_82">
<pin_list>
<pin id="83" dir="1" index="0" bw="1" slack="0"/>
</pin_list>
<bind>
<StgValue><ssdm name="AXIvideo2MultiPixStream_Pipeline_loop_wait_for_eol"/></StgValue>
</bind>
</comp>

<comp id="84" class="1004" name="axi_last_V_4_loc_fu_84">
<pin_list>
<pin id="85" dir="0" index="0" bw="1" slack="0"/>
<pin id="86" dir="1" index="1" bw="1" slack="7"/>
</pin_list>
<bind>
<opcode="alloca(26) " fcode="alloca"/>
<opset="axi_last_V_4_loc/1 "/>
</bind>
</comp>

<comp id="88" class="1004" name="axi_data_V_6_loc_fu_88">
<pin_list>
<pin id="89" dir="0" index="0" bw="1" slack="0"/>
<pin id="90" dir="1" index="1" bw="30" slack="4"/>
</pin_list>
<bind>
<opcode="alloca(26) " fcode="alloca"/>
<opset="axi_data_V_6_loc/1 "/>
</bind>
</comp>

<comp id="92" class="1004" name="eol_loc_fu_92">
<pin_list>
<pin id="93" dir="0" index="0" bw="1" slack="0"/>
<pin id="94" dir="1" index="1" bw="1" slack="4"/>
</pin_list>
<bind>
<opcode="alloca(26) " fcode="alloca"/>
<opset="eol_loc/1 "/>
</bind>
</comp>

<comp id="96" class="1004" name="axi_last_V_loc_fu_96">
<pin_list>
<pin id="97" dir="0" index="0" bw="1" slack="0"/>
<pin id="98" dir="1" index="1" bw="1" slack="1"/>
</pin_list>
<bind>
<opcode="alloca(26) " fcode="alloca"/>
<opset="axi_last_V_loc/1 "/>
</bind>
</comp>

<comp id="100" class="1004" name="i_fu_100">
<pin_list>
<pin id="101" dir="0" index="0" bw="1" slack="0"/>
<pin id="102" dir="1" index="1" bw="11" slack="0"/>
</pin_list>
<bind>
<opcode="alloca(26) " fcode="alloca"/>
<opset="i/2 "/>
</bind>
</comp>

<comp id="104" class="1004" name="axi_data_V_5_fu_104">
<pin_list>
<pin id="105" dir="0" index="0" bw="1" slack="0"/>
<pin id="106" dir="1" index="1" bw="30" slack="0"/>
</pin_list>
<bind>
<opcode="alloca(26) " fcode="alloca"/>
<opset="axi_data_V_5/2 "/>
</bind>
</comp>

<comp id="108" class="1004" name="sof_fu_108">
<pin_list>
<pin id="109" dir="0" index="0" bw="1" slack="0"/>
<pin id="110" dir="1" index="1" bw="1" slack="0"/>
</pin_list>
<bind>
<opcode="alloca(26) " fcode="alloca"/>
<opset="sof/2 "/>
</bind>
</comp>

<comp id="112" class="1004" name="height_read_read_fu_112">
<pin_list>
<pin id="113" dir="0" index="0" bw="16" slack="0"/>
<pin id="114" dir="0" index="1" bw="16" slack="0"/>
<pin id="115" dir="1" index="2" bw="16" slack="0"/>
</pin_list>
<bind>
<opcode="read(1150) " fcode="read"/>
<opset="height_read/1 "/>
</bind>
</comp>

<comp id="118" class="1004" name="width_read_read_fu_118">
<pin_list>
<pin id="119" dir="0" index="0" bw="16" slack="0"/>
<pin id="120" dir="0" index="1" bw="16" slack="0"/>
<pin id="121" dir="1" index="2" bw="16" slack="0"/>
</pin_list>
<bind>
<opcode="read(1150) " fcode="read"/>
<opset="width_read/1 "/>
</bind>
</comp>

<comp id="124" class="1004" name="enableInput_read_read_fu_124">
<pin_list>
<pin id="125" dir="0" index="0" bw="8" slack="0"/>
<pin id="126" dir="0" index="1" bw="8" slack="0"/>
<pin id="127" dir="1" index="2" bw="8" slack="0"/>
</pin_list>
<bind>
<opcode="read(1150) " fcode="read"/>
<opset="enableInput_read/2 "/>
</bind>
</comp>

<comp id="130" class="1004" name="colorFormat_read_read_fu_130">
<pin_list>
<pin id="131" dir="0" index="0" bw="8" slack="0"/>
<pin id="132" dir="0" index="1" bw="8" slack="0"/>
<pin id="133" dir="1" index="2" bw="8" slack="0"/>
</pin_list>
<bind>
<opcode="read(1150) " fcode="read"/>
<opset="colorFormat_read/4 "/>
</bind>
</comp>

<comp id="136" class="1005" name="axi_last_V_2_reg_136">
<pin_list>
<pin id="137" dir="0" index="0" bw="1" slack="1"/>
<pin id="138" dir="1" index="1" bw="1" slack="3"/>
</pin_list>
<bind>
<opset="axi_last_V_2 (phireg) "/>
</bind>
</comp>

<comp id="139" class="1004" name="axi_last_V_2_phi_fu_139">
<pin_list>
<pin id="140" dir="0" index="0" bw="1" slack="2147483647"/>
<pin id="141" dir="0" index="1" bw="0" slack="2147483647"/>
<pin id="142" dir="0" index="2" bw="1" slack="2147483647"/>
<pin id="143" dir="0" index="3" bw="0" slack="2147483647"/>
<pin id="144" dir="1" index="4" bw="1" slack="0"/>
</pin_list>
<bind>
<opcode="phi(47) " fcode="phi"/>
<opset="axi_last_V_2/5 "/>
</bind>
</comp>

<comp id="146" class="1005" name="axi_data_2_lcssa_reg_146">
<pin_list>
<pin id="147" dir="0" index="0" bw="30" slack="1"/>
<pin id="148" dir="1" index="1" bw="30" slack="2147483647"/>
</pin_list>
<bind>
<opset="axi_data_2_lcssa (phireg) "/>
</bind>
</comp>

<comp id="149" class="1004" name="axi_data_2_lcssa_phi_fu_149">
<pin_list>
<pin id="150" dir="0" index="0" bw="30" slack="2147483647"/>
<pin id="151" dir="0" index="1" bw="0" slack="2147483647"/>
<pin id="152" dir="0" index="2" bw="30" slack="2147483647"/>
<pin id="153" dir="0" index="3" bw="0" slack="2147483647"/>
<pin id="154" dir="1" index="4" bw="30" slack="0"/>
</pin_list>
<bind>
<opcode="phi(47) " fcode="phi"/>
<opset="axi_data_2_lcssa/8 "/>
</bind>
</comp>

<comp id="156" class="1005" name="axi_last_2_lcssa_reg_156">
<pin_list>
<pin id="157" dir="0" index="0" bw="1" slack="1"/>
<pin id="158" dir="1" index="1" bw="1" slack="2147483647"/>
</pin_list>
<bind>
<opset="axi_last_2_lcssa (phireg) "/>
</bind>
</comp>

<comp id="159" class="1004" name="axi_last_2_lcssa_phi_fu_159">
<pin_list>
<pin id="160" dir="0" index="0" bw="1" slack="2147483647"/>
<pin id="161" dir="0" index="1" bw="0" slack="2147483647"/>
<pin id="162" dir="0" index="2" bw="1" slack="3"/>
<pin id="163" dir="0" index="3" bw="0" slack="2147483647"/>
<pin id="164" dir="1" index="4" bw="1" slack="0"/>
</pin_list>
<bind>
<opcode="phi(47) " fcode="phi"/>
<opset="axi_last_2_lcssa/8 "/>
</bind>
</comp>

<comp id="167" class="1005" name="eol_0_lcssa_reg_167">
<pin_list>
<pin id="168" dir="0" index="0" bw="1" slack="1"/>
<pin id="169" dir="1" index="1" bw="1" slack="3"/>
</pin_list>
<bind>
<opset="eol_0_lcssa (phireg) "/>
</bind>
</comp>

<comp id="171" class="1004" name="eol_0_lcssa_phi_fu_171">
<pin_list>
<pin id="172" dir="0" index="0" bw="1" slack="2147483647"/>
<pin id="173" dir="0" index="1" bw="0" slack="2147483647"/>
<pin id="174" dir="0" index="2" bw="1" slack="3"/>
<pin id="175" dir="0" index="3" bw="0" slack="2147483647"/>
<pin id="176" dir="1" index="4" bw="1" slack="0"/>
</pin_list>
<bind>
<opcode="phi(47) " fcode="phi"/>
<opset="eol_0_lcssa/8 "/>
</bind>
</comp>

<comp id="179" class="1004" name="grp_AXIvideo2MultiPixStream_Pipeline_loop_wait_for_start_fu_179">
<pin_list>
<pin id="180" dir="0" index="0" bw="0" slack="0"/>
<pin id="181" dir="0" index="1" bw="32" slack="0"/>
<pin id="182" dir="0" index="2" bw="4" slack="0"/>
<pin id="183" dir="0" index="3" bw="4" slack="0"/>
<pin id="184" dir="0" index="4" bw="1" slack="0"/>
<pin id="185" dir="0" index="5" bw="1" slack="0"/>
<pin id="186" dir="0" index="6" bw="1" slack="0"/>
<pin id="187" dir="0" index="7" bw="1" slack="0"/>
<pin id="188" dir="0" index="8" bw="30" slack="0"/>
<pin id="189" dir="0" index="9" bw="1" slack="1"/>
<pin id="190" dir="1" index="10" bw="0" slack="2147483647"/>
</pin_list>
<bind>
<opcode="call(48) " fcode="call"/>
<opset="call_ln0/2 "/>
</bind>
</comp>

<comp id="199" class="1004" name="grp_AXIvideo2MultiPixStream_Pipeline_loop_width_fu_199">
<pin_list>
<pin id="200" dir="0" index="0" bw="0" slack="0"/>
<pin id="201" dir="0" index="1" bw="1" slack="0"/>
<pin id="202" dir="0" index="2" bw="1" slack="0"/>
<pin id="203" dir="0" index="3" bw="30" slack="0"/>
<pin id="204" dir="0" index="4" bw="11" slack="3"/>
<pin id="205" dir="0" index="5" bw="1" slack="1"/>
<pin id="206" dir="0" index="6" bw="30" slack="0"/>
<pin id="207" dir="0" index="7" bw="32" slack="0"/>
<pin id="208" dir="0" index="8" bw="4" slack="0"/>
<pin id="209" dir="0" index="9" bw="4" slack="0"/>
<pin id="210" dir="0" index="10" bw="1" slack="0"/>
<pin id="211" dir="0" index="11" bw="1" slack="0"/>
<pin id="212" dir="0" index="12" bw="1" slack="0"/>
<pin id="213" dir="0" index="13" bw="1" slack="0"/>
<pin id="214" dir="0" index="14" bw="1" slack="4"/>
<pin id="215" dir="0" index="15" bw="30" slack="4"/>
<pin id="216" dir="1" index="16" bw="0" slack="2147483647"/>
</pin_list>
<bind>
<opcode="call(48) " fcode="call"/>
<opset="call_ln783/5 "/>
</bind>
</comp>

<comp id="227" class="1004" name="grp_AXIvideo2MultiPixStream_Pipeline_loop_wait_for_eol_fu_227">
<pin_list>
<pin id="228" dir="0" index="0" bw="0" slack="0"/>
<pin id="229" dir="0" index="1" bw="30" slack="0"/>
<pin id="230" dir="0" index="2" bw="1" slack="0"/>
<pin id="231" dir="0" index="3" bw="1" slack="0"/>
<pin id="232" dir="0" index="4" bw="32" slack="0"/>
<pin id="233" dir="0" index="5" bw="4" slack="0"/>
<pin id="234" dir="0" index="6" bw="4" slack="0"/>
<pin id="235" dir="0" index="7" bw="1" slack="0"/>
<pin id="236" dir="0" index="8" bw="1" slack="0"/>
<pin id="237" dir="0" index="9" bw="1" slack="0"/>
<pin id="238" dir="0" index="10" bw="1" slack="0"/>
<pin id="239" dir="0" index="11" bw="30" slack="6"/>
<pin id="240" dir="0" index="12" bw="1" slack="7"/>
<pin id="241" dir="1" index="13" bw="0" slack="2147483647"/>
</pin_list>
<bind>
<opcode="call(48) " fcode="call"/>
<opset="call_ln0/8 "/>
</bind>
</comp>

<comp id="253" class="1004" name="grp_reg_unsigned_short_s_fu_253">
<pin_list>
<pin id="254" dir="0" index="0" bw="16" slack="0"/>
<pin id="255" dir="0" index="1" bw="16" slack="0"/>
<pin id="256" dir="1" index="2" bw="16" slack="0"/>
</pin_list>
<bind>
<opcode="call(48) " fcode="call"/>
<opset="rows/1 "/>
</bind>
</comp>

<comp id="259" class="1004" name="grp_reg_unsigned_short_s_fu_259">
<pin_list>
<pin id="260" dir="0" index="0" bw="16" slack="0"/>
<pin id="261" dir="0" index="1" bw="16" slack="0"/>
<pin id="262" dir="1" index="2" bw="16" slack="0"/>
</pin_list>
<bind>
<opcode="call(48) " fcode="call"/>
<opset="cols/1 "/>
</bind>
</comp>

<comp id="265" class="1004" name="trunc_ln782_fu_265">
<pin_list>
<pin id="266" dir="0" index="0" bw="16" slack="0"/>
<pin id="267" dir="1" index="1" bw="11" slack="3"/>
</pin_list>
<bind>
<opcode="trunc(33) " fcode="trunc"/>
<opset="trunc_ln782/2 "/>
</bind>
</comp>

<comp id="269" class="1004" name="empty_fu_269">
<pin_list>
<pin id="270" dir="0" index="0" bw="16" slack="0"/>
<pin id="271" dir="1" index="1" bw="11" slack="2"/>
</pin_list>
<bind>
<opcode="trunc(33) " fcode="trunc"/>
<opset="empty/2 "/>
</bind>
</comp>

<comp id="273" class="1004" name="icmp_ln789_fu_273">
<pin_list>
<pin id="274" dir="0" index="0" bw="8" slack="0"/>
<pin id="275" dir="0" index="1" bw="1" slack="0"/>
<pin id="276" dir="1" index="2" bw="1" slack="3"/>
</pin_list>
<bind>
<opcode="icmp(45) " fcode="icmp"/>
<opset="icmp_ln789/2 "/>
</bind>
</comp>

<comp id="279" class="1004" name="store_ln800_store_fu_279">
<pin_list>
<pin id="280" dir="0" index="0" bw="1" slack="0"/>
<pin id="281" dir="0" index="1" bw="1" slack="0"/>
<pin id="282" dir="1" index="2" bw="0" slack="2147483647"/>
</pin_list>
<bind>
<opcode="store(28) " fcode="store"/>
<opset="store_ln800/2 "/>
</bind>
</comp>

<comp id="284" class="1004" name="store_ln800_store_fu_284">
<pin_list>
<pin id="285" dir="0" index="0" bw="1" slack="0"/>
<pin id="286" dir="0" index="1" bw="11" slack="0"/>
<pin id="287" dir="1" index="2" bw="0" slack="2147483647"/>
</pin_list>
<bind>
<opcode="store(28) " fcode="store"/>
<opset="store_ln800/2 "/>
</bind>
</comp>

<comp id="289" class="1004" name="axi_last_V_loc_load_load_fu_289">
<pin_list>
<pin id="290" dir="0" index="0" bw="1" slack="3"/>
<pin id="291" dir="1" index="1" bw="1" slack="2147483647"/>
</pin_list>
<bind>
<opcode="load(27) " fcode="load"/>
<opset="axi_last_V_loc_load/4 "/>
</bind>
</comp>

<comp id="292" class="1004" name="cmp9454_fu_292">
<pin_list>
<pin id="293" dir="0" index="0" bw="11" slack="2"/>
<pin id="294" dir="0" index="1" bw="1" slack="0"/>
<pin id="295" dir="1" index="2" bw="1" slack="1"/>
</pin_list>
<bind>
<opcode="icmp(45) " fcode="icmp"/>
<opset="cmp9454/4 "/>
</bind>
</comp>

<comp id="297" class="1004" name="cond_fu_297">
<pin_list>
<pin id="298" dir="0" index="0" bw="8" slack="0"/>
<pin id="299" dir="0" index="1" bw="1" slack="0"/>
<pin id="300" dir="1" index="2" bw="1" slack="1"/>
</pin_list>
<bind>
<opcode="icmp(45) " fcode="icmp"/>
<opset="cond/4 "/>
</bind>
</comp>

<comp id="303" class="1004" name="i_3_load_fu_303">
<pin_list>
<pin id="304" dir="0" index="0" bw="11" slack="3"/>
<pin id="305" dir="1" index="1" bw="11" slack="0"/>
</pin_list>
<bind>
<opcode="load(27) " fcode="load"/>
<opset="i_3/5 "/>
</bind>
</comp>

<comp id="306" class="1004" name="axi_data_V_load_fu_306">
<pin_list>
<pin id="307" dir="0" index="0" bw="30" slack="3"/>
<pin id="308" dir="1" index="1" bw="30" slack="0"/>
</pin_list>
<bind>
<opcode="load(27) " fcode="load"/>
<opset="axi_data_V/5 "/>
</bind>
</comp>

<comp id="310" class="1004" name="icmp_ln800_fu_310">
<pin_list>
<pin id="311" dir="0" index="0" bw="11" slack="0"/>
<pin id="312" dir="0" index="1" bw="11" slack="3"/>
<pin id="313" dir="1" index="2" bw="1" slack="2147483647"/>
</pin_list>
<bind>
<opcode="icmp(45) " fcode="icmp"/>
<opset="icmp_ln800/5 "/>
</bind>
</comp>

<comp id="315" class="1004" name="i_4_fu_315">
<pin_list>
<pin id="316" dir="0" index="0" bw="11" slack="0"/>
<pin id="317" dir="0" index="1" bw="1" slack="0"/>
<pin id="318" dir="1" index="2" bw="11" slack="2"/>
</pin_list>
<bind>
<opcode="add(8) " fcode="add"/>
<opset="i_4/5 "/>
</bind>
</comp>

<comp id="321" class="1004" name="sof_load_load_fu_321">
<pin_list>
<pin id="322" dir="0" index="0" bw="1" slack="3"/>
<pin id="323" dir="1" index="1" bw="1" slack="0"/>
</pin_list>
<bind>
<opcode="load(27) " fcode="load"/>
<opset="sof_load/5 "/>
</bind>
</comp>

<comp id="325" class="1004" name="eol_loc_load_load_fu_325">
<pin_list>
<pin id="326" dir="0" index="0" bw="1" slack="6"/>
<pin id="327" dir="1" index="1" bw="1" slack="2147483647"/>
</pin_list>
<bind>
<opcode="load(27) " fcode="load"/>
<opset="eol_loc_load/7 "/>
</bind>
</comp>

<comp id="328" class="1004" name="axi_data_V_6_loc_load_load_fu_328">
<pin_list>
<pin id="329" dir="0" index="0" bw="30" slack="6"/>
<pin id="330" dir="1" index="1" bw="30" slack="2147483647"/>
</pin_list>
<bind>
<opcode="load(27) " fcode="load"/>
<opset="axi_data_V_6_loc_load/7 "/>
</bind>
</comp>

<comp id="331" class="1004" name="store_ln0_store_fu_331">
<pin_list>
<pin id="332" dir="0" index="0" bw="1" slack="0"/>
<pin id="333" dir="0" index="1" bw="1" slack="5"/>
<pin id="334" dir="1" index="2" bw="0" slack="2147483647"/>
</pin_list>
<bind>
<opcode="store(28) " fcode="store"/>
<opset="store_ln0/7 "/>
</bind>
</comp>

<comp id="336" class="1004" name="store_ln800_store_fu_336">
<pin_list>
<pin id="337" dir="0" index="0" bw="11" slack="2"/>
<pin id="338" dir="0" index="1" bw="11" slack="5"/>
<pin id="339" dir="1" index="2" bw="0" slack="2147483647"/>
</pin_list>
<bind>
<opcode="store(28) " fcode="store"/>
<opset="store_ln800/7 "/>
</bind>
</comp>

<comp id="340" class="1004" name="axi_last_V_4_loc_load_load_fu_340">
<pin_list>
<pin id="341" dir="0" index="0" bw="1" slack="9"/>
<pin id="342" dir="1" index="1" bw="1" slack="2147483647"/>
</pin_list>
<bind>
<opcode="load(27) " fcode="load"/>
<opset="axi_last_V_4_loc_load/10 "/>
</bind>
</comp>

<comp id="343" class="1005" name="axi_last_V_4_loc_reg_343">
<pin_list>
<pin id="344" dir="0" index="0" bw="1" slack="7"/>
<pin id="345" dir="1" index="1" bw="1" slack="7"/>
</pin_list>
<bind>
<opset="axi_last_V_4_loc "/>
</bind>
</comp>

<comp id="349" class="1005" name="axi_data_V_6_loc_reg_349">
<pin_list>
<pin id="350" dir="0" index="0" bw="30" slack="4"/>
<pin id="351" dir="1" index="1" bw="30" slack="4"/>
</pin_list>
<bind>
<opset="axi_data_V_6_loc "/>
</bind>
</comp>

<comp id="355" class="1005" name="eol_loc_reg_355">
<pin_list>
<pin id="356" dir="0" index="0" bw="1" slack="4"/>
<pin id="357" dir="1" index="1" bw="1" slack="4"/>
</pin_list>
<bind>
<opset="eol_loc "/>
</bind>
</comp>

<comp id="361" class="1005" name="axi_last_V_loc_reg_361">
<pin_list>
<pin id="362" dir="0" index="0" bw="1" slack="1"/>
<pin id="363" dir="1" index="1" bw="1" slack="1"/>
</pin_list>
<bind>
<opset="axi_last_V_loc "/>
</bind>
</comp>

<comp id="367" class="1005" name="trunc_ln782_reg_367">
<pin_list>
<pin id="368" dir="0" index="0" bw="11" slack="3"/>
<pin id="369" dir="1" index="1" bw="11" slack="3"/>
</pin_list>
<bind>
<opset="trunc_ln782 "/>
</bind>
</comp>

<comp id="372" class="1005" name="empty_reg_372">
<pin_list>
<pin id="373" dir="0" index="0" bw="11" slack="2"/>
<pin id="374" dir="1" index="1" bw="11" slack="2"/>
</pin_list>
<bind>
<opset="empty "/>
</bind>
</comp>

<comp id="378" class="1005" name="icmp_ln789_reg_378">
<pin_list>
<pin id="379" dir="0" index="0" bw="1" slack="3"/>
<pin id="380" dir="1" index="1" bw="1" slack="2147483647"/>
</pin_list>
<bind>
<opset="icmp_ln789 "/>
</bind>
</comp>

<comp id="382" class="1005" name="i_reg_382">
<pin_list>
<pin id="383" dir="0" index="0" bw="11" slack="0"/>
<pin id="384" dir="1" index="1" bw="11" slack="0"/>
</pin_list>
<bind>
<opset="i "/>
</bind>
</comp>

<comp id="389" class="1005" name="axi_data_V_5_reg_389">
<pin_list>
<pin id="390" dir="0" index="0" bw="30" slack="0"/>
<pin id="391" dir="1" index="1" bw="30" slack="0"/>
</pin_list>
<bind>
<opset="axi_data_V_5 "/>
</bind>
</comp>

<comp id="396" class="1005" name="sof_reg_396">
<pin_list>
<pin id="397" dir="0" index="0" bw="1" slack="0"/>
<pin id="398" dir="1" index="1" bw="1" slack="0"/>
</pin_list>
<bind>
<opset="sof "/>
</bind>
</comp>

<comp id="406" class="1005" name="cmp9454_reg_406">
<pin_list>
<pin id="407" dir="0" index="0" bw="1" slack="1"/>
<pin id="408" dir="1" index="1" bw="1" slack="2147483647"/>
</pin_list>
<bind>
<opset="cmp9454 "/>
</bind>
</comp>

<comp id="410" class="1005" name="cond_reg_410">
<pin_list>
<pin id="411" dir="0" index="0" bw="1" slack="1"/>
<pin id="412" dir="1" index="1" bw="1" slack="1"/>
</pin_list>
<bind>
<opset="cond "/>
</bind>
</comp>

<comp id="421" class="1005" name="i_4_reg_421">
<pin_list>
<pin id="422" dir="0" index="0" bw="11" slack="2"/>
<pin id="423" dir="1" index="1" bw="11" slack="2"/>
</pin_list>
<bind>
<opset="i_4 "/>
</bind>
</comp>

</comp_list>

<net_list>
<net id="87"><net_src comp="24" pin="0"/><net_sink comp="84" pin=0"/></net>

<net id="91"><net_src comp="24" pin="0"/><net_sink comp="88" pin=0"/></net>

<net id="95"><net_src comp="24" pin="0"/><net_sink comp="92" pin=0"/></net>

<net id="99"><net_src comp="24" pin="0"/><net_sink comp="96" pin=0"/></net>

<net id="103"><net_src comp="56" pin="0"/><net_sink comp="100" pin=0"/></net>

<net id="107"><net_src comp="56" pin="0"/><net_sink comp="104" pin=0"/></net>

<net id="111"><net_src comp="56" pin="0"/><net_sink comp="108" pin=0"/></net>

<net id="116"><net_src comp="26" pin="0"/><net_sink comp="112" pin=0"/></net>

<net id="117"><net_src comp="18" pin="0"/><net_sink comp="112" pin=1"/></net>

<net id="122"><net_src comp="26" pin="0"/><net_sink comp="118" pin=0"/></net>

<net id="123"><net_src comp="20" pin="0"/><net_sink comp="118" pin=1"/></net>

<net id="128"><net_src comp="52" pin="0"/><net_sink comp="124" pin=0"/></net>

<net id="129"><net_src comp="16" pin="0"/><net_sink comp="124" pin=1"/></net>

<net id="134"><net_src comp="52" pin="0"/><net_sink comp="130" pin=0"/></net>

<net id="135"><net_src comp="22" pin="0"/><net_sink comp="130" pin=1"/></net>

<net id="145"><net_src comp="139" pin="4"/><net_sink comp="136" pin=0"/></net>

<net id="155"><net_src comp="149" pin="4"/><net_sink comp="146" pin=0"/></net>

<net id="165"><net_src comp="136" pin="1"/><net_sink comp="159" pin=2"/></net>

<net id="166"><net_src comp="159" pin="4"/><net_sink comp="156" pin=0"/></net>

<net id="170"><net_src comp="80" pin="0"/><net_sink comp="167" pin=0"/></net>

<net id="177"><net_src comp="167" pin="1"/><net_sink comp="171" pin=2"/></net>

<net id="178"><net_src comp="171" pin="4"/><net_sink comp="167" pin=0"/></net>

<net id="191"><net_src comp="60" pin="0"/><net_sink comp="179" pin=0"/></net>

<net id="192"><net_src comp="0" pin="0"/><net_sink comp="179" pin=1"/></net>

<net id="193"><net_src comp="2" pin="0"/><net_sink comp="179" pin=2"/></net>

<net id="194"><net_src comp="4" pin="0"/><net_sink comp="179" pin=3"/></net>

<net id="195"><net_src comp="6" pin="0"/><net_sink comp="179" pin=4"/></net>

<net id="196"><net_src comp="8" pin="0"/><net_sink comp="179" pin=5"/></net>

<net id="197"><net_src comp="10" pin="0"/><net_sink comp="179" pin=6"/></net>

<net id="198"><net_src comp="12" pin="0"/><net_sink comp="179" pin=7"/></net>

<net id="217"><net_src comp="78" pin="0"/><net_sink comp="199" pin=0"/></net>

<net id="218"><net_src comp="139" pin="4"/><net_sink comp="199" pin=2"/></net>

<net id="219"><net_src comp="14" pin="0"/><net_sink comp="199" pin=6"/></net>

<net id="220"><net_src comp="0" pin="0"/><net_sink comp="199" pin=7"/></net>

<net id="221"><net_src comp="2" pin="0"/><net_sink comp="199" pin=8"/></net>

<net id="222"><net_src comp="4" pin="0"/><net_sink comp="199" pin=9"/></net>

<net id="223"><net_src comp="6" pin="0"/><net_sink comp="199" pin=10"/></net>

<net id="224"><net_src comp="8" pin="0"/><net_sink comp="199" pin=11"/></net>

<net id="225"><net_src comp="10" pin="0"/><net_sink comp="199" pin=12"/></net>

<net id="226"><net_src comp="12" pin="0"/><net_sink comp="199" pin=13"/></net>

<net id="242"><net_src comp="82" pin="0"/><net_sink comp="227" pin=0"/></net>

<net id="243"><net_src comp="149" pin="4"/><net_sink comp="227" pin=1"/></net>

<net id="244"><net_src comp="159" pin="4"/><net_sink comp="227" pin=2"/></net>

<net id="245"><net_src comp="171" pin="4"/><net_sink comp="227" pin=3"/></net>

<net id="246"><net_src comp="0" pin="0"/><net_sink comp="227" pin=4"/></net>

<net id="247"><net_src comp="2" pin="0"/><net_sink comp="227" pin=5"/></net>

<net id="248"><net_src comp="4" pin="0"/><net_sink comp="227" pin=6"/></net>

<net id="249"><net_src comp="6" pin="0"/><net_sink comp="227" pin=7"/></net>

<net id="250"><net_src comp="8" pin="0"/><net_sink comp="227" pin=8"/></net>

<net id="251"><net_src comp="10" pin="0"/><net_sink comp="227" pin=9"/></net>

<net id="252"><net_src comp="12" pin="0"/><net_sink comp="227" pin=10"/></net>

<net id="257"><net_src comp="28" pin="0"/><net_sink comp="253" pin=0"/></net>

<net id="258"><net_src comp="112" pin="2"/><net_sink comp="253" pin=1"/></net>

<net id="263"><net_src comp="28" pin="0"/><net_sink comp="259" pin=0"/></net>

<net id="264"><net_src comp="118" pin="2"/><net_sink comp="259" pin=1"/></net>

<net id="268"><net_src comp="253" pin="2"/><net_sink comp="265" pin=0"/></net>

<net id="272"><net_src comp="259" pin="2"/><net_sink comp="269" pin=0"/></net>

<net id="277"><net_src comp="124" pin="2"/><net_sink comp="273" pin=0"/></net>

<net id="278"><net_src comp="54" pin="0"/><net_sink comp="273" pin=1"/></net>

<net id="283"><net_src comp="62" pin="0"/><net_sink comp="279" pin=0"/></net>

<net id="288"><net_src comp="64" pin="0"/><net_sink comp="284" pin=0"/></net>

<net id="296"><net_src comp="64" pin="0"/><net_sink comp="292" pin=1"/></net>

<net id="301"><net_src comp="130" pin="2"/><net_sink comp="297" pin=0"/></net>

<net id="302"><net_src comp="54" pin="0"/><net_sink comp="297" pin=1"/></net>

<net id="309"><net_src comp="306" pin="1"/><net_sink comp="199" pin=3"/></net>

<net id="314"><net_src comp="303" pin="1"/><net_sink comp="310" pin=0"/></net>

<net id="319"><net_src comp="303" pin="1"/><net_sink comp="315" pin=0"/></net>

<net id="320"><net_src comp="72" pin="0"/><net_sink comp="315" pin=1"/></net>

<net id="324"><net_src comp="321" pin="1"/><net_sink comp="199" pin=1"/></net>

<net id="335"><net_src comp="80" pin="0"/><net_sink comp="331" pin=0"/></net>

<net id="346"><net_src comp="84" pin="1"/><net_sink comp="343" pin=0"/></net>

<net id="347"><net_src comp="343" pin="1"/><net_sink comp="227" pin=12"/></net>

<net id="348"><net_src comp="343" pin="1"/><net_sink comp="340" pin=0"/></net>

<net id="352"><net_src comp="88" pin="1"/><net_sink comp="349" pin=0"/></net>

<net id="353"><net_src comp="349" pin="1"/><net_sink comp="199" pin=15"/></net>

<net id="354"><net_src comp="349" pin="1"/><net_sink comp="328" pin=0"/></net>

<net id="358"><net_src comp="92" pin="1"/><net_sink comp="355" pin=0"/></net>

<net id="359"><net_src comp="355" pin="1"/><net_sink comp="199" pin=14"/></net>

<net id="360"><net_src comp="355" pin="1"/><net_sink comp="325" pin=0"/></net>

<net id="364"><net_src comp="96" pin="1"/><net_sink comp="361" pin=0"/></net>

<net id="365"><net_src comp="361" pin="1"/><net_sink comp="179" pin=9"/></net>

<net id="366"><net_src comp="361" pin="1"/><net_sink comp="289" pin=0"/></net>

<net id="370"><net_src comp="265" pin="1"/><net_sink comp="367" pin=0"/></net>

<net id="371"><net_src comp="367" pin="1"/><net_sink comp="310" pin=1"/></net>

<net id="375"><net_src comp="269" pin="1"/><net_sink comp="372" pin=0"/></net>

<net id="376"><net_src comp="372" pin="1"/><net_sink comp="292" pin=0"/></net>

<net id="377"><net_src comp="372" pin="1"/><net_sink comp="199" pin=4"/></net>

<net id="381"><net_src comp="273" pin="2"/><net_sink comp="378" pin=0"/></net>

<net id="385"><net_src comp="100" pin="1"/><net_sink comp="382" pin=0"/></net>

<net id="386"><net_src comp="382" pin="1"/><net_sink comp="284" pin=1"/></net>

<net id="387"><net_src comp="382" pin="1"/><net_sink comp="303" pin=0"/></net>

<net id="388"><net_src comp="382" pin="1"/><net_sink comp="336" pin=1"/></net>

<net id="392"><net_src comp="104" pin="1"/><net_sink comp="389" pin=0"/></net>

<net id="393"><net_src comp="389" pin="1"/><net_sink comp="179" pin=8"/></net>

<net id="394"><net_src comp="389" pin="1"/><net_sink comp="306" pin=0"/></net>

<net id="395"><net_src comp="389" pin="1"/><net_sink comp="227" pin=11"/></net>

<net id="399"><net_src comp="108" pin="1"/><net_sink comp="396" pin=0"/></net>

<net id="400"><net_src comp="396" pin="1"/><net_sink comp="279" pin=1"/></net>

<net id="401"><net_src comp="396" pin="1"/><net_sink comp="321" pin=0"/></net>

<net id="402"><net_src comp="396" pin="1"/><net_sink comp="331" pin=1"/></net>

<net id="409"><net_src comp="292" pin="2"/><net_sink comp="406" pin=0"/></net>

<net id="413"><net_src comp="297" pin="2"/><net_sink comp="410" pin=0"/></net>

<net id="414"><net_src comp="410" pin="1"/><net_sink comp="199" pin=5"/></net>

<net id="424"><net_src comp="315" pin="2"/><net_sink comp="421" pin=0"/></net>

<net id="425"><net_src comp="421" pin="1"/><net_sink comp="336" pin=0"/></net>

</net_list>

</model> 
---------------- Datapath Model END ------------------

* FSMD analyzer results:
  - Output states:
	Port: srcYUV | {5 6 }
 - Input state : 
	Port: AXIvideo2MultiPixStream : s_axis_video_V_data_V | {2 3 5 6 8 9 }
	Port: AXIvideo2MultiPixStream : s_axis_video_V_keep_V | {2 3 5 6 8 9 }
	Port: AXIvideo2MultiPixStream : s_axis_video_V_strb_V | {2 3 5 6 8 9 }
	Port: AXIvideo2MultiPixStream : s_axis_video_V_user_V | {2 3 5 6 8 9 }
	Port: AXIvideo2MultiPixStream : s_axis_video_V_last_V | {2 3 5 6 8 9 }
	Port: AXIvideo2MultiPixStream : s_axis_video_V_id_V | {2 3 5 6 8 9 }
	Port: AXIvideo2MultiPixStream : s_axis_video_V_dest_V | {2 3 5 6 8 9 }
	Port: AXIvideo2MultiPixStream : enableInput | {2 }
	Port: AXIvideo2MultiPixStream : height | {1 }
	Port: AXIvideo2MultiPixStream : width | {1 }
	Port: AXIvideo2MultiPixStream : colorFormat | {4 }
  - Chain level:
	State 1
	State 2
		trunc_ln782 : 1
		empty : 1
		br_ln789 : 1
		call_ln0 : 1
		store_ln800 : 1
		store_ln800 : 1
	State 3
	State 4
	State 5
		icmp_ln800 : 1
		i_4 : 1
		br_ln800 : 2
		call_ln783 : 1
	State 6
	State 7
	State 8
		call_ln0 : 1
	State 9
	State 10


============================================================
+ Verbose Summary: Datapath Resource usage 
============================================================

* Functional unit list:
|----------|-----------------------------------------------------------------|---------|---------|
| Operation|                         Functional Unit                         |    FF   |   LUT   |
|----------|-----------------------------------------------------------------|---------|---------|
|          | grp_AXIvideo2MultiPixStream_Pipeline_loop_wait_for_start_fu_179 |    1    |    0    |
|          |      grp_AXIvideo2MultiPixStream_Pipeline_loop_width_fu_199     |    47   |    61   |
|   call   |  grp_AXIvideo2MultiPixStream_Pipeline_loop_wait_for_eol_fu_227  |    3    |    0    |
|          |                 grp_reg_unsigned_short_s_fu_253                 |    16   |    0    |
|          |                 grp_reg_unsigned_short_s_fu_259                 |    16   |    0    |
|----------|-----------------------------------------------------------------|---------|---------|
|          |                        icmp_ln789_fu_273                        |    0    |    11   |
|   icmp   |                          cmp9454_fu_292                         |    0    |    11   |
|          |                           cond_fu_297                           |    0    |    11   |
|          |                        icmp_ln800_fu_310                        |    0    |    11   |
|----------|-----------------------------------------------------------------|---------|---------|
|    add   |                            i_4_fu_315                           |    0    |    18   |
|----------|-----------------------------------------------------------------|---------|---------|
|          |                     height_read_read_fu_112                     |    0    |    0    |
|   read   |                      width_read_read_fu_118                     |    0    |    0    |
|          |                   enableInput_read_read_fu_124                  |    0    |    0    |
|          |                   colorFormat_read_read_fu_130                  |    0    |    0    |
|----------|-----------------------------------------------------------------|---------|---------|
|   trunc  |                        trunc_ln782_fu_265                       |    0    |    0    |
|          |                           empty_fu_269                          |    0    |    0    |
|----------|-----------------------------------------------------------------|---------|---------|
|   Total  |                                                                 |    83   |   123   |
|----------|-----------------------------------------------------------------|---------|---------|

Memories:
N/A

* Register list:
+------------------------+--------+
|                        |   FF   |
+------------------------+--------+
|axi_data_2_lcssa_reg_146|   30   |
|  axi_data_V_5_reg_389  |   30   |
|axi_data_V_6_loc_reg_349|   30   |
|axi_last_2_lcssa_reg_156|    1   |
|  axi_last_V_2_reg_136  |    1   |
|axi_last_V_4_loc_reg_343|    1   |
| axi_last_V_loc_reg_361 |    1   |
|     cmp9454_reg_406    |    1   |
|      cond_reg_410      |    1   |
|      empty_reg_372     |   11   |
|   eol_0_lcssa_reg_167  |    1   |
|     eol_loc_reg_355    |    1   |
|       i_4_reg_421      |   11   |
|        i_reg_382       |   11   |
|   icmp_ln789_reg_378   |    1   |
|       sof_reg_396      |    1   |
|   trunc_ln782_reg_367  |   11   |
+------------------------+--------+
|          Total         |   144  |
+------------------------+--------+

* Multiplexer (MUX) list: 
|---------------------|------|------|------|--------||---------||---------|
|         Comp        |  Pin | Size |  BW  | S x BW ||  Delay  ||   LUT   |
|---------------------|------|------|------|--------||---------||---------|
| eol_0_lcssa_reg_167 |  p0  |   2  |   1  |    2   ||    9    |
|---------------------|------|------|------|--------||---------||---------|
|        Total        |      |      |      |    2   ||  0.427  ||    9    |
|---------------------|------|------|------|--------||---------||---------|



* Summary:
+-----------+--------+--------+--------+
|           |  Delay |   FF   |   LUT  |
+-----------+--------+--------+--------+
|  Function |    -   |   83   |   123  |
|   Memory  |    -   |    -   |    -   |
|Multiplexer|    0   |    -   |    9   |
|  Register |    -   |   144  |    -   |
+-----------+--------+--------+--------+
|   Total   |    0   |   227  |   132  |
+-----------+--------+--------+--------+
