

================================================================
== Vitis HLS Report for 'v_tpgHlsDataFlow'
================================================================
* Date:           Wed Apr  9 16:23:22 2025

* Version:        2022.2 (Build 3670227 on Oct 13 2022)
* Project:        prj
* Solution:       sol (Vivado IP Flow Target)
* Product family: zynquplus
* Target device:  xck26-sfvc784-2LV-c


================================================================
== Performance Estimates
================================================================
+ Timing: 
    * Summary: 
    +--------+---------+----------+------------+
    |  Clock |  Target | Estimated| Uncertainty|
    +--------+---------+----------+------------+
    |ap_clk  |  4.00 ns|  3.392 ns|     1.08 ns|
    +--------+---------+----------+------------+

+ Latency: 
    * Summary: 
    +---------+---------+-----------+----------+-----+------------+----------+
    |  Latency (cycles) |  Latency (absolute)  |     Interval     | Pipeline |
    |   min   |   max   |    min    |    max   | min |     max    |   Type   |
    +---------+---------+-----------+----------+-----+------------+----------+
    |       24|  2084406|  96.000 ns|  8.338 ms|    3|  4296605672|  dataflow|
    +---------+---------+-----------+----------+-----+------------+----------+

    + Detail: 
        * Instance: 
        +------------------------------------+-------------------------+---------+------------+----------+------------+-----+------------+---------+
        |                                    |                         |   Latency (cycles)   |   Latency (absolute)  |     Interval     | Pipeline|
        |              Instance              |          Module         |   min   |     max    |    min   |     max    | min |     max    |   Type  |
        +------------------------------------+-------------------------+---------+------------+----------+------------+-----+------------+---------+
        |grp_AXIvideo2MultiPixStream_fu_248  |AXIvideo2MultiPixStream  |        2|     2084406|  8.000 ns|    8.338 ms|    2|     2084406|       no|
        |grp_tpgBackground_fu_275            |tpgBackground            |        1|  4296605671|  4.000 ns|  17.186 sec|    1|  4296605671|       no|
        |grp_MultiPixStream2AXIvideo_fu_437  |MultiPixStream2AXIvideo  |        1|     2080081|  4.000 ns|    8.320 ms|    1|     2080081|       no|
        +------------------------------------+-------------------------+---------+------------+----------+------------+-----+------------+---------+

        * Loop: 
        N/A

============================================================
+ Verbose Summary: Synthesis Manager
============================================================
InlineROM: 1
ExposeGlobal: 0
============================================================
+ Verbose Summary: CDFG Model
============================================================
IsTopModel: 0
ResetActiveHigh: 1
IsCombinational: 2
IsDatapathOnly: 0
HasWiredReturn: 1
HasMFsm: 0
HasVarLatency: 1
IsPipeline: 0
IsRtlPipelined: 0
IsInstanceOverlapped: 0
IsDontTouch: 0
HasImplIP: 0
IsGatedGlobalClock: 0


============================================================
+ Verbose Summary: Schedule
============================================================
* Number of FSM states : 6
* Pipeline : 0
* Dataflow Pipeline: 1
  DF-Pipeline-0: Size = 6, States = { 1 2 3 4 5 6 }

* FSM state transitions: 
1 --> 2 
2 --> 3 
3 --> 4 
4 --> 5 
5 --> 6 
6 --> 

* FSM state operations: 

State 1 <SV = 0> <Delay = 1.27>
ST_1 : Operation 7 [1/1] (0.00ns)   --->   "%srcYUV = alloca i64 1"   --->   Operation 7 'alloca' 'srcYUV' <Predicate = true> <Delay = 0.00> <CoreInst = "FIFO_SRL">   --->   Core 81 'FIFO_SRL' <Latency = 0> <II = 1> <Delay = 2.04> <Storage> <Opcode : 'read' 'write' 'nbread' 'nbwrite'> <Ports = 0> <Width = 30> <Depth = 16> <FIFO>
ST_1 : Operation 8 [1/1] (0.00ns)   --->   "%ovrlayYUV = alloca i64 1"   --->   Operation 8 'alloca' 'ovrlayYUV' <Predicate = true> <Delay = 0.00> <CoreInst = "FIFO_SRL">   --->   Core 81 'FIFO_SRL' <Latency = 0> <II = 1> <Delay = 2.04> <Storage> <Opcode : 'read' 'write' 'nbread' 'nbwrite'> <Ports = 0> <Width = 30> <Depth = 16> <FIFO>
ST_1 : Operation 9 [2/2] (1.27ns)   --->   "%call_ln297 = call void @AXIvideo2MultiPixStream, i32 %s_axis_video_V_data_V, i4 %s_axis_video_V_keep_V, i4 %s_axis_video_V_strb_V, i1 %s_axis_video_V_user_V, i1 %s_axis_video_V_last_V, i1 %s_axis_video_V_id_V, i1 %s_axis_video_V_dest_V, i30 %srcYUV, i8 %enableInput, i16 %height, i16 %width, i8 %colorFormat" [/home/pawsooon/Vivado/tor_wizyjny/prj/sol/.autopilot/db/v_tpg.cpp:297]   --->   Operation 9 'call' 'call_ln297' <Predicate = true> <Delay = 1.27> <CoreType = "Generic">   --->   Core 0 '' <Latency = 0> <II = 1> <Delay = 1.00> <Generic> <Opcode : >

State 2 <SV = 1> <Delay = 0.00>
ST_2 : Operation 10 [1/2] (0.00ns)   --->   "%call_ln297 = call void @AXIvideo2MultiPixStream, i32 %s_axis_video_V_data_V, i4 %s_axis_video_V_keep_V, i4 %s_axis_video_V_strb_V, i1 %s_axis_video_V_user_V, i1 %s_axis_video_V_last_V, i1 %s_axis_video_V_id_V, i1 %s_axis_video_V_dest_V, i30 %srcYUV, i8 %enableInput, i16 %height, i16 %width, i8 %colorFormat" [/home/pawsooon/Vivado/tor_wizyjny/prj/sol/.autopilot/db/v_tpg.cpp:297]   --->   Operation 10 'call' 'call_ln297' <Predicate = true> <Delay = 0.00> <CoreType = "Generic">   --->   Core 0 '' <Latency = 0> <II = 1> <Delay = 1.00> <Generic> <Opcode : >

State 3 <SV = 2> <Delay = 1.61>
ST_3 : Operation 11 [2/2] (1.61ns)   --->   "%call_ln300 = call void @tpgBackground, i30 %srcYUV, i16 %height, i16 %width, i16 %passthruStartX, i16 %passthruStartY, i16 %passthruEndX, i16 %passthruEndY, i8 %enableInput, i8 %bckgndId, i16 %ZplateHorContStart, i16 %ZplateHorContDelta, i16 %ZplateVerContStart, i16 %ZplateVerContDelta, i8 %dpDynamicRange, i8 %dpYUVCoef, i8 %motionSpeed, i8 %colorFormat, i30 %ovrlayYUV, i10 %rampStart, i16 %rampVal_1, i10 %rampVal, i8 %hBarSel_2, i16 %zonePlateVAddr, i3 %vBarSel, i3 %hBarSel, i16 %hdata, i8 %vBarSel_2, i3 %hBarSel_3, i16 %rampVal_2, i1 %vBarSel_1, i3 %hBarSel_1, i10 %redYuv, i10 %grnYuv, i10 %bluYuv, i10 %blkYuv, i10 %whiYuv, i2 %tpgBarSelRgb_r, i10 %tpgBarSelYuv_y, i2 %tpgBarSelRgb_g, i10 %tpgBarSelYuv_u, i10 %tpgBarSelYuv_v, i11 %xBar_V, i32 %s, i2 %tpgBarSelRgb_b, i20 %tpgSinTableArray, i16 %zonePlateVDelta, i3 %tpgTartanBarArray, i10 %xCount_V, i10 %yCount_V, i10 %xCount_V_2, i1 %vHatch, i10 %yCount_V_2, i10 %whiYuv_1, i10 %blkYuv_1, i8 %tpgSinTableArray_9bit_0, i8 %tpgSinTableArray_9bit_1, i9 %tpgSinTableArray_9bit_2, i8 %tpgSinTableArray_9bit_3, i8 %tpgSinTableArray_9bit_4, i2 %tpgCheckerBoardArray, i10 %xCount_V_3, i10 %yCount_V_3, i28 %rSerie_V, i28 %gSerie_V, i28 %bSerie_V, i2 %DPtpgBarSelRgb_VESA_r, i2 %DPtpgBarSelRgb_VESA_g, i2 %DPtpgBarSelRgb_VESA_b, i3 %DPtpgBarArray, i10 %xCount_V_1, i6 %yCount_V_1, i8 %DPtpgBarSelRgb_CEA_r, i8 %DPtpgBarSelRgb_CEA_g, i8 %DPtpgBarSelRgb_CEA_b, i10 %DPtpgBarSelYuv_601_y, i10 %DPtpgBarSelYuv_601_v, i10 %DPtpgBarSelYuv_601_u, i10 %DPtpgBarSelYuv_709_y, i10 %DPtpgBarSelYuv_709_v, i10 %DPtpgBarSelYuv_709_u" [/home/pawsooon/Vivado/tor_wizyjny/prj/sol/.autopilot/db/v_tpg.cpp:300]   --->   Operation 11 'call' 'call_ln300' <Predicate = true> <Delay = 1.61> <CoreType = "Generic">   --->   Core 0 '' <Latency = 0> <II = 1> <Delay = 1.00> <Generic> <Opcode : >

State 4 <SV = 3> <Delay = 0.00>
ST_4 : Operation 12 [1/2] (0.00ns)   --->   "%call_ln300 = call void @tpgBackground, i30 %srcYUV, i16 %height, i16 %width, i16 %passthruStartX, i16 %passthruStartY, i16 %passthruEndX, i16 %passthruEndY, i8 %enableInput, i8 %bckgndId, i16 %ZplateHorContStart, i16 %ZplateHorContDelta, i16 %ZplateVerContStart, i16 %ZplateVerContDelta, i8 %dpDynamicRange, i8 %dpYUVCoef, i8 %motionSpeed, i8 %colorFormat, i30 %ovrlayYUV, i10 %rampStart, i16 %rampVal_1, i10 %rampVal, i8 %hBarSel_2, i16 %zonePlateVAddr, i3 %vBarSel, i3 %hBarSel, i16 %hdata, i8 %vBarSel_2, i3 %hBarSel_3, i16 %rampVal_2, i1 %vBarSel_1, i3 %hBarSel_1, i10 %redYuv, i10 %grnYuv, i10 %bluYuv, i10 %blkYuv, i10 %whiYuv, i2 %tpgBarSelRgb_r, i10 %tpgBarSelYuv_y, i2 %tpgBarSelRgb_g, i10 %tpgBarSelYuv_u, i10 %tpgBarSelYuv_v, i11 %xBar_V, i32 %s, i2 %tpgBarSelRgb_b, i20 %tpgSinTableArray, i16 %zonePlateVDelta, i3 %tpgTartanBarArray, i10 %xCount_V, i10 %yCount_V, i10 %xCount_V_2, i1 %vHatch, i10 %yCount_V_2, i10 %whiYuv_1, i10 %blkYuv_1, i8 %tpgSinTableArray_9bit_0, i8 %tpgSinTableArray_9bit_1, i9 %tpgSinTableArray_9bit_2, i8 %tpgSinTableArray_9bit_3, i8 %tpgSinTableArray_9bit_4, i2 %tpgCheckerBoardArray, i10 %xCount_V_3, i10 %yCount_V_3, i28 %rSerie_V, i28 %gSerie_V, i28 %bSerie_V, i2 %DPtpgBarSelRgb_VESA_r, i2 %DPtpgBarSelRgb_VESA_g, i2 %DPtpgBarSelRgb_VESA_b, i3 %DPtpgBarArray, i10 %xCount_V_1, i6 %yCount_V_1, i8 %DPtpgBarSelRgb_CEA_r, i8 %DPtpgBarSelRgb_CEA_g, i8 %DPtpgBarSelRgb_CEA_b, i10 %DPtpgBarSelYuv_601_y, i10 %DPtpgBarSelYuv_601_v, i10 %DPtpgBarSelYuv_601_u, i10 %DPtpgBarSelYuv_709_y, i10 %DPtpgBarSelYuv_709_v, i10 %DPtpgBarSelYuv_709_u" [/home/pawsooon/Vivado/tor_wizyjny/prj/sol/.autopilot/db/v_tpg.cpp:300]   --->   Operation 12 'call' 'call_ln300' <Predicate = true> <Delay = 0.00> <CoreType = "Generic">   --->   Core 0 '' <Latency = 0> <II = 1> <Delay = 1.00> <Generic> <Opcode : >

State 5 <SV = 4> <Delay = 1.10>
ST_5 : Operation 13 [2/2] (1.10ns)   --->   "%call_ln354 = call void @MultiPixStream2AXIvideo, i30 %ovrlayYUV, i32 %m_axis_video_V_data_V, i4 %m_axis_video_V_keep_V, i4 %m_axis_video_V_strb_V, i1 %m_axis_video_V_user_V, i1 %m_axis_video_V_last_V, i1 %m_axis_video_V_id_V, i1 %m_axis_video_V_dest_V, i16 %height, i16 %width, i8 %colorFormat, i1 %fid_in, i1 %fid, i16 %field_id, i1 %fidStored, i16 %counter" [/home/pawsooon/Vivado/tor_wizyjny/prj/sol/.autopilot/db/v_tpg.cpp:354]   --->   Operation 13 'call' 'call_ln354' <Predicate = true> <Delay = 1.10> <CoreType = "Generic">   --->   Core 0 '' <Latency = 0> <II = 1> <Delay = 1.00> <Generic> <Opcode : >

State 6 <SV = 5> <Delay = 0.94>
ST_6 : Operation 14 [1/1] (0.00ns)   --->   "%specdataflowpipeline_ln0 = specdataflowpipeline void @_ssdm_op_SpecDataflowPipeline, i32 4294967295, i32 0, void @empty_7"   --->   Operation 14 'specdataflowpipeline' 'specdataflowpipeline_ln0' <Predicate = true> <Delay = 0.00>
ST_6 : Operation 15 [1/1] (0.00ns)   --->   "%specaxissidechannel_ln0 = specaxissidechannel void @_ssdm_op_SpecAXISSideChannel, i32 %m_axis_video_V_data_V, i4 %m_axis_video_V_keep_V, i4 %m_axis_video_V_strb_V, i1 %m_axis_video_V_user_V, i1 %m_axis_video_V_last_V, i1 %m_axis_video_V_id_V, i1 %m_axis_video_V_dest_V, void @empty_17"   --->   Operation 15 'specaxissidechannel' 'specaxissidechannel_ln0' <Predicate = true> <Delay = 0.00>
ST_6 : Operation 16 [1/1] (0.00ns)   --->   "%specaxissidechannel_ln0 = specaxissidechannel void @_ssdm_op_SpecAXISSideChannel, i32 %s_axis_video_V_data_V, i4 %s_axis_video_V_keep_V, i4 %s_axis_video_V_strb_V, i1 %s_axis_video_V_user_V, i1 %s_axis_video_V_last_V, i1 %s_axis_video_V_id_V, i1 %s_axis_video_V_dest_V, void @empty_6"   --->   Operation 16 'specaxissidechannel' 'specaxissidechannel_ln0' <Predicate = true> <Delay = 0.00>
ST_6 : Operation 17 [1/1] (0.00ns)   --->   "%specstablecontent_ln0 = specstablecontent void @_ssdm_op_SpecStableContent, i8 %dpYUVCoef, void "   --->   Operation 17 'specstablecontent' 'specstablecontent_ln0' <Predicate = true> <Delay = 0.00>
ST_6 : Operation 18 [1/1] (0.00ns)   --->   "%specstablecontent_ln0 = specstablecontent void @_ssdm_op_SpecStableContent, i8 %dpDynamicRange, void "   --->   Operation 18 'specstablecontent' 'specstablecontent_ln0' <Predicate = true> <Delay = 0.00>
ST_6 : Operation 19 [1/1] (0.00ns)   --->   "%specstablecontent_ln0 = specstablecontent void @_ssdm_op_SpecStableContent, i16 %ZplateVerContDelta, void "   --->   Operation 19 'specstablecontent' 'specstablecontent_ln0' <Predicate = true> <Delay = 0.00>
ST_6 : Operation 20 [1/1] (0.00ns)   --->   "%specstablecontent_ln0 = specstablecontent void @_ssdm_op_SpecStableContent, i16 %ZplateVerContStart, void "   --->   Operation 20 'specstablecontent' 'specstablecontent_ln0' <Predicate = true> <Delay = 0.00>
ST_6 : Operation 21 [1/1] (0.00ns)   --->   "%specstablecontent_ln0 = specstablecontent void @_ssdm_op_SpecStableContent, i16 %ZplateHorContDelta, void "   --->   Operation 21 'specstablecontent' 'specstablecontent_ln0' <Predicate = true> <Delay = 0.00>
ST_6 : Operation 22 [1/1] (0.00ns)   --->   "%specstablecontent_ln0 = specstablecontent void @_ssdm_op_SpecStableContent, i16 %ZplateHorContStart, void "   --->   Operation 22 'specstablecontent' 'specstablecontent_ln0' <Predicate = true> <Delay = 0.00>
ST_6 : Operation 23 [1/1] (0.00ns)   --->   "%specstablecontent_ln0 = specstablecontent void @_ssdm_op_SpecStableContent, i8 %colorFormat, void "   --->   Operation 23 'specstablecontent' 'specstablecontent_ln0' <Predicate = true> <Delay = 0.00>
ST_6 : Operation 24 [1/1] (0.00ns)   --->   "%specstablecontent_ln0 = specstablecontent void @_ssdm_op_SpecStableContent, i8 %motionSpeed, void "   --->   Operation 24 'specstablecontent' 'specstablecontent_ln0' <Predicate = true> <Delay = 0.00>
ST_6 : Operation 25 [1/1] (0.00ns)   --->   "%specstablecontent_ln0 = specstablecontent void @_ssdm_op_SpecStableContent, i8 %bckgndId, void "   --->   Operation 25 'specstablecontent' 'specstablecontent_ln0' <Predicate = true> <Delay = 0.00>
ST_6 : Operation 26 [1/1] (0.00ns)   --->   "%specstablecontent_ln0 = specstablecontent void @_ssdm_op_SpecStableContent, i8 %enableInput, void "   --->   Operation 26 'specstablecontent' 'specstablecontent_ln0' <Predicate = true> <Delay = 0.00>
ST_6 : Operation 27 [1/1] (0.00ns)   --->   "%specstablecontent_ln0 = specstablecontent void @_ssdm_op_SpecStableContent, i16 %passthruEndY, void "   --->   Operation 27 'specstablecontent' 'specstablecontent_ln0' <Predicate = true> <Delay = 0.00>
ST_6 : Operation 28 [1/1] (0.00ns)   --->   "%specstablecontent_ln0 = specstablecontent void @_ssdm_op_SpecStableContent, i16 %passthruEndX, void "   --->   Operation 28 'specstablecontent' 'specstablecontent_ln0' <Predicate = true> <Delay = 0.00>
ST_6 : Operation 29 [1/1] (0.00ns)   --->   "%specstablecontent_ln0 = specstablecontent void @_ssdm_op_SpecStableContent, i16 %passthruStartY, void "   --->   Operation 29 'specstablecontent' 'specstablecontent_ln0' <Predicate = true> <Delay = 0.00>
ST_6 : Operation 30 [1/1] (0.00ns)   --->   "%specstablecontent_ln0 = specstablecontent void @_ssdm_op_SpecStableContent, i16 %passthruStartX, void "   --->   Operation 30 'specstablecontent' 'specstablecontent_ln0' <Predicate = true> <Delay = 0.00>
ST_6 : Operation 31 [1/1] (0.00ns)   --->   "%specstablecontent_ln0 = specstablecontent void @_ssdm_op_SpecStableContent, i1 %fid_in, void "   --->   Operation 31 'specstablecontent' 'specstablecontent_ln0' <Predicate = true> <Delay = 0.00>
ST_6 : Operation 32 [1/1] (0.00ns)   --->   "%specstablecontent_ln0 = specstablecontent void @_ssdm_op_SpecStableContent, i16 %field_id, void "   --->   Operation 32 'specstablecontent' 'specstablecontent_ln0' <Predicate = true> <Delay = 0.00>
ST_6 : Operation 33 [1/1] (0.00ns)   --->   "%specstablecontent_ln0 = specstablecontent void @_ssdm_op_SpecStableContent, i16 %height, void "   --->   Operation 33 'specstablecontent' 'specstablecontent_ln0' <Predicate = true> <Delay = 0.00>
ST_6 : Operation 34 [1/1] (0.00ns)   --->   "%specstablecontent_ln0 = specstablecontent void @_ssdm_op_SpecStableContent, i16 %width, void "   --->   Operation 34 'specstablecontent' 'specstablecontent_ln0' <Predicate = true> <Delay = 0.00>
ST_6 : Operation 35 [1/1] (0.00ns)   --->   "%specinterface_ln0 = specinterface void @_ssdm_op_SpecInterface, i1 %m_axis_video_V_dest_V, i1 %m_axis_video_V_id_V, i1 %m_axis_video_V_last_V, i1 %m_axis_video_V_user_V, i4 %m_axis_video_V_strb_V, i4 %m_axis_video_V_keep_V, i32 %m_axis_video_V_data_V, void @empty_31, i32 0, i32 0, void @empty_20, i32 0, i32 0, void @empty_7, void @empty_7, void @empty_7, i32 0, i32 0, i32 0, i32 0, void @empty_7, void @empty_7, i32 4294967295, i32 0"   --->   Operation 35 'specinterface' 'specinterface_ln0' <Predicate = true> <Delay = 0.00>
ST_6 : Operation 36 [1/1] (0.00ns)   --->   "%specinterface_ln0 = specinterface void @_ssdm_op_SpecInterface, i1 %s_axis_video_V_dest_V, i1 %s_axis_video_V_id_V, i1 %s_axis_video_V_last_V, i1 %s_axis_video_V_user_V, i4 %s_axis_video_V_strb_V, i4 %s_axis_video_V_keep_V, i32 %s_axis_video_V_data_V, void @empty_31, i32 0, i32 0, void @empty_20, i32 0, i32 0, void @empty_7, void @empty_7, void @empty_7, i32 0, i32 0, i32 0, i32 0, void @empty_7, void @empty_7, i32 4294967295, i32 0"   --->   Operation 36 'specinterface' 'specinterface_ln0' <Predicate = true> <Delay = 0.00>
ST_6 : Operation 37 [1/1] (0.00ns)   --->   "%empty = specchannel i32 @_ssdm_op_SpecChannel, void @srcYUV_str, i32 1, void @p_str, void @p_str, i32 16, i32 16, i30 %srcYUV, i30 %srcYUV"   --->   Operation 37 'specchannel' 'empty' <Predicate = true> <Delay = 0.00>
ST_6 : Operation 38 [1/1] (0.00ns)   --->   "%specinterface_ln0 = specinterface void @_ssdm_op_SpecInterface, i30 %srcYUV, void @empty_5, i32 0, i32 0, void @empty_7, i32 0, i32 0, void @empty_7, void @empty_7, void @empty_7, i32 0, i32 0, i32 0, i32 0, void @empty_7, void @empty_7, i32 4294967295, i32 0"   --->   Operation 38 'specinterface' 'specinterface_ln0' <Predicate = true> <Delay = 0.00>
ST_6 : Operation 39 [1/1] (0.00ns)   --->   "%empty_73 = specchannel i32 @_ssdm_op_SpecChannel, void @ovrlayYUV_str, i32 1, void @p_str, void @p_str, i32 16, i32 16, i30 %ovrlayYUV, i30 %ovrlayYUV"   --->   Operation 39 'specchannel' 'empty_73' <Predicate = true> <Delay = 0.00>
ST_6 : Operation 40 [1/1] (0.00ns)   --->   "%specinterface_ln0 = specinterface void @_ssdm_op_SpecInterface, i30 %ovrlayYUV, void @empty_5, i32 0, i32 0, void @empty_7, i32 0, i32 0, void @empty_7, void @empty_7, void @empty_7, i32 0, i32 0, i32 0, i32 0, void @empty_7, void @empty_7, i32 4294967295, i32 0"   --->   Operation 40 'specinterface' 'specinterface_ln0' <Predicate = true> <Delay = 0.00>
ST_6 : Operation 41 [1/2] (0.94ns)   --->   "%call_ln354 = call void @MultiPixStream2AXIvideo, i30 %ovrlayYUV, i32 %m_axis_video_V_data_V, i4 %m_axis_video_V_keep_V, i4 %m_axis_video_V_strb_V, i1 %m_axis_video_V_user_V, i1 %m_axis_video_V_last_V, i1 %m_axis_video_V_id_V, i1 %m_axis_video_V_dest_V, i16 %height, i16 %width, i8 %colorFormat, i1 %fid_in, i1 %fid, i16 %field_id, i1 %fidStored, i16 %counter" [/home/pawsooon/Vivado/tor_wizyjny/prj/sol/.autopilot/db/v_tpg.cpp:354]   --->   Operation 41 'call' 'call_ln354' <Predicate = true> <Delay = 0.94> <CoreType = "Generic">   --->   Core 0 '' <Latency = 0> <II = 1> <Delay = 1.00> <Generic> <Opcode : >
ST_6 : Operation 42 [1/1] (0.00ns)   --->   "%ret_ln356 = ret" [/home/pawsooon/Vivado/tor_wizyjny/prj/sol/.autopilot/db/v_tpg.cpp:356]   --->   Operation 42 'ret' 'ret_ln356' <Predicate = true> <Delay = 0.00>


============================================================
+ Verbose Summary: Binding
============================================================
STG Binding: 
---------------- STG Properties BEGIN ----------------
- Is combinational: 0
- Is one-state seq: 0
- Is datapath-only: 0
- Is pipelined: 0
- Is top level: 0
Port [ Return ] is wired: 1; IO mode=ap_ctrl_hs:ce=0
Port [ s_axis_video_V_data_V]:  wired=1; compound=1; hidden=0; nouse=0; global=0; static=0; extern=0; dir=0; type=0; pingpong=0; private_global=0; IO mode=axis:ce=0
Port [ s_axis_video_V_keep_V]:  wired=1; compound=1; hidden=0; nouse=0; global=0; static=0; extern=0; dir=0; type=0; pingpong=0; private_global=0; IO mode=axis:ce=0
Port [ s_axis_video_V_strb_V]:  wired=1; compound=1; hidden=0; nouse=0; global=0; static=0; extern=0; dir=0; type=0; pingpong=0; private_global=0; IO mode=axis:ce=0
Port [ s_axis_video_V_user_V]:  wired=1; compound=1; hidden=0; nouse=0; global=0; static=0; extern=0; dir=0; type=0; pingpong=0; private_global=0; IO mode=axis:ce=0
Port [ s_axis_video_V_last_V]:  wired=1; compound=1; hidden=0; nouse=0; global=0; static=0; extern=0; dir=0; type=0; pingpong=0; private_global=0; IO mode=axis:ce=0
Port [ s_axis_video_V_id_V]:  wired=1; compound=1; hidden=0; nouse=0; global=0; static=0; extern=0; dir=0; type=0; pingpong=0; private_global=0; IO mode=axis:ce=0
Port [ s_axis_video_V_dest_V]:  wired=1; compound=1; hidden=0; nouse=0; global=0; static=0; extern=0; dir=0; type=0; pingpong=0; private_global=0; IO mode=axis:ce=0
Port [ height]:  wired=1; compound=0; hidden=0; nouse=0; global=0; static=0; extern=0; dir=0; type=0; pingpong=0; private_global=0; IO mode=ap_none:ce=0
Port [ width]:  wired=1; compound=0; hidden=0; nouse=0; global=0; static=0; extern=0; dir=0; type=0; pingpong=0; private_global=0; IO mode=ap_none:ce=0
Port [ field_id]:  wired=1; compound=0; hidden=0; nouse=0; global=0; static=0; extern=0; dir=0; type=0; pingpong=0; private_global=0; IO mode=ap_none:ce=0
Port [ fid_in]:  wired=1; compound=0; hidden=0; nouse=0; global=0; static=0; extern=0; dir=0; type=0; pingpong=0; private_global=0; IO mode=ap_stable:ce=0
Port [ passthruStartX]:  wired=1; compound=0; hidden=0; nouse=0; global=0; static=0; extern=0; dir=0; type=0; pingpong=0; private_global=0; IO mode=ap_none:ce=0
Port [ passthruStartY]:  wired=1; compound=0; hidden=0; nouse=0; global=0; static=0; extern=0; dir=0; type=0; pingpong=0; private_global=0; IO mode=ap_none:ce=0
Port [ passthruEndX]:  wired=1; compound=0; hidden=0; nouse=0; global=0; static=0; extern=0; dir=0; type=0; pingpong=0; private_global=0; IO mode=ap_none:ce=0
Port [ passthruEndY]:  wired=1; compound=0; hidden=0; nouse=0; global=0; static=0; extern=0; dir=0; type=0; pingpong=0; private_global=0; IO mode=ap_none:ce=0
Port [ enableInput]:  wired=1; compound=0; hidden=0; nouse=0; global=0; static=0; extern=0; dir=0; type=0; pingpong=0; private_global=0; IO mode=ap_none:ce=0
Port [ bckgndId]:  wired=1; compound=0; hidden=0; nouse=0; global=0; static=0; extern=0; dir=0; type=0; pingpong=0; private_global=0; IO mode=ap_none:ce=0
Port [ motionSpeed]:  wired=1; compound=0; hidden=0; nouse=0; global=0; static=0; extern=0; dir=0; type=0; pingpong=0; private_global=0; IO mode=ap_none:ce=0
Port [ colorFormat]:  wired=1; compound=0; hidden=0; nouse=0; global=0; static=0; extern=0; dir=0; type=0; pingpong=0; private_global=0; IO mode=ap_none:ce=0
Port [ ZplateHorContStart]:  wired=1; compound=0; hidden=0; nouse=0; global=0; static=0; extern=0; dir=0; type=0; pingpong=0; private_global=0; IO mode=ap_none:ce=0
Port [ ZplateHorContDelta]:  wired=1; compound=0; hidden=0; nouse=0; global=0; static=0; extern=0; dir=0; type=0; pingpong=0; private_global=0; IO mode=ap_none:ce=0
Port [ ZplateVerContStart]:  wired=1; compound=0; hidden=0; nouse=0; global=0; static=0; extern=0; dir=0; type=0; pingpong=0; private_global=0; IO mode=ap_none:ce=0
Port [ ZplateVerContDelta]:  wired=1; compound=0; hidden=0; nouse=0; global=0; static=0; extern=0; dir=0; type=0; pingpong=0; private_global=0; IO mode=ap_none:ce=0
Port [ dpDynamicRange]:  wired=1; compound=0; hidden=0; nouse=0; global=0; static=0; extern=0; dir=0; type=0; pingpong=0; private_global=0; IO mode=ap_none:ce=0
Port [ dpYUVCoef]:  wired=1; compound=0; hidden=0; nouse=0; global=0; static=0; extern=0; dir=0; type=0; pingpong=0; private_global=0; IO mode=ap_none:ce=0
Port [ m_axis_video_V_data_V]:  wired=1; compound=1; hidden=0; nouse=0; global=0; static=0; extern=0; dir=1; type=0; pingpong=0; private_global=0; IO mode=axis:ce=0
Port [ m_axis_video_V_keep_V]:  wired=1; compound=1; hidden=0; nouse=0; global=0; static=0; extern=0; dir=1; type=0; pingpong=0; private_global=0; IO mode=axis:ce=0
Port [ m_axis_video_V_strb_V]:  wired=1; compound=1; hidden=0; nouse=0; global=0; static=0; extern=0; dir=1; type=0; pingpong=0; private_global=0; IO mode=axis:ce=0
Port [ m_axis_video_V_user_V]:  wired=1; compound=1; hidden=0; nouse=0; global=0; static=0; extern=0; dir=1; type=0; pingpong=0; private_global=0; IO mode=axis:ce=0
Port [ m_axis_video_V_last_V]:  wired=1; compound=1; hidden=0; nouse=0; global=0; static=0; extern=0; dir=1; type=0; pingpong=0; private_global=0; IO mode=axis:ce=0
Port [ m_axis_video_V_id_V]:  wired=1; compound=1; hidden=0; nouse=0; global=0; static=0; extern=0; dir=1; type=0; pingpong=0; private_global=0; IO mode=axis:ce=0
Port [ m_axis_video_V_dest_V]:  wired=1; compound=1; hidden=0; nouse=0; global=0; static=0; extern=0; dir=1; type=0; pingpong=0; private_global=0; IO mode=axis:ce=0
Port [ fid]:  wired=1; compound=0; hidden=0; nouse=0; global=0; static=0; extern=0; dir=1; type=0; pingpong=0; private_global=0; IO mode=ap_vld:ce=0
Port [ rampStart]:  wired=0; compound=0; hidden=1; nouse=1; global=1; static=1; extern=0; dir=2; type=0; pingpong=0; private_global=0; IO mode=ap_ovld:ce=0
Port [ rampVal_1]:  wired=0; compound=0; hidden=1; nouse=1; global=1; static=1; extern=0; dir=2; type=0; pingpong=0; private_global=0; IO mode=ap_ovld:ce=0
Port [ rampVal]:  wired=0; compound=0; hidden=1; nouse=1; global=1; static=1; extern=0; dir=2; type=0; pingpong=0; private_global=0; IO mode=ap_ovld:ce=0
Port [ hBarSel_2]:  wired=0; compound=0; hidden=1; nouse=1; global=1; static=1; extern=0; dir=2; type=0; pingpong=0; private_global=0; IO mode=ap_ovld:ce=0
Port [ zonePlateVAddr]:  wired=0; compound=0; hidden=1; nouse=1; global=1; static=1; extern=0; dir=2; type=0; pingpong=0; private_global=0; IO mode=ap_ovld:ce=0
Port [ vBarSel]:  wired=0; compound=0; hidden=1; nouse=1; global=1; static=1; extern=0; dir=2; type=0; pingpong=0; private_global=0; IO mode=ap_ovld:ce=0
Port [ hBarSel]:  wired=0; compound=0; hidden=1; nouse=1; global=1; static=1; extern=0; dir=2; type=0; pingpong=0; private_global=0; IO mode=ap_ovld:ce=0
Port [ hdata]:  wired=0; compound=0; hidden=1; nouse=1; global=1; static=1; extern=0; dir=2; type=0; pingpong=0; private_global=0; IO mode=ap_ovld:ce=0
Port [ vBarSel_2]:  wired=0; compound=0; hidden=1; nouse=1; global=1; static=1; extern=0; dir=2; type=0; pingpong=0; private_global=0; IO mode=ap_ovld:ce=0
Port [ hBarSel_3]:  wired=0; compound=0; hidden=1; nouse=1; global=1; static=1; extern=0; dir=2; type=0; pingpong=0; private_global=0; IO mode=ap_ovld:ce=0
Port [ rampVal_2]:  wired=0; compound=0; hidden=1; nouse=1; global=1; static=1; extern=0; dir=2; type=0; pingpong=0; private_global=0; IO mode=ap_ovld:ce=0
Port [ vBarSel_1]:  wired=0; compound=0; hidden=1; nouse=1; global=1; static=1; extern=0; dir=2; type=0; pingpong=0; private_global=0; IO mode=ap_ovld:ce=0
Port [ hBarSel_1]:  wired=0; compound=0; hidden=1; nouse=1; global=1; static=1; extern=0; dir=2; type=0; pingpong=0; private_global=0; IO mode=ap_ovld:ce=0
Port [ redYuv]:  wired=0; compound=1; hidden=1; nouse=1; global=1; static=1; extern=0; dir=0; type=1; pingpong=0; private_global=0; MemPort=[1]; IO mode=ap_memory:ce=0
Port [ grnYuv]:  wired=0; compound=1; hidden=1; nouse=1; global=1; static=1; extern=0; dir=0; type=1; pingpong=0; private_global=0; MemPort=[1]; IO mode=ap_memory:ce=0
Port [ bluYuv]:  wired=0; compound=1; hidden=1; nouse=1; global=1; static=1; extern=0; dir=0; type=1; pingpong=0; private_global=0; MemPort=[1]; IO mode=ap_memory:ce=0
Port [ blkYuv]:  wired=0; compound=1; hidden=1; nouse=1; global=1; static=1; extern=0; dir=0; type=1; pingpong=0; private_global=0; MemPort=[1]; IO mode=ap_memory:ce=0
Port [ whiYuv]:  wired=0; compound=1; hidden=1; nouse=1; global=1; static=1; extern=0; dir=0; type=1; pingpong=0; private_global=0; MemPort=[1]; IO mode=ap_memory:ce=0
Port [ tpgBarSelRgb_r]:  wired=0; compound=1; hidden=1; nouse=1; global=1; static=1; extern=0; dir=0; type=1; pingpong=0; private_global=0; MemPort=[1]; IO mode=ap_memory:ce=0
Port [ tpgBarSelYuv_y]:  wired=0; compound=1; hidden=1; nouse=1; global=1; static=1; extern=0; dir=0; type=1; pingpong=0; private_global=0; MemPort=[1]; IO mode=ap_memory:ce=0
Port [ tpgBarSelRgb_g]:  wired=0; compound=1; hidden=1; nouse=1; global=1; static=1; extern=0; dir=0; type=1; pingpong=0; private_global=0; MemPort=[1]; IO mode=ap_memory:ce=0
Port [ tpgBarSelYuv_u]:  wired=0; compound=1; hidden=1; nouse=1; global=1; static=1; extern=0; dir=0; type=1; pingpong=0; private_global=0; MemPort=[1]; IO mode=ap_memory:ce=0
Port [ tpgBarSelYuv_v]:  wired=0; compound=1; hidden=1; nouse=1; global=1; static=1; extern=0; dir=0; type=1; pingpong=0; private_global=0; MemPort=[1]; IO mode=ap_memory:ce=0
Port [ xBar_V]:  wired=0; compound=0; hidden=1; nouse=1; global=1; static=1; extern=0; dir=2; type=0; pingpong=0; private_global=0; IO mode=ap_ovld:ce=0
Port [ s]:  wired=1; compound=0; hidden=0; nouse=0; global=1; static=1; extern=0; dir=0; type=0; pingpong=0; private_global=0; IO mode=ap_none:ce=0
Port [ tpgBarSelRgb_b]:  wired=0; compound=1; hidden=1; nouse=1; global=1; static=1; extern=0; dir=0; type=1; pingpong=0; private_global=0; MemPort=[1]; IO mode=ap_memory:ce=0
Port [ tpgSinTableArray]:  wired=0; compound=1; hidden=1; nouse=1; global=1; static=1; extern=0; dir=0; type=1; pingpong=0; private_global=0; MemPort=[1]; IO mode=ap_memory:ce=0
Port [ zonePlateVDelta]:  wired=0; compound=0; hidden=1; nouse=1; global=1; static=1; extern=0; dir=2; type=0; pingpong=0; private_global=0; IO mode=ap_ovld:ce=0
Port [ tpgTartanBarArray]:  wired=0; compound=1; hidden=1; nouse=1; global=1; static=1; extern=0; dir=0; type=1; pingpong=0; private_global=0; MemPort=[1]; IO mode=ap_memory:ce=0
Port [ xCount_V]:  wired=0; compound=0; hidden=1; nouse=1; global=1; static=1; extern=0; dir=2; type=0; pingpong=0; private_global=0; IO mode=ap_ovld:ce=0
Port [ yCount_V]:  wired=0; compound=0; hidden=1; nouse=1; global=1; static=1; extern=0; dir=2; type=0; pingpong=0; private_global=0; IO mode=ap_ovld:ce=0
Port [ xCount_V_2]:  wired=0; compound=0; hidden=1; nouse=1; global=1; static=1; extern=0; dir=2; type=0; pingpong=0; private_global=0; IO mode=ap_ovld:ce=0
Port [ vHatch]:  wired=0; compound=0; hidden=1; nouse=1; global=1; static=1; extern=0; dir=2; type=0; pingpong=0; private_global=0; IO mode=ap_ovld:ce=0
Port [ yCount_V_2]:  wired=0; compound=0; hidden=1; nouse=1; global=1; static=1; extern=0; dir=2; type=0; pingpong=0; private_global=0; IO mode=ap_ovld:ce=0
Port [ whiYuv_1]:  wired=0; compound=1; hidden=1; nouse=1; global=1; static=1; extern=0; dir=0; type=1; pingpong=0; private_global=0; MemPort=[1]; IO mode=ap_memory:ce=0
Port [ blkYuv_1]:  wired=0; compound=1; hidden=1; nouse=1; global=1; static=1; extern=0; dir=0; type=1; pingpong=0; private_global=0; MemPort=[1]; IO mode=ap_memory:ce=0
Port [ tpgSinTableArray_9bit_0]:  wired=0; compound=1; hidden=1; nouse=1; global=1; static=1; extern=0; dir=0; type=1; pingpong=0; private_global=0; MemPort=[111]; IO mode=ap_memory:ce=0
Port [ tpgSinTableArray_9bit_1]:  wired=0; compound=1; hidden=1; nouse=1; global=1; static=1; extern=0; dir=0; type=1; pingpong=0; private_global=0; MemPort=[111]; IO mode=ap_memory:ce=0
Port [ tpgSinTableArray_9bit_2]:  wired=0; compound=1; hidden=1; nouse=1; global=1; static=1; extern=0; dir=0; type=1; pingpong=0; private_global=0; MemPort=[111]; IO mode=ap_memory:ce=0
Port [ tpgSinTableArray_9bit_3]:  wired=0; compound=1; hidden=1; nouse=1; global=1; static=1; extern=0; dir=0; type=1; pingpong=0; private_global=0; MemPort=[111]; IO mode=ap_memory:ce=0
Port [ tpgSinTableArray_9bit_4]:  wired=0; compound=1; hidden=1; nouse=1; global=1; static=1; extern=0; dir=0; type=1; pingpong=0; private_global=0; MemPort=[111]; IO mode=ap_memory:ce=0
Port [ tpgCheckerBoardArray]:  wired=0; compound=1; hidden=1; nouse=1; global=1; static=1; extern=0; dir=0; type=1; pingpong=0; private_global=0; MemPort=[1]; IO mode=ap_memory:ce=0
Port [ xCount_V_3]:  wired=0; compound=0; hidden=1; nouse=1; global=1; static=1; extern=0; dir=2; type=0; pingpong=0; private_global=0; IO mode=ap_ovld:ce=0
Port [ yCount_V_3]:  wired=0; compound=0; hidden=1; nouse=1; global=1; static=1; extern=0; dir=2; type=0; pingpong=0; private_global=0; IO mode=ap_ovld:ce=0
Port [ rSerie_V]:  wired=0; compound=0; hidden=1; nouse=1; global=1; static=1; extern=0; dir=2; type=0; pingpong=0; private_global=0; IO mode=ap_ovld:ce=0
Port [ gSerie_V]:  wired=0; compound=0; hidden=1; nouse=1; global=1; static=1; extern=0; dir=2; type=0; pingpong=0; private_global=0; IO mode=ap_ovld:ce=0
Port [ bSerie_V]:  wired=0; compound=0; hidden=1; nouse=1; global=1; static=1; extern=0; dir=2; type=0; pingpong=0; private_global=0; IO mode=ap_ovld:ce=0
Port [ DPtpgBarSelRgb_VESA_r]:  wired=0; compound=1; hidden=1; nouse=1; global=1; static=1; extern=0; dir=0; type=1; pingpong=0; private_global=0; MemPort=[1]; IO mode=ap_memory:ce=0
Port [ DPtpgBarSelRgb_VESA_g]:  wired=0; compound=1; hidden=1; nouse=1; global=1; static=1; extern=0; dir=0; type=1; pingpong=0; private_global=0; MemPort=[1]; IO mode=ap_memory:ce=0
Port [ DPtpgBarSelRgb_VESA_b]:  wired=0; compound=1; hidden=1; nouse=1; global=1; static=1; extern=0; dir=0; type=1; pingpong=0; private_global=0; MemPort=[1]; IO mode=ap_memory:ce=0
Port [ DPtpgBarArray]:  wired=0; compound=1; hidden=1; nouse=1; global=1; static=1; extern=0; dir=0; type=1; pingpong=0; private_global=0; MemPort=[1]; IO mode=ap_memory:ce=0
Port [ xCount_V_1]:  wired=0; compound=0; hidden=1; nouse=1; global=1; static=1; extern=0; dir=2; type=0; pingpong=0; private_global=0; IO mode=ap_ovld:ce=0
Port [ yCount_V_1]:  wired=0; compound=0; hidden=1; nouse=1; global=1; static=1; extern=0; dir=2; type=0; pingpong=0; private_global=0; IO mode=ap_ovld:ce=0
Port [ DPtpgBarSelRgb_CEA_r]:  wired=0; compound=1; hidden=1; nouse=1; global=1; static=1; extern=0; dir=0; type=1; pingpong=0; private_global=0; MemPort=[1]; IO mode=ap_memory:ce=0
Port [ DPtpgBarSelRgb_CEA_g]:  wired=0; compound=1; hidden=1; nouse=1; global=1; static=1; extern=0; dir=0; type=1; pingpong=0; private_global=0; MemPort=[1]; IO mode=ap_memory:ce=0
Port [ DPtpgBarSelRgb_CEA_b]:  wired=0; compound=1; hidden=1; nouse=1; global=1; static=1; extern=0; dir=0; type=1; pingpong=0; private_global=0; MemPort=[1]; IO mode=ap_memory:ce=0
Port [ DPtpgBarSelYuv_601_y]:  wired=0; compound=1; hidden=1; nouse=1; global=1; static=1; extern=0; dir=0; type=1; pingpong=0; private_global=0; MemPort=[1]; IO mode=ap_memory:ce=0
Port [ DPtpgBarSelYuv_601_v]:  wired=0; compound=1; hidden=1; nouse=1; global=1; static=1; extern=0; dir=0; type=1; pingpong=0; private_global=0; MemPort=[1]; IO mode=ap_memory:ce=0
Port [ DPtpgBarSelYuv_601_u]:  wired=0; compound=1; hidden=1; nouse=1; global=1; static=1; extern=0; dir=0; type=1; pingpong=0; private_global=0; MemPort=[1]; IO mode=ap_memory:ce=0
Port [ DPtpgBarSelYuv_709_y]:  wired=0; compound=1; hidden=1; nouse=1; global=1; static=1; extern=0; dir=0; type=1; pingpong=0; private_global=0; MemPort=[1]; IO mode=ap_memory:ce=0
Port [ DPtpgBarSelYuv_709_v]:  wired=0; compound=1; hidden=1; nouse=1; global=1; static=1; extern=0; dir=0; type=1; pingpong=0; private_global=0; MemPort=[1]; IO mode=ap_memory:ce=0
Port [ DPtpgBarSelYuv_709_u]:  wired=0; compound=1; hidden=1; nouse=1; global=1; static=1; extern=0; dir=0; type=1; pingpong=0; private_global=0; MemPort=[1]; IO mode=ap_memory:ce=0
Port [ fidStored]:  wired=0; compound=0; hidden=1; nouse=1; global=1; static=1; extern=0; dir=2; type=0; pingpong=0; private_global=0; IO mode=ap_ovld:ce=0
Port [ counter]:  wired=0; compound=0; hidden=1; nouse=1; global=1; static=1; extern=0; dir=2; type=0; pingpong=0; private_global=0; IO mode=ap_ovld:ce=0
---------------- STG Properties END ------------------

---------------- Datapath Model BEGIN ----------------

<LifeTime>
<method=bitvector/>
srcYUV                   (alloca              ) [ 0111111]
ovrlayYUV                (alloca              ) [ 0011111]
call_ln297               (call                ) [ 0000000]
call_ln300               (call                ) [ 0000000]
specdataflowpipeline_ln0 (specdataflowpipeline) [ 0000000]
specaxissidechannel_ln0  (specaxissidechannel ) [ 0000000]
specaxissidechannel_ln0  (specaxissidechannel ) [ 0000000]
specstablecontent_ln0    (specstablecontent   ) [ 0000000]
specstablecontent_ln0    (specstablecontent   ) [ 0000000]
specstablecontent_ln0    (specstablecontent   ) [ 0000000]
specstablecontent_ln0    (specstablecontent   ) [ 0000000]
specstablecontent_ln0    (specstablecontent   ) [ 0000000]
specstablecontent_ln0    (specstablecontent   ) [ 0000000]
specstablecontent_ln0    (specstablecontent   ) [ 0000000]
specstablecontent_ln0    (specstablecontent   ) [ 0000000]
specstablecontent_ln0    (specstablecontent   ) [ 0000000]
specstablecontent_ln0    (specstablecontent   ) [ 0000000]
specstablecontent_ln0    (specstablecontent   ) [ 0000000]
specstablecontent_ln0    (specstablecontent   ) [ 0000000]
specstablecontent_ln0    (specstablecontent   ) [ 0000000]
specstablecontent_ln0    (specstablecontent   ) [ 0000000]
specstablecontent_ln0    (specstablecontent   ) [ 0000000]
specstablecontent_ln0    (specstablecontent   ) [ 0000000]
specstablecontent_ln0    (specstablecontent   ) [ 0000000]
specstablecontent_ln0    (specstablecontent   ) [ 0000000]
specinterface_ln0        (specinterface       ) [ 0000000]
specinterface_ln0        (specinterface       ) [ 0000000]
empty                    (specchannel         ) [ 0000000]
specinterface_ln0        (specinterface       ) [ 0000000]
empty_73                 (specchannel         ) [ 0000000]
specinterface_ln0        (specinterface       ) [ 0000000]
call_ln354               (call                ) [ 0000000]
ret_ln356                (ret                 ) [ 0000000]
</LifeTime>

<model>

<comp_list>
<comp id="0" class="1000" name="s_axis_video_V_data_V">
<pin_list>
<pin id="1" dir="1" index="0" bw="1" slack="0"/>
</pin_list>
<bind>
<StgValue><ssdm name="s_axis_video_V_data_V"/></StgValue>
</bind>
</comp>

<comp id="2" class="1000" name="s_axis_video_V_keep_V">
<pin_list>
<pin id="3" dir="1" index="0" bw="1" slack="0"/>
</pin_list>
<bind>
<StgValue><ssdm name="s_axis_video_V_keep_V"/></StgValue>
</bind>
</comp>

<comp id="4" class="1000" name="s_axis_video_V_strb_V">
<pin_list>
<pin id="5" dir="1" index="0" bw="1" slack="0"/>
</pin_list>
<bind>
<StgValue><ssdm name="s_axis_video_V_strb_V"/></StgValue>
</bind>
</comp>

<comp id="6" class="1000" name="s_axis_video_V_user_V">
<pin_list>
<pin id="7" dir="1" index="0" bw="1" slack="0"/>
</pin_list>
<bind>
<StgValue><ssdm name="s_axis_video_V_user_V"/></StgValue>
</bind>
</comp>

<comp id="8" class="1000" name="s_axis_video_V_last_V">
<pin_list>
<pin id="9" dir="1" index="0" bw="1" slack="0"/>
</pin_list>
<bind>
<StgValue><ssdm name="s_axis_video_V_last_V"/></StgValue>
</bind>
</comp>

<comp id="10" class="1000" name="s_axis_video_V_id_V">
<pin_list>
<pin id="11" dir="1" index="0" bw="1" slack="0"/>
</pin_list>
<bind>
<StgValue><ssdm name="s_axis_video_V_id_V"/></StgValue>
</bind>
</comp>

<comp id="12" class="1000" name="s_axis_video_V_dest_V">
<pin_list>
<pin id="13" dir="1" index="0" bw="1" slack="0"/>
</pin_list>
<bind>
<StgValue><ssdm name="s_axis_video_V_dest_V"/></StgValue>
</bind>
</comp>

<comp id="14" class="1000" name="height">
<pin_list>
<pin id="15" dir="1" index="0" bw="1" slack="0"/>
</pin_list>
<bind>
<StgValue><ssdm name="height"/></StgValue>
</bind>
</comp>

<comp id="16" class="1000" name="width">
<pin_list>
<pin id="17" dir="1" index="0" bw="1" slack="0"/>
</pin_list>
<bind>
<StgValue><ssdm name="width"/></StgValue>
</bind>
</comp>

<comp id="18" class="1000" name="field_id">
<pin_list>
<pin id="19" dir="1" index="0" bw="1" slack="0"/>
</pin_list>
<bind>
<StgValue><ssdm name="field_id"/></StgValue>
</bind>
</comp>

<comp id="20" class="1000" name="fid_in">
<pin_list>
<pin id="21" dir="1" index="0" bw="1" slack="0"/>
</pin_list>
<bind>
<StgValue><ssdm name="fid_in"/></StgValue>
</bind>
</comp>

<comp id="22" class="1000" name="passthruStartX">
<pin_list>
<pin id="23" dir="1" index="0" bw="1" slack="0"/>
</pin_list>
<bind>
<StgValue><ssdm name="passthruStartX"/></StgValue>
</bind>
</comp>

<comp id="24" class="1000" name="passthruStartY">
<pin_list>
<pin id="25" dir="1" index="0" bw="1" slack="0"/>
</pin_list>
<bind>
<StgValue><ssdm name="passthruStartY"/></StgValue>
</bind>
</comp>

<comp id="26" class="1000" name="passthruEndX">
<pin_list>
<pin id="27" dir="1" index="0" bw="1" slack="0"/>
</pin_list>
<bind>
<StgValue><ssdm name="passthruEndX"/></StgValue>
</bind>
</comp>

<comp id="28" class="1000" name="passthruEndY">
<pin_list>
<pin id="29" dir="1" index="0" bw="1" slack="0"/>
</pin_list>
<bind>
<StgValue><ssdm name="passthruEndY"/></StgValue>
</bind>
</comp>

<comp id="30" class="1000" name="enableInput">
<pin_list>
<pin id="31" dir="1" index="0" bw="1" slack="0"/>
</pin_list>
<bind>
<StgValue><ssdm name="enableInput"/></StgValue>
</bind>
</comp>

<comp id="32" class="1000" name="bckgndId">
<pin_list>
<pin id="33" dir="1" index="0" bw="1" slack="0"/>
</pin_list>
<bind>
<StgValue><ssdm name="bckgndId"/></StgValue>
</bind>
</comp>

<comp id="34" class="1000" name="motionSpeed">
<pin_list>
<pin id="35" dir="1" index="0" bw="1" slack="0"/>
</pin_list>
<bind>
<StgValue><ssdm name="motionSpeed"/></StgValue>
</bind>
</comp>

<comp id="36" class="1000" name="colorFormat">
<pin_list>
<pin id="37" dir="1" index="0" bw="1" slack="0"/>
</pin_list>
<bind>
<StgValue><ssdm name="colorFormat"/></StgValue>
</bind>
</comp>

<comp id="38" class="1000" name="ZplateHorContStart">
<pin_list>
<pin id="39" dir="1" index="0" bw="1" slack="0"/>
</pin_list>
<bind>
<StgValue><ssdm name="ZplateHorContStart"/></StgValue>
</bind>
</comp>

<comp id="40" class="1000" name="ZplateHorContDelta">
<pin_list>
<pin id="41" dir="1" index="0" bw="1" slack="0"/>
</pin_list>
<bind>
<StgValue><ssdm name="ZplateHorContDelta"/></StgValue>
</bind>
</comp>

<comp id="42" class="1000" name="ZplateVerContStart">
<pin_list>
<pin id="43" dir="1" index="0" bw="1" slack="0"/>
</pin_list>
<bind>
<StgValue><ssdm name="ZplateVerContStart"/></StgValue>
</bind>
</comp>

<comp id="44" class="1000" name="ZplateVerContDelta">
<pin_list>
<pin id="45" dir="1" index="0" bw="1" slack="0"/>
</pin_list>
<bind>
<StgValue><ssdm name="ZplateVerContDelta"/></StgValue>
</bind>
</comp>

<comp id="46" class="1000" name="dpDynamicRange">
<pin_list>
<pin id="47" dir="1" index="0" bw="1" slack="0"/>
</pin_list>
<bind>
<StgValue><ssdm name="dpDynamicRange"/></StgValue>
</bind>
</comp>

<comp id="48" class="1000" name="dpYUVCoef">
<pin_list>
<pin id="49" dir="1" index="0" bw="1" slack="0"/>
</pin_list>
<bind>
<StgValue><ssdm name="dpYUVCoef"/></StgValue>
</bind>
</comp>

<comp id="50" class="1000" name="m_axis_video_V_data_V">
<pin_list>
<pin id="51" dir="1" index="0" bw="1" slack="0"/>
</pin_list>
<bind>
<StgValue><ssdm name="m_axis_video_V_data_V"/></StgValue>
</bind>
</comp>

<comp id="52" class="1000" name="m_axis_video_V_keep_V">
<pin_list>
<pin id="53" dir="1" index="0" bw="1" slack="0"/>
</pin_list>
<bind>
<StgValue><ssdm name="m_axis_video_V_keep_V"/></StgValue>
</bind>
</comp>

<comp id="54" class="1000" name="m_axis_video_V_strb_V">
<pin_list>
<pin id="55" dir="1" index="0" bw="1" slack="0"/>
</pin_list>
<bind>
<StgValue><ssdm name="m_axis_video_V_strb_V"/></StgValue>
</bind>
</comp>

<comp id="56" class="1000" name="m_axis_video_V_user_V">
<pin_list>
<pin id="57" dir="1" index="0" bw="1" slack="0"/>
</pin_list>
<bind>
<StgValue><ssdm name="m_axis_video_V_user_V"/></StgValue>
</bind>
</comp>

<comp id="58" class="1000" name="m_axis_video_V_last_V">
<pin_list>
<pin id="59" dir="1" index="0" bw="1" slack="0"/>
</pin_list>
<bind>
<StgValue><ssdm name="m_axis_video_V_last_V"/></StgValue>
</bind>
</comp>

<comp id="60" class="1000" name="m_axis_video_V_id_V">
<pin_list>
<pin id="61" dir="1" index="0" bw="1" slack="0"/>
</pin_list>
<bind>
<StgValue><ssdm name="m_axis_video_V_id_V"/></StgValue>
</bind>
</comp>

<comp id="62" class="1000" name="m_axis_video_V_dest_V">
<pin_list>
<pin id="63" dir="1" index="0" bw="1" slack="0"/>
</pin_list>
<bind>
<StgValue><ssdm name="m_axis_video_V_dest_V"/></StgValue>
</bind>
</comp>

<comp id="64" class="1000" name="fid">
<pin_list>
<pin id="65" dir="1" index="0" bw="1" slack="0"/>
</pin_list>
<bind>
<StgValue><ssdm name="fid"/></StgValue>
</bind>
</comp>

<comp id="66" class="1000" name="rampStart">
<pin_list>
<pin id="67" dir="1" index="0" bw="1" slack="0"/>
</pin_list>
<bind>
<StgValue><ssdm name="rampStart"/></StgValue>
</bind>
</comp>

<comp id="68" class="1000" name="rampVal_1">
<pin_list>
<pin id="69" dir="1" index="0" bw="1" slack="0"/>
</pin_list>
<bind>
<StgValue><ssdm name="rampVal_1"/></StgValue>
</bind>
</comp>

<comp id="70" class="1000" name="rampVal">
<pin_list>
<pin id="71" dir="1" index="0" bw="1" slack="0"/>
</pin_list>
<bind>
<StgValue><ssdm name="rampVal"/></StgValue>
</bind>
</comp>

<comp id="72" class="1000" name="hBarSel_2">
<pin_list>
<pin id="73" dir="1" index="0" bw="1" slack="0"/>
</pin_list>
<bind>
<StgValue><ssdm name="hBarSel_2"/></StgValue>
</bind>
</comp>

<comp id="74" class="1000" name="zonePlateVAddr">
<pin_list>
<pin id="75" dir="1" index="0" bw="1" slack="0"/>
</pin_list>
<bind>
<StgValue><ssdm name="zonePlateVAddr"/></StgValue>
</bind>
</comp>

<comp id="76" class="1000" name="vBarSel">
<pin_list>
<pin id="77" dir="1" index="0" bw="1" slack="0"/>
</pin_list>
<bind>
<StgValue><ssdm name="vBarSel"/></StgValue>
</bind>
</comp>

<comp id="78" class="1000" name="hBarSel">
<pin_list>
<pin id="79" dir="1" index="0" bw="1" slack="0"/>
</pin_list>
<bind>
<StgValue><ssdm name="hBarSel"/></StgValue>
</bind>
</comp>

<comp id="80" class="1000" name="hdata">
<pin_list>
<pin id="81" dir="1" index="0" bw="1" slack="0"/>
</pin_list>
<bind>
<StgValue><ssdm name="hdata"/></StgValue>
</bind>
</comp>

<comp id="82" class="1000" name="vBarSel_2">
<pin_list>
<pin id="83" dir="1" index="0" bw="1" slack="0"/>
</pin_list>
<bind>
<StgValue><ssdm name="vBarSel_2"/></StgValue>
</bind>
</comp>

<comp id="84" class="1000" name="hBarSel_3">
<pin_list>
<pin id="85" dir="1" index="0" bw="1" slack="0"/>
</pin_list>
<bind>
<StgValue><ssdm name="hBarSel_3"/></StgValue>
</bind>
</comp>

<comp id="86" class="1000" name="rampVal_2">
<pin_list>
<pin id="87" dir="1" index="0" bw="1" slack="0"/>
</pin_list>
<bind>
<StgValue><ssdm name="rampVal_2"/></StgValue>
</bind>
</comp>

<comp id="88" class="1000" name="vBarSel_1">
<pin_list>
<pin id="89" dir="1" index="0" bw="1" slack="0"/>
</pin_list>
<bind>
<StgValue><ssdm name="vBarSel_1"/></StgValue>
</bind>
</comp>

<comp id="90" class="1000" name="hBarSel_1">
<pin_list>
<pin id="91" dir="1" index="0" bw="1" slack="0"/>
</pin_list>
<bind>
<StgValue><ssdm name="hBarSel_1"/></StgValue>
</bind>
</comp>

<comp id="92" class="1000" name="redYuv">
<pin_list>
<pin id="93" dir="1" index="0" bw="1" slack="0"/>
</pin_list>
<bind>
<StgValue><ssdm name="redYuv"/><MemPortTyVec>1 </MemPortTyVec>
</StgValue>
</bind>
</comp>

<comp id="94" class="1000" name="grnYuv">
<pin_list>
<pin id="95" dir="1" index="0" bw="1" slack="0"/>
</pin_list>
<bind>
<StgValue><ssdm name="grnYuv"/><MemPortTyVec>1 </MemPortTyVec>
</StgValue>
</bind>
</comp>

<comp id="96" class="1000" name="bluYuv">
<pin_list>
<pin id="97" dir="1" index="0" bw="1" slack="0"/>
</pin_list>
<bind>
<StgValue><ssdm name="bluYuv"/><MemPortTyVec>1 </MemPortTyVec>
</StgValue>
</bind>
</comp>

<comp id="98" class="1000" name="blkYuv">
<pin_list>
<pin id="99" dir="1" index="0" bw="1" slack="0"/>
</pin_list>
<bind>
<StgValue><ssdm name="blkYuv"/><MemPortTyVec>1 </MemPortTyVec>
</StgValue>
</bind>
</comp>

<comp id="100" class="1000" name="whiYuv">
<pin_list>
<pin id="101" dir="1" index="0" bw="1" slack="0"/>
</pin_list>
<bind>
<StgValue><ssdm name="whiYuv"/><MemPortTyVec>1 </MemPortTyVec>
</StgValue>
</bind>
</comp>

<comp id="102" class="1000" name="tpgBarSelRgb_r">
<pin_list>
<pin id="103" dir="1" index="0" bw="1" slack="0"/>
</pin_list>
<bind>
<StgValue><ssdm name="tpgBarSelRgb_r"/><MemPortTyVec>1 </MemPortTyVec>
</StgValue>
</bind>
</comp>

<comp id="104" class="1000" name="tpgBarSelYuv_y">
<pin_list>
<pin id="105" dir="1" index="0" bw="1" slack="0"/>
</pin_list>
<bind>
<StgValue><ssdm name="tpgBarSelYuv_y"/><MemPortTyVec>1 </MemPortTyVec>
</StgValue>
</bind>
</comp>

<comp id="106" class="1000" name="tpgBarSelRgb_g">
<pin_list>
<pin id="107" dir="1" index="0" bw="1" slack="0"/>
</pin_list>
<bind>
<StgValue><ssdm name="tpgBarSelRgb_g"/><MemPortTyVec>1 </MemPortTyVec>
</StgValue>
</bind>
</comp>

<comp id="108" class="1000" name="tpgBarSelYuv_u">
<pin_list>
<pin id="109" dir="1" index="0" bw="1" slack="0"/>
</pin_list>
<bind>
<StgValue><ssdm name="tpgBarSelYuv_u"/><MemPortTyVec>1 </MemPortTyVec>
</StgValue>
</bind>
</comp>

<comp id="110" class="1000" name="tpgBarSelYuv_v">
<pin_list>
<pin id="111" dir="1" index="0" bw="1" slack="0"/>
</pin_list>
<bind>
<StgValue><ssdm name="tpgBarSelYuv_v"/><MemPortTyVec>1 </MemPortTyVec>
</StgValue>
</bind>
</comp>

<comp id="112" class="1000" name="xBar_V">
<pin_list>
<pin id="113" dir="1" index="0" bw="1" slack="0"/>
</pin_list>
<bind>
<StgValue><ssdm name="xBar_V"/></StgValue>
</bind>
</comp>

<comp id="114" class="1000" name="s">
<pin_list>
<pin id="115" dir="1" index="0" bw="1" slack="0"/>
</pin_list>
<bind>
<StgValue><ssdm name="s"/></StgValue>
</bind>
</comp>

<comp id="116" class="1000" name="tpgBarSelRgb_b">
<pin_list>
<pin id="117" dir="1" index="0" bw="1" slack="0"/>
</pin_list>
<bind>
<StgValue><ssdm name="tpgBarSelRgb_b"/><MemPortTyVec>1 </MemPortTyVec>
</StgValue>
</bind>
</comp>

<comp id="118" class="1000" name="tpgSinTableArray">
<pin_list>
<pin id="119" dir="1" index="0" bw="1" slack="0"/>
</pin_list>
<bind>
<StgValue><ssdm name="tpgSinTableArray"/><MemPortTyVec>1 </MemPortTyVec>
</StgValue>
</bind>
</comp>

<comp id="120" class="1000" name="zonePlateVDelta">
<pin_list>
<pin id="121" dir="1" index="0" bw="1" slack="0"/>
</pin_list>
<bind>
<StgValue><ssdm name="zonePlateVDelta"/></StgValue>
</bind>
</comp>

<comp id="122" class="1000" name="tpgTartanBarArray">
<pin_list>
<pin id="123" dir="1" index="0" bw="1" slack="0"/>
</pin_list>
<bind>
<StgValue><ssdm name="tpgTartanBarArray"/><MemPortTyVec>1 </MemPortTyVec>
</StgValue>
</bind>
</comp>

<comp id="124" class="1000" name="xCount_V">
<pin_list>
<pin id="125" dir="1" index="0" bw="1" slack="0"/>
</pin_list>
<bind>
<StgValue><ssdm name="xCount_V"/></StgValue>
</bind>
</comp>

<comp id="126" class="1000" name="yCount_V">
<pin_list>
<pin id="127" dir="1" index="0" bw="1" slack="0"/>
</pin_list>
<bind>
<StgValue><ssdm name="yCount_V"/></StgValue>
</bind>
</comp>

<comp id="128" class="1000" name="xCount_V_2">
<pin_list>
<pin id="129" dir="1" index="0" bw="1" slack="0"/>
</pin_list>
<bind>
<StgValue><ssdm name="xCount_V_2"/></StgValue>
</bind>
</comp>

<comp id="130" class="1000" name="vHatch">
<pin_list>
<pin id="131" dir="1" index="0" bw="1" slack="0"/>
</pin_list>
<bind>
<StgValue><ssdm name="vHatch"/></StgValue>
</bind>
</comp>

<comp id="132" class="1000" name="yCount_V_2">
<pin_list>
<pin id="133" dir="1" index="0" bw="1" slack="0"/>
</pin_list>
<bind>
<StgValue><ssdm name="yCount_V_2"/></StgValue>
</bind>
</comp>

<comp id="134" class="1000" name="whiYuv_1">
<pin_list>
<pin id="135" dir="1" index="0" bw="1" slack="0"/>
</pin_list>
<bind>
<StgValue><ssdm name="whiYuv_1"/><MemPortTyVec>1 </MemPortTyVec>
</StgValue>
</bind>
</comp>

<comp id="136" class="1000" name="blkYuv_1">
<pin_list>
<pin id="137" dir="1" index="0" bw="1" slack="0"/>
</pin_list>
<bind>
<StgValue><ssdm name="blkYuv_1"/><MemPortTyVec>1 </MemPortTyVec>
</StgValue>
</bind>
</comp>

<comp id="138" class="1000" name="tpgSinTableArray_9bit_0">
<pin_list>
<pin id="139" dir="1" index="0" bw="1" slack="0"/>
</pin_list>
<bind>
<StgValue><ssdm name="tpgSinTableArray_9bit_0"/><MemPortTyVec>1 1 1 </MemPortTyVec>
</StgValue>
</bind>
</comp>

<comp id="140" class="1000" name="tpgSinTableArray_9bit_1">
<pin_list>
<pin id="141" dir="1" index="0" bw="1" slack="0"/>
</pin_list>
<bind>
<StgValue><ssdm name="tpgSinTableArray_9bit_1"/><MemPortTyVec>1 1 1 </MemPortTyVec>
</StgValue>
</bind>
</comp>

<comp id="142" class="1000" name="tpgSinTableArray_9bit_2">
<pin_list>
<pin id="143" dir="1" index="0" bw="1" slack="0"/>
</pin_list>
<bind>
<StgValue><ssdm name="tpgSinTableArray_9bit_2"/><MemPortTyVec>1 1 1 </MemPortTyVec>
</StgValue>
</bind>
</comp>

<comp id="144" class="1000" name="tpgSinTableArray_9bit_3">
<pin_list>
<pin id="145" dir="1" index="0" bw="1" slack="0"/>
</pin_list>
<bind>
<StgValue><ssdm name="tpgSinTableArray_9bit_3"/><MemPortTyVec>1 1 1 </MemPortTyVec>
</StgValue>
</bind>
</comp>

<comp id="146" class="1000" name="tpgSinTableArray_9bit_4">
<pin_list>
<pin id="147" dir="1" index="0" bw="1" slack="0"/>
</pin_list>
<bind>
<StgValue><ssdm name="tpgSinTableArray_9bit_4"/><MemPortTyVec>1 1 1 </MemPortTyVec>
</StgValue>
</bind>
</comp>

<comp id="148" class="1000" name="tpgCheckerBoardArray">
<pin_list>
<pin id="149" dir="1" index="0" bw="1" slack="0"/>
</pin_list>
<bind>
<StgValue><ssdm name="tpgCheckerBoardArray"/><MemPortTyVec>1 </MemPortTyVec>
</StgValue>
</bind>
</comp>

<comp id="150" class="1000" name="xCount_V_3">
<pin_list>
<pin id="151" dir="1" index="0" bw="1" slack="0"/>
</pin_list>
<bind>
<StgValue><ssdm name="xCount_V_3"/></StgValue>
</bind>
</comp>

<comp id="152" class="1000" name="yCount_V_3">
<pin_list>
<pin id="153" dir="1" index="0" bw="1" slack="0"/>
</pin_list>
<bind>
<StgValue><ssdm name="yCount_V_3"/></StgValue>
</bind>
</comp>

<comp id="154" class="1000" name="rSerie_V">
<pin_list>
<pin id="155" dir="1" index="0" bw="1" slack="0"/>
</pin_list>
<bind>
<StgValue><ssdm name="rSerie_V"/></StgValue>
</bind>
</comp>

<comp id="156" class="1000" name="gSerie_V">
<pin_list>
<pin id="157" dir="1" index="0" bw="1" slack="0"/>
</pin_list>
<bind>
<StgValue><ssdm name="gSerie_V"/></StgValue>
</bind>
</comp>

<comp id="158" class="1000" name="bSerie_V">
<pin_list>
<pin id="159" dir="1" index="0" bw="1" slack="0"/>
</pin_list>
<bind>
<StgValue><ssdm name="bSerie_V"/></StgValue>
</bind>
</comp>

<comp id="160" class="1000" name="DPtpgBarSelRgb_VESA_r">
<pin_list>
<pin id="161" dir="1" index="0" bw="1" slack="0"/>
</pin_list>
<bind>
<StgValue><ssdm name="DPtpgBarSelRgb_VESA_r"/><MemPortTyVec>1 </MemPortTyVec>
</StgValue>
</bind>
</comp>

<comp id="162" class="1000" name="DPtpgBarSelRgb_VESA_g">
<pin_list>
<pin id="163" dir="1" index="0" bw="1" slack="0"/>
</pin_list>
<bind>
<StgValue><ssdm name="DPtpgBarSelRgb_VESA_g"/><MemPortTyVec>1 </MemPortTyVec>
</StgValue>
</bind>
</comp>

<comp id="164" class="1000" name="DPtpgBarSelRgb_VESA_b">
<pin_list>
<pin id="165" dir="1" index="0" bw="1" slack="0"/>
</pin_list>
<bind>
<StgValue><ssdm name="DPtpgBarSelRgb_VESA_b"/><MemPortTyVec>1 </MemPortTyVec>
</StgValue>
</bind>
</comp>

<comp id="166" class="1000" name="DPtpgBarArray">
<pin_list>
<pin id="167" dir="1" index="0" bw="1" slack="0"/>
</pin_list>
<bind>
<StgValue><ssdm name="DPtpgBarArray"/><MemPortTyVec>1 </MemPortTyVec>
</StgValue>
</bind>
</comp>

<comp id="168" class="1000" name="xCount_V_1">
<pin_list>
<pin id="169" dir="1" index="0" bw="1" slack="0"/>
</pin_list>
<bind>
<StgValue><ssdm name="xCount_V_1"/></StgValue>
</bind>
</comp>

<comp id="170" class="1000" name="yCount_V_1">
<pin_list>
<pin id="171" dir="1" index="0" bw="1" slack="0"/>
</pin_list>
<bind>
<StgValue><ssdm name="yCount_V_1"/></StgValue>
</bind>
</comp>

<comp id="172" class="1000" name="DPtpgBarSelRgb_CEA_r">
<pin_list>
<pin id="173" dir="1" index="0" bw="1" slack="0"/>
</pin_list>
<bind>
<StgValue><ssdm name="DPtpgBarSelRgb_CEA_r"/><MemPortTyVec>1 </MemPortTyVec>
</StgValue>
</bind>
</comp>

<comp id="174" class="1000" name="DPtpgBarSelRgb_CEA_g">
<pin_list>
<pin id="175" dir="1" index="0" bw="1" slack="0"/>
</pin_list>
<bind>
<StgValue><ssdm name="DPtpgBarSelRgb_CEA_g"/><MemPortTyVec>1 </MemPortTyVec>
</StgValue>
</bind>
</comp>

<comp id="176" class="1000" name="DPtpgBarSelRgb_CEA_b">
<pin_list>
<pin id="177" dir="1" index="0" bw="1" slack="0"/>
</pin_list>
<bind>
<StgValue><ssdm name="DPtpgBarSelRgb_CEA_b"/><MemPortTyVec>1 </MemPortTyVec>
</StgValue>
</bind>
</comp>

<comp id="178" class="1000" name="DPtpgBarSelYuv_601_y">
<pin_list>
<pin id="179" dir="1" index="0" bw="1" slack="0"/>
</pin_list>
<bind>
<StgValue><ssdm name="DPtpgBarSelYuv_601_y"/><MemPortTyVec>1 </MemPortTyVec>
</StgValue>
</bind>
</comp>

<comp id="180" class="1000" name="DPtpgBarSelYuv_601_v">
<pin_list>
<pin id="181" dir="1" index="0" bw="1" slack="0"/>
</pin_list>
<bind>
<StgValue><ssdm name="DPtpgBarSelYuv_601_v"/><MemPortTyVec>1 </MemPortTyVec>
</StgValue>
</bind>
</comp>

<comp id="182" class="1000" name="DPtpgBarSelYuv_601_u">
<pin_list>
<pin id="183" dir="1" index="0" bw="1" slack="0"/>
</pin_list>
<bind>
<StgValue><ssdm name="DPtpgBarSelYuv_601_u"/><MemPortTyVec>1 </MemPortTyVec>
</StgValue>
</bind>
</comp>

<comp id="184" class="1000" name="DPtpgBarSelYuv_709_y">
<pin_list>
<pin id="185" dir="1" index="0" bw="1" slack="0"/>
</pin_list>
<bind>
<StgValue><ssdm name="DPtpgBarSelYuv_709_y"/><MemPortTyVec>1 </MemPortTyVec>
</StgValue>
</bind>
</comp>

<comp id="186" class="1000" name="DPtpgBarSelYuv_709_v">
<pin_list>
<pin id="187" dir="1" index="0" bw="1" slack="0"/>
</pin_list>
<bind>
<StgValue><ssdm name="DPtpgBarSelYuv_709_v"/><MemPortTyVec>1 </MemPortTyVec>
</StgValue>
</bind>
</comp>

<comp id="188" class="1000" name="DPtpgBarSelYuv_709_u">
<pin_list>
<pin id="189" dir="1" index="0" bw="1" slack="0"/>
</pin_list>
<bind>
<StgValue><ssdm name="DPtpgBarSelYuv_709_u"/><MemPortTyVec>1 </MemPortTyVec>
</StgValue>
</bind>
</comp>

<comp id="190" class="1000" name="fidStored">
<pin_list>
<pin id="191" dir="1" index="0" bw="1" slack="0"/>
</pin_list>
<bind>
<StgValue><ssdm name="fidStored"/></StgValue>
</bind>
</comp>

<comp id="192" class="1000" name="counter">
<pin_list>
<pin id="193" dir="1" index="0" bw="1" slack="0"/>
</pin_list>
<bind>
<StgValue><ssdm name="counter"/></StgValue>
</bind>
</comp>

<comp id="194" class="1001" name="const_194">
<pin_list>
<pin id="195" dir="1" index="0" bw="1" slack="0"/>
</pin_list>
<bind>
<StgValue><ssdm name=""/></StgValue>
</bind>
</comp>

<comp id="196" class="1001" name="const_196">
<pin_list>
<pin id="197" dir="1" index="0" bw="1" slack="0"/>
</pin_list>
<bind>
<StgValue><ssdm name="AXIvideo2MultiPixStream"/></StgValue>
</bind>
</comp>

<comp id="198" class="1001" name="const_198">
<pin_list>
<pin id="199" dir="1" index="0" bw="1" slack="0"/>
</pin_list>
<bind>
<StgValue><ssdm name="tpgBackground"/></StgValue>
</bind>
</comp>

<comp id="200" class="1001" name="const_200">
<pin_list>
<pin id="201" dir="1" index="0" bw="1" slack="0"/>
</pin_list>
<bind>
<StgValue><ssdm name="MultiPixStream2AXIvideo"/></StgValue>
</bind>
</comp>

<comp id="202" class="1001" name="const_202">
<pin_list>
<pin id="203" dir="1" index="0" bw="1" slack="2147483647"/>
</pin_list>
<bind>
<StgValue><ssdm name="_ssdm_op_SpecDataflowPipeline"/></StgValue>
</bind>
</comp>

<comp id="204" class="1001" name="const_204">
<pin_list>
<pin id="205" dir="1" index="0" bw="1" slack="2147483647"/>
</pin_list>
<bind>
<StgValue><ssdm name=""/></StgValue>
</bind>
</comp>

<comp id="206" class="1001" name="const_206">
<pin_list>
<pin id="207" dir="1" index="0" bw="1" slack="2147483647"/>
</pin_list>
<bind>
<StgValue><ssdm name=""/></StgValue>
</bind>
</comp>

<comp id="208" class="1001" name="const_208">
<pin_list>
<pin id="209" dir="1" index="0" bw="1" slack="2147483647"/>
</pin_list>
<bind>
<StgValue><ssdm name="empty_7"/></StgValue>
</bind>
</comp>

<comp id="210" class="1001" name="const_210">
<pin_list>
<pin id="211" dir="1" index="0" bw="1" slack="2147483647"/>
</pin_list>
<bind>
<StgValue><ssdm name="_ssdm_op_SpecAXISSideChannel"/></StgValue>
</bind>
</comp>

<comp id="212" class="1001" name="const_212">
<pin_list>
<pin id="213" dir="1" index="0" bw="1" slack="2147483647"/>
</pin_list>
<bind>
<StgValue><ssdm name="empty_17"/></StgValue>
</bind>
</comp>

<comp id="214" class="1001" name="const_214">
<pin_list>
<pin id="215" dir="1" index="0" bw="1" slack="2147483647"/>
</pin_list>
<bind>
<StgValue><ssdm name="empty_6"/></StgValue>
</bind>
</comp>

<comp id="216" class="1001" name="const_216">
<pin_list>
<pin id="217" dir="1" index="0" bw="1" slack="2147483647"/>
</pin_list>
<bind>
<StgValue><ssdm name="_ssdm_op_SpecStableContent"/></StgValue>
</bind>
</comp>

<comp id="218" class="1001" name="const_218">
<pin_list>
<pin id="219" dir="1" index="0" bw="1" slack="2147483647"/>
</pin_list>
<bind>
<StgValue><ssdm name=""/></StgValue>
</bind>
</comp>

<comp id="220" class="1001" name="const_220">
<pin_list>
<pin id="221" dir="1" index="0" bw="1" slack="2147483647"/>
</pin_list>
<bind>
<StgValue><ssdm name="_ssdm_op_SpecInterface"/></StgValue>
</bind>
</comp>

<comp id="222" class="1001" name="const_222">
<pin_list>
<pin id="223" dir="1" index="0" bw="1" slack="2147483647"/>
</pin_list>
<bind>
<StgValue><ssdm name="empty_31"/></StgValue>
</bind>
</comp>

<comp id="224" class="1001" name="const_224">
<pin_list>
<pin id="225" dir="1" index="0" bw="1" slack="2147483647"/>
</pin_list>
<bind>
<StgValue><ssdm name="empty_20"/></StgValue>
</bind>
</comp>

<comp id="226" class="1001" name="const_226">
<pin_list>
<pin id="227" dir="1" index="0" bw="1" slack="2147483647"/>
</pin_list>
<bind>
<StgValue><ssdm name="_ssdm_op_SpecChannel"/></StgValue>
</bind>
</comp>

<comp id="228" class="1001" name="const_228">
<pin_list>
<pin id="229" dir="1" index="0" bw="1" slack="2147483647"/>
</pin_list>
<bind>
<StgValue><ssdm name="srcYUV_str"/></StgValue>
</bind>
</comp>

<comp id="230" class="1001" name="const_230">
<pin_list>
<pin id="231" dir="1" index="0" bw="1" slack="2147483647"/>
</pin_list>
<bind>
<StgValue><ssdm name=""/></StgValue>
</bind>
</comp>

<comp id="232" class="1001" name="const_232">
<pin_list>
<pin id="233" dir="1" index="0" bw="1" slack="2147483647"/>
</pin_list>
<bind>
<StgValue><ssdm name="p_str"/></StgValue>
</bind>
</comp>

<comp id="234" class="1001" name="const_234">
<pin_list>
<pin id="235" dir="1" index="0" bw="1" slack="2147483647"/>
</pin_list>
<bind>
<StgValue><ssdm name=""/></StgValue>
</bind>
</comp>

<comp id="236" class="1001" name="const_236">
<pin_list>
<pin id="237" dir="1" index="0" bw="1" slack="2147483647"/>
</pin_list>
<bind>
<StgValue><ssdm name="empty_5"/></StgValue>
</bind>
</comp>

<comp id="238" class="1001" name="const_238">
<pin_list>
<pin id="239" dir="1" index="0" bw="1" slack="2147483647"/>
</pin_list>
<bind>
<StgValue><ssdm name="ovrlayYUV_str"/></StgValue>
</bind>
</comp>

<comp id="240" class="1004" name="srcYUV_fu_240">
<pin_list>
<pin id="241" dir="0" index="0" bw="1" slack="0"/>
<pin id="242" dir="1" index="1" bw="30" slack="0"/>
</pin_list>
<bind>
<opcode="alloca(26) " fcode="alloca"/>
<opset="srcYUV/1 "/>
</bind>
</comp>

<comp id="244" class="1004" name="ovrlayYUV_fu_244">
<pin_list>
<pin id="245" dir="0" index="0" bw="1" slack="0"/>
<pin id="246" dir="1" index="1" bw="30" slack="2"/>
</pin_list>
<bind>
<opcode="alloca(26) " fcode="alloca"/>
<opset="ovrlayYUV/1 "/>
</bind>
</comp>

<comp id="248" class="1004" name="grp_AXIvideo2MultiPixStream_fu_248">
<pin_list>
<pin id="249" dir="0" index="0" bw="0" slack="0"/>
<pin id="250" dir="0" index="1" bw="32" slack="0"/>
<pin id="251" dir="0" index="2" bw="4" slack="0"/>
<pin id="252" dir="0" index="3" bw="4" slack="0"/>
<pin id="253" dir="0" index="4" bw="1" slack="0"/>
<pin id="254" dir="0" index="5" bw="1" slack="0"/>
<pin id="255" dir="0" index="6" bw="1" slack="0"/>
<pin id="256" dir="0" index="7" bw="1" slack="0"/>
<pin id="257" dir="0" index="8" bw="30" slack="0"/>
<pin id="258" dir="0" index="9" bw="8" slack="0"/>
<pin id="259" dir="0" index="10" bw="16" slack="0"/>
<pin id="260" dir="0" index="11" bw="16" slack="0"/>
<pin id="261" dir="0" index="12" bw="8" slack="0"/>
<pin id="262" dir="1" index="13" bw="0" slack="2147483647"/>
</pin_list>
<bind>
<opcode="call(48) " fcode="call"/>
<opset="call_ln297/1 "/>
</bind>
</comp>

<comp id="275" class="1004" name="grp_tpgBackground_fu_275">
<pin_list>
<pin id="276" dir="0" index="0" bw="0" slack="0"/>
<pin id="277" dir="0" index="1" bw="30" slack="2"/>
<pin id="278" dir="0" index="2" bw="16" slack="0"/>
<pin id="279" dir="0" index="3" bw="16" slack="0"/>
<pin id="280" dir="0" index="4" bw="16" slack="0"/>
<pin id="281" dir="0" index="5" bw="16" slack="0"/>
<pin id="282" dir="0" index="6" bw="16" slack="0"/>
<pin id="283" dir="0" index="7" bw="16" slack="0"/>
<pin id="284" dir="0" index="8" bw="8" slack="0"/>
<pin id="285" dir="0" index="9" bw="8" slack="0"/>
<pin id="286" dir="0" index="10" bw="16" slack="0"/>
<pin id="287" dir="0" index="11" bw="16" slack="0"/>
<pin id="288" dir="0" index="12" bw="16" slack="0"/>
<pin id="289" dir="0" index="13" bw="16" slack="0"/>
<pin id="290" dir="0" index="14" bw="8" slack="0"/>
<pin id="291" dir="0" index="15" bw="8" slack="0"/>
<pin id="292" dir="0" index="16" bw="8" slack="0"/>
<pin id="293" dir="0" index="17" bw="8" slack="0"/>
<pin id="294" dir="0" index="18" bw="30" slack="2"/>
<pin id="295" dir="0" index="19" bw="10" slack="0"/>
<pin id="296" dir="0" index="20" bw="16" slack="0"/>
<pin id="297" dir="0" index="21" bw="10" slack="0"/>
<pin id="298" dir="0" index="22" bw="8" slack="0"/>
<pin id="299" dir="0" index="23" bw="16" slack="0"/>
<pin id="300" dir="0" index="24" bw="3" slack="0"/>
<pin id="301" dir="0" index="25" bw="3" slack="0"/>
<pin id="302" dir="0" index="26" bw="16" slack="0"/>
<pin id="303" dir="0" index="27" bw="8" slack="0"/>
<pin id="304" dir="0" index="28" bw="3" slack="0"/>
<pin id="305" dir="0" index="29" bw="16" slack="0"/>
<pin id="306" dir="0" index="30" bw="1" slack="0"/>
<pin id="307" dir="0" index="31" bw="3" slack="0"/>
<pin id="308" dir="0" index="32" bw="10" slack="0"/>
<pin id="309" dir="0" index="33" bw="10" slack="0"/>
<pin id="310" dir="0" index="34" bw="10" slack="0"/>
<pin id="311" dir="0" index="35" bw="10" slack="0"/>
<pin id="312" dir="0" index="36" bw="10" slack="0"/>
<pin id="313" dir="0" index="37" bw="2" slack="0"/>
<pin id="314" dir="0" index="38" bw="10" slack="0"/>
<pin id="315" dir="0" index="39" bw="2" slack="0"/>
<pin id="316" dir="0" index="40" bw="10" slack="0"/>
<pin id="317" dir="0" index="41" bw="10" slack="0"/>
<pin id="318" dir="0" index="42" bw="11" slack="0"/>
<pin id="319" dir="0" index="43" bw="32" slack="0"/>
<pin id="320" dir="0" index="44" bw="2" slack="0"/>
<pin id="321" dir="0" index="45" bw="20" slack="0"/>
<pin id="322" dir="0" index="46" bw="16" slack="0"/>
<pin id="323" dir="0" index="47" bw="3" slack="0"/>
<pin id="324" dir="0" index="48" bw="10" slack="0"/>
<pin id="325" dir="0" index="49" bw="10" slack="0"/>
<pin id="326" dir="0" index="50" bw="10" slack="0"/>
<pin id="327" dir="0" index="51" bw="1" slack="0"/>
<pin id="328" dir="0" index="52" bw="10" slack="0"/>
<pin id="329" dir="0" index="53" bw="10" slack="0"/>
<pin id="330" dir="0" index="54" bw="10" slack="0"/>
<pin id="331" dir="0" index="55" bw="8" slack="0"/>
<pin id="332" dir="0" index="56" bw="8" slack="0"/>
<pin id="333" dir="0" index="57" bw="9" slack="0"/>
<pin id="334" dir="0" index="58" bw="8" slack="0"/>
<pin id="335" dir="0" index="59" bw="8" slack="0"/>
<pin id="336" dir="0" index="60" bw="2" slack="0"/>
<pin id="337" dir="0" index="61" bw="10" slack="0"/>
<pin id="338" dir="0" index="62" bw="10" slack="0"/>
<pin id="339" dir="0" index="63" bw="28" slack="0"/>
<pin id="340" dir="0" index="64" bw="28" slack="0"/>
<pin id="341" dir="0" index="65" bw="28" slack="0"/>
<pin id="342" dir="0" index="66" bw="2" slack="0"/>
<pin id="343" dir="0" index="67" bw="2" slack="0"/>
<pin id="344" dir="0" index="68" bw="2" slack="0"/>
<pin id="345" dir="0" index="69" bw="3" slack="0"/>
<pin id="346" dir="0" index="70" bw="10" slack="0"/>
<pin id="347" dir="0" index="71" bw="6" slack="0"/>
<pin id="348" dir="0" index="72" bw="8" slack="0"/>
<pin id="349" dir="0" index="73" bw="8" slack="0"/>
<pin id="350" dir="0" index="74" bw="8" slack="0"/>
<pin id="351" dir="0" index="75" bw="10" slack="0"/>
<pin id="352" dir="0" index="76" bw="10" slack="0"/>
<pin id="353" dir="0" index="77" bw="10" slack="0"/>
<pin id="354" dir="0" index="78" bw="10" slack="0"/>
<pin id="355" dir="0" index="79" bw="10" slack="0"/>
<pin id="356" dir="0" index="80" bw="10" slack="0"/>
<pin id="357" dir="1" index="81" bw="0" slack="2147483647"/>
</pin_list>
<bind>
<opcode="call(48) " fcode="call"/>
<opset="call_ln300/3 "/>
</bind>
</comp>

<comp id="437" class="1004" name="grp_MultiPixStream2AXIvideo_fu_437">
<pin_list>
<pin id="438" dir="0" index="0" bw="0" slack="0"/>
<pin id="439" dir="0" index="1" bw="30" slack="4"/>
<pin id="440" dir="0" index="2" bw="32" slack="0"/>
<pin id="441" dir="0" index="3" bw="4" slack="0"/>
<pin id="442" dir="0" index="4" bw="4" slack="0"/>
<pin id="443" dir="0" index="5" bw="1" slack="0"/>
<pin id="444" dir="0" index="6" bw="1" slack="0"/>
<pin id="445" dir="0" index="7" bw="1" slack="0"/>
<pin id="446" dir="0" index="8" bw="1" slack="0"/>
<pin id="447" dir="0" index="9" bw="16" slack="0"/>
<pin id="448" dir="0" index="10" bw="16" slack="0"/>
<pin id="449" dir="0" index="11" bw="8" slack="0"/>
<pin id="450" dir="0" index="12" bw="1" slack="0"/>
<pin id="451" dir="0" index="13" bw="1" slack="0"/>
<pin id="452" dir="0" index="14" bw="16" slack="0"/>
<pin id="453" dir="0" index="15" bw="1" slack="0"/>
<pin id="454" dir="0" index="16" bw="16" slack="0"/>
<pin id="455" dir="1" index="17" bw="0" slack="2147483647"/>
</pin_list>
<bind>
<opcode="call(48) " fcode="call"/>
<opset="call_ln354/5 "/>
</bind>
</comp>

<comp id="472" class="1005" name="srcYUV_reg_472">
<pin_list>
<pin id="473" dir="0" index="0" bw="30" slack="0"/>
<pin id="474" dir="1" index="1" bw="30" slack="0"/>
</pin_list>
<bind>
<opset="srcYUV "/>
</bind>
</comp>

<comp id="478" class="1005" name="ovrlayYUV_reg_478">
<pin_list>
<pin id="479" dir="0" index="0" bw="30" slack="2"/>
<pin id="480" dir="1" index="1" bw="30" slack="2"/>
</pin_list>
<bind>
<opset="ovrlayYUV "/>
</bind>
</comp>

</comp_list>

<net_list>
<net id="243"><net_src comp="194" pin="0"/><net_sink comp="240" pin=0"/></net>

<net id="247"><net_src comp="194" pin="0"/><net_sink comp="244" pin=0"/></net>

<net id="263"><net_src comp="196" pin="0"/><net_sink comp="248" pin=0"/></net>

<net id="264"><net_src comp="0" pin="0"/><net_sink comp="248" pin=1"/></net>

<net id="265"><net_src comp="2" pin="0"/><net_sink comp="248" pin=2"/></net>

<net id="266"><net_src comp="4" pin="0"/><net_sink comp="248" pin=3"/></net>

<net id="267"><net_src comp="6" pin="0"/><net_sink comp="248" pin=4"/></net>

<net id="268"><net_src comp="8" pin="0"/><net_sink comp="248" pin=5"/></net>

<net id="269"><net_src comp="10" pin="0"/><net_sink comp="248" pin=6"/></net>

<net id="270"><net_src comp="12" pin="0"/><net_sink comp="248" pin=7"/></net>

<net id="271"><net_src comp="30" pin="0"/><net_sink comp="248" pin=9"/></net>

<net id="272"><net_src comp="14" pin="0"/><net_sink comp="248" pin=10"/></net>

<net id="273"><net_src comp="16" pin="0"/><net_sink comp="248" pin=11"/></net>

<net id="274"><net_src comp="36" pin="0"/><net_sink comp="248" pin=12"/></net>

<net id="358"><net_src comp="198" pin="0"/><net_sink comp="275" pin=0"/></net>

<net id="359"><net_src comp="14" pin="0"/><net_sink comp="275" pin=2"/></net>

<net id="360"><net_src comp="16" pin="0"/><net_sink comp="275" pin=3"/></net>

<net id="361"><net_src comp="22" pin="0"/><net_sink comp="275" pin=4"/></net>

<net id="362"><net_src comp="24" pin="0"/><net_sink comp="275" pin=5"/></net>

<net id="363"><net_src comp="26" pin="0"/><net_sink comp="275" pin=6"/></net>

<net id="364"><net_src comp="28" pin="0"/><net_sink comp="275" pin=7"/></net>

<net id="365"><net_src comp="30" pin="0"/><net_sink comp="275" pin=8"/></net>

<net id="366"><net_src comp="32" pin="0"/><net_sink comp="275" pin=9"/></net>

<net id="367"><net_src comp="38" pin="0"/><net_sink comp="275" pin=10"/></net>

<net id="368"><net_src comp="40" pin="0"/><net_sink comp="275" pin=11"/></net>

<net id="369"><net_src comp="42" pin="0"/><net_sink comp="275" pin=12"/></net>

<net id="370"><net_src comp="44" pin="0"/><net_sink comp="275" pin=13"/></net>

<net id="371"><net_src comp="46" pin="0"/><net_sink comp="275" pin=14"/></net>

<net id="372"><net_src comp="48" pin="0"/><net_sink comp="275" pin=15"/></net>

<net id="373"><net_src comp="34" pin="0"/><net_sink comp="275" pin=16"/></net>

<net id="374"><net_src comp="36" pin="0"/><net_sink comp="275" pin=17"/></net>

<net id="375"><net_src comp="66" pin="0"/><net_sink comp="275" pin=19"/></net>

<net id="376"><net_src comp="68" pin="0"/><net_sink comp="275" pin=20"/></net>

<net id="377"><net_src comp="70" pin="0"/><net_sink comp="275" pin=21"/></net>

<net id="378"><net_src comp="72" pin="0"/><net_sink comp="275" pin=22"/></net>

<net id="379"><net_src comp="74" pin="0"/><net_sink comp="275" pin=23"/></net>

<net id="380"><net_src comp="76" pin="0"/><net_sink comp="275" pin=24"/></net>

<net id="381"><net_src comp="78" pin="0"/><net_sink comp="275" pin=25"/></net>

<net id="382"><net_src comp="80" pin="0"/><net_sink comp="275" pin=26"/></net>

<net id="383"><net_src comp="82" pin="0"/><net_sink comp="275" pin=27"/></net>

<net id="384"><net_src comp="84" pin="0"/><net_sink comp="275" pin=28"/></net>

<net id="385"><net_src comp="86" pin="0"/><net_sink comp="275" pin=29"/></net>

<net id="386"><net_src comp="88" pin="0"/><net_sink comp="275" pin=30"/></net>

<net id="387"><net_src comp="90" pin="0"/><net_sink comp="275" pin=31"/></net>

<net id="388"><net_src comp="92" pin="0"/><net_sink comp="275" pin=32"/></net>

<net id="389"><net_src comp="94" pin="0"/><net_sink comp="275" pin=33"/></net>

<net id="390"><net_src comp="96" pin="0"/><net_sink comp="275" pin=34"/></net>

<net id="391"><net_src comp="98" pin="0"/><net_sink comp="275" pin=35"/></net>

<net id="392"><net_src comp="100" pin="0"/><net_sink comp="275" pin=36"/></net>

<net id="393"><net_src comp="102" pin="0"/><net_sink comp="275" pin=37"/></net>

<net id="394"><net_src comp="104" pin="0"/><net_sink comp="275" pin=38"/></net>

<net id="395"><net_src comp="106" pin="0"/><net_sink comp="275" pin=39"/></net>

<net id="396"><net_src comp="108" pin="0"/><net_sink comp="275" pin=40"/></net>

<net id="397"><net_src comp="110" pin="0"/><net_sink comp="275" pin=41"/></net>

<net id="398"><net_src comp="112" pin="0"/><net_sink comp="275" pin=42"/></net>

<net id="399"><net_src comp="114" pin="0"/><net_sink comp="275" pin=43"/></net>

<net id="400"><net_src comp="116" pin="0"/><net_sink comp="275" pin=44"/></net>

<net id="401"><net_src comp="118" pin="0"/><net_sink comp="275" pin=45"/></net>

<net id="402"><net_src comp="120" pin="0"/><net_sink comp="275" pin=46"/></net>

<net id="403"><net_src comp="122" pin="0"/><net_sink comp="275" pin=47"/></net>

<net id="404"><net_src comp="124" pin="0"/><net_sink comp="275" pin=48"/></net>

<net id="405"><net_src comp="126" pin="0"/><net_sink comp="275" pin=49"/></net>

<net id="406"><net_src comp="128" pin="0"/><net_sink comp="275" pin=50"/></net>

<net id="407"><net_src comp="130" pin="0"/><net_sink comp="275" pin=51"/></net>

<net id="408"><net_src comp="132" pin="0"/><net_sink comp="275" pin=52"/></net>

<net id="409"><net_src comp="134" pin="0"/><net_sink comp="275" pin=53"/></net>

<net id="410"><net_src comp="136" pin="0"/><net_sink comp="275" pin=54"/></net>

<net id="411"><net_src comp="138" pin="0"/><net_sink comp="275" pin=55"/></net>

<net id="412"><net_src comp="140" pin="0"/><net_sink comp="275" pin=56"/></net>

<net id="413"><net_src comp="142" pin="0"/><net_sink comp="275" pin=57"/></net>

<net id="414"><net_src comp="144" pin="0"/><net_sink comp="275" pin=58"/></net>

<net id="415"><net_src comp="146" pin="0"/><net_sink comp="275" pin=59"/></net>

<net id="416"><net_src comp="148" pin="0"/><net_sink comp="275" pin=60"/></net>

<net id="417"><net_src comp="150" pin="0"/><net_sink comp="275" pin=61"/></net>

<net id="418"><net_src comp="152" pin="0"/><net_sink comp="275" pin=62"/></net>

<net id="419"><net_src comp="154" pin="0"/><net_sink comp="275" pin=63"/></net>

<net id="420"><net_src comp="156" pin="0"/><net_sink comp="275" pin=64"/></net>

<net id="421"><net_src comp="158" pin="0"/><net_sink comp="275" pin=65"/></net>

<net id="422"><net_src comp="160" pin="0"/><net_sink comp="275" pin=66"/></net>

<net id="423"><net_src comp="162" pin="0"/><net_sink comp="275" pin=67"/></net>

<net id="424"><net_src comp="164" pin="0"/><net_sink comp="275" pin=68"/></net>

<net id="425"><net_src comp="166" pin="0"/><net_sink comp="275" pin=69"/></net>

<net id="426"><net_src comp="168" pin="0"/><net_sink comp="275" pin=70"/></net>

<net id="427"><net_src comp="170" pin="0"/><net_sink comp="275" pin=71"/></net>

<net id="428"><net_src comp="172" pin="0"/><net_sink comp="275" pin=72"/></net>

<net id="429"><net_src comp="174" pin="0"/><net_sink comp="275" pin=73"/></net>

<net id="430"><net_src comp="176" pin="0"/><net_sink comp="275" pin=74"/></net>

<net id="431"><net_src comp="178" pin="0"/><net_sink comp="275" pin=75"/></net>

<net id="432"><net_src comp="180" pin="0"/><net_sink comp="275" pin=76"/></net>

<net id="433"><net_src comp="182" pin="0"/><net_sink comp="275" pin=77"/></net>

<net id="434"><net_src comp="184" pin="0"/><net_sink comp="275" pin=78"/></net>

<net id="435"><net_src comp="186" pin="0"/><net_sink comp="275" pin=79"/></net>

<net id="436"><net_src comp="188" pin="0"/><net_sink comp="275" pin=80"/></net>

<net id="456"><net_src comp="200" pin="0"/><net_sink comp="437" pin=0"/></net>

<net id="457"><net_src comp="50" pin="0"/><net_sink comp="437" pin=2"/></net>

<net id="458"><net_src comp="52" pin="0"/><net_sink comp="437" pin=3"/></net>

<net id="459"><net_src comp="54" pin="0"/><net_sink comp="437" pin=4"/></net>

<net id="460"><net_src comp="56" pin="0"/><net_sink comp="437" pin=5"/></net>

<net id="461"><net_src comp="58" pin="0"/><net_sink comp="437" pin=6"/></net>

<net id="462"><net_src comp="60" pin="0"/><net_sink comp="437" pin=7"/></net>

<net id="463"><net_src comp="62" pin="0"/><net_sink comp="437" pin=8"/></net>

<net id="464"><net_src comp="14" pin="0"/><net_sink comp="437" pin=9"/></net>

<net id="465"><net_src comp="16" pin="0"/><net_sink comp="437" pin=10"/></net>

<net id="466"><net_src comp="36" pin="0"/><net_sink comp="437" pin=11"/></net>

<net id="467"><net_src comp="20" pin="0"/><net_sink comp="437" pin=12"/></net>

<net id="468"><net_src comp="64" pin="0"/><net_sink comp="437" pin=13"/></net>

<net id="469"><net_src comp="18" pin="0"/><net_sink comp="437" pin=14"/></net>

<net id="470"><net_src comp="190" pin="0"/><net_sink comp="437" pin=15"/></net>

<net id="471"><net_src comp="192" pin="0"/><net_sink comp="437" pin=16"/></net>

<net id="475"><net_src comp="240" pin="1"/><net_sink comp="472" pin=0"/></net>

<net id="476"><net_src comp="472" pin="1"/><net_sink comp="248" pin=8"/></net>

<net id="477"><net_src comp="472" pin="1"/><net_sink comp="275" pin=1"/></net>

<net id="481"><net_src comp="244" pin="1"/><net_sink comp="478" pin=0"/></net>

<net id="482"><net_src comp="478" pin="1"/><net_sink comp="275" pin=18"/></net>

<net id="483"><net_src comp="478" pin="1"/><net_sink comp="437" pin=1"/></net>

</net_list>

</model> 
---------------- Datapath Model END ------------------

* FSMD analyzer results:
  - Output states:
	Port: m_axis_video_V_data_V | {5 6 }
	Port: m_axis_video_V_keep_V | {5 6 }
	Port: m_axis_video_V_strb_V | {5 6 }
	Port: m_axis_video_V_user_V | {5 6 }
	Port: m_axis_video_V_last_V | {5 6 }
	Port: m_axis_video_V_id_V | {5 6 }
	Port: m_axis_video_V_dest_V | {5 6 }
	Port: fid | {5 6 }
	Port: rampStart | {3 4 }
	Port: rampVal_1 | {3 4 }
	Port: rampVal | {3 4 }
	Port: hBarSel_2 | {3 4 }
	Port: zonePlateVAddr | {3 4 }
	Port: vBarSel | {3 4 }
	Port: hBarSel | {3 4 }
	Port: hdata | {3 4 }
	Port: vBarSel_2 | {3 4 }
	Port: hBarSel_3 | {3 4 }
	Port: rampVal_2 | {3 4 }
	Port: vBarSel_1 | {3 4 }
	Port: hBarSel_1 | {3 4 }
	Port: xBar_V | {3 4 }
	Port: zonePlateVDelta | {3 4 }
	Port: xCount_V | {3 4 }
	Port: yCount_V | {3 4 }
	Port: xCount_V_2 | {3 4 }
	Port: vHatch | {3 4 }
	Port: yCount_V_2 | {3 4 }
	Port: xCount_V_3 | {3 4 }
	Port: yCount_V_3 | {3 4 }
	Port: rSerie_V | {3 4 }
	Port: gSerie_V | {3 4 }
	Port: bSerie_V | {3 4 }
	Port: xCount_V_1 | {3 4 }
	Port: yCount_V_1 | {3 4 }
	Port: fidStored | {5 6 }
	Port: counter | {5 6 }
 - Input state : 
	Port: v_tpgHlsDataFlow : s_axis_video_V_data_V | {1 2 }
	Port: v_tpgHlsDataFlow : s_axis_video_V_keep_V | {1 2 }
	Port: v_tpgHlsDataFlow : s_axis_video_V_strb_V | {1 2 }
	Port: v_tpgHlsDataFlow : s_axis_video_V_user_V | {1 2 }
	Port: v_tpgHlsDataFlow : s_axis_video_V_last_V | {1 2 }
	Port: v_tpgHlsDataFlow : s_axis_video_V_id_V | {1 2 }
	Port: v_tpgHlsDataFlow : s_axis_video_V_dest_V | {1 2 }
	Port: v_tpgHlsDataFlow : height | {1 2 3 4 5 6 }
	Port: v_tpgHlsDataFlow : width | {1 2 3 4 5 6 }
	Port: v_tpgHlsDataFlow : field_id | {5 6 }
	Port: v_tpgHlsDataFlow : fid_in | {5 6 }
	Port: v_tpgHlsDataFlow : passthruStartX | {3 4 }
	Port: v_tpgHlsDataFlow : passthruStartY | {3 4 }
	Port: v_tpgHlsDataFlow : passthruEndX | {3 4 }
	Port: v_tpgHlsDataFlow : passthruEndY | {3 4 }
	Port: v_tpgHlsDataFlow : enableInput | {1 2 3 4 }
	Port: v_tpgHlsDataFlow : bckgndId | {3 4 }
	Port: v_tpgHlsDataFlow : motionSpeed | {3 4 }
	Port: v_tpgHlsDataFlow : colorFormat | {1 2 3 4 5 6 }
	Port: v_tpgHlsDataFlow : ZplateHorContStart | {3 4 }
	Port: v_tpgHlsDataFlow : ZplateHorContDelta | {3 4 }
	Port: v_tpgHlsDataFlow : ZplateVerContStart | {3 4 }
	Port: v_tpgHlsDataFlow : ZplateVerContDelta | {3 4 }
	Port: v_tpgHlsDataFlow : dpDynamicRange | {3 4 }
	Port: v_tpgHlsDataFlow : dpYUVCoef | {3 4 }
	Port: v_tpgHlsDataFlow : rampStart | {3 4 }
	Port: v_tpgHlsDataFlow : rampVal_1 | {3 4 }
	Port: v_tpgHlsDataFlow : rampVal | {3 4 }
	Port: v_tpgHlsDataFlow : hBarSel_2 | {3 4 }
	Port: v_tpgHlsDataFlow : zonePlateVAddr | {3 4 }
	Port: v_tpgHlsDataFlow : vBarSel | {3 4 }
	Port: v_tpgHlsDataFlow : hBarSel | {3 4 }
	Port: v_tpgHlsDataFlow : hdata | {3 4 }
	Port: v_tpgHlsDataFlow : vBarSel_2 | {3 4 }
	Port: v_tpgHlsDataFlow : hBarSel_3 | {3 4 }
	Port: v_tpgHlsDataFlow : rampVal_2 | {3 4 }
	Port: v_tpgHlsDataFlow : vBarSel_1 | {3 4 }
	Port: v_tpgHlsDataFlow : hBarSel_1 | {3 4 }
	Port: v_tpgHlsDataFlow : redYuv | {3 4 }
	Port: v_tpgHlsDataFlow : grnYuv | {3 4 }
	Port: v_tpgHlsDataFlow : bluYuv | {3 4 }
	Port: v_tpgHlsDataFlow : blkYuv | {3 4 }
	Port: v_tpgHlsDataFlow : whiYuv | {3 4 }
	Port: v_tpgHlsDataFlow : tpgBarSelRgb_r | {3 4 }
	Port: v_tpgHlsDataFlow : tpgBarSelYuv_y | {3 4 }
	Port: v_tpgHlsDataFlow : tpgBarSelRgb_g | {3 4 }
	Port: v_tpgHlsDataFlow : tpgBarSelYuv_u | {3 4 }
	Port: v_tpgHlsDataFlow : tpgBarSelYuv_v | {3 4 }
	Port: v_tpgHlsDataFlow : xBar_V | {3 4 }
	Port: v_tpgHlsDataFlow : s | {3 4 }
	Port: v_tpgHlsDataFlow : tpgBarSelRgb_b | {3 4 }
	Port: v_tpgHlsDataFlow : tpgSinTableArray | {3 4 }
	Port: v_tpgHlsDataFlow : zonePlateVDelta | {3 4 }
	Port: v_tpgHlsDataFlow : tpgTartanBarArray | {3 4 }
	Port: v_tpgHlsDataFlow : xCount_V | {3 4 }
	Port: v_tpgHlsDataFlow : yCount_V | {3 4 }
	Port: v_tpgHlsDataFlow : xCount_V_2 | {3 4 }
	Port: v_tpgHlsDataFlow : vHatch | {3 4 }
	Port: v_tpgHlsDataFlow : yCount_V_2 | {3 4 }
	Port: v_tpgHlsDataFlow : whiYuv_1 | {3 4 }
	Port: v_tpgHlsDataFlow : blkYuv_1 | {3 4 }
	Port: v_tpgHlsDataFlow : tpgSinTableArray_9bit_0 | {3 4 }
	Port: v_tpgHlsDataFlow : tpgSinTableArray_9bit_1 | {3 4 }
	Port: v_tpgHlsDataFlow : tpgSinTableArray_9bit_2 | {3 4 }
	Port: v_tpgHlsDataFlow : tpgSinTableArray_9bit_3 | {3 4 }
	Port: v_tpgHlsDataFlow : tpgSinTableArray_9bit_4 | {3 4 }
	Port: v_tpgHlsDataFlow : tpgCheckerBoardArray | {3 4 }
	Port: v_tpgHlsDataFlow : xCount_V_3 | {3 4 }
	Port: v_tpgHlsDataFlow : yCount_V_3 | {3 4 }
	Port: v_tpgHlsDataFlow : rSerie_V | {3 4 }
	Port: v_tpgHlsDataFlow : gSerie_V | {3 4 }
	Port: v_tpgHlsDataFlow : bSerie_V | {3 4 }
	Port: v_tpgHlsDataFlow : DPtpgBarSelRgb_VESA_r | {3 4 }
	Port: v_tpgHlsDataFlow : DPtpgBarSelRgb_VESA_g | {3 4 }
	Port: v_tpgHlsDataFlow : DPtpgBarSelRgb_VESA_b | {3 4 }
	Port: v_tpgHlsDataFlow : DPtpgBarArray | {3 4 }
	Port: v_tpgHlsDataFlow : xCount_V_1 | {3 4 }
	Port: v_tpgHlsDataFlow : yCount_V_1 | {3 4 }
	Port: v_tpgHlsDataFlow : DPtpgBarSelRgb_CEA_r | {3 4 }
	Port: v_tpgHlsDataFlow : DPtpgBarSelRgb_CEA_g | {3 4 }
	Port: v_tpgHlsDataFlow : DPtpgBarSelRgb_CEA_b | {3 4 }
	Port: v_tpgHlsDataFlow : DPtpgBarSelYuv_601_y | {3 4 }
	Port: v_tpgHlsDataFlow : DPtpgBarSelYuv_601_v | {3 4 }
	Port: v_tpgHlsDataFlow : DPtpgBarSelYuv_601_u | {3 4 }
	Port: v_tpgHlsDataFlow : DPtpgBarSelYuv_709_y | {3 4 }
	Port: v_tpgHlsDataFlow : DPtpgBarSelYuv_709_v | {3 4 }
	Port: v_tpgHlsDataFlow : DPtpgBarSelYuv_709_u | {3 4 }
	Port: v_tpgHlsDataFlow : fidStored | {5 6 }
	Port: v_tpgHlsDataFlow : counter | {5 6 }
  - Chain level:
	State 1
		call_ln297 : 1
	State 2
	State 3
	State 4
	State 5
	State 6


============================================================
+ Verbose Summary: Datapath Resource usage 
============================================================

* Functional unit list:
|----------|------------------------------------|---------|---------|---------|---------|
| Operation|           Functional Unit          |   DSP   |  Delay  |    FF   |   LUT   |
|----------|------------------------------------|---------|---------|---------|---------|
|          | grp_AXIvideo2MultiPixStream_fu_248 |    0    |  0.427  |   227   |   132   |
|   call   |      grp_tpgBackground_fu_275      |    13   |  34.531 |   3588  |   3948  |
|          | grp_MultiPixStream2AXIvideo_fu_437 |    0    |  0.427  |   123   |   234   |
|----------|------------------------------------|---------|---------|---------|---------|
|   Total  |                                    |    13   |  35.385 |   3938  |   4314  |
|----------|------------------------------------|---------|---------|---------|---------|

Memories:
N/A

* Register list:
+-----------------+--------+
|                 |   FF   |
+-----------------+--------+
|ovrlayYUV_reg_478|   30   |
|  srcYUV_reg_472 |   30   |
+-----------------+--------+
|      Total      |   60   |
+-----------------+--------+

* Multiplexer (MUX) list: 
|--------|------|------|------|--------|
|  Comp  |  Pin | Size |  BW  | S x BW |
|--------|------|------|------|--------|
|  Total |      |      |      |    0   |
|--------|------|------|------|--------|



* Summary:
+-----------+--------+--------+--------+--------+
|           |   DSP  |  Delay |   FF   |   LUT  |
+-----------+--------+--------+--------+--------+
|  Function |   13   |   35   |  3938  |  4314  |
|   Memory  |    -   |    -   |    -   |    -   |
|Multiplexer|    -   |    -   |    -   |    -   |
|  Register |    -   |    -   |   60   |    -   |
+-----------+--------+--------+--------+--------+
|   Total   |   13   |   35   |  3998  |  4314  |
+-----------+--------+--------+--------+--------+
