
*** Running vivado
    with args -log design_1_mipi_csi2_rx_subsyst_0_0.vds -m64 -product Vivado -mode batch -messageDb vivado.pb -notrace -source design_1_mipi_csi2_rx_subsyst_0_0.tcl


****** Vivado v2022.2 (64-bit)
  **** SW Build 3671981 on Fri Oct 14 04:59:54 MDT 2022
  **** IP Build 3669848 on Fri Oct 14 08:30:02 MDT 2022
    ** Copyright 1986-2022 Xilinx, Inc. All Rights Reserved.

source design_1_mipi_csi2_rx_subsyst_0_0.tcl -notrace
INFO: [IP_Flow 19-6924] IPCACHE: Running cache check for IP inst: design_1_mipi_csi2_rx_subsyst_0_0
Command: synth_design -top design_1_mipi_csi2_rx_subsyst_0_0 -part xck26-sfvc784-2LV-c -incremental_mode off -mode out_of_context
Starting synth_design
Attempting to get a license for feature 'Synthesis' and/or device 'xck26'
INFO: [Common 17-349] Got license for feature 'Synthesis' and/or device 'xck26'
INFO: [Device 21-403] Loading part xck26-sfvc784-2LV-c
INFO: [Synth 8-7079] Multithreading enabled for synth_design using a maximum of 4 processes.
INFO: [Synth 8-7078] Launching helper process for spawning children vivado processes
INFO: [Synth 8-7075] Helper process launched with PID 10705
INFO: [Synth 8-11241] undeclared symbol 'REGCCE', assumed default net type 'wire' [/tools/Xilinx/Vivado/2022.2/data/verilog/src/unimacro/BRAM_SINGLE_MACRO.v:2170]
---------------------------------------------------------------------------------
Starting RTL Elaboration : Time (s): cpu = 00:00:02 ; elapsed = 00:00:02 . Memory (MB): peak = 2945.504 ; gain = 237.801 ; free physical = 4920 ; free virtual = 6866
Synthesis current peak Physical Memory [PSS] (MB): peak = 2233.777; parent = 2074.220; children = 159.558
Synthesis current peak Virtual Memory [VSS] (MB): peak = 3930.887; parent = 2949.477; children = 981.410
---------------------------------------------------------------------------------
INFO: [Synth 8-6157] synthesizing module 'design_1_mipi_csi2_rx_subsyst_0_0' [/home/pawsooon/Vivado/tor_wizyjny/video_passthrough_kria/video_passthrough_kria.gen/sources_1/bd/design_1/ip/design_1_mipi_csi2_rx_subsyst_0_0/synth/design_1_mipi_csi2_rx_subsyst_0_0.v:53]
INFO: [Synth 8-6157] synthesizing module 'bd_d10d' [/home/pawsooon/Vivado/tor_wizyjny/video_passthrough_kria/video_passthrough_kria.gen/sources_1/bd/design_1/ip/design_1_mipi_csi2_rx_subsyst_0_0/bd_0/synth/bd_d10d.v:9]
INFO: [Synth 8-6157] synthesizing module 'bd_d10d_phy_0' [/home/pawsooon/Vivado/tor_wizyjny/video_passthrough_kria/video_passthrough_kria.runs/design_1_mipi_csi2_rx_subsyst_0_0_synth_1/.Xil/Vivado-10631-Asus-Vivobook/realtime/bd_d10d_phy_0_stub.v:5]
INFO: [Synth 8-6155] done synthesizing module 'bd_d10d_phy_0' (0#1) [/home/pawsooon/Vivado/tor_wizyjny/video_passthrough_kria/video_passthrough_kria.runs/design_1_mipi_csi2_rx_subsyst_0_0_synth_1/.Xil/Vivado-10631-Asus-Vivobook/realtime/bd_d10d_phy_0_stub.v:5]
WARNING: [Synth 8-7071] port 'init_done' of module 'bd_d10d_phy_0' is unconnected for instance 'phy' [/home/pawsooon/Vivado/tor_wizyjny/video_passthrough_kria/video_passthrough_kria.gen/sources_1/bd/design_1/ip/design_1_mipi_csi2_rx_subsyst_0_0/bd_0/synth/bd_d10d.v:204]
WARNING: [Synth 8-7071] port 'cl_rxclkactivehs' of module 'bd_d10d_phy_0' is unconnected for instance 'phy' [/home/pawsooon/Vivado/tor_wizyjny/video_passthrough_kria/video_passthrough_kria.gen/sources_1/bd/design_1/ip/design_1_mipi_csi2_rx_subsyst_0_0/bd_0/synth/bd_d10d.v:204]
WARNING: [Synth 8-7071] port 'cl_ulpsactivenot' of module 'bd_d10d_phy_0' is unconnected for instance 'phy' [/home/pawsooon/Vivado/tor_wizyjny/video_passthrough_kria/video_passthrough_kria.gen/sources_1/bd/design_1/ip/design_1_mipi_csi2_rx_subsyst_0_0/bd_0/synth/bd_d10d.v:204]
WARNING: [Synth 8-7071] port 'dl0_ulpsactivenot' of module 'bd_d10d_phy_0' is unconnected for instance 'phy' [/home/pawsooon/Vivado/tor_wizyjny/video_passthrough_kria/video_passthrough_kria.gen/sources_1/bd/design_1/ip/design_1_mipi_csi2_rx_subsyst_0_0/bd_0/synth/bd_d10d.v:204]
WARNING: [Synth 8-7071] port 'dl0_rxclkesc' of module 'bd_d10d_phy_0' is unconnected for instance 'phy' [/home/pawsooon/Vivado/tor_wizyjny/video_passthrough_kria/video_passthrough_kria.gen/sources_1/bd/design_1/ip/design_1_mipi_csi2_rx_subsyst_0_0/bd_0/synth/bd_d10d.v:204]
WARNING: [Synth 8-7071] port 'dl0_rxlpdtesc' of module 'bd_d10d_phy_0' is unconnected for instance 'phy' [/home/pawsooon/Vivado/tor_wizyjny/video_passthrough_kria/video_passthrough_kria.gen/sources_1/bd/design_1/ip/design_1_mipi_csi2_rx_subsyst_0_0/bd_0/synth/bd_d10d.v:204]
WARNING: [Synth 8-7071] port 'dl0_rxtriggeresc' of module 'bd_d10d_phy_0' is unconnected for instance 'phy' [/home/pawsooon/Vivado/tor_wizyjny/video_passthrough_kria/video_passthrough_kria.gen/sources_1/bd/design_1/ip/design_1_mipi_csi2_rx_subsyst_0_0/bd_0/synth/bd_d10d.v:204]
WARNING: [Synth 8-7071] port 'dl0_rxdataesc' of module 'bd_d10d_phy_0' is unconnected for instance 'phy' [/home/pawsooon/Vivado/tor_wizyjny/video_passthrough_kria/video_passthrough_kria.gen/sources_1/bd/design_1/ip/design_1_mipi_csi2_rx_subsyst_0_0/bd_0/synth/bd_d10d.v:204]
WARNING: [Synth 8-7071] port 'dl0_rxvalidesc' of module 'bd_d10d_phy_0' is unconnected for instance 'phy' [/home/pawsooon/Vivado/tor_wizyjny/video_passthrough_kria/video_passthrough_kria.gen/sources_1/bd/design_1/ip/design_1_mipi_csi2_rx_subsyst_0_0/bd_0/synth/bd_d10d.v:204]
WARNING: [Synth 8-7071] port 'dl0_errsyncesc' of module 'bd_d10d_phy_0' is unconnected for instance 'phy' [/home/pawsooon/Vivado/tor_wizyjny/video_passthrough_kria/video_passthrough_kria.gen/sources_1/bd/design_1/ip/design_1_mipi_csi2_rx_subsyst_0_0/bd_0/synth/bd_d10d.v:204]
WARNING: [Synth 8-7071] port 'dl1_ulpsactivenot' of module 'bd_d10d_phy_0' is unconnected for instance 'phy' [/home/pawsooon/Vivado/tor_wizyjny/video_passthrough_kria/video_passthrough_kria.gen/sources_1/bd/design_1/ip/design_1_mipi_csi2_rx_subsyst_0_0/bd_0/synth/bd_d10d.v:204]
WARNING: [Synth 8-7071] port 'dl1_rxclkesc' of module 'bd_d10d_phy_0' is unconnected for instance 'phy' [/home/pawsooon/Vivado/tor_wizyjny/video_passthrough_kria/video_passthrough_kria.gen/sources_1/bd/design_1/ip/design_1_mipi_csi2_rx_subsyst_0_0/bd_0/synth/bd_d10d.v:204]
WARNING: [Synth 8-7071] port 'dl1_rxlpdtesc' of module 'bd_d10d_phy_0' is unconnected for instance 'phy' [/home/pawsooon/Vivado/tor_wizyjny/video_passthrough_kria/video_passthrough_kria.gen/sources_1/bd/design_1/ip/design_1_mipi_csi2_rx_subsyst_0_0/bd_0/synth/bd_d10d.v:204]
WARNING: [Synth 8-7071] port 'dl1_rxtriggeresc' of module 'bd_d10d_phy_0' is unconnected for instance 'phy' [/home/pawsooon/Vivado/tor_wizyjny/video_passthrough_kria/video_passthrough_kria.gen/sources_1/bd/design_1/ip/design_1_mipi_csi2_rx_subsyst_0_0/bd_0/synth/bd_d10d.v:204]
WARNING: [Synth 8-7071] port 'dl1_rxdataesc' of module 'bd_d10d_phy_0' is unconnected for instance 'phy' [/home/pawsooon/Vivado/tor_wizyjny/video_passthrough_kria/video_passthrough_kria.gen/sources_1/bd/design_1/ip/design_1_mipi_csi2_rx_subsyst_0_0/bd_0/synth/bd_d10d.v:204]
WARNING: [Synth 8-7071] port 'dl1_rxvalidesc' of module 'bd_d10d_phy_0' is unconnected for instance 'phy' [/home/pawsooon/Vivado/tor_wizyjny/video_passthrough_kria/video_passthrough_kria.gen/sources_1/bd/design_1/ip/design_1_mipi_csi2_rx_subsyst_0_0/bd_0/synth/bd_d10d.v:204]
WARNING: [Synth 8-7071] port 'dl1_errsyncesc' of module 'bd_d10d_phy_0' is unconnected for instance 'phy' [/home/pawsooon/Vivado/tor_wizyjny/video_passthrough_kria/video_passthrough_kria.gen/sources_1/bd/design_1/ip/design_1_mipi_csi2_rx_subsyst_0_0/bd_0/synth/bd_d10d.v:204]
WARNING: [Synth 8-7023] instance 'phy' of module 'bd_d10d_phy_0' has 54 connections declared, but only 37 given [/home/pawsooon/Vivado/tor_wizyjny/video_passthrough_kria/video_passthrough_kria.gen/sources_1/bd/design_1/ip/design_1_mipi_csi2_rx_subsyst_0_0/bd_0/synth/bd_d10d.v:204]
INFO: [Synth 8-6157] synthesizing module 'bd_d10d_r_sync_0' [/home/pawsooon/Vivado/tor_wizyjny/video_passthrough_kria/video_passthrough_kria.runs/design_1_mipi_csi2_rx_subsyst_0_0_synth_1/.Xil/Vivado-10631-Asus-Vivobook/realtime/bd_d10d_r_sync_0_stub.v:5]
INFO: [Synth 8-6155] done synthesizing module 'bd_d10d_r_sync_0' (0#1) [/home/pawsooon/Vivado/tor_wizyjny/video_passthrough_kria/video_passthrough_kria.runs/design_1_mipi_csi2_rx_subsyst_0_0_synth_1/.Xil/Vivado-10631-Asus-Vivobook/realtime/bd_d10d_r_sync_0_stub.v:5]
WARNING: [Synth 8-7071] port 'mb_reset' of module 'bd_d10d_r_sync_0' is unconnected for instance 'r_sync' [/home/pawsooon/Vivado/tor_wizyjny/video_passthrough_kria/video_passthrough_kria.gen/sources_1/bd/design_1/ip/design_1_mipi_csi2_rx_subsyst_0_0/bd_0/synth/bd_d10d.v:242]
WARNING: [Synth 8-7071] port 'bus_struct_reset' of module 'bd_d10d_r_sync_0' is unconnected for instance 'r_sync' [/home/pawsooon/Vivado/tor_wizyjny/video_passthrough_kria/video_passthrough_kria.gen/sources_1/bd/design_1/ip/design_1_mipi_csi2_rx_subsyst_0_0/bd_0/synth/bd_d10d.v:242]
WARNING: [Synth 8-7071] port 'interconnect_aresetn' of module 'bd_d10d_r_sync_0' is unconnected for instance 'r_sync' [/home/pawsooon/Vivado/tor_wizyjny/video_passthrough_kria/video_passthrough_kria.gen/sources_1/bd/design_1/ip/design_1_mipi_csi2_rx_subsyst_0_0/bd_0/synth/bd_d10d.v:242]
WARNING: [Synth 8-7071] port 'peripheral_aresetn' of module 'bd_d10d_r_sync_0' is unconnected for instance 'r_sync' [/home/pawsooon/Vivado/tor_wizyjny/video_passthrough_kria/video_passthrough_kria.gen/sources_1/bd/design_1/ip/design_1_mipi_csi2_rx_subsyst_0_0/bd_0/synth/bd_d10d.v:242]
WARNING: [Synth 8-7023] instance 'r_sync' of module 'bd_d10d_r_sync_0' has 10 connections declared, but only 6 given [/home/pawsooon/Vivado/tor_wizyjny/video_passthrough_kria/video_passthrough_kria.gen/sources_1/bd/design_1/ip/design_1_mipi_csi2_rx_subsyst_0_0/bd_0/synth/bd_d10d.v:242]
INFO: [Synth 8-6157] synthesizing module 'bd_d10d_rx_0' [/home/pawsooon/Vivado/tor_wizyjny/video_passthrough_kria/video_passthrough_kria.runs/design_1_mipi_csi2_rx_subsyst_0_0_synth_1/.Xil/Vivado-10631-Asus-Vivobook/realtime/bd_d10d_rx_0_stub.v:5]
INFO: [Synth 8-6155] done synthesizing module 'bd_d10d_rx_0' (0#1) [/home/pawsooon/Vivado/tor_wizyjny/video_passthrough_kria/video_passthrough_kria.runs/design_1_mipi_csi2_rx_subsyst_0_0_synth_1/.Xil/Vivado-10631-Asus-Vivobook/realtime/bd_d10d_rx_0_stub.v:5]
INFO: [Synth 8-6157] synthesizing module 'bd_d10d_vfb_0_0' [/home/pawsooon/Vivado/tor_wizyjny/video_passthrough_kria/video_passthrough_kria.runs/design_1_mipi_csi2_rx_subsyst_0_0_synth_1/.Xil/Vivado-10631-Asus-Vivobook/realtime/bd_d10d_vfb_0_0_stub.v:5]
INFO: [Synth 8-6155] done synthesizing module 'bd_d10d_vfb_0_0' (0#1) [/home/pawsooon/Vivado/tor_wizyjny/video_passthrough_kria/video_passthrough_kria.runs/design_1_mipi_csi2_rx_subsyst_0_0_synth_1/.Xil/Vivado-10631-Asus-Vivobook/realtime/bd_d10d_vfb_0_0_stub.v:5]
INFO: [Synth 8-6155] done synthesizing module 'bd_d10d' (0#1) [/home/pawsooon/Vivado/tor_wizyjny/video_passthrough_kria/video_passthrough_kria.gen/sources_1/bd/design_1/ip/design_1_mipi_csi2_rx_subsyst_0_0/bd_0/synth/bd_d10d.v:9]
INFO: [Synth 8-6155] done synthesizing module 'design_1_mipi_csi2_rx_subsyst_0_0' (0#1) [/home/pawsooon/Vivado/tor_wizyjny/video_passthrough_kria/video_passthrough_kria.gen/sources_1/bd/design_1/ip/design_1_mipi_csi2_rx_subsyst_0_0/synth/design_1_mipi_csi2_rx_subsyst_0_0.v:53]
---------------------------------------------------------------------------------
Finished RTL Elaboration : Time (s): cpu = 00:00:03 ; elapsed = 00:00:03 . Memory (MB): peak = 3016.441 ; gain = 308.738 ; free physical = 7145 ; free virtual = 9093
Synthesis current peak Physical Memory [PSS] (MB): peak = 2233.777; parent = 2074.220; children = 168.336
Synthesis current peak Virtual Memory [VSS] (MB): peak = 3997.855; parent = 3016.445; children = 981.410
---------------------------------------------------------------------------------
---------------------------------------------------------------------------------
Start Handling Custom Attributes
---------------------------------------------------------------------------------
---------------------------------------------------------------------------------
Finished Handling Custom Attributes : Time (s): cpu = 00:00:03 ; elapsed = 00:00:03 . Memory (MB): peak = 3034.254 ; gain = 326.551 ; free physical = 7145 ; free virtual = 9093
Synthesis current peak Physical Memory [PSS] (MB): peak = 2233.777; parent = 2074.220; children = 168.336
Synthesis current peak Virtual Memory [VSS] (MB): peak = 4015.668; parent = 3034.258; children = 981.410
---------------------------------------------------------------------------------
---------------------------------------------------------------------------------
Finished RTL Optimization Phase 1 : Time (s): cpu = 00:00:03 ; elapsed = 00:00:03 . Memory (MB): peak = 3034.254 ; gain = 326.551 ; free physical = 7145 ; free virtual = 9093
Synthesis current peak Physical Memory [PSS] (MB): peak = 2233.777; parent = 2074.220; children = 168.336
Synthesis current peak Virtual Memory [VSS] (MB): peak = 4015.668; parent = 3034.258; children = 981.410
---------------------------------------------------------------------------------
Netlist sorting complete. Time (s): cpu = 00:00:00 ; elapsed = 00:00:00 . Memory (MB): peak = 3034.254 ; gain = 0.000 ; free physical = 7145 ; free virtual = 9093
INFO: [Project 1-570] Preparing netlist for logic optimization

Processing XDC Constraints
Initializing timing engine
Parsing XDC File [/home/pawsooon/Vivado/tor_wizyjny/video_passthrough_kria/video_passthrough_kria.gen/sources_1/bd/design_1/ip/design_1_mipi_csi2_rx_subsyst_0_0/bd_0/ip/ip_0/bd_d10d_r_sync_0/bd_d10d_r_sync_0_in_context.xdc] for cell 'inst/r_sync'
Finished Parsing XDC File [/home/pawsooon/Vivado/tor_wizyjny/video_passthrough_kria/video_passthrough_kria.gen/sources_1/bd/design_1/ip/design_1_mipi_csi2_rx_subsyst_0_0/bd_0/ip/ip_0/bd_d10d_r_sync_0/bd_d10d_r_sync_0_in_context.xdc] for cell 'inst/r_sync'
Parsing XDC File [/home/pawsooon/Vivado/tor_wizyjny/video_passthrough_kria/video_passthrough_kria.gen/sources_1/bd/design_1/ip/design_1_mipi_csi2_rx_subsyst_0_0/bd_0/ip/ip_1/bd_d10d_rx_0/bd_d10d_rx_0_in_context.xdc] for cell 'inst/rx'
Finished Parsing XDC File [/home/pawsooon/Vivado/tor_wizyjny/video_passthrough_kria/video_passthrough_kria.gen/sources_1/bd/design_1/ip/design_1_mipi_csi2_rx_subsyst_0_0/bd_0/ip/ip_1/bd_d10d_rx_0/bd_d10d_rx_0_in_context.xdc] for cell 'inst/rx'
Parsing XDC File [/home/pawsooon/Vivado/tor_wizyjny/video_passthrough_kria/video_passthrough_kria.gen/sources_1/bd/design_1/ip/design_1_mipi_csi2_rx_subsyst_0_0/bd_0/ip/ip_2/bd_d10d_phy_0/bd_d10d_phy_0_in_context.xdc] for cell 'inst/phy'
Finished Parsing XDC File [/home/pawsooon/Vivado/tor_wizyjny/video_passthrough_kria/video_passthrough_kria.gen/sources_1/bd/design_1/ip/design_1_mipi_csi2_rx_subsyst_0_0/bd_0/ip/ip_2/bd_d10d_phy_0/bd_d10d_phy_0_in_context.xdc] for cell 'inst/phy'
Parsing XDC File [/home/pawsooon/Vivado/tor_wizyjny/video_passthrough_kria/video_passthrough_kria.gen/sources_1/bd/design_1/ip/design_1_mipi_csi2_rx_subsyst_0_0/bd_0/ip/ip_3/bd_d10d_vfb_0_0/bd_d10d_vfb_0_0_in_context.xdc] for cell 'inst/vfb_0'
Finished Parsing XDC File [/home/pawsooon/Vivado/tor_wizyjny/video_passthrough_kria/video_passthrough_kria.gen/sources_1/bd/design_1/ip/design_1_mipi_csi2_rx_subsyst_0_0/bd_0/ip/ip_3/bd_d10d_vfb_0_0/bd_d10d_vfb_0_0_in_context.xdc] for cell 'inst/vfb_0'
Parsing XDC File [/home/pawsooon/Vivado/tor_wizyjny/video_passthrough_kria/video_passthrough_kria.gen/sources_1/bd/design_1/ip/design_1_mipi_csi2_rx_subsyst_0_0/design_1_mipi_csi2_rx_subsyst_0_0_fixed_ooc.xdc] for cell 'inst'
Finished Parsing XDC File [/home/pawsooon/Vivado/tor_wizyjny/video_passthrough_kria/video_passthrough_kria.gen/sources_1/bd/design_1/ip/design_1_mipi_csi2_rx_subsyst_0_0/design_1_mipi_csi2_rx_subsyst_0_0_fixed_ooc.xdc] for cell 'inst'
Parsing XDC File [/home/pawsooon/Vivado/tor_wizyjny/video_passthrough_kria/video_passthrough_kria.gen/sources_1/bd/design_1/ip/design_1_mipi_csi2_rx_subsyst_0_0/design_1_mipi_csi2_rx_subsyst_0_0_board.xdc] for cell 'inst'
Finished Parsing XDC File [/home/pawsooon/Vivado/tor_wizyjny/video_passthrough_kria/video_passthrough_kria.gen/sources_1/bd/design_1/ip/design_1_mipi_csi2_rx_subsyst_0_0/design_1_mipi_csi2_rx_subsyst_0_0_board.xdc] for cell 'inst'
Parsing XDC File [/home/pawsooon/Vivado/tor_wizyjny/video_passthrough_kria/video_passthrough_kria.runs/design_1_mipi_csi2_rx_subsyst_0_0_synth_1/dont_touch.xdc]
Finished Parsing XDC File [/home/pawsooon/Vivado/tor_wizyjny/video_passthrough_kria/video_passthrough_kria.runs/design_1_mipi_csi2_rx_subsyst_0_0_synth_1/dont_touch.xdc]
Completed Processing XDC Constraints

Netlist sorting complete. Time (s): cpu = 00:00:00 ; elapsed = 00:00:00 . Memory (MB): peak = 3116.098 ; gain = 0.000 ; free physical = 6582 ; free virtual = 8530
INFO: [Project 1-111] Unisim Transformation Summary:
No Unisim elements were transformed.

Constraint Validation Runtime : Time (s): cpu = 00:00:00.02 ; elapsed = 00:00:00.01 . Memory (MB): peak = 3116.098 ; gain = 0.000 ; free physical = 6589 ; free virtual = 8537
INFO: [Designutils 20-5008] Incremental synthesis strategy off
INFO: [Synth 8-11241] undeclared symbol 'REGCCE', assumed default net type 'wire' [/tools/Xilinx/Vivado/2022.2/data/verilog/src/unimacro/BRAM_SINGLE_MACRO.v:2170]
---------------------------------------------------------------------------------
Finished Constraint Validation : Time (s): cpu = 00:00:09 ; elapsed = 00:00:10 . Memory (MB): peak = 3116.098 ; gain = 408.395 ; free physical = 6726 ; free virtual = 8672
Synthesis current peak Physical Memory [PSS] (MB): peak = 2233.777; parent = 2074.220; children = 168.908
Synthesis current peak Virtual Memory [VSS] (MB): peak = 4065.496; parent = 3084.086; children = 981.410
---------------------------------------------------------------------------------
---------------------------------------------------------------------------------
Start Loading Part and Timing Information
---------------------------------------------------------------------------------
Loading part: xck26-sfvc784-2LV-c
INFO: [Synth 8-6742] Reading net delay rules and data
---------------------------------------------------------------------------------
Finished Loading Part and Timing Information : Time (s): cpu = 00:00:09 ; elapsed = 00:00:10 . Memory (MB): peak = 3116.098 ; gain = 408.395 ; free physical = 6726 ; free virtual = 8672
Synthesis current peak Physical Memory [PSS] (MB): peak = 2233.777; parent = 2074.220; children = 168.908
Synthesis current peak Virtual Memory [VSS] (MB): peak = 4065.496; parent = 3084.086; children = 981.410
---------------------------------------------------------------------------------
---------------------------------------------------------------------------------
Start Applying 'set_property' XDC Constraints
---------------------------------------------------------------------------------
Applied set_property IO_BUFFER_TYPE = NONE for mipi_phy_if_clk_n. (constraint file  /home/pawsooon/Vivado/tor_wizyjny/video_passthrough_kria/video_passthrough_kria.gen/sources_1/bd/design_1/ip/design_1_mipi_csi2_rx_subsyst_0_0/bd_0/ip/ip_2/bd_d10d_phy_0/bd_d10d_phy_0_in_context.xdc, line 4).
Applied set_property CLOCK_BUFFER_TYPE = NONE for mipi_phy_if_clk_n. (constraint file  /home/pawsooon/Vivado/tor_wizyjny/video_passthrough_kria/video_passthrough_kria.gen/sources_1/bd/design_1/ip/design_1_mipi_csi2_rx_subsyst_0_0/bd_0/ip/ip_2/bd_d10d_phy_0/bd_d10d_phy_0_in_context.xdc, line 5).
Applied set_property IO_BUFFER_TYPE = NONE for mipi_phy_if_clk_p. (constraint file  /home/pawsooon/Vivado/tor_wizyjny/video_passthrough_kria/video_passthrough_kria.gen/sources_1/bd/design_1/ip/design_1_mipi_csi2_rx_subsyst_0_0/bd_0/ip/ip_2/bd_d10d_phy_0/bd_d10d_phy_0_in_context.xdc, line 6).
Applied set_property CLOCK_BUFFER_TYPE = NONE for mipi_phy_if_clk_p. (constraint file  /home/pawsooon/Vivado/tor_wizyjny/video_passthrough_kria/video_passthrough_kria.gen/sources_1/bd/design_1/ip/design_1_mipi_csi2_rx_subsyst_0_0/bd_0/ip/ip_2/bd_d10d_phy_0/bd_d10d_phy_0_in_context.xdc, line 7).
Applied set_property IO_BUFFER_TYPE = NONE for mipi_phy_if_data_n[0]. (constraint file  /home/pawsooon/Vivado/tor_wizyjny/video_passthrough_kria/video_passthrough_kria.gen/sources_1/bd/design_1/ip/design_1_mipi_csi2_rx_subsyst_0_0/bd_0/ip/ip_2/bd_d10d_phy_0/bd_d10d_phy_0_in_context.xdc, line 8).
Applied set_property CLOCK_BUFFER_TYPE = NONE for mipi_phy_if_data_n[0]. (constraint file  /home/pawsooon/Vivado/tor_wizyjny/video_passthrough_kria/video_passthrough_kria.gen/sources_1/bd/design_1/ip/design_1_mipi_csi2_rx_subsyst_0_0/bd_0/ip/ip_2/bd_d10d_phy_0/bd_d10d_phy_0_in_context.xdc, line 9).
Applied set_property IO_BUFFER_TYPE = NONE for mipi_phy_if_data_n[1]. (constraint file  /home/pawsooon/Vivado/tor_wizyjny/video_passthrough_kria/video_passthrough_kria.gen/sources_1/bd/design_1/ip/design_1_mipi_csi2_rx_subsyst_0_0/bd_0/ip/ip_2/bd_d10d_phy_0/bd_d10d_phy_0_in_context.xdc, line 10).
Applied set_property CLOCK_BUFFER_TYPE = NONE for mipi_phy_if_data_n[1]. (constraint file  /home/pawsooon/Vivado/tor_wizyjny/video_passthrough_kria/video_passthrough_kria.gen/sources_1/bd/design_1/ip/design_1_mipi_csi2_rx_subsyst_0_0/bd_0/ip/ip_2/bd_d10d_phy_0/bd_d10d_phy_0_in_context.xdc, line 11).
Applied set_property IO_BUFFER_TYPE = NONE for mipi_phy_if_data_p[0]. (constraint file  /home/pawsooon/Vivado/tor_wizyjny/video_passthrough_kria/video_passthrough_kria.gen/sources_1/bd/design_1/ip/design_1_mipi_csi2_rx_subsyst_0_0/bd_0/ip/ip_2/bd_d10d_phy_0/bd_d10d_phy_0_in_context.xdc, line 12).
Applied set_property CLOCK_BUFFER_TYPE = NONE for mipi_phy_if_data_p[0]. (constraint file  /home/pawsooon/Vivado/tor_wizyjny/video_passthrough_kria/video_passthrough_kria.gen/sources_1/bd/design_1/ip/design_1_mipi_csi2_rx_subsyst_0_0/bd_0/ip/ip_2/bd_d10d_phy_0/bd_d10d_phy_0_in_context.xdc, line 13).
Applied set_property IO_BUFFER_TYPE = NONE for mipi_phy_if_data_p[1]. (constraint file  /home/pawsooon/Vivado/tor_wizyjny/video_passthrough_kria/video_passthrough_kria.gen/sources_1/bd/design_1/ip/design_1_mipi_csi2_rx_subsyst_0_0/bd_0/ip/ip_2/bd_d10d_phy_0/bd_d10d_phy_0_in_context.xdc, line 14).
Applied set_property CLOCK_BUFFER_TYPE = NONE for mipi_phy_if_data_p[1]. (constraint file  /home/pawsooon/Vivado/tor_wizyjny/video_passthrough_kria/video_passthrough_kria.gen/sources_1/bd/design_1/ip/design_1_mipi_csi2_rx_subsyst_0_0/bd_0/ip/ip_2/bd_d10d_phy_0/bd_d10d_phy_0_in_context.xdc, line 15).
Applied set_property KEEP_HIERARCHY = SOFT for inst. (constraint file  auto generated constraint).
Applied set_property KEEP_HIERARCHY = SOFT for inst/r_sync. (constraint file  auto generated constraint).
Applied set_property KEEP_HIERARCHY = SOFT for inst/rx. (constraint file  auto generated constraint).
Applied set_property KEEP_HIERARCHY = SOFT for inst/phy. (constraint file  auto generated constraint).
Applied set_property KEEP_HIERARCHY = SOFT for inst/vfb_0. (constraint file  auto generated constraint).
---------------------------------------------------------------------------------
Finished applying 'set_property' XDC Constraints : Time (s): cpu = 00:00:10 ; elapsed = 00:00:10 . Memory (MB): peak = 3116.098 ; gain = 408.395 ; free physical = 6732 ; free virtual = 8678
Synthesis current peak Physical Memory [PSS] (MB): peak = 2233.777; parent = 2074.220; children = 168.908
Synthesis current peak Virtual Memory [VSS] (MB): peak = 4065.496; parent = 3084.086; children = 981.410
---------------------------------------------------------------------------------
---------------------------------------------------------------------------------
Finished RTL Optimization Phase 2 : Time (s): cpu = 00:00:10 ; elapsed = 00:00:10 . Memory (MB): peak = 3116.098 ; gain = 408.395 ; free physical = 6722 ; free virtual = 8669
Synthesis current peak Physical Memory [PSS] (MB): peak = 2233.777; parent = 2074.220; children = 168.908
Synthesis current peak Virtual Memory [VSS] (MB): peak = 4065.496; parent = 3084.086; children = 981.410
---------------------------------------------------------------------------------
---------------------------------------------------------------------------------
Start RTL Component Statistics 
---------------------------------------------------------------------------------
Detailed RTL Component Info : 
---------------------------------------------------------------------------------
Finished RTL Component Statistics 
---------------------------------------------------------------------------------
---------------------------------------------------------------------------------
Start Part Resource Summary
---------------------------------------------------------------------------------
Part Resources:
DSPs: 1248 (col length:96)
BRAMs: 288 (col length: RAMB18 96 RAMB36 48)
---------------------------------------------------------------------------------
Finished Part Resource Summary
---------------------------------------------------------------------------------
---------------------------------------------------------------------------------
Start Cross Boundary and Area Optimization
---------------------------------------------------------------------------------
WARNING: [Synth 8-7080] Parallel synthesis criteria is not met
---------------------------------------------------------------------------------
Finished Cross Boundary and Area Optimization : Time (s): cpu = 00:00:10 ; elapsed = 00:00:11 . Memory (MB): peak = 3116.098 ; gain = 408.395 ; free physical = 6704 ; free virtual = 8654
Synthesis current peak Physical Memory [PSS] (MB): peak = 2233.777; parent = 2074.220; children = 168.908
Synthesis current peak Virtual Memory [VSS] (MB): peak = 4065.496; parent = 3084.086; children = 981.410
---------------------------------------------------------------------------------
---------------------------------------------------------------------------------
Start Applying XDC Timing Constraints
---------------------------------------------------------------------------------
---------------------------------------------------------------------------------
Finished Applying XDC Timing Constraints : Time (s): cpu = 00:00:17 ; elapsed = 00:00:18 . Memory (MB): peak = 3565.582 ; gain = 857.879 ; free physical = 8685 ; free virtual = 10639
Synthesis current peak Physical Memory [PSS] (MB): peak = 2859.819; parent = 2677.027; children = 182.792
Synthesis current peak Virtual Memory [VSS] (MB): peak = 4546.996; parent = 3565.586; children = 981.410
---------------------------------------------------------------------------------
---------------------------------------------------------------------------------
Start Timing Optimization
---------------------------------------------------------------------------------
---------------------------------------------------------------------------------
Finished Timing Optimization : Time (s): cpu = 00:00:17 ; elapsed = 00:00:18 . Memory (MB): peak = 3565.582 ; gain = 857.879 ; free physical = 8681 ; free virtual = 10635
Synthesis current peak Physical Memory [PSS] (MB): peak = 2859.972; parent = 2677.180; children = 182.792
Synthesis current peak Virtual Memory [VSS] (MB): peak = 4546.996; parent = 3565.586; children = 981.410
---------------------------------------------------------------------------------
---------------------------------------------------------------------------------
Start Technology Mapping
---------------------------------------------------------------------------------
---------------------------------------------------------------------------------
Finished Technology Mapping : Time (s): cpu = 00:00:17 ; elapsed = 00:00:18 . Memory (MB): peak = 3584.613 ; gain = 876.910 ; free physical = 8664 ; free virtual = 10618
Synthesis current peak Physical Memory [PSS] (MB): peak = 2860.479; parent = 2677.688; children = 182.792
Synthesis current peak Virtual Memory [VSS] (MB): peak = 4566.027; parent = 3584.617; children = 981.410
---------------------------------------------------------------------------------
---------------------------------------------------------------------------------
Start IO Insertion
---------------------------------------------------------------------------------
---------------------------------------------------------------------------------
Start Flattening Before IO Insertion
---------------------------------------------------------------------------------
---------------------------------------------------------------------------------
Finished Flattening Before IO Insertion
---------------------------------------------------------------------------------
---------------------------------------------------------------------------------
Start Final Netlist Cleanup
---------------------------------------------------------------------------------
---------------------------------------------------------------------------------
Finished Final Netlist Cleanup
---------------------------------------------------------------------------------
---------------------------------------------------------------------------------
Finished IO Insertion : Time (s): cpu = 00:00:19 ; elapsed = 00:00:20 . Memory (MB): peak = 3590.551 ; gain = 882.848 ; free physical = 8616 ; free virtual = 10570
Synthesis current peak Physical Memory [PSS] (MB): peak = 2860.479; parent = 2677.688; children = 182.792
Synthesis current peak Virtual Memory [VSS] (MB): peak = 4571.965; parent = 3590.555; children = 981.410
---------------------------------------------------------------------------------
---------------------------------------------------------------------------------
Start Renaming Generated Instances
---------------------------------------------------------------------------------
---------------------------------------------------------------------------------
Finished Renaming Generated Instances : Time (s): cpu = 00:00:19 ; elapsed = 00:00:20 . Memory (MB): peak = 3590.551 ; gain = 882.848 ; free physical = 8616 ; free virtual = 10570
Synthesis current peak Physical Memory [PSS] (MB): peak = 2860.479; parent = 2677.688; children = 182.792
Synthesis current peak Virtual Memory [VSS] (MB): peak = 4571.965; parent = 3590.555; children = 981.410
---------------------------------------------------------------------------------
---------------------------------------------------------------------------------
Start Rebuilding User Hierarchy
---------------------------------------------------------------------------------
---------------------------------------------------------------------------------
Finished Rebuilding User Hierarchy : Time (s): cpu = 00:00:19 ; elapsed = 00:00:20 . Memory (MB): peak = 3590.551 ; gain = 882.848 ; free physical = 8616 ; free virtual = 10570
Synthesis current peak Physical Memory [PSS] (MB): peak = 2860.479; parent = 2677.688; children = 182.792
Synthesis current peak Virtual Memory [VSS] (MB): peak = 4571.965; parent = 3590.555; children = 981.410
---------------------------------------------------------------------------------
---------------------------------------------------------------------------------
Start Renaming Generated Ports
---------------------------------------------------------------------------------
---------------------------------------------------------------------------------
Finished Renaming Generated Ports : Time (s): cpu = 00:00:19 ; elapsed = 00:00:20 . Memory (MB): peak = 3590.551 ; gain = 882.848 ; free physical = 8608 ; free virtual = 10563
Synthesis current peak Physical Memory [PSS] (MB): peak = 2860.479; parent = 2677.688; children = 182.792
Synthesis current peak Virtual Memory [VSS] (MB): peak = 4571.965; parent = 3590.555; children = 981.410
---------------------------------------------------------------------------------
---------------------------------------------------------------------------------
Start Handling Custom Attributes
---------------------------------------------------------------------------------
---------------------------------------------------------------------------------
Finished Handling Custom Attributes : Time (s): cpu = 00:00:19 ; elapsed = 00:00:20 . Memory (MB): peak = 3590.551 ; gain = 882.848 ; free physical = 8593 ; free virtual = 10547
Synthesis current peak Physical Memory [PSS] (MB): peak = 2860.479; parent = 2677.688; children = 182.792
Synthesis current peak Virtual Memory [VSS] (MB): peak = 4571.965; parent = 3590.555; children = 981.410
---------------------------------------------------------------------------------
---------------------------------------------------------------------------------
Start Renaming Generated Nets
---------------------------------------------------------------------------------
---------------------------------------------------------------------------------
Finished Renaming Generated Nets : Time (s): cpu = 00:00:19 ; elapsed = 00:00:20 . Memory (MB): peak = 3590.551 ; gain = 882.848 ; free physical = 8585 ; free virtual = 10539
Synthesis current peak Physical Memory [PSS] (MB): peak = 2860.479; parent = 2677.688; children = 182.792
Synthesis current peak Virtual Memory [VSS] (MB): peak = 4571.965; parent = 3590.555; children = 981.410
---------------------------------------------------------------------------------
---------------------------------------------------------------------------------
Start Writing Synthesis Report
---------------------------------------------------------------------------------

Report BlackBoxes: 
+------+-----------------+----------+
|      |BlackBox name    |Instances |
+------+-----------------+----------+
|1     |bd_d10d_phy_0    |         1|
|2     |bd_d10d_r_sync_0 |         1|
|3     |bd_d10d_rx_0     |         1|
|4     |bd_d10d_vfb_0_0  |         1|
+------+-----------------+----------+

Report Cell Usage: 
+------+---------------+------+
|      |Cell           |Count |
+------+---------------+------+
|1     |bd_d10d_phy    |     1|
|2     |bd_d10d_r_sync |     1|
|3     |bd_d10d_rx     |     1|
|4     |bd_d10d_vfb_0  |     1|
+------+---------------+------+
---------------------------------------------------------------------------------
Finished Writing Synthesis Report : Time (s): cpu = 00:00:19 ; elapsed = 00:00:20 . Memory (MB): peak = 3590.551 ; gain = 882.848 ; free physical = 8569 ; free virtual = 10523
Synthesis current peak Physical Memory [PSS] (MB): peak = 2860.479; parent = 2677.688; children = 182.792
Synthesis current peak Virtual Memory [VSS] (MB): peak = 4571.965; parent = 3590.555; children = 981.410
---------------------------------------------------------------------------------
Synthesis finished with 0 errors, 0 critical warnings and 1 warnings.
Synthesis Optimization Runtime : Time (s): cpu = 00:00:15 ; elapsed = 00:00:17 . Memory (MB): peak = 3590.551 ; gain = 801.004 ; free physical = 8569 ; free virtual = 10524
Synthesis Optimization Complete : Time (s): cpu = 00:00:19 ; elapsed = 00:00:20 . Memory (MB): peak = 3590.559 ; gain = 882.848 ; free physical = 8569 ; free virtual = 10524
INFO: [Project 1-571] Translating synthesized netlist
Netlist sorting complete. Time (s): cpu = 00:00:00 ; elapsed = 00:00:00 . Memory (MB): peak = 3590.559 ; gain = 0.000 ; free physical = 8569 ; free virtual = 10524
INFO: [Project 1-570] Preparing netlist for logic optimization
INFO: [Opt 31-138] Pushed 0 inverter(s) to 0 load pin(s).
Netlist sorting complete. Time (s): cpu = 00:00:00 ; elapsed = 00:00:00 . Memory (MB): peak = 3627.238 ; gain = 0.000 ; free physical = 8672 ; free virtual = 10629
INFO: [Project 1-111] Unisim Transformation Summary:
No Unisim elements were transformed.

Synth Design complete, checksum: a9ebad1b
INFO: [Common 17-83] Releasing license: Synthesis
29 Infos, 24 Warnings, 0 Critical Warnings and 0 Errors encountered.
synth_design completed successfully
synth_design: Time (s): cpu = 00:00:24 ; elapsed = 00:00:25 . Memory (MB): peak = 3641.176 ; gain = 1868.645 ; free physical = 8775 ; free virtual = 10733
INFO: [Common 17-1381] The checkpoint '/home/pawsooon/Vivado/tor_wizyjny/video_passthrough_kria/video_passthrough_kria.runs/design_1_mipi_csi2_rx_subsyst_0_0_synth_1/design_1_mipi_csi2_rx_subsyst_0_0.dcp' has been generated.
INFO: [Coretcl 2-1648] Added synthesis output to IP cache for IP design_1_mipi_csi2_rx_subsyst_0_0, cache-ID = 307bc53dfa02158b
INFO: [Coretcl 2-1174] Renamed 5 cell refs.
INFO: [Common 17-1381] The checkpoint '/home/pawsooon/Vivado/tor_wizyjny/video_passthrough_kria/video_passthrough_kria.runs/design_1_mipi_csi2_rx_subsyst_0_0_synth_1/design_1_mipi_csi2_rx_subsyst_0_0.dcp' has been generated.
INFO: [runtcl-4] Executing : report_utilization -file design_1_mipi_csi2_rx_subsyst_0_0_utilization_synth.rpt -pb design_1_mipi_csi2_rx_subsyst_0_0_utilization_synth.pb
INFO: [Common 17-206] Exiting Vivado at Wed Apr 16 17:40:02 2025...
